TN:
SF:src/config/env.js
FNF:0
FNH:0
DA:3,3
DA:8,3
DA:15,3
DA:16,12
DA:17,0
DA:24,3
LF:6
LH:5
BRDA:16,0,0,0
BRDA:16,0,1,12
BRDA:26,1,0,3
BRDA:26,1,1,0
BRDA:27,2,0,3
BRDA:27,2,1,0
BRDA:35,3,0,3
BRDA:35,3,1,0
BRDA:54,4,0,3
BRDA:54,4,1,3
BRDA:58,5,0,3
BRDA:58,5,1,0
BRDA:61,6,0,3
BRDA:61,6,1,0
BRDA:65,7,0,3
BRDA:65,7,1,0
BRDA:66,8,0,3
BRDA:66,8,1,0
BRF:18
BRH:10
end_of_record
TN:
SF:src/controllers/authController.js
FN:14,(anonymous_0)
FN:84,(anonymous_1)
FN:142,(anonymous_2)
FN:179,(anonymous_3)
FN:220,(anonymous_4)
FNF:5
FNH:0
FNDA:0,(anonymous_0)
FNDA:0,(anonymous_1)
FNDA:0,(anonymous_2)
FNDA:0,(anonymous_3)
FNDA:0,(anonymous_4)
DA:10,3
DA:15,0
DA:16,0
DA:19,0
DA:21,0
DA:22,0
DA:29,0
DA:32,0
DA:34,0
DA:36,0
DA:45,0
DA:55,0
DA:71,0
DA:72,0
DA:85,0
DA:86,0
DA:89,0
DA:91,0
DA:93,0
DA:99,0
DA:101,0
DA:105,0
DA:115,0
DA:131,0
DA:132,0
DA:143,0
DA:144,0
DA:146,0
DA:147,0
DA:153,0
DA:168,0
DA:169,0
DA:180,0
DA:181,0
DA:183,0
DA:189,0
DA:190,0
DA:196,0
DA:209,0
DA:210,0
DA:221,0
DA:222,0
DA:224,0
DA:226,0
DA:228,0
DA:229,0
DA:235,0
DA:243,0
DA:244,0
LF:49
LH:1
BRDA:21,0,0,0
BRDA:21,0,1,0
BRDA:34,1,0,0
BRDA:34,1,1,0
BRDA:91,2,0,0
BRDA:91,2,1,0
BRDA:146,3,0,0
BRDA:146,3,1,0
BRDA:189,4,0,0
BRDA:189,4,1,0
BRDA:228,5,0,0
BRDA:228,5,1,0
BRF:12
BRH:0
end_of_record
TN:
SF:src/controllers/orderController.js
FN:14,(anonymous_0)
FN:120,(anonymous_1)
FN:167,(anonymous_2)
FN:224,(anonymous_3)
FNF:4
FNH:0
FNDA:0,(anonymous_0)
FNDA:0,(anonymous_1)
FNDA:0,(anonymous_2)
FNDA:0,(anonymous_3)
DA:10,3
DA:15,0
DA:17,0
DA:18,0
DA:21,0
DA:24,0
DA:29,0
DA:31,0
DA:32,0
DA:33,0
DA:39,0
DA:40,0
DA:41,0
DA:48,0
DA:49,0
DA:50,0
DA:57,0
DA:60,0
DA:70,0
DA:73,0
DA:76,0
DA:77,0
DA:85,0
DA:89,0
DA:96,0
DA:97,0
DA:98,0
DA:99,0
DA:106,0
DA:107,0
DA:113,0
DA:121,0
DA:122,0
DA:124,0
DA:126,0
DA:127,0
DA:134,0
DA:135,0
DA:141,0
DA:147,0
DA:148,0
DA:149,0
DA:156,0
DA:157,0
DA:168,0
DA:169,0
DA:170,0
DA:171,0
DA:172,0
DA:176,0
DA:178,0
DA:180,0
DA:181,0
DA:187,0
DA:190,0
DA:193,0
DA:204,0
DA:205,0
DA:206,0
DA:213,0
DA:214,0
DA:225,0
DA:226,0
DA:227,0
DA:230,0
DA:232,0
DA:233,0
DA:240,0
DA:241,0
DA:248,0
DA:249,0
DA:255,0
DA:258,0
DA:259,0
DA:265,0
DA:268,0
DA:274,0
DA:275,0
DA:276,0
DA:283,0
DA:284,0
LF:81
LH:1
BRDA:31,0,0,0
BRDA:31,0,1,0
BRDA:39,1,0,0
BRDA:39,1,1,0
BRDA:48,2,0,0
BRDA:48,2,1,0
BRDA:97,3,0,0
BRDA:97,3,1,0
BRDA:102,4,0,0
BRDA:102,4,1,0
BRDA:126,5,0,0
BRDA:126,5,1,0
BRDA:134,6,0,0
BRDA:134,6,1,0
BRDA:134,7,0,0
BRDA:134,7,1,0
BRDA:147,8,0,0
BRDA:147,8,1,0
BRDA:152,9,0,0
BRDA:152,9,1,0
BRDA:169,10,0,0
BRDA:169,10,1,0
BRDA:170,11,0,0
BRDA:170,11,1,0
BRDA:176,12,0,0
BRDA:176,12,1,0
BRDA:180,13,0,0
BRDA:180,13,1,0
BRDA:180,14,0,0
BRDA:180,14,1,0
BRDA:204,15,0,0
BRDA:204,15,1,0
BRDA:209,16,0,0
BRDA:209,16,1,0
BRDA:232,17,0,0
BRDA:232,17,1,0
BRDA:240,18,0,0
BRDA:240,18,1,0
BRDA:240,19,0,0
BRDA:240,19,1,0
BRDA:248,20,0,0
BRDA:248,20,1,0
BRDA:248,21,0,0
BRDA:248,21,1,0
BRDA:274,22,0,0
BRDA:274,22,1,0
BRDA:279,23,0,0
BRDA:279,23,1,0
BRF:48
BRH:0
end_of_record
TN:
SF:src/controllers/paymentController.js
FN:13,(anonymous_0)
FN:37,(anonymous_1)
FN:148,(anonymous_2)
FN:189,(anonymous_3)
FNF:4
FNH:0
FNDA:0,(anonymous_0)
FNDA:0,(anonymous_1)
FNDA:0,(anonymous_2)
FNDA:0,(anonymous_3)
DA:9,3
DA:14,0
DA:15,0
DA:18,0
DA:20,0
DA:21,0
DA:28,0
DA:29,0
DA:36,0
DA:37,0
DA:39,0
DA:40,0
DA:47,0
DA:49,0
DA:50,0
DA:58,0
DA:59,0
DA:66,0
DA:73,0
DA:75,0
DA:83,0
DA:90,0
DA:99,0
DA:100,0
DA:108,0
DA:109,0
DA:112,0
DA:113,0
DA:120,0
DA:124,0
DA:137,0
DA:138,0
DA:149,0
DA:150,0
DA:153,0
DA:155,0
DA:156,0
DA:163,0
DA:164,0
DA:170,0
DA:172,0
DA:178,0
DA:179,0
DA:190,0
DA:191,0
DA:193,0
DA:194,0
DA:200,0
DA:202,0
DA:203,0
DA:210,0
DA:212,0
DA:213,0
DA:220,0
DA:221,0
DA:228,0
DA:229,0
DA:235,0
DA:237,0
DA:238,0
DA:242,0
DA:248,0
DA:249,0
LF:63
LH:1
BRDA:20,0,0,0
BRDA:20,0,1,0
BRDA:28,1,0,0
BRDA:28,1,1,0
BRDA:39,2,0,0
BRDA:39,2,1,0
BRDA:49,3,0,0
BRDA:49,3,1,0
BRDA:58,4,0,0
BRDA:58,4,1,0
BRDA:73,5,0,0
BRDA:73,5,1,0
BRDA:85,6,0,0
BRDA:85,6,1,0
BRDA:99,7,0,0
BRDA:99,7,1,0
BRDA:108,8,0,0
BRDA:108,8,1,0
BRDA:155,9,0,0
BRDA:155,9,1,0
BRDA:163,10,0,0
BRDA:163,10,1,0
BRDA:163,11,0,0
BRDA:163,11,1,0
BRDA:193,12,0,0
BRDA:193,12,1,0
BRDA:202,13,0,0
BRDA:202,13,1,0
BRDA:212,14,0,0
BRDA:212,14,1,0
BRDA:212,15,0,0
BRDA:212,15,1,0
BRDA:220,16,0,0
BRDA:220,16,1,0
BRDA:228,17,0,0
BRDA:228,17,1,0
BRDA:228,18,0,0
BRDA:228,18,1,0
BRF:38
BRH:0
end_of_record
TN:
SF:src/controllers/productController.js
FN:12,(anonymous_0)
FN:76,(anonymous_1)
FN:115,(anonymous_2)
FN:161,(anonymous_3)
FN:223,(anonymous_4)
FNF:5
FNH:0
FNDA:0,(anonymous_0)
FNDA:0,(anonymous_1)
FNDA:0,(anonymous_2)
FNDA:0,(anonymous_3)
FNDA:0,(anonymous_4)
DA:8,3
DA:13,0
DA:19,0
DA:20,0
DA:22,0
DA:25,0
DA:27,0
DA:28,0
DA:34,0
DA:35,0
DA:41,0
DA:50,0
DA:56,0
DA:57,0
DA:58,0
DA:65,0
DA:66,0
DA:77,0
DA:78,0
DA:80,0
DA:82,0
DA:83,0
DA:89,0
DA:95,0
DA:96,0
DA:97,0
DA:104,0
DA:105,0
DA:116,0
DA:117,0
DA:118,0
DA:119,0
DA:121,0
DA:128,0
DA:130,0
DA:141,0
DA:142,0
DA:143,0
DA:150,0
DA:151,0
DA:162,0
DA:163,0
DA:169,0
DA:170,0
DA:173,0
DA:175,0
DA:176,0
DA:182,0
DA:183,0
DA:189,0
DA:197,0
DA:203,0
DA:204,0
DA:205,0
DA:212,0
DA:213,0
DA:224,0
DA:225,0
DA:228,0
DA:230,0
DA:231,0
DA:237,0
DA:238,0
DA:244,0
DA:246,0
DA:252,0
DA:253,0
DA:254,0
DA:261,0
DA:262,0
LF:70
LH:1
BRDA:20,0,0,0
BRDA:20,0,1,0
BRDA:20,0,2,0
BRDA:22,1,0,0
BRDA:22,1,1,0
BRDA:27,2,0,0
BRDA:27,2,1,0
BRDA:34,3,0,0
BRDA:34,3,1,0
BRDA:56,4,0,0
BRDA:56,4,1,0
BRDA:61,5,0,0
BRDA:61,5,1,0
BRDA:82,6,0,0
BRDA:82,6,1,0
BRDA:95,7,0,0
BRDA:95,7,1,0
BRDA:100,8,0,0
BRDA:100,8,1,0
BRDA:117,9,0,0
BRDA:117,9,1,0
BRDA:118,10,0,0
BRDA:118,10,1,0
BRDA:122,11,0,0
BRDA:122,11,1,0
BRDA:123,12,0,0
BRDA:123,12,1,0
BRDA:141,13,0,0
BRDA:141,13,1,0
BRDA:146,14,0,0
BRDA:146,14,1,0
BRDA:170,15,0,0
BRDA:170,15,1,0
BRDA:175,16,0,0
BRDA:175,16,1,0
BRDA:182,17,0,0
BRDA:182,17,1,0
BRDA:203,18,0,0
BRDA:203,18,1,0
BRDA:208,19,0,0
BRDA:208,19,1,0
BRDA:230,20,0,0
BRDA:230,20,1,0
BRDA:237,21,0,0
BRDA:237,21,1,0
BRDA:252,22,0,0
BRDA:252,22,1,0
BRDA:257,23,0,0
BRDA:257,23,1,0
BRF:49
BRH:0
end_of_record
TN:
SF:src/controllers/shopController.js
FN:13,(anonymous_0)
FN:50,(anonymous_1)
FN:90,(anonymous_2)
FN:120,(anonymous_3)
FN:175,(anonymous_4)
FN:224,(anonymous_5)
FN:263,(anonymous_6)
FN:306,(anonymous_7)
FN:350,(anonymous_8)
FNF:9
FNH:1
FNDA:0,(anonymous_0)
FNDA:0,(anonymous_1)
FNDA:1,(anonymous_2)
FNDA:0,(anonymous_3)
FNDA:0,(anonymous_4)
FNDA:0,(anonymous_5)
FNDA:0,(anonymous_6)
FNDA:0,(anonymous_7)
FNDA:0,(anonymous_8)
DA:8,3
DA:14,0
DA:15,0
DA:17,0
DA:24,0
DA:30,0
DA:31,0
DA:32,0
DA:39,0
DA:40,0
DA:51,0
DA:52,0
DA:54,0
DA:56,0
DA:57,0
DA:63,0
DA:69,0
DA:70,0
DA:71,0
DA:78,0
DA:79,0
DA:91,1
DA:92,1
DA:94,1
DA:100,0
DA:101,0
DA:102,0
DA:109,0
DA:110,0
DA:121,0
DA:122,0
DA:123,0
DA:126,0
DA:128,0
DA:129,0
DA:135,0
DA:136,0
DA:142,0
DA:149,0
DA:155,0
DA:156,0
DA:157,0
DA:164,0
DA:165,0
DA:176,0
DA:177,0
DA:180,0
DA:182,0
DA:183,0
DA:189,0
DA:190,0
DA:196,0
DA:198,0
DA:204,0
DA:205,0
DA:206,0
DA:213,0
DA:214,0
DA:225,0
DA:226,0
DA:227,0
DA:228,0
DA:230,0
DA:232,0
DA:243,0
DA:244,0
DA:245,0
DA:252,0
DA:253,0
DA:264,0
DA:265,0
DA:267,0
DA:268,0
DA:274,0
DA:275,0
DA:281,0
DA:286,0
DA:287,0
DA:288,0
DA:295,0
DA:296,0
DA:307,0
DA:308,0
DA:311,0
DA:313,0
DA:314,0
DA:320,0
DA:321,0
DA:328,0
DA:339,0
DA:340,0
DA:351,0
DA:352,0
DA:353,0
DA:356,0
DA:358,0
DA:359,0
DA:365,0
DA:366,0
DA:373,0
DA:374,0
DA:375,0
DA:376,0
DA:377,0
DA:380,0
DA:382,0
DA:393,0
DA:394,0
LF:108
LH:4
BRDA:30,0,0,0
BRDA:30,0,1,0
BRDA:35,1,0,0
BRDA:35,1,1,0
BRDA:56,2,0,0
BRDA:56,2,1,0
BRDA:69,3,0,0
BRDA:69,3,1,0
BRDA:74,4,0,0
BRDA:74,4,1,0
BRDA:100,5,0,0
BRDA:100,5,1,0
BRDA:105,6,0,0
BRDA:105,6,1,0
BRDA:128,7,0,0
BRDA:128,7,1,0
BRDA:135,8,0,0
BRDA:135,8,1,0
BRDA:155,9,0,0
BRDA:155,9,1,0
BRDA:160,10,0,0
BRDA:160,10,1,0
BRDA:182,11,0,0
BRDA:182,11,1,0
BRDA:189,12,0,0
BRDA:189,12,1,0
BRDA:204,13,0,0
BRDA:204,13,1,0
BRDA:209,14,0,0
BRDA:209,14,1,0
BRDA:226,15,0,0
BRDA:226,15,1,0
BRDA:227,16,0,0
BRDA:227,16,1,0
BRDA:243,17,0,0
BRDA:243,17,1,0
BRDA:248,18,0,0
BRDA:248,18,1,0
BRDA:265,19,0,0
BRDA:265,19,1,0
BRDA:265,19,2,0
BRDA:267,20,0,0
BRDA:267,20,1,0
BRDA:274,21,0,0
BRDA:274,21,1,0
BRDA:278,22,0,0
BRDA:278,22,1,0
BRDA:286,23,0,0
BRDA:286,23,1,0
BRDA:291,24,0,0
BRDA:291,24,1,0
BRDA:313,25,0,0
BRDA:313,25,1,0
BRDA:320,26,0,0
BRDA:320,26,1,0
BRDA:331,27,0,0
BRDA:331,27,1,0
BRDA:332,28,0,0
BRDA:332,28,1,0
BRDA:333,29,0,0
BRDA:333,29,1,0
BRDA:334,30,0,0
BRDA:334,30,1,0
BRDA:358,31,0,0
BRDA:358,31,1,0
BRDA:365,32,0,0
BRDA:365,32,1,0
BRDA:374,33,0,0
BRDA:374,33,1,0
BRDA:375,34,0,0
BRDA:375,34,1,0
BRDA:376,35,0,0
BRDA:376,35,1,0
BRDA:377,36,0,0
BRDA:377,36,1,0
BRDA:385,37,0,0
BRDA:385,37,1,0
BRDA:386,38,0,0
BRDA:386,38,1,0
BRDA:387,39,0,0
BRDA:387,39,1,0
BRDA:388,40,0,0
BRDA:388,40,1,0
BRF:83
BRH:0
end_of_record
TN:
SF:src/controllers/subscriptionController.js
FN:11,(anonymous_0)
FN:68,(anonymous_1)
FN:102,(anonymous_2)
FN:157,(anonymous_3)
FN:187,(anonymous_4)
FNF:5
FNH:0
FNDA:0,(anonymous_0)
FNDA:0,(anonymous_1)
FNDA:0,(anonymous_2)
FNDA:0,(anonymous_3)
FNDA:0,(anonymous_4)
DA:7,3
DA:12,0
DA:13,0
DA:16,0
DA:18,0
DA:19,0
DA:25,0
DA:26,0
DA:33,0
DA:34,0
DA:41,0
DA:43,0
DA:44,0
DA:50,0
DA:57,0
DA:58,0
DA:69,0
DA:70,0
DA:71,0
DA:72,0
DA:74,0
DA:80,0
DA:91,0
DA:92,0
DA:103,0
DA:104,0
DA:107,0
DA:109,0
DA:110,0
DA:116,0
DA:117,0
DA:123,0
DA:124,0
DA:125,0
DA:127,0
DA:133,0
DA:135,0
DA:146,0
DA:147,0
DA:158,0
DA:159,0
DA:161,0
DA:163,0
DA:164,0
DA:170,0
DA:176,0
DA:177,0
DA:188,0
DA:189,0
DA:191,0
DA:193,0
DA:201,0
DA:202,0
LF:53
LH:1
BRDA:18,0,0,0
BRDA:18,0,1,0
BRDA:25,1,0,0
BRDA:25,1,1,0
BRDA:33,2,0,0
BRDA:33,2,1,0
BRDA:43,3,0,0
BRDA:43,3,1,0
BRDA:60,4,0,0
BRDA:60,4,1,0
BRDA:70,5,0,0
BRDA:70,5,1,0
BRDA:71,6,0,0
BRDA:71,6,1,0
BRDA:109,7,0,0
BRDA:109,7,1,0
BRDA:116,8,0,0
BRDA:116,8,1,0
BRDA:123,9,0,0
BRDA:123,9,1,0
BRDA:124,10,0,0
BRDA:124,10,1,0
BRDA:163,11,0,0
BRDA:163,11,1,0
BRF:24
BRH:0
end_of_record
TN:
SF:src/controllers/walletController.js
FN:13,(anonymous_0)
FN:71,(anonymous_1)
FNF:2
FNH:0
FNDA:0,(anonymous_0)
FNDA:0,(anonymous_1)
DA:9,3
DA:14,0
DA:15,0
DA:18,0
DA:20,0
DA:21,0
DA:28,0
DA:29,0
DA:36,0
DA:51,0
DA:52,0
DA:53,0
DA:60,0
DA:61,0
DA:72,0
DA:73,0
DA:79,0
DA:82,0
DA:84,0
DA:85,0
DA:92,0
DA:93,0
DA:100,0
DA:101,0
DA:102,0
DA:104,0
DA:105,0
DA:106,0
DA:107,0
DA:110,0
DA:111,0
DA:112,0
DA:113,0
DA:116,0
DA:117,0
DA:118,0
DA:119,0
DA:122,0
DA:123,0
DA:124,0
DA:125,0
DA:129,0
DA:130,0
DA:137,0
DA:140,0
DA:143,0
DA:144,0
DA:152,0
DA:154,0
DA:171,0
DA:172,0
DA:173,0
DA:180,0
DA:181,0
LF:54
LH:1
BRDA:20,0,0,0
BRDA:20,0,1,0
BRDA:28,1,0,0
BRDA:28,1,1,0
BRDA:42,2,0,0
BRDA:42,2,1,0
BRDA:43,3,0,0
BRDA:43,3,1,0
BRDA:44,4,0,0
BRDA:44,4,1,0
BRDA:45,5,0,0
BRDA:45,5,1,0
BRDA:51,6,0,0
BRDA:51,6,1,0
BRDA:56,7,0,0
BRDA:56,7,1,0
BRDA:84,8,0,0
BRDA:84,8,1,0
BRDA:92,9,0,0
BRDA:92,9,1,0
BRDA:104,10,0,0
BRDA:104,10,1,0
BRDA:106,11,0,0
BRDA:106,11,1,0
BRDA:110,12,0,0
BRDA:110,12,1,0
BRDA:112,13,0,0
BRDA:112,13,1,0
BRDA:116,14,0,0
BRDA:116,14,1,0
BRDA:118,15,0,0
BRDA:118,15,1,0
BRDA:122,16,0,0
BRDA:122,16,1,0
BRDA:124,17,0,0
BRDA:124,17,1,0
BRDA:129,18,0,0
BRDA:129,18,1,0
BRDA:160,19,0,0
BRDA:160,19,1,0
BRDA:161,20,0,0
BRDA:161,20,1,0
BRDA:162,21,0,0
BRDA:162,21,1,0
BRDA:163,22,0,0
BRDA:163,22,1,0
BRDA:171,23,0,0
BRDA:171,23,1,0
BRDA:176,24,0,0
BRDA:176,24,1,0
BRF:50
BRH:0
end_of_record
TN:
SF:src/middleware/auth.js
FN:9,(anonymous_0)
FN:65,(anonymous_1)
FN:100,(anonymous_2)
FNF:3
FNH:1
FNDA:14,(anonymous_0)
FNDA:0,(anonymous_1)
FNDA:0,(anonymous_2)
DA:9,3
DA:10,14
DA:11,14
DA:13,14
DA:14,5
DA:20,9
DA:22,9
DA:23,0
DA:30,9
DA:33,7
DA:39,7
DA:41,2
DA:42,1
DA:48,1
DA:49,1
DA:55,0
DA:65,3
DA:66,0
DA:67,0
DA:69,0
DA:70,0
DA:73,0
DA:75,0
DA:76,0
DA:80,0
DA:83,0
DA:89,0
DA:92,0
DA:100,3
DA:101,0
DA:102,0
DA:104,0
DA:105,0
DA:112,0
DA:113,0
DA:115,0
DA:116,0
LF:37
LH:16
BRDA:13,0,0,5
BRDA:13,0,1,9
BRDA:13,1,0,14
BRDA:13,1,1,9
BRDA:22,2,0,0
BRDA:22,2,1,9
BRDA:41,3,0,1
BRDA:41,3,1,1
BRDA:48,4,0,1
BRDA:48,4,1,0
BRDA:69,5,0,0
BRDA:69,5,1,0
BRDA:69,6,0,0
BRDA:69,6,1,0
BRDA:75,7,0,0
BRDA:75,7,1,0
BRDA:104,8,0,0
BRDA:104,8,1,0
BRDA:104,9,0,0
BRDA:104,9,1,0
BRF:20
BRH:8
end_of_record
TN:
SF:src/middleware/errorHandler.js
FN:8,(anonymous_0)
FN:20,(anonymous_1)
FN:58,(anonymous_2)
FN:75,(anonymous_3)
FN:76,(anonymous_4)
FN:84,(anonymous_5)
FN:85,(anonymous_6)
FN:97,(anonymous_7)
FN:129,(anonymous_8)
FNF:9
FNH:0
FNDA:0,(anonymous_0)
FNDA:0,(anonymous_1)
FNDA:0,(anonymous_2)
FNDA:0,(anonymous_3)
FNDA:0,(anonymous_4)
FNDA:0,(anonymous_5)
FNDA:0,(anonymous_6)
FNDA:0,(anonymous_7)
FNDA:0,(anonymous_8)
DA:9,0
DA:10,0
DA:11,0
DA:12,0
DA:13,0
DA:20,3
DA:22,0
DA:35,0
DA:38,0
DA:44,0
DA:45,0
DA:46,0
DA:47,0
DA:48,0
DA:52,0
DA:58,3
DA:59,0
DA:65,0
DA:75,3
DA:76,0
DA:77,0
DA:84,3
DA:85,0
DA:91,0
DA:97,3
DA:98,0
DA:105,0
DA:106,0
DA:111,0
DA:112,0
DA:117,0
DA:118,0
DA:123,0
DA:129,3
DA:130,0
DA:131,0
DA:134,0
DA:135,0
DA:138,0
LF:39
LH:6
BRDA:8,0,0,0
BRDA:35,1,0,0
BRDA:35,1,1,0
BRDA:35,1,2,0
BRDA:40,2,0,0
BRDA:40,2,1,0
BRDA:44,3,0,0
BRDA:44,3,1,0
BRDA:46,4,0,0
BRDA:46,4,1,0
BRDA:47,5,0,0
BRDA:47,5,1,0
BRDA:47,6,0,0
BRDA:47,6,1,0
BRDA:86,7,0,0
BRDA:86,7,1,0
BRDA:105,8,0,0
BRDA:105,8,1,0
BRDA:111,9,0,0
BRDA:111,9,1,0
BRDA:117,10,0,0
BRDA:117,10,1,0
BRDA:130,11,0,0
BRDA:130,11,1,0
BRDA:134,12,0,0
BRDA:134,12,1,0
BRF:26
BRH:0
end_of_record
TN:
SF:src/middleware/index.js
FNF:0
FNH:0
LF:0
LH:0
BRF:0
BRH:0
end_of_record
TN:
SF:src/middleware/rateLimiter.js
FN:8,(anonymous_0)
FN:18,(anonymous_1)
FN:74,(anonymous_2)
FNF:3
FNH:1
FNDA:12,(anonymous_0)
FNDA:0,(anonymous_1)
FNDA:0,(anonymous_2)
DA:8,3
DA:9,12
DA:19,0
DA:26,0
DA:38,3
DA:47,3
DA:56,3
DA:65,3
DA:74,3
DA:79,0
DA:81,0
LF:11
LH:7
BRDA:14,0,0,12
BRDA:14,0,1,0
BRDA:28,1,0,0
BRDA:28,1,1,0
BRDA:74,2,0,0
BRDA:76,3,0,0
BRDA:77,4,0,0
BRDA:78,5,0,0
BRF:8
BRH:1
end_of_record
TN:
SF:src/middleware/requestLogger.js
FN:7,(anonymous_0)
FN:20,(anonymous_1)
FN:38,(anonymous_2)
FN:61,(anonymous_3)
FN:81,(anonymous_4)
FNF:5
FNH:0
FNDA:0,(anonymous_0)
FNDA:0,(anonymous_1)
FNDA:0,(anonymous_2)
FNDA:0,(anonymous_3)
FNDA:0,(anonymous_4)
DA:7,0
DA:8,0
DA:11,0
DA:20,0
DA:21,0
DA:23,0
DA:32,0
DA:38,0
DA:39,0
DA:42,0
DA:43,0
DA:45,0
DA:46,0
DA:47,0
DA:51,0
DA:61,0
DA:62,0
DA:64,0
DA:65,0
DA:75,0
DA:81,0
DA:82,0
DA:94,0
LF:23
LH:0
BRDA:46,0,0,0
BRDA:46,0,1,0
BRDA:64,1,0,0
BRDA:64,1,1,0
BRF:4
BRH:0
end_of_record
TN:
SF:src/middleware/telegramAuth.js
FN:16,(anonymous_0)
FN:52,(anonymous_1)
FN:53,(anonymous_2)
FN:140,(anonymous_3)
FNF:4
FNH:2
FNDA:5,(anonymous_0)
FNDA:0,(anonymous_1)
FNDA:0,(anonymous_2)
FNDA:5,(anonymous_3)
DA:16,3
DA:17,5
DA:18,5
DA:20,5
DA:21,5
DA:26,5
DA:33,0
DA:34,0
DA:36,0
DA:37,0
DA:41,0
DA:48,0
DA:51,0
DA:52,0
DA:53,0
DA:57,0
DA:63,0
DA:69,0
DA:70,0
DA:76,0
DA:83,0
DA:84,0
DA:85,0
DA:87,0
DA:88,0
DA:95,0
DA:102,0
DA:103,0
DA:104,0
DA:105,0
DA:106,0
DA:111,0
DA:117,0
DA:120,0
DA:125,0
DA:140,3
DA:142,5
DA:143,0
DA:147,0
DA:151,5
LF:40
LH:9
BRDA:20,0,0,5
BRDA:20,0,1,0
BRDA:36,1,0,0
BRDA:36,1,1,0
BRDA:69,2,0,0
BRDA:69,2,1,0
BRDA:87,3,0,0
BRDA:87,3,1,0
BRDA:103,4,0,0
BRDA:103,4,1,0
BRDA:142,5,0,0
BRDA:142,5,1,5
BRDA:142,6,0,5
BRDA:142,6,1,0
BRF:14
BRH:3
end_of_record
TN:
SF:src/middleware/validation.js
FN:7,(anonymous_0)
FN:14,(anonymous_1)
FN:305,(anonymous_2)
FN:314,(anonymous_3)
FN:323,(anonymous_4)
FN:332,(anonymous_5)
FNF:6
FNH:2
FNDA:4,(anonymous_0)
FNDA:7,(anonymous_1)
FNDA:0,(anonymous_2)
FNDA:0,(anonymous_3)
FNDA:0,(anonymous_4)
FNDA:0,(anonymous_5)
DA:7,3
DA:8,4
DA:10,4
DA:11,4
DA:14,7
DA:21,0
DA:27,3
DA:64,3
DA:117,3
DA:227,3
DA:264,3
DA:290,3
DA:306,0
DA:307,0
DA:309,0
DA:315,0
DA:316,0
DA:318,0
DA:324,0
DA:325,0
DA:327,0
DA:333,0
DA:334,0
DA:336,0
LF:24
LH:11
BRDA:10,0,0,4
BRDA:10,0,1,0
BRDA:306,1,0,0
BRDA:306,1,1,0
BRDA:306,2,0,0
BRDA:306,2,1,0
BRDA:315,3,0,0
BRDA:315,3,1,0
BRDA:315,4,0,0
BRDA:315,4,1,0
BRDA:324,5,0,0
BRDA:324,5,1,0
BRDA:324,6,0,0
BRDA:324,6,1,0
BRDA:333,7,0,0
BRDA:333,7,1,0
BRDA:333,8,0,0
BRDA:333,8,1,0
BRF:18
BRH:1
end_of_record
TN:
SF:src/models/db.js
FN:8,(anonymous_0)
FN:17,(anonymous_1)
FN:26,(anonymous_2)
FN:38,(anonymous_3)
FN:54,(anonymous_4)
FN:72,(anonymous_5)
FN:84,(anonymous_6)
FN:96,(anonymous_7)
FN:105,(anonymous_8)
FN:136,(anonymous_9)
FN:153,(anonymous_10)
FN:162,(anonymous_11)
FN:176,(anonymous_12)
FN:198,(anonymous_13)
FN:210,(anonymous_14)
FN:222,(anonymous_15)
FN:255,(anonymous_16)
FN:273,(anonymous_17)
FN:282,(anonymous_18)
FN:301,(anonymous_19)
FN:314,(anonymous_20)
FN:331,(anonymous_21)
FN:346,(anonymous_22)
FN:365,(anonymous_23)
FN:378,(anonymous_24)
FN:396,(anonymous_25)
FN:408,(anonymous_26)
FN:417,(anonymous_27)
FN:426,(anonymous_28)
FN:446,(anonymous_29)
FN:465,(anonymous_30)
FN:481,(anonymous_31)
FN:495,(anonymous_32)
FN:504,(anonymous_33)
FN:513,(anonymous_34)
FNF:35
FNH:1
FNDA:0,(anonymous_0)
FNDA:0,(anonymous_1)
FNDA:0,(anonymous_2)
FNDA:0,(anonymous_3)
FNDA:0,(anonymous_4)
FNDA:0,(anonymous_5)
FNDA:0,(anonymous_6)
FNDA:1,(anonymous_7)
FNDA:0,(anonymous_8)
FNDA:0,(anonymous_9)
FNDA:0,(anonymous_10)
FNDA:0,(anonymous_11)
FNDA:0,(anonymous_12)
FNDA:0,(anonymous_13)
FNDA:0,(anonymous_14)
FNDA:0,(anonymous_15)
FNDA:0,(anonymous_16)
FNDA:0,(anonymous_17)
FNDA:0,(anonymous_18)
FNDA:0,(anonymous_19)
FNDA:0,(anonymous_20)
FNDA:0,(anonymous_21)
FNDA:0,(anonymous_22)
FNDA:0,(anonymous_23)
FNDA:0,(anonymous_24)
FNDA:0,(anonymous_25)
FNDA:0,(anonymous_26)
FNDA:0,(anonymous_27)
FNDA:0,(anonymous_28)
FNDA:0,(anonymous_29)
FNDA:0,(anonymous_30)
FNDA:0,(anonymous_31)
FNDA:0,(anonymous_32)
FNDA:0,(anonymous_33)
FNDA:0,(anonymous_34)
DA:6,3
DA:9,0
DA:13,0
DA:18,0
DA:22,0
DA:27,0
DA:28,0
DA:34,0
DA:39,0
DA:40,0
DA:50,0
DA:55,0
DA:63,0
DA:70,3
DA:73,0
DA:74,0
DA:80,0
DA:85,0
DA:92,0
DA:97,1
DA:101,1
DA:106,0
DA:107,0
DA:109,0
DA:127,0
DA:128,0
DA:131,0
DA:132,0
DA:137,0
DA:138,0
DA:149,0
DA:154,0
DA:158,0
DA:163,0
DA:172,0
DA:177,0
DA:178,0
DA:189,0
DA:196,3
DA:199,0
DA:200,0
DA:206,0
DA:211,0
DA:218,0
DA:223,0
DA:225,0
DA:231,0
DA:232,0
DA:234,0
DA:235,0
DA:236,0
DA:237,0
DA:241,0
DA:242,0
DA:243,0
DA:244,0
DA:247,0
DA:248,0
DA:250,0
DA:251,0
DA:256,0
DA:257,0
DA:269,0
DA:274,0
DA:278,0
DA:283,0
DA:284,0
DA:292,0
DA:299,3
DA:302,0
DA:303,0
DA:304,0
DA:310,0
DA:315,0
DA:327,0
DA:332,0
DA:342,0
DA:347,0
DA:361,0
DA:366,0
DA:374,0
DA:379,0
DA:387,0
DA:394,3
DA:397,0
DA:398,0
DA:404,0
DA:409,0
DA:413,0
DA:418,0
DA:422,0
DA:427,0
DA:437,0
DA:444,3
DA:447,0
DA:448,0
DA:455,0
DA:457,0
DA:458,0
DA:460,0
DA:466,0
DA:477,0
DA:482,0
DA:491,0
DA:496,0
DA:500,0
DA:505,0
DA:509,0
DA:514,0
DA:518,0
LF:110
LH:8
BRDA:105,0,0,0
BRDA:105,1,0,0
BRDA:115,2,0,0
BRDA:115,2,1,0
BRDA:127,3,0,0
BRDA:127,3,1,0
BRDA:162,4,0,0
BRDA:162,5,0,0
BRDA:204,6,0,0
BRDA:204,6,1,0
BRDA:222,7,0,0
BRDA:223,8,0,0
BRDA:223,9,0,0
BRDA:234,10,0,0
BRDA:234,10,1,0
BRDA:241,11,0,0
BRDA:241,11,1,0
BRDA:282,12,0,0
BRDA:283,13,0,0
BRDA:283,13,1,0
BRDA:301,14,0,0
BRDA:303,15,0,0
BRDA:303,15,1,0
BRDA:331,16,0,0
BRDA:331,17,0,0
BRDA:346,18,0,0
BRDA:346,19,0,0
BRDA:426,20,0,0
BRDA:457,21,0,0
BRDA:457,21,1,0
BRDA:465,22,0,0
BRDA:465,23,0,0
BRDA:481,24,0,0
BRDA:481,25,0,0
BRF:34
BRH:0
end_of_record
TN:
SF:src/routes/auth.js
FNF:0
FNH:0
DA:7,3
DA:10,3
DA:17,3
DA:24,3
DA:31,3
DA:38,3
DA:45,3
LF:7
LH:7
BRF:0
BRH:0
end_of_record
TN:
SF:src/routes/orders.js
FN:27,(anonymous_0)
FN:37,(anonymous_1)
FNF:2
FNH:0
FNDA:0,(anonymous_0)
FNDA:0,(anonymous_1)
DA:7,3
DA:14,3
DA:27,3
DA:28,0
DA:29,0
DA:37,3
DA:38,0
DA:39,0
DA:47,3
DA:54,3
DA:67,3
LF:11
LH:7
BRF:0
BRH:0
end_of_record
TN:
SF:src/routes/payments.js
FNF:0
FNH:0
DA:8,3
DA:15,3
DA:29,3
DA:42,3
LF:4
LH:4
BRF:0
BRH:0
end_of_record
TN:
SF:src/routes/products.js
FNF:0
FNH:0
DA:6,3
DA:13,3
DA:26,3
DA:33,3
DA:40,3
DA:53,3
LF:6
LH:6
BRF:0
BRH:0
end_of_record
TN:
SF:src/routes/shops.js
FNF:0
FNH:0
DA:6,3
DA:13,3
DA:25,3
DA:36,3
DA:43,3
DA:54,3
DA:61,3
DA:74,3
DA:87,3
DA:100,3
LF:10
LH:10
BRF:0
BRH:0
end_of_record
TN:
SF:src/routes/subscriptions.js
FNF:0
FNH:0
DA:8,3
DA:15,3
DA:33,3
DA:50,3
DA:65,3
DA:81,3
LF:6
LH:6
BRF:0
BRH:0
end_of_record
TN:
SF:src/routes/wallets.js
FNF:0
FNH:0
DA:6,3
DA:13,3
DA:26,3
DA:39,3
LF:4
LH:4
BRF:0
BRH:0
end_of_record
TN:
SF:src/services/crypto.js
FN:9,(anonymous_0)
FN:22,(anonymous_1)
FN:44,(anonymous_2)
FN:98,(anonymous_3)
FN:181,(anonymous_4)
FN:241,(anonymous_5)
FN:259,(anonymous_6)
FN:301,(anonymous_7)
FN:319,(anonymous_8)
FNF:9
FNH:1
FNDA:3,(anonymous_0)
FNDA:0,(anonymous_1)
FNDA:0,(anonymous_2)
FNDA:0,(anonymous_3)
FNDA:0,(anonymous_4)
FNDA:0,(anonymous_5)
FNDA:0,(anonymous_6)
FNDA:0,(anonymous_7)
FNDA:0,(anonymous_8)
DA:10,3
DA:11,3
DA:12,3
DA:23,0
DA:24,0
DA:33,0
DA:36,0
DA:37,0
DA:44,0
DA:45,0
DA:48,0
DA:49,0
DA:56,0
DA:59,0
DA:60,0
DA:62,0
DA:63,0
DA:70,0
DA:73,0
DA:82,0
DA:83,0
DA:99,0
DA:101,0
DA:113,0
DA:115,0
DA:116,0
DA:123,0
DA:135,0
DA:137,0
DA:139,0
DA:140,0
DA:147,0
DA:150,0
DA:151,0
DA:153,0
DA:154,0
DA:160,0
DA:168,0
DA:171,0
DA:173,0
DA:174,0
DA:181,0
DA:182,0
DA:185,0
DA:186,0
DA:193,0
DA:195,0
DA:196,0
DA:203,0
DA:206,0
DA:207,0
DA:209,0
DA:210,0
DA:216,0
DA:226,0
DA:227,0
DA:242,0
DA:245,0
DA:256,0
DA:259,0
DA:261,0
DA:262,0
DA:269,0
DA:271,0
DA:272,0
DA:274,0
DA:275,0
DA:281,0
DA:290,0
DA:291,0
DA:302,0
DA:303,0
DA:304,0
DA:306,0
DA:307,0
DA:320,0
DA:322,0
DA:324,0
DA:326,0
DA:328,0
DA:330,0
LF:81
LH:3
BRDA:36,0,0,0
BRDA:36,0,1,0
BRDA:48,1,0,0
BRDA:48,1,1,0
BRDA:62,2,0,0
BRDA:62,2,1,0
BRDA:70,3,0,0
BRDA:70,3,1,0
BRDA:78,4,0,0
BRDA:78,4,1,0
BRDA:98,5,0,0
BRDA:115,6,0,0
BRDA:115,6,1,0
BRDA:137,7,0,0
BRDA:137,7,1,0
BRDA:139,8,0,0
BRDA:139,8,1,0
BRDA:153,9,0,0
BRDA:153,9,1,0
BRDA:162,10,0,0
BRDA:162,10,1,0
BRDA:165,11,0,0
BRDA:165,11,1,0
BRDA:168,12,0,0
BRDA:168,12,1,0
BRDA:173,13,0,0
BRDA:173,13,1,0
BRDA:185,14,0,0
BRDA:185,14,1,0
BRDA:195,15,0,0
BRDA:195,15,1,0
BRDA:209,16,0,0
BRDA:209,16,1,0
BRDA:218,17,0,0
BRDA:218,17,1,0
BRDA:221,18,0,0
BRDA:221,18,1,0
BRDA:261,19,0,0
BRDA:261,19,1,0
BRDA:269,20,0,0
BRDA:269,20,1,0
BRDA:274,21,0,0
BRDA:274,21,1,0
BRDA:320,22,0,0
BRDA:320,22,1,0
BRDA:320,22,2,0
BRDA:320,22,3,0
BRDA:320,22,4,0
BRF:48
BRH:0
end_of_record
TN:
SF:src/services/telegram.js
FN:10,(anonymous_0)
FN:20,(anonymous_1)
FN:28,(anonymous_2)
FN:29,(anonymous_3)
FN:56,(anonymous_4)
FN:87,(anonymous_5)
FN:107,(anonymous_6)
FN:126,(anonymous_7)
FN:145,(anonymous_8)
FN:170,(anonymous_9)
FN:184,(anonymous_10)
FN:201,(anonymous_11)
FNF:12
FNH:1
FNDA:3,(anonymous_0)
FNDA:0,(anonymous_1)
FNDA:0,(anonymous_2)
FNDA:0,(anonymous_3)
FNDA:0,(anonymous_4)
FNDA:0,(anonymous_5)
FNDA:0,(anonymous_6)
FNDA:0,(anonymous_7)
FNDA:0,(anonymous_8)
FNDA:0,(anonymous_9)
FNDA:0,(anonymous_10)
FNDA:0,(anonymous_11)
DA:11,3
DA:12,3
DA:21,0
DA:22,0
DA:23,0
DA:24,0
DA:27,0
DA:28,0
DA:29,0
DA:33,0
DA:39,0
DA:44,0
DA:46,0
DA:47,0
DA:57,0
DA:58,0
DA:59,0
DA:61,0
DA:62,0
DA:65,0
DA:67,0
DA:76,0
DA:77,0
DA:88,0
DA:89,0
DA:95,0
DA:97,0
DA:98,0
DA:108,0
DA:118,0
DA:127,0
DA:137,0
DA:146,0
DA:154,0
DA:156,0
DA:164,0
DA:171,0
DA:172,0
DA:173,0
DA:175,0
DA:176,0
DA:185,0
DA:186,0
DA:191,0
DA:193,0
DA:194,0
DA:202,0
DA:203,0
DA:204,0
DA:206,0
DA:207,0
LF:51
LH:2
BRDA:61,0,0,0
BRDA:61,0,1,0
BRDA:87,1,0,0
BRDA:97,2,0,0
BRDA:97,2,1,0
BRDA:113,3,0,0
BRDA:113,3,1,0
BRDA:154,4,0,0
BRDA:154,4,1,0
BRDA:175,5,0,0
BRDA:175,5,1,0
BRDA:193,6,0,0
BRDA:193,6,1,0
BRDA:206,7,0,0
BRDA:206,7,1,0
BRF:15
BRH:0
end_of_record
TN:
SF:src/utils/constants.js
FNF:0
FNH:0
DA:6,3
DA:15,3
DA:22,3
DA:54,3
DA:68,3
DA:74,3
DA:81,3
DA:101,3
DA:104,3
DA:110,3
DA:126,3
DA:134,3
DA:168,3
LF:13
LH:13
BRF:0
BRH:0
end_of_record
TN:
SF:src/utils/helpers.js
FN:4,(anonymous_0)
FN:18,(anonymous_1)
FN:25,(anonymous_2)
FN:34,(anonymous_3)
FN:48,(anonymous_4)
FN:60,(anonymous_5)
FN:71,(anonymous_6)
FN:82,(anonymous_7)
FN:93,(anonymous_8)
FN:117,(anonymous_9)
FN:118,(anonymous_10)
FN:124,(anonymous_11)
FN:135,(anonymous_12)
FN:143,(anonymous_13)
FN:151,(anonymous_14)
FN:164,(anonymous_15)
FNF:16
FNH:0
FNDA:0,(anonymous_0)
FNDA:0,(anonymous_1)
FNDA:0,(anonymous_2)
FNDA:0,(anonymous_3)
FNDA:0,(anonymous_4)
FNDA:0,(anonymous_5)
FNDA:0,(anonymous_6)
FNDA:0,(anonymous_7)
FNDA:0,(anonymous_8)
FNDA:0,(anonymous_9)
FNDA:0,(anonymous_10)
FNDA:0,(anonymous_11)
FNDA:0,(anonymous_12)
FNDA:0,(anonymous_13)
FNDA:0,(anonymous_14)
FNDA:0,(anonymous_15)
DA:4,0
DA:5,0
DA:12,0
DA:18,0
DA:19,0
DA:25,0
DA:26,0
DA:27,0
DA:28,0
DA:34,0
DA:35,0
DA:42,0
DA:48,0
DA:49,0
DA:51,0
DA:60,0
DA:61,0
DA:62,0
DA:63,0
DA:65,0
DA:71,0
DA:72,0
DA:82,0
DA:83,0
DA:93,0
DA:94,0
DA:101,0
DA:102,0
DA:103,0
DA:104,0
DA:106,0
DA:107,0
DA:108,0
DA:111,0
DA:117,0
DA:118,0
DA:124,0
DA:125,0
DA:126,0
DA:128,0
DA:135,0
DA:136,0
DA:137,0
DA:143,0
DA:144,0
DA:145,0
DA:151,0
DA:152,0
DA:154,0
DA:155,0
DA:156,0
DA:158,0
DA:164,0
DA:165,0
DA:166,0
DA:168,0
DA:169,0
DA:170,0
DA:171,0
DA:173,0
DA:174,0
DA:175,0
DA:176,0
LF:63
LH:0
BRDA:12,0,0,0
BRDA:12,0,1,0
BRDA:42,1,0,0
BRDA:42,1,1,0
BRDA:49,2,0,0
BRDA:49,2,1,0
BRDA:60,3,0,0
BRDA:60,4,0,0
BRDA:61,5,0,0
BRDA:61,5,1,0
BRDA:62,6,0,0
BRDA:62,6,1,0
BRDA:71,7,0,0
BRDA:74,8,0,0
BRDA:74,8,1,0
BRDA:82,9,0,0
BRDA:86,10,0,0
BRDA:86,10,1,0
BRDA:93,11,0,0
BRDA:101,12,0,0
BRDA:101,12,1,0
BRDA:102,13,0,0
BRDA:102,13,1,0
BRDA:124,14,0,0
BRDA:136,15,0,0
BRDA:136,15,1,0
BRDA:151,16,0,0
BRDA:152,17,0,0
BRDA:152,17,1,0
BRDA:152,18,0,0
BRDA:152,18,1,0
BRDA:173,19,0,0
BRDA:173,19,1,0
BRDA:173,20,0,0
BRDA:173,20,1,0
BRDA:174,21,0,0
BRDA:174,21,1,0
BRDA:174,22,0,0
BRDA:174,22,1,0
BRDA:175,23,0,0
BRDA:175,23,1,0
BRDA:175,24,0,0
BRDA:175,24,1,0
BRDA:176,25,0,0
BRDA:176,25,1,0
BRF:45
BRH:0
end_of_record
TN:
SF:src/utils/index.js
FNF:0
FNH:0
LF:0
LH:0
BRF:0
BRH:0
end_of_record
TN:
SF:src/utils/logger.js
FNF:0
FNH:0
DA:7,3
DA:8,3
DA:11,3
DA:18,3
DA:26,3
DA:33,3
DA:43,3
DA:44,3
LF:8
LH:8
BRDA:34,0,0,0
BRDA:34,0,1,3
BRDA:43,1,0,3
BRDA:43,1,1,0
BRF:4
BRH:2
end_of_record
TN:
SF:src/utils/validation.js
FN:11,(anonymous_0)
FN:42,(anonymous_1)
FNF:2
FNH:0
FNDA:0,(anonymous_0)
FNDA:0,(anonymous_1)
DA:11,3
DA:12,0
DA:14,0
DA:18,0
DA:25,0
DA:30,0
DA:33,0
DA:42,3
DA:43,0
DA:49,0
LF:10
LH:2
BRDA:12,0,0,0
BRDA:12,0,1,0
BRDA:12,1,0,0
BRDA:12,1,1,0
BRDA:14,2,0,0
BRDA:14,2,1,0
BRDA:14,2,2,0
BRDA:14,2,3,0
BRDA:14,2,4,0
BRDA:18,3,0,0
BRDA:18,3,1,0
BRDA:49,4,0,0
BRDA:49,4,1,0
BRF:13
BRH:0
end_of_record
