TN:
SF:src/ai/productTools.js
FNF:0
FNH:0
DA:1,0
LF:1
LH:0
BRF:0
BRH:0
end_of_record
TN:
SF:src/ai/systemPrompts.js
FN:1,formatPrice
FN:9,generateProductAIPrompt
FN:18,(anonymous_2)
FN:42,sanitizeUserInput
FNF:4
FNH:0
FNDA:0,formatPrice
FNDA:0,generateProductAIPrompt
FNDA:0,(anonymous_2)
FNDA:0,sanitizeUserInput
DA:2,0
DA:3,0
DA:4,0
DA:6,0
DA:10,0
DA:12,0
DA:13,0
DA:16,0
DA:19,0
DA:20,0
DA:21,0
DA:23,0
DA:24,0
DA:25,0
DA:28,0
DA:33,0
DA:35,0
DA:39,0
DA:43,0
DA:44,0
DA:46,0
LF:21
LH:0
BRDA:3,0,0,0
BRDA:3,0,1,0
BRDA:6,1,0,0
BRDA:6,1,1,0
BRDA:9,2,0,0
BRDA:9,3,0,0
BRDA:10,4,0,0
BRDA:16,5,0,0
BRDA:16,5,1,0
BRDA:19,6,0,0
BRDA:19,6,1,0
BRDA:20,7,0,0
BRDA:20,7,1,0
BRDA:21,8,0,0
BRDA:21,8,1,0
BRDA:23,9,0,0
BRDA:23,9,1,0
BRDA:33,10,0,0
BRDA:33,10,1,0
BRDA:35,11,0,0
BRDA:35,11,1,0
BRDA:43,12,0,0
BRDA:43,12,1,0
BRF:23
BRH:0
end_of_record
TN:
SF:src/config/env.js
FNF:0
FNH:0
DA:5,3
DA:8,3
DA:9,3
DA:15,3
DA:17,3
DA:18,12
DA:19,0
DA:27,3
DA:28,0
DA:37,3
LF:10
LH:8
BRDA:8,0,0,3
BRDA:8,0,1,0
BRDA:18,1,0,0
BRDA:18,1,1,12
BRDA:27,2,0,0
BRDA:27,2,1,3
BRDA:39,3,0,3
BRDA:39,3,1,0
BRDA:40,4,0,3
BRDA:40,4,1,0
BRDA:48,5,0,3
BRDA:48,5,1,0
BRDA:70,6,0,3
BRDA:70,6,1,0
BRDA:73,7,0,3
BRDA:73,7,1,0
BRDA:77,8,0,3
BRDA:77,8,1,0
BRDA:82,9,0,3
BRDA:82,9,1,0
BRDA:83,10,0,3
BRDA:83,10,1,0
BRF:22
BRH:11
end_of_record
TN:
SF:src/config/subscriptionPricing.js
FN:24,(anonymous_0)
FN:76,isValidTier
FN:87,getPrice
FN:106,calculateProratedUpgrade
FNF:4
FNH:1
FNDA:2,(anonymous_0)
FNDA:0,isValidTier
FNDA:0,getPrice
FNDA:0,calculateProratedUpgrade
DA:19,1
DA:24,1
DA:25,2
DA:26,2
DA:35,1
DA:44,1
DA:52,1
DA:57,1
DA:63,1
DA:69,1
DA:77,0
DA:88,0
DA:89,0
DA:91,0
DA:92,0
DA:95,0
DA:107,0
DA:108,0
DA:109,0
DA:111,0
DA:112,0
DA:115,0
DA:116,0
DA:119,0
LF:24
LH:10
BRDA:26,0,0,0
BRDA:26,0,1,2
BRDA:26,1,0,2
BRDA:26,1,1,0
BRDA:87,2,0,0
BRDA:88,3,0,0
BRDA:88,3,1,0
BRDA:91,4,0,0
BRDA:91,4,1,0
BRF:9
BRH:2
end_of_record
TN:
SF:src/constants/invoice.js
FNF:0
FNH:0
DA:6,1
DA:12,1
LF:2
LH:2
BRF:0
BRH:0
end_of_record
TN:
SF:src/controllers/aiProductController.js
FN:6,(anonymous_0)
FNF:1
FNH:0
FNDA:0,(anonymous_0)
DA:5,0
DA:7,0
DA:8,0
DA:10,0
DA:11,0
DA:14,0
DA:15,0
DA:16,0
DA:19,0
DA:25,0
DA:35,0
DA:39,0
LF:12
LH:0
BRDA:8,0,0,0
BRDA:8,1,0,0
BRDA:8,1,1,0
BRDA:10,2,0,0
BRDA:10,2,1,0
BRDA:10,3,0,0
BRDA:10,3,1,0
BRDA:15,4,0,0
BRDA:15,4,1,0
BRDA:41,5,0,0
BRDA:41,5,1,0
BRF:11
BRH:0
end_of_record
TN:
SF:src/controllers/authController.js
FN:14,(anonymous_0)
FN:21,(anonymous_1)
FN:30,(anonymous_2)
FN:119,(anonymous_3)
FN:206,(anonymous_4)
FN:236,(anonymous_5)
FN:272,(anonymous_6)
FN:300,(anonymous_7)
FN:384,(anonymous_8)
FN:472,(anonymous_9)
FN:531,(anonymous_10)
FNF:11
FNH:0
FNDA:0,(anonymous_0)
FNDA:0,(anonymous_1)
FNDA:0,(anonymous_2)
FNDA:0,(anonymous_3)
FNDA:0,(anonymous_4)
FNDA:0,(anonymous_5)
FNDA:0,(anonymous_6)
FNDA:0,(anonymous_7)
FNDA:0,(anonymous_8)
FNDA:0,(anonymous_9)
FNDA:0,(anonymous_10)
DA:14,0
DA:21,0
DA:26,0
DA:31,0
DA:32,0
DA:35,0
DA:37,0
DA:38,0
DA:42,0
DA:46,0
DA:47,0
DA:52,0
DA:56,0
DA:59,0
DA:61,0
DA:63,0
DA:72,0
DA:84,0
DA:85,0
DA:86,0
DA:88,0
DA:105,0
DA:106,0
DA:120,0
DA:122,0
DA:124,0
DA:125,0
DA:129,0
DA:133,0
DA:134,0
DA:135,0
DA:138,0
DA:142,0
DA:143,0
DA:144,0
DA:145,0
DA:146,0
DA:149,0
DA:150,0
DA:152,0
DA:154,0
DA:160,0
DA:161,0
DA:163,0
DA:167,0
DA:179,0
DA:180,0
DA:181,0
DA:183,0
DA:197,0
DA:198,0
DA:207,0
DA:208,0
DA:210,0
DA:211,0
DA:214,0
DA:227,0
DA:228,0
DA:237,0
DA:238,0
DA:240,0
DA:246,0
DA:247,0
DA:250,0
DA:263,0
DA:264,0
DA:273,0
DA:274,0
DA:276,0
DA:278,0
DA:280,0
DA:281,0
DA:284,0
DA:290,0
DA:291,0
DA:301,0
DA:302,0
DA:304,0
DA:305,0
DA:309,0
DA:311,0
DA:312,0
DA:313,0
DA:317,0
DA:320,0
DA:322,0
DA:324,0
DA:330,0
DA:332,0
DA:336,0
DA:348,0
DA:349,0
DA:350,0
DA:352,0
DA:369,0
DA:373,0
DA:385,0
DA:387,0
DA:389,0
DA:390,0
DA:394,0
DA:395,0
DA:397,0
DA:399,0
DA:405,0
DA:406,0
DA:412,0
DA:416,0
DA:417,0
DA:422,0
DA:424,0
DA:431,0
DA:443,0
DA:444,0
DA:445,0
DA:447,0
DA:462,0
DA:463,0
DA:473,0
DA:474,0
DA:476,0
DA:477,0
DA:481,0
DA:484,0
DA:486,0
DA:487,0
DA:488,0
DA:492,0
DA:494,0
DA:496,0
DA:497,0
DA:501,0
DA:512,0
DA:514,0
DA:521,0
DA:522,0
DA:532,0
DA:533,0
DA:535,0
DA:536,0
DA:537,0
DA:538,0
DA:541,0
DA:546,0
DA:547,0
LF:145
LH:0
BRDA:37,0,0,0
BRDA:37,0,1,0
BRDA:46,1,0,0
BRDA:46,1,1,0
BRDA:46,2,0,0
BRDA:46,2,1,0
BRDA:61,3,0,0
BRDA:61,3,1,0
BRDA:124,4,0,0
BRDA:124,4,1,0
BRDA:134,5,0,0
BRDA:134,5,1,0
BRDA:152,6,0,0
BRDA:152,6,1,0
BRDA:183,7,0,0
BRDA:183,7,1,0
BRDA:210,8,0,0
BRDA:210,8,1,0
BRDA:246,9,0,0
BRDA:246,9,1,0
BRDA:280,10,0,0
BRDA:280,10,1,0
BRDA:304,11,0,0
BRDA:304,11,1,0
BRDA:311,12,0,0
BRDA:311,12,1,0
BRDA:322,13,0,0
BRDA:322,13,1,0
BRDA:389,14,0,0
BRDA:389,14,1,0
BRDA:389,15,0,0
BRDA:389,15,1,0
BRDA:397,16,0,0
BRDA:397,16,1,0
BRDA:401,17,0,0
BRDA:401,17,1,0
BRDA:402,18,0,0
BRDA:402,18,1,0
BRDA:403,19,0,0
BRDA:403,19,1,0
BRDA:412,20,0,0
BRDA:412,20,1,0
BRDA:412,20,2,0
BRDA:416,21,0,0
BRDA:416,21,1,0
BRDA:418,22,0,0
BRDA:418,22,1,0
BRDA:419,23,0,0
BRDA:419,23,1,0
BRDA:420,24,0,0
BRDA:420,24,1,0
BRDA:447,25,0,0
BRDA:447,25,1,0
BRDA:476,26,0,0
BRDA:476,26,1,0
BRDA:486,27,0,0
BRDA:486,27,1,0
BRDA:494,28,0,0
BRDA:494,28,1,0
BRDA:535,29,0,0
BRDA:535,29,1,0
BRF:61
BRH:0
end_of_record
TN:
SF:src/controllers/migrationController.js
FN:18,(anonymous_0)
FN:75,(anonymous_1)
FN:116,(anonymous_2)
FN:164,(anonymous_3)
FN:199,(anonymous_4)
FNF:5
FNH:0
FNDA:0,(anonymous_0)
FNDA:0,(anonymous_1)
FNDA:0,(anonymous_2)
FNDA:0,(anonymous_3)
FNDA:0,(anonymous_4)
DA:18,0
DA:19,0
DA:20,0
DA:21,0
DA:24,0
DA:29,0
DA:30,0
DA:33,0
DA:35,0
DA:36,0
DA:40,0
DA:42,0
DA:43,0
DA:52,0
DA:54,0
DA:65,0
DA:66,0
DA:75,0
DA:76,0
DA:77,0
DA:78,0
DA:79,0
DA:82,0
DA:83,0
DA:87,0
DA:92,0
DA:93,0
DA:96,0
DA:98,0
DA:99,0
DA:103,0
DA:105,0
DA:106,0
DA:113,0
DA:116,0
DA:117,0
DA:118,0
DA:126,0
DA:131,0
DA:135,0
DA:139,0
DA:144,0
DA:155,0
DA:156,0
DA:164,0
DA:165,0
DA:166,0
DA:167,0
DA:168,0
DA:171,0
DA:173,0
DA:174,0
DA:177,0
DA:178,0
DA:182,0
DA:184,0
DA:185,0
DA:188,0
DA:190,0
DA:191,0
DA:199,0
DA:200,0
DA:201,0
DA:202,0
DA:203,0
DA:206,0
DA:208,0
DA:209,0
DA:212,0
DA:213,0
DA:217,0
DA:219,0
DA:224,0
DA:225,0
LF:74
LH:0
BRDA:29,0,0,0
BRDA:29,0,1,0
BRDA:35,1,0,0
BRDA:35,1,1,0
BRDA:42,2,0,0
BRDA:42,2,1,0
BRDA:82,3,0,0
BRDA:82,3,1,0
BRDA:92,4,0,0
BRDA:92,4,1,0
BRDA:98,5,0,0
BRDA:98,5,1,0
BRDA:105,6,0,0
BRDA:105,6,1,0
BRDA:122,7,0,0
BRDA:122,7,1,0
BRDA:148,8,0,0
BRDA:148,8,1,0
BRDA:148,8,2,0
BRDA:173,9,0,0
BRDA:173,9,1,0
BRDA:177,10,0,0
BRDA:177,10,1,0
BRDA:184,11,0,0
BRDA:184,11,1,0
BRDA:184,12,0,0
BRDA:184,12,1,0
BRDA:203,13,0,0
BRDA:203,13,1,0
BRDA:208,14,0,0
BRDA:208,14,1,0
BRDA:212,15,0,0
BRDA:212,15,1,0
BRF:33
BRH:0
end_of_record
TN:
SF:src/controllers/orderController.js
FNF:0
FNH:0
LF:0
LH:0
BRF:0
BRH:0
end_of_record
TN:
SF:src/controllers/paymentController.js
FN:15,(anonymous_0)
FN:50,(anonymous_1)
FN:94,(anonymous_2)
FN:152,(anonymous_3)
FNF:4
FNH:0
FNDA:0,(anonymous_0)
FNDA:0,(anonymous_1)
FNDA:0,(anonymous_2)
FNDA:0,(anonymous_3)
DA:11,0
DA:16,0
DA:17,0
DA:19,0
DA:26,0
DA:27,0
DA:35,0
DA:51,0
DA:52,0
DA:55,0
DA:57,0
DA:58,0
DA:62,0
DA:65,0
DA:66,0
DA:67,0
DA:68,0
DA:69,0
DA:70,0
DA:74,0
DA:75,0
DA:78,0
DA:80,0
DA:85,0
DA:86,0
DA:95,0
DA:97,0
DA:98,0
DA:101,0
DA:102,0
DA:103,0
DA:106,0
DA:107,0
DA:108,0
DA:111,0
DA:112,0
DA:114,0
DA:115,0
DA:117,0
DA:118,0
DA:121,0
DA:129,0
DA:130,0
DA:138,0
DA:153,0
DA:154,0
DA:157,0
DA:158,0
DA:162,0
DA:163,0
DA:164,0
DA:168,0
DA:169,0
DA:170,0
DA:175,0
DA:177,0
DA:180,0
DA:181,0
DA:184,0
DA:185,0
DA:186,0
DA:188,0
DA:190,0
DA:194,0
DA:197,0
DA:200,0
DA:201,0
DA:204,0
DA:211,0
DA:218,0
DA:229,0
DA:230,0
LF:72
LH:0
BRDA:17,0,0,0
BRDA:17,0,1,0
BRDA:17,0,2,0
BRDA:17,0,3,0
BRDA:26,1,0,0
BRDA:26,1,1,0
BRDA:30,2,0,0
BRDA:30,2,1,0
BRDA:39,3,0,0
BRDA:39,3,1,0
BRDA:40,4,0,0
BRDA:40,4,1,0
BRDA:41,5,0,0
BRDA:41,5,1,0
BRDA:57,6,0,0
BRDA:57,6,1,0
BRDA:66,7,0,0
BRDA:66,7,1,0
BRDA:68,8,0,0
BRDA:68,8,1,0
BRDA:70,9,0,0
BRDA:70,9,1,0
BRDA:74,10,0,0
BRDA:74,10,1,0
BRDA:74,11,0,0
BRDA:74,11,1,0
BRDA:97,12,0,0
BRDA:97,12,1,0
BRDA:102,13,0,0
BRDA:102,13,1,0
BRDA:107,14,0,0
BRDA:107,14,1,0
BRDA:112,15,0,0
BRDA:112,15,1,0
BRDA:115,16,0,0
BRDA:115,16,1,0
BRDA:117,17,0,0
BRDA:117,17,1,0
BRDA:117,18,0,0
BRDA:117,18,1,0
BRDA:124,19,0,0
BRDA:124,19,1,0
BRDA:124,19,2,0
BRDA:124,19,3,0
BRDA:129,20,0,0
BRDA:129,20,1,0
BRDA:133,21,0,0
BRDA:133,21,1,0
BRDA:142,22,0,0
BRDA:142,22,1,0
BRDA:143,23,0,0
BRDA:143,23,1,0
BRDA:157,24,0,0
BRDA:157,24,1,0
BRDA:157,25,0,0
BRDA:157,25,1,0
BRDA:162,26,0,0
BRDA:162,26,1,0
BRDA:163,27,0,0
BRDA:163,27,1,0
BRDA:163,28,0,0
BRDA:163,28,1,0
BRDA:169,29,0,0
BRDA:169,29,1,0
BRDA:177,30,0,0
BRDA:177,30,1,0
BRDA:177,30,2,0
BRDA:177,30,3,0
BRDA:180,31,0,0
BRDA:180,31,1,0
BRDA:184,32,0,0
BRDA:184,32,1,0
BRDA:194,33,0,0
BRDA:194,33,1,0
BRDA:200,34,0,0
BRDA:200,34,1,0
BRF:76
BRH:0
end_of_record
TN:
SF:src/controllers/productController.js
FNF:0
FNH:0
LF:0
LH:0
BRF:0
BRH:0
end_of_record
TN:
SF:src/controllers/shopController.js
FN:18,(anonymous_0)
FN:228,(anonymous_1)
FN:284,(anonymous_2)
FN:289,(anonymous_3)
FN:321,(anonymous_4)
FN:378,(anonymous_5)
FN:418,(anonymous_6)
FN:461,(anonymous_7)
FN:500,(anonymous_8)
FN:550,(anonymous_9)
FNF:10
FNH:0
FNDA:0,(anonymous_0)
FNDA:0,(anonymous_1)
FNDA:0,(anonymous_2)
FNDA:0,(anonymous_3)
FNDA:0,(anonymous_4)
FNDA:0,(anonymous_5)
FNDA:0,(anonymous_6)
FNDA:0,(anonymous_7)
FNDA:0,(anonymous_8)
FNDA:0,(anonymous_9)
DA:13,0
DA:19,0
DA:20,0
DA:21,0
DA:22,0
DA:24,0
DA:32,0
DA:33,0
DA:37,0
DA:38,0
DA:39,0
DA:43,0
DA:44,0
DA:48,0
DA:49,0
DA:50,0
DA:54,0
DA:55,0
DA:56,0
DA:58,0
DA:59,0
DA:62,0
DA:69,0
DA:70,0
DA:71,0
DA:74,0
DA:77,0
DA:78,0
DA:79,0
DA:83,0
DA:84,0
DA:85,0
DA:89,0
DA:90,0
DA:91,0
DA:95,0
DA:103,0
DA:106,0
DA:113,0
DA:115,0
DA:121,0
DA:126,0
DA:127,0
DA:129,0
DA:134,0
DA:135,0
DA:137,0
DA:139,0
DA:141,0
DA:142,0
DA:146,0
DA:147,0
DA:152,0
DA:154,0
DA:157,0
DA:166,0
DA:167,0
DA:168,0
DA:171,0
DA:173,0
DA:179,0
DA:185,0
DA:186,0
DA:189,0
DA:190,0
DA:192,0
DA:197,0
DA:204,0
DA:209,0
DA:210,0
DA:211,0
DA:218,0
DA:219,0
DA:229,0
DA:230,0
DA:232,0
DA:234,0
DA:235,0
DA:239,0
DA:242,0
DA:243,0
DA:244,0
DA:245,0
DA:246,0
DA:247,0
DA:249,0
DA:251,0
DA:252,0
DA:253,0
DA:254,0
DA:255,0
DA:256,0
DA:257,0
DA:260,0
DA:265,0
DA:266,0
DA:267,0
DA:274,0
DA:275,0
DA:285,0
DA:286,0
DA:289,0
DA:290,0
DA:291,0
DA:292,0
DA:293,0
DA:294,0
DA:295,0
DA:298,0
DA:303,0
DA:304,0
DA:305,0
DA:312,0
DA:313,0
DA:322,0
DA:323,0
DA:324,0
DA:327,0
DA:329,0
DA:330,0
DA:333,0
DA:334,0
DA:338,0
DA:339,0
DA:340,0
DA:341,0
DA:345,0
DA:353,0
DA:355,0
DA:360,0
DA:361,0
DA:362,0
DA:369,0
DA:370,0
DA:379,0
DA:380,0
DA:383,0
DA:385,0
DA:386,0
DA:389,0
DA:390,0
DA:393,0
DA:395,0
DA:400,0
DA:401,0
DA:402,0
DA:409,0
DA:410,0
DA:419,0
DA:420,0
DA:421,0
DA:422,0
DA:425,0
DA:426,0
DA:427,0
DA:429,0
DA:431,0
DA:433,0
DA:443,0
DA:444,0
DA:445,0
DA:452,0
DA:453,0
DA:462,0
DA:463,0
DA:465,0
DA:466,0
DA:469,0
DA:470,0
DA:471,0
DA:474,0
DA:476,0
DA:481,0
DA:482,0
DA:483,0
DA:490,0
DA:491,0
DA:501,0
DA:502,0
DA:504,0
DA:507,0
DA:509,0
DA:511,0
DA:512,0
DA:513,0
DA:517,0
DA:518,0
DA:524,0
DA:528,0
DA:539,0
DA:540,0
DA:551,0
DA:552,0
DA:553,0
DA:556,0
DA:558,0
DA:559,0
DA:562,0
DA:563,0
DA:567,0
DA:568,0
DA:569,0
DA:570,0
DA:575,0
DA:580,0
DA:581,0
DA:582,0
DA:583,0
DA:588,0
DA:593,0
DA:594,0
DA:595,0
DA:596,0
DA:601,0
DA:606,0
DA:607,0
DA:608,0
DA:609,0
DA:614,0
DA:619,0
DA:620,0
DA:621,0
DA:623,0
DA:624,0
DA:626,0
DA:627,0
DA:629,0
DA:630,0
DA:635,0
DA:637,0
DA:639,0
DA:640,0
DA:643,0
DA:646,0
DA:651,0
DA:652,0
DA:653,0
DA:658,0
DA:660,0
DA:672,0
DA:673,0
DA:677,0
DA:680,0
DA:681,0
LF:244
LH:0
BRDA:20,0,0,0
BRDA:32,1,0,0
BRDA:32,1,1,0
BRDA:38,2,0,0
BRDA:38,2,1,0
BRDA:43,3,0,0
BRDA:43,3,1,0
BRDA:43,4,0,0
BRDA:43,4,1,0
BRDA:49,5,0,0
BRDA:49,5,1,0
BRDA:54,6,0,0
BRDA:54,6,1,0
BRDA:69,7,0,0
BRDA:69,7,1,0
BRDA:77,8,0,0
BRDA:77,8,1,0
BRDA:83,9,0,0
BRDA:83,9,1,0
BRDA:89,10,0,0
BRDA:89,10,1,0
BRDA:137,11,0,0
BRDA:137,11,1,0
BRDA:141,12,0,0
BRDA:141,12,1,0
BRDA:142,13,0,0
BRDA:142,13,1,0
BRDA:152,14,0,0
BRDA:152,14,1,0
BRDA:166,15,0,0
BRDA:166,15,1,0
BRDA:166,16,0,0
BRDA:166,16,1,0
BRDA:185,17,0,0
BRDA:185,17,1,0
BRDA:209,18,0,0
BRDA:209,18,1,0
BRDA:214,19,0,0
BRDA:214,19,1,0
BRDA:234,20,0,0
BRDA:234,20,1,0
BRDA:239,21,0,0
BRDA:239,21,1,0
BRDA:243,22,0,0
BRDA:243,22,1,0
BRDA:244,23,0,0
BRDA:244,23,1,0
BRDA:245,24,0,0
BRDA:245,24,1,0
BRDA:246,25,0,0
BRDA:246,25,1,0
BRDA:249,26,0,0
BRDA:249,26,1,0
BRDA:265,27,0,0
BRDA:265,27,1,0
BRDA:270,28,0,0
BRDA:270,28,1,0
BRDA:291,29,0,0
BRDA:291,29,1,0
BRDA:292,30,0,0
BRDA:292,30,1,0
BRDA:293,31,0,0
BRDA:293,31,1,0
BRDA:294,32,0,0
BRDA:294,32,1,0
BRDA:303,33,0,0
BRDA:303,33,1,0
BRDA:308,34,0,0
BRDA:308,34,1,0
BRDA:329,35,0,0
BRDA:329,35,1,0
BRDA:333,36,0,0
BRDA:333,36,1,0
BRDA:338,37,0,0
BRDA:338,37,1,0
BRDA:338,38,0,0
BRDA:338,38,1,0
BRDA:340,39,0,0
BRDA:340,39,1,0
BRDA:360,40,0,0
BRDA:360,40,1,0
BRDA:365,41,0,0
BRDA:365,41,1,0
BRDA:385,42,0,0
BRDA:385,42,1,0
BRDA:389,43,0,0
BRDA:389,43,1,0
BRDA:400,44,0,0
BRDA:400,44,1,0
BRDA:405,45,0,0
BRDA:405,45,1,0
BRDA:420,46,0,0
BRDA:420,46,1,0
BRDA:421,47,0,0
BRDA:421,47,1,0
BRDA:421,48,0,0
BRDA:421,48,1,0
BRDA:425,49,0,0
BRDA:425,49,1,0
BRDA:426,50,0,0
BRDA:426,50,1,0
BRDA:426,51,0,0
BRDA:426,51,1,0
BRDA:426,51,2,0
BRDA:443,52,0,0
BRDA:443,52,1,0
BRDA:448,53,0,0
BRDA:448,53,1,0
BRDA:463,54,0,0
BRDA:463,54,1,0
BRDA:463,54,2,0
BRDA:465,55,0,0
BRDA:465,55,1,0
BRDA:469,56,0,0
BRDA:469,56,1,0
BRDA:470,57,0,0
BRDA:470,57,1,0
BRDA:470,58,0,0
BRDA:470,58,1,0
BRDA:470,58,2,0
BRDA:474,59,0,0
BRDA:474,59,1,0
BRDA:481,60,0,0
BRDA:481,60,1,0
BRDA:486,61,0,0
BRDA:486,61,1,0
BRDA:511,62,0,0
BRDA:511,62,1,0
BRDA:517,63,0,0
BRDA:517,63,1,0
BRDA:531,64,0,0
BRDA:531,64,1,0
BRDA:532,65,0,0
BRDA:532,65,1,0
BRDA:533,66,0,0
BRDA:533,66,1,0
BRDA:534,67,0,0
BRDA:534,67,1,0
BRDA:558,68,0,0
BRDA:558,68,1,0
BRDA:562,69,0,0
BRDA:562,69,1,0
BRDA:567,70,0,0
BRDA:567,70,1,0
BRDA:567,71,0,0
BRDA:567,71,1,0
BRDA:567,71,2,0
BRDA:569,72,0,0
BRDA:569,72,1,0
BRDA:580,73,0,0
BRDA:580,73,1,0
BRDA:580,74,0,0
BRDA:580,74,1,0
BRDA:580,74,2,0
BRDA:582,75,0,0
BRDA:582,75,1,0
BRDA:593,76,0,0
BRDA:593,76,1,0
BRDA:593,77,0,0
BRDA:593,77,1,0
BRDA:593,77,2,0
BRDA:595,78,0,0
BRDA:595,78,1,0
BRDA:606,79,0,0
BRDA:606,79,1,0
BRDA:606,80,0,0
BRDA:606,80,1,0
BRDA:606,80,2,0
BRDA:608,81,0,0
BRDA:608,81,1,0
BRDA:620,82,0,0
BRDA:620,82,1,0
BRDA:623,83,0,0
BRDA:623,83,1,0
BRDA:626,84,0,0
BRDA:626,84,1,0
BRDA:629,85,0,0
BRDA:629,85,1,0
BRDA:639,86,0,0
BRDA:639,86,1,0
BRDA:639,87,0,0
BRDA:639,87,1,0
BRDA:651,88,0,0
BRDA:651,88,1,0
BRDA:663,89,0,0
BRDA:663,89,1,0
BRDA:664,90,0,0
BRDA:664,90,1,0
BRDA:665,91,0,0
BRDA:665,91,1,0
BRDA:666,92,0,0
BRDA:666,92,1,0
BRDA:672,93,0,0
BRDA:672,93,1,0
BRDA:672,94,0,0
BRDA:672,94,1,0
BRF:196
BRH:0
end_of_record
TN:
SF:src/controllers/shopFollowController.js
FN:19,(anonymous_0)
FN:30,(anonymous_1)
FN:66,(anonymous_2)
FN:100,(anonymous_3)
FN:150,(anonymous_4)
FN:163,(anonymous_5)
FN:231,(anonymous_6)
FN:296,(anonymous_7)
FN:317,(anonymous_8)
FN:523,(anonymous_9)
FN:590,(anonymous_10)
FN:642,(anonymous_11)
FN:666,(anonymous_12)
FN:704,(anonymous_13)
FN:747,(anonymous_14)
FN:853,(anonymous_15)
FN:930,(anonymous_16)
FNF:17
FNH:0
FNDA:0,(anonymous_0)
FNDA:0,(anonymous_1)
FNDA:0,(anonymous_2)
FNDA:0,(anonymous_3)
FNDA:0,(anonymous_4)
FNDA:0,(anonymous_5)
FNDA:0,(anonymous_6)
FNDA:0,(anonymous_7)
FNDA:0,(anonymous_8)
FNDA:0,(anonymous_9)
FNDA:0,(anonymous_10)
FNDA:0,(anonymous_11)
FNDA:0,(anonymous_12)
FNDA:0,(anonymous_13)
FNDA:0,(anonymous_14)
FNDA:0,(anonymous_15)
FNDA:0,(anonymous_16)
DA:11,0
DA:19,0
DA:20,0
DA:21,0
DA:30,0
DA:31,0
DA:32,0
DA:35,0
DA:36,0
DA:38,0
DA:41,0
DA:66,0
DA:67,0
DA:68,0
DA:70,0
DA:71,0
DA:74,0
DA:75,0
DA:78,0
DA:79,0
DA:80,0
DA:83,0
DA:84,0
DA:86,0
DA:88,0
DA:93,0
DA:100,0
DA:101,0
DA:102,0
DA:104,0
DA:105,0
DA:108,0
DA:110,0
DA:111,0
DA:114,0
DA:115,0
DA:116,0
DA:119,0
DA:121,0
DA:126,0
DA:134,0
DA:139,0
DA:141,0
DA:146,0
DA:150,0
DA:163,0
DA:164,0
DA:165,0
DA:168,0
DA:169,0
DA:170,0
DA:173,0
DA:179,0
DA:180,0
DA:182,0
DA:183,0
DA:185,0
DA:187,0
DA:231,0
DA:232,0
DA:233,0
DA:235,0
DA:236,0
DA:239,0
DA:241,0
DA:242,0
DA:245,0
DA:246,0
DA:247,0
DA:250,0
DA:251,0
DA:253,0
DA:254,0
DA:260,0
DA:262,0
DA:276,0
DA:278,0
DA:283,0
DA:284,0
DA:285,0
DA:287,0
DA:296,0
DA:305,0
DA:310,0
DA:317,0
DA:318,0
DA:319,0
DA:321,0
DA:322,0
DA:324,0
DA:325,0
DA:326,0
DA:327,0
DA:328,0
DA:329,0
DA:332,0
DA:333,0
DA:336,0
DA:337,0
DA:340,0
DA:341,0
DA:344,0
DA:345,0
DA:348,0
DA:349,0
DA:350,0
DA:351,0
DA:354,0
DA:355,0
DA:357,0
DA:358,0
DA:359,0
DA:362,0
DA:363,0
DA:369,0
DA:374,0
DA:375,0
DA:378,0
DA:379,0
DA:382,0
DA:383,0
DA:384,0
DA:388,0
DA:389,0
DA:390,0
DA:394,0
DA:395,0
DA:396,0
DA:399,0
DA:400,0
DA:403,0
DA:406,0
DA:408,0
DA:410,0
DA:411,0
DA:416,0
DA:417,0
DA:418,0
DA:419,0
DA:420,0
DA:424,0
DA:438,0
DA:441,0
DA:444,0
DA:446,0
DA:448,0
DA:456,0
DA:457,0
DA:459,0
DA:462,0
DA:463,0
DA:464,0
DA:477,0
DA:478,0
DA:481,0
DA:485,0
DA:487,0
DA:490,0
DA:491,0
DA:499,0
DA:500,0
DA:509,0
DA:511,0
DA:516,0
DA:523,0
DA:524,0
DA:525,0
DA:526,0
DA:527,0
DA:528,0
DA:530,0
DA:531,0
DA:532,0
DA:533,0
DA:535,0
DA:536,0
DA:540,0
DA:542,0
DA:543,0
DA:545,0
DA:546,0
DA:547,0
DA:549,0
DA:550,0
DA:554,0
DA:555,0
DA:556,0
DA:559,0
DA:560,0
DA:561,0
DA:564,0
DA:565,0
DA:568,0
DA:571,0
DA:572,0
DA:574,0
DA:575,0
DA:577,0
DA:583,0
DA:590,0
DA:591,0
DA:592,0
DA:593,0
DA:594,0
DA:596,0
DA:597,0
DA:598,0
DA:600,0
DA:601,0
DA:604,0
DA:605,0
DA:608,0
DA:609,0
DA:610,0
DA:613,0
DA:614,0
DA:615,0
DA:619,0
DA:620,0
DA:621,0
DA:626,0
DA:627,0
DA:630,0
DA:632,0
DA:633,0
DA:634,0
DA:637,0
DA:640,0
DA:641,0
DA:642,0
DA:644,0
DA:646,0
DA:650,0
DA:651,0
DA:653,0
DA:659,0
DA:666,0
DA:667,0
DA:668,0
DA:670,0
DA:672,0
DA:673,0
DA:676,0
DA:678,0
DA:679,0
DA:682,0
DA:683,0
DA:684,0
DA:687,0
DA:689,0
DA:690,0
DA:692,0
DA:697,0
DA:704,0
DA:705,0
DA:706,0
DA:708,0
DA:709,0
DA:712,0
DA:714,0
DA:715,0
DA:718,0
DA:719,0
DA:720,0
DA:724,0
DA:726,0
DA:734,0
DA:739,0
DA:747,0
DA:748,0
DA:749,0
DA:750,0
DA:751,0
DA:752,0
DA:754,0
DA:755,0
DA:756,0
DA:757,0
DA:758,0
DA:760,0
DA:761,0
DA:764,0
DA:765,0
DA:769,0
DA:770,0
DA:771,0
DA:773,0
DA:774,0
DA:775,0
DA:780,0
DA:781,0
DA:782,0
DA:785,0
DA:786,0
DA:787,0
DA:790,0
DA:791,0
DA:795,0
DA:796,0
DA:797,0
DA:801,0
DA:809,0
DA:810,0
DA:811,0
DA:812,0
DA:813,0
DA:815,0
DA:826,0
DA:839,0
DA:845,0
DA:853,0
DA:854,0
DA:855,0
DA:857,0
DA:858,0
DA:860,0
DA:861,0
DA:864,0
DA:865,0
DA:869,0
DA:870,0
DA:871,0
DA:874,0
DA:875,0
DA:876,0
DA:880,0
DA:881,0
DA:882,0
DA:886,0
DA:889,0
DA:890,0
DA:891,0
DA:892,0
DA:895,0
DA:896,0
DA:898,0
DA:908,0
DA:918,0
DA:923,0
DA:930,0
DA:931,0
DA:932,0
DA:934,0
DA:935,0
DA:938,0
DA:939,0
DA:943,0
DA:944,0
DA:945,0
DA:948,0
DA:949,0
DA:950,0
DA:954,0
DA:955,0
DA:957,0
DA:958,0
DA:967,0
DA:969,0
DA:974,0
LF:359
LH:0
BRDA:19,0,0,0
BRDA:21,1,0,0
BRDA:21,1,1,0
BRDA:31,2,0,0
BRDA:31,2,1,0
BRDA:35,3,0,0
BRDA:35,3,1,0
BRDA:36,4,0,0
BRDA:36,4,1,0
BRDA:36,5,0,0
BRDA:36,5,1,0
BRDA:38,6,0,0
BRDA:38,6,1,0
BRDA:38,7,0,0
BRDA:38,7,1,0
BRDA:45,8,0,0
BRDA:45,8,1,0
BRDA:47,9,0,0
BRDA:47,9,1,0
BRDA:48,10,0,0
BRDA:48,10,1,0
BRDA:49,11,0,0
BRDA:49,11,1,0
BRDA:50,12,0,0
BRDA:50,12,1,0
BRDA:70,13,0,0
BRDA:70,13,1,0
BRDA:74,14,0,0
BRDA:74,14,1,0
BRDA:74,15,0,0
BRDA:74,15,1,0
BRDA:79,16,0,0
BRDA:79,16,1,0
BRDA:104,17,0,0
BRDA:104,17,1,0
BRDA:104,18,0,0
BRDA:104,18,1,0
BRDA:110,19,0,0
BRDA:110,19,1,0
BRDA:115,20,0,0
BRDA:115,20,1,0
BRDA:129,21,0,0
BRDA:129,21,1,0
BRDA:130,22,0,0
BRDA:130,22,1,0
BRDA:136,23,0,0
BRDA:136,23,1,0
BRDA:158,24,0,0
BRDA:158,24,1,0
BRDA:158,24,2,0
BRDA:163,25,0,0
BRDA:163,26,0,0
BRDA:164,27,0,0
BRDA:164,27,1,0
BRDA:165,28,0,0
BRDA:165,28,1,0
BRDA:169,29,0,0
BRDA:169,29,1,0
BRDA:170,30,0,0
BRDA:170,30,1,0
BRDA:171,31,0,0
BRDA:171,31,1,0
BRDA:172,32,0,0
BRDA:172,32,1,0
BRDA:173,33,0,0
BRDA:173,33,1,0
BRDA:174,34,0,0
BRDA:174,34,1,0
BRDA:175,35,0,0
BRDA:175,35,1,0
BRDA:179,36,0,0
BRDA:179,36,1,0
BRDA:196,37,0,0
BRDA:196,37,1,0
BRDA:204,38,0,0
BRDA:204,38,1,0
BRDA:211,39,0,0
BRDA:211,39,1,0
BRDA:216,40,0,0
BRDA:216,40,1,0
BRDA:218,41,0,0
BRDA:218,41,1,0
BRDA:219,42,0,0
BRDA:219,42,1,0
BRDA:235,43,0,0
BRDA:235,43,1,0
BRDA:235,44,0,0
BRDA:235,44,1,0
BRDA:241,45,0,0
BRDA:241,45,1,0
BRDA:246,46,0,0
BRDA:246,46,1,0
BRDA:250,47,0,0
BRDA:250,47,1,0
BRDA:251,48,0,0
BRDA:251,48,1,0
BRDA:253,49,0,0
BRDA:253,49,1,0
BRDA:278,50,0,0
BRDA:278,50,1,0
BRDA:278,51,0,0
BRDA:278,51,1,0
BRDA:280,52,0,0
BRDA:280,52,1,0
BRDA:284,53,0,0
BRDA:284,53,1,0
BRDA:319,54,0,0
BRDA:319,54,1,0
BRDA:321,55,0,0
BRDA:321,55,1,0
BRDA:321,55,2,0
BRDA:326,56,0,0
BRDA:326,56,1,0
BRDA:327,57,0,0
BRDA:327,57,1,0
BRDA:328,58,0,0
BRDA:328,58,1,0
BRDA:329,59,0,0
BRDA:329,59,1,0
BRDA:332,60,0,0
BRDA:332,60,1,0
BRDA:332,61,0,0
BRDA:332,61,1,0
BRDA:336,62,0,0
BRDA:336,62,1,0
BRDA:336,63,0,0
BRDA:336,63,1,0
BRDA:340,64,0,0
BRDA:340,64,1,0
BRDA:344,65,0,0
BRDA:344,65,1,0
BRDA:348,66,0,0
BRDA:348,66,1,0
BRDA:349,67,0,0
BRDA:349,67,1,0
BRDA:350,68,0,0
BRDA:350,68,1,0
BRDA:354,69,0,0
BRDA:354,69,1,0
BRDA:354,70,0,0
BRDA:354,70,1,0
BRDA:357,71,0,0
BRDA:357,71,1,0
BRDA:358,72,0,0
BRDA:358,72,1,0
BRDA:358,73,0,0
BRDA:358,73,1,0
BRDA:362,74,0,0
BRDA:362,74,1,0
BRDA:374,75,0,0
BRDA:374,75,1,0
BRDA:378,76,0,0
BRDA:378,76,1,0
BRDA:383,77,0,0
BRDA:383,77,1,0
BRDA:389,78,0,0
BRDA:389,78,1,0
BRDA:395,79,0,0
BRDA:395,79,1,0
BRDA:399,80,0,0
BRDA:399,80,1,0
BRDA:410,81,0,0
BRDA:410,81,1,0
BRDA:416,82,0,0
BRDA:416,82,1,0
BRDA:432,83,0,0
BRDA:432,83,1,0
BRDA:433,84,0,0
BRDA:433,84,1,0
BRDA:433,85,0,0
BRDA:433,85,1,0
BRDA:434,86,0,0
BRDA:434,86,1,0
BRDA:434,87,0,0
BRDA:434,87,1,0
BRDA:444,88,0,0
BRDA:444,88,1,0
BRDA:462,89,0,0
BRDA:462,89,1,0
BRDA:463,90,0,0
BRDA:463,90,1,0
BRDA:477,91,0,0
BRDA:477,91,1,0
BRDA:499,92,0,0
BRDA:499,92,1,0
BRDA:526,93,0,0
BRDA:526,93,1,0
BRDA:527,94,0,0
BRDA:527,94,1,0
BRDA:528,95,0,0
BRDA:528,95,1,0
BRDA:531,96,0,0
BRDA:531,96,1,0
BRDA:533,97,0,0
BRDA:533,97,1,0
BRDA:535,98,0,0
BRDA:535,98,1,0
BRDA:535,99,0,0
BRDA:535,99,1,0
BRDA:540,100,0,0
BRDA:540,100,1,0
BRDA:542,101,0,0
BRDA:542,101,1,0
BRDA:542,102,0,0
BRDA:542,102,1,0
BRDA:542,102,2,0
BRDA:545,103,0,0
BRDA:545,103,1,0
BRDA:546,104,0,0
BRDA:546,104,1,0
BRDA:546,105,0,0
BRDA:546,105,1,0
BRDA:549,106,0,0
BRDA:549,106,1,0
BRDA:555,107,0,0
BRDA:555,107,1,0
BRDA:560,108,0,0
BRDA:560,108,1,0
BRDA:564,109,0,0
BRDA:564,109,1,0
BRDA:571,110,0,0
BRDA:571,110,1,0
BRDA:594,111,0,0
BRDA:594,111,1,0
BRDA:597,112,0,0
BRDA:597,112,1,0
BRDA:598,113,0,0
BRDA:598,113,1,0
BRDA:600,114,0,0
BRDA:600,114,1,0
BRDA:600,115,0,0
BRDA:600,115,1,0
BRDA:604,116,0,0
BRDA:604,116,1,0
BRDA:609,117,0,0
BRDA:609,117,1,0
BRDA:614,118,0,0
BRDA:614,118,1,0
BRDA:619,119,0,0
BRDA:619,119,1,0
BRDA:620,120,0,0
BRDA:620,120,1,0
BRDA:620,121,0,0
BRDA:620,121,1,0
BRDA:620,121,2,0
BRDA:626,122,0,0
BRDA:626,122,1,0
BRDA:626,123,0,0
BRDA:626,123,1,0
BRDA:632,124,0,0
BRDA:632,124,1,0
BRDA:641,125,0,0
BRDA:641,125,1,0
BRDA:672,126,0,0
BRDA:672,126,1,0
BRDA:672,127,0,0
BRDA:672,127,1,0
BRDA:678,128,0,0
BRDA:678,128,1,0
BRDA:683,129,0,0
BRDA:683,129,1,0
BRDA:708,130,0,0
BRDA:708,130,1,0
BRDA:708,131,0,0
BRDA:708,131,1,0
BRDA:714,132,0,0
BRDA:714,132,1,0
BRDA:719,133,0,0
BRDA:719,133,1,0
BRDA:750,134,0,0
BRDA:750,134,1,0
BRDA:751,135,0,0
BRDA:751,135,1,0
BRDA:752,136,0,0
BRDA:752,136,1,0
BRDA:756,137,0,0
BRDA:756,137,1,0
BRDA:757,138,0,0
BRDA:757,138,1,0
BRDA:758,139,0,0
BRDA:758,139,1,0
BRDA:760,140,0,0
BRDA:760,140,1,0
BRDA:760,141,0,0
BRDA:760,141,1,0
BRDA:764,142,0,0
BRDA:764,142,1,0
BRDA:764,143,0,0
BRDA:764,143,1,0
BRDA:769,144,0,0
BRDA:769,144,1,0
BRDA:770,145,0,0
BRDA:770,145,1,0
BRDA:770,146,0,0
BRDA:770,146,1,0
BRDA:773,147,0,0
BRDA:773,147,1,0
BRDA:774,148,0,0
BRDA:774,148,1,0
BRDA:774,149,0,0
BRDA:774,149,1,0
BRDA:781,150,0,0
BRDA:781,150,1,0
BRDA:786,151,0,0
BRDA:786,151,1,0
BRDA:790,152,0,0
BRDA:790,152,1,0
BRDA:796,153,0,0
BRDA:796,153,1,0
BRDA:804,154,0,0
BRDA:804,154,1,0
BRDA:805,155,0,0
BRDA:805,155,1,0
BRDA:811,156,0,0
BRDA:811,156,1,0
BRDA:860,157,0,0
BRDA:860,157,1,0
BRDA:860,158,0,0
BRDA:860,158,1,0
BRDA:864,159,0,0
BRDA:864,159,1,0
BRDA:864,160,0,0
BRDA:864,160,1,0
BRDA:870,161,0,0
BRDA:870,161,1,0
BRDA:875,162,0,0
BRDA:875,162,1,0
BRDA:881,163,0,0
BRDA:881,163,1,0
BRDA:891,164,0,0
BRDA:891,164,1,0
BRDA:892,165,0,0
BRDA:892,165,1,0
BRDA:893,166,0,0
BRDA:893,166,1,0
BRDA:894,167,0,0
BRDA:894,167,1,0
BRDA:934,168,0,0
BRDA:934,168,1,0
BRDA:938,169,0,0
BRDA:938,169,1,0
BRDA:938,170,0,0
BRDA:938,170,1,0
BRDA:944,171,0,0
BRDA:944,171,1,0
BRDA:949,172,0,0
BRDA:949,172,1,0
BRDA:954,173,0,0
BRDA:954,173,1,0
BRDA:955,174,0,0
BRDA:955,174,1,0
BRDA:961,175,0,0
BRDA:961,175,1,0
BRDA:962,176,0,0
BRDA:962,176,1,0
BRDA:963,177,0,0
BRDA:963,177,1,0
BRDA:964,178,0,0
BRDA:964,178,1,0
BRF:359
BRH:0
end_of_record
TN:
SF:src/controllers/subscriptionController.js
FNF:0
FNH:0
LF:0
LH:0
BRF:0
BRH:0
end_of_record
TN:
SF:src/controllers/workerController.js
FN:16,(anonymous_0)
FN:150,(anonymous_1)
FN:169,(anonymous_2)
FN:191,(anonymous_3)
FN:236,(anonymous_4)
FN:242,(anonymous_5)
FN:266,(anonymous_6)
FN:272,(anonymous_7)
FN:297,(anonymous_8)
FN:342,(anonymous_9)
FNF:10
FNH:0
FNDA:0,(anonymous_0)
FNDA:0,(anonymous_1)
FNDA:0,(anonymous_2)
FNDA:0,(anonymous_3)
FNDA:0,(anonymous_4)
FNDA:0,(anonymous_5)
FNDA:0,(anonymous_6)
FNDA:0,(anonymous_7)
FNDA:0,(anonymous_8)
FNDA:0,(anonymous_9)
DA:10,0
DA:17,0
DA:18,0
DA:19,0
DA:22,0
DA:23,0
DA:26,0
DA:27,0
DA:31,0
DA:32,0
DA:33,0
DA:36,0
DA:37,0
DA:41,0
DA:42,0
DA:46,0
DA:47,0
DA:48,0
DA:49,0
DA:50,0
DA:54,0
DA:56,0
DA:57,0
DA:60,0
DA:65,0
DA:66,0
DA:69,0
DA:72,0
DA:73,0
DA:80,0
DA:81,0
DA:85,0
DA:89,0
DA:92,0
DA:93,0
DA:97,0
DA:98,0
DA:99,0
DA:103,0
DA:110,0
DA:117,0
DA:131,0
DA:132,0
DA:133,0
DA:140,0
DA:141,0
DA:151,0
DA:152,0
DA:155,0
DA:156,0
DA:157,0
DA:161,0
DA:162,0
DA:165,0
DA:167,0
DA:169,0
DA:181,0
DA:182,0
DA:192,0
DA:193,0
DA:196,0
DA:197,0
DA:198,0
DA:201,0
DA:202,0
DA:206,0
DA:207,0
DA:208,0
DA:212,0
DA:214,0
DA:221,0
DA:226,0
DA:227,0
DA:237,0
DA:238,0
DA:240,0
DA:242,0
DA:256,0
DA:257,0
DA:267,0
DA:268,0
DA:270,0
DA:272,0
DA:286,0
DA:287,0
DA:298,0
DA:299,0
DA:301,0
DA:302,0
DA:306,0
DA:307,0
DA:308,0
DA:312,0
DA:314,0
DA:315,0
DA:318,0
DA:324,0
DA:332,0
DA:333,0
DA:343,0
DA:344,0
DA:347,0
DA:348,0
DA:349,0
DA:352,0
DA:354,0
DA:355,0
DA:358,0
DA:366,0
DA:367,0
LF:110
LH:0
BRDA:22,0,0,0
BRDA:22,0,1,0
BRDA:22,0,2,0
BRDA:23,1,0,0
BRDA:23,1,1,0
BRDA:26,2,0,0
BRDA:26,2,1,0
BRDA:26,3,0,0
BRDA:26,3,1,0
BRDA:32,4,0,0
BRDA:32,4,1,0
BRDA:36,5,0,0
BRDA:36,5,1,0
BRDA:41,6,0,0
BRDA:41,6,1,0
BRDA:47,7,0,0
BRDA:47,7,1,0
BRDA:49,8,0,0
BRDA:49,8,1,0
BRDA:49,9,0,0
BRDA:49,9,1,0
BRDA:56,10,0,0
BRDA:56,10,1,0
BRDA:65,11,0,0
BRDA:65,11,1,0
BRDA:65,12,0,0
BRDA:65,12,1,0
BRDA:66,13,0,0
BRDA:66,13,1,0
BRDA:72,14,0,0
BRDA:72,14,1,0
BRDA:80,15,0,0
BRDA:80,15,1,0
BRDA:83,16,0,0
BRDA:83,16,1,0
BRDA:89,17,0,0
BRDA:89,17,1,0
BRDA:92,18,0,0
BRDA:92,18,1,0
BRDA:98,19,0,0
BRDA:98,19,1,0
BRDA:131,20,0,0
BRDA:131,20,1,0
BRDA:136,21,0,0
BRDA:136,21,1,0
BRDA:156,22,0,0
BRDA:156,22,1,0
BRDA:161,23,0,0
BRDA:161,23,1,0
BRDA:197,24,0,0
BRDA:197,24,1,0
BRDA:201,25,0,0
BRDA:201,25,1,0
BRDA:207,26,0,0
BRDA:207,26,1,0
BRDA:207,27,0,0
BRDA:207,27,1,0
BRDA:250,28,0,0
BRDA:250,28,1,0
BRDA:251,29,0,0
BRDA:251,29,1,0
BRDA:301,30,0,0
BRDA:301,30,1,0
BRDA:307,31,0,0
BRDA:307,31,1,0
BRDA:314,32,0,0
BRDA:314,32,1,0
BRDA:348,33,0,0
BRDA:348,33,1,0
BRDA:354,34,0,0
BRDA:354,34,1,0
BRF:71
BRH:0
end_of_record
TN:
SF:src/controllers/order/constants.js
FNF:0
FNH:0
DA:1,0
DA:9,0
DA:15,0
DA:17,0
LF:4
LH:0
BRF:0
BRH:0
end_of_record
TN:
SF:src/controllers/order/index.js
FNF:0
FNH:0
DA:12,0
LF:1
LH:0
BRF:0
BRH:0
end_of_record
TN:
SF:src/controllers/order/handlers/analyticsHandlers.js
FN:8,(anonymous_0)
FNF:1
FNH:0
FNDA:0,(anonymous_0)
DA:8,0
DA:9,0
DA:10,0
DA:12,0
DA:14,0
DA:16,0
LF:6
LH:0
BRF:0
BRH:0
end_of_record
TN:
SF:src/controllers/order/handlers/bulkHandlers.js
FN:13,(anonymous_0)
FN:44,(anonymous_1)
FN:90,(anonymous_2)
FN:91,(anonymous_3)
FN:105,(anonymous_4)
FNF:5
FNH:0
FNDA:0,(anonymous_0)
FNDA:0,(anonymous_1)
FNDA:0,(anonymous_2)
FNDA:0,(anonymous_3)
FNDA:0,(anonymous_4)
DA:13,0
DA:14,0
DA:16,0
DA:17,0
DA:18,0
DA:20,0
DA:22,0
DA:34,0
DA:36,0
DA:37,0
DA:38,0
DA:44,0
DA:45,0
DA:46,0
DA:47,0
DA:53,0
DA:54,0
DA:55,0
DA:56,0
DA:57,0
DA:66,0
DA:67,0
DA:68,0
DA:69,0
DA:77,0
DA:85,0
DA:86,0
DA:88,0
DA:90,0
DA:91,0
DA:92,0
DA:105,0
DA:107,0
DA:113,0
DA:114,0
DA:115,0
DA:122,0
DA:129,0
DA:139,0
DA:140,0
DA:142,0
DA:145,0
DA:146,0
DA:149,0
DA:150,0
DA:155,0
LF:46
LH:0
BRDA:36,0,0,0
BRDA:36,0,1,0
BRDA:45,1,0,0
BRDA:45,1,1,0
BRDA:56,2,0,0
BRDA:56,2,1,0
BRDA:56,3,0,0
BRDA:56,3,1,0
BRDA:66,4,0,0
BRDA:66,4,1,0
BRDA:95,5,0,0
BRDA:95,5,1,0
BRDA:96,6,0,0
BRDA:96,6,1,0
BRDA:114,7,0,0
BRDA:114,7,1,0
BRDA:145,8,0,0
BRDA:145,8,1,0
BRF:18
BRH:0
end_of_record
TN:
SF:src/controllers/order/handlers/createHandlers.js
FN:11,(anonymous_0)
FNF:1
FNH:0
FNDA:0,(anonymous_0)
DA:11,0
DA:12,0
DA:13,0
DA:15,0
DA:17,0
DA:23,0
DA:24,0
DA:25,0
DA:27,0
DA:29,0
DA:32,0
DA:33,0
DA:34,0
DA:37,0
DA:44,0
DA:46,0
DA:48,0
DA:56,0
DA:57,0
DA:59,0
LF:20
LH:0
BRDA:33,0,0,0
BRDA:33,0,1,0
BRDA:33,1,0,0
BRDA:33,1,1,0
BRF:4
BRH:0
end_of_record
TN:
SF:src/controllers/order/handlers/paymentHandlers.js
FN:19,(anonymous_0)
FN:52,(anonymous_1)
FN:59,(anonymous_2)
FN:60,(anonymous_3)
FN:122,(anonymous_4)
FN:196,(anonymous_5)
FNF:6
FNH:0
FNDA:0,(anonymous_0)
FNDA:0,(anonymous_1)
FNDA:0,(anonymous_2)
FNDA:0,(anonymous_3)
FNDA:0,(anonymous_4)
FNDA:0,(anonymous_5)
DA:19,0
DA:20,0
DA:21,0
DA:22,0
DA:24,0
DA:25,0
DA:26,0
DA:30,0
DA:38,0
DA:39,0
DA:42,0
DA:43,0
DA:46,0
DA:49,0
DA:52,0
DA:56,0
DA:57,0
DA:58,0
DA:59,0
DA:60,0
DA:62,0
DA:69,0
DA:72,0
DA:73,0
DA:77,0
DA:78,0
DA:80,0
DA:88,0
DA:93,0
DA:99,0
DA:101,0
DA:122,0
DA:123,0
DA:124,0
DA:125,0
DA:127,0
DA:128,0
DA:130,0
DA:131,0
DA:132,0
DA:135,0
DA:136,0
DA:139,0
DA:140,0
DA:145,0
DA:146,0
DA:149,0
DA:150,0
DA:151,0
DA:152,0
DA:155,0
DA:156,0
DA:157,0
DA:160,0
DA:161,0
DA:163,0
DA:173,0
DA:175,0
DA:182,0
DA:196,0
DA:197,0
DA:198,0
DA:200,0
DA:201,0
DA:202,0
DA:205,0
DA:206,0
DA:207,0
DA:208,0
DA:210,0
DA:211,0
DA:214,0
DA:215,0
DA:221,0
DA:222,0
DA:228,0
DA:229,0
DA:231,0
LF:78
LH:0
BRDA:25,0,0,0
BRDA:25,0,1,0
BRDA:38,1,0,0
BRDA:38,1,1,0
BRDA:42,2,0,0
BRDA:42,2,1,0
BRDA:57,3,0,0
BRDA:57,3,1,0
BRDA:63,4,0,0
BRDA:63,4,1,0
BRDA:131,5,0,0
BRDA:131,5,1,0
BRDA:135,6,0,0
BRDA:135,6,1,0
BRDA:139,7,0,0
BRDA:139,7,1,0
BRDA:145,8,0,0
BRDA:145,8,1,0
BRDA:151,9,0,0
BRDA:151,9,1,0
BRDA:151,10,0,0
BRDA:151,10,1,0
BRDA:160,11,0,0
BRDA:160,11,1,0
BRDA:201,12,0,0
BRDA:201,12,1,0
BRDA:206,13,0,0
BRDA:206,13,1,0
BRDA:210,14,0,0
BRDA:210,14,1,0
BRDA:210,15,0,0
BRDA:210,15,1,0
BRDA:214,16,0,0
BRDA:214,16,1,0
BRDA:221,17,0,0
BRDA:221,17,1,0
BRDA:234,18,0,0
BRDA:234,18,1,0
BRDA:235,19,0,0
BRDA:235,19,1,0
BRDA:236,20,0,0
BRDA:236,20,1,0
BRDA:238,21,0,0
BRDA:238,21,1,0
BRF:44
BRH:0
end_of_record
TN:
SF:src/controllers/order/handlers/readHandlers.js
FN:10,(anonymous_0)
FN:31,(anonymous_1)
FN:96,(anonymous_2)
FNF:3
FNH:0
FNDA:0,(anonymous_0)
FNDA:0,(anonymous_1)
FNDA:0,(anonymous_2)
DA:10,0
DA:11,0
DA:13,0
DA:15,0
DA:16,0
DA:19,0
DA:21,0
DA:31,0
DA:32,0
DA:33,0
DA:34,0
DA:36,0
DA:37,0
DA:38,0
DA:39,0
DA:40,0
DA:41,0
DA:45,0
DA:46,0
DA:47,0
DA:53,0
DA:55,0
DA:56,0
DA:62,0
DA:63,0
DA:65,0
DA:66,0
DA:72,0
DA:77,0
DA:78,0
DA:79,0
DA:81,0
DA:82,0
DA:88,0
DA:89,0
DA:96,0
DA:97,0
DA:104,0
DA:107,0
LF:39
LH:0
BRDA:15,0,0,0
BRDA:15,0,1,0
BRDA:33,1,0,0
BRDA:33,1,1,0
BRDA:36,2,0,0
BRDA:36,2,1,0
BRDA:40,3,0,0
BRDA:40,3,1,0
BRDA:45,4,0,0
BRDA:45,4,1,0
BRDA:46,5,0,0
BRDA:46,5,1,0
BRDA:46,6,0,0
BRDA:46,6,1,0
BRDA:55,7,0,0
BRDA:55,7,1,0
BRDA:65,8,0,0
BRDA:65,8,1,0
BRDA:65,9,0,0
BRDA:65,9,1,0
BRDA:77,10,0,0
BRDA:77,10,1,0
BRDA:81,11,0,0
BRDA:81,11,1,0
BRDA:81,12,0,0
BRDA:81,12,1,0
BRDA:81,12,2,0
BRDA:81,12,3,0
BRDA:88,13,0,0
BRDA:88,13,1,0
BRDA:88,14,0,0
BRDA:88,14,1,0
BRF:32
BRH:0
end_of_record
TN:
SF:src/controllers/order/handlers/statusHandlers.js
FN:15,(anonymous_0)
FN:80,(anonymous_1)
FNF:2
FNH:0
FNDA:0,(anonymous_0)
FNDA:0,(anonymous_1)
DA:15,0
DA:16,0
DA:17,0
DA:18,0
DA:20,0
DA:21,0
DA:22,0
DA:24,0
DA:25,0
DA:26,0
DA:29,0
DA:31,0
DA:32,0
DA:33,0
DA:34,0
DA:42,0
DA:44,0
DA:46,0
DA:49,0
DA:55,0
DA:56,0
DA:62,0
DA:65,0
DA:70,0
DA:71,0
DA:73,0
DA:80,0
DA:81,0
DA:83,0
DA:84,0
DA:87,0
DA:88,0
DA:89,0
DA:91,0
DA:92,0
DA:94,0
DA:95,0
DA:98,0
DA:99,0
DA:100,0
DA:108,0
DA:109,0
DA:114,0
LF:43
LH:0
BRDA:25,0,0,0
BRDA:25,0,1,0
BRDA:31,1,0,0
BRDA:31,1,1,0
BRDA:83,2,0,0
BRDA:83,2,1,0
BRDA:88,3,0,0
BRDA:88,3,1,0
BRDA:94,4,0,0
BRDA:94,4,1,0
BRDA:94,5,0,0
BRDA:94,5,1,0
BRF:12
BRH:0
end_of_record
TN:
SF:src/controllers/order/utils/errors.js
FN:3,respondWithDbError
FNF:1
FNH:0
FNDA:0,respondWithDbError
DA:4,0
DA:5,0
DA:8,0
DA:9,0
DA:14,0
LF:5
LH:0
BRDA:4,0,0,0
BRDA:4,0,1,0
BRDA:12,1,0,0
BRDA:12,1,1,0
BRF:4
BRH:0
end_of_record
TN:
SF:src/controllers/order/utils/filters.js
FN:3,(anonymous_0)
FN:12,(anonymous_1)
FN:14,(anonymous_2)
FNF:3
FNH:0
FNDA:0,(anonymous_0)
FNDA:0,(anonymous_1)
FNDA:0,(anonymous_2)
DA:3,0
DA:4,0
DA:5,0
DA:8,0
DA:10,0
DA:12,0
DA:15,0
DA:16,0
DA:17,0
DA:21,0
LF:10
LH:0
BRDA:4,0,0,0
BRDA:4,0,1,0
BRDA:15,1,0,0
BRDA:15,1,1,0
BRDA:16,2,0,0
BRDA:16,2,1,0
BRF:6
BRH:0
end_of_record
TN:
SF:src/controllers/order/utils/payment.js
FN:1,generatePaymentUri
FN:18,buildWalletMap
FNF:2
FNH:0
FNDA:0,generatePaymentUri
FNDA:0,buildWalletMap
DA:2,0
DA:4,0
DA:6,0
DA:8,0
DA:9,0
DA:12,0
DA:14,0
DA:19,0
LF:8
LH:0
BRDA:2,0,0,0
BRDA:2,0,1,0
BRDA:2,0,2,0
BRDA:2,0,3,0
BRDA:2,0,4,0
BRF:5
BRH:0
end_of_record
TN:
SF:src/controllers/order/validators/payloadValidators.js
FN:4,validateCurrencyParam
FN:14,validateTxHash
FN:20,validateDateRange
FNF:3
FNH:0
FNDA:0,validateCurrencyParam
FNDA:0,validateTxHash
FNDA:0,validateDateRange
DA:5,0
DA:6,0
DA:11,0
DA:15,0
DA:16,0
DA:21,0
DA:22,0
DA:25,0
DA:26,0
DA:27,0
DA:30,0
DA:31,0
DA:33,0
DA:34,0
DA:37,0
DA:38,0
DA:41,0
DA:42,0
DA:43,0
DA:46,0
LF:20
LH:0
BRDA:5,0,0,0
BRDA:5,0,1,0
BRDA:5,1,0,0
BRDA:5,1,1,0
BRDA:15,2,0,0
BRDA:15,2,1,0
BRDA:15,3,0,0
BRDA:15,3,1,0
BRDA:15,3,2,0
BRDA:21,4,0,0
BRDA:21,4,1,0
BRDA:21,5,0,0
BRDA:21,5,1,0
BRDA:26,6,0,0
BRDA:26,6,1,0
BRDA:26,7,0,0
BRDA:26,7,1,0
BRDA:33,8,0,0
BRDA:33,8,1,0
BRDA:33,9,0,0
BRDA:33,9,1,0
BRDA:37,10,0,0
BRDA:37,10,1,0
BRDA:42,11,0,0
BRDA:42,11,1,0
BRF:25
BRH:0
end_of_record
TN:
SF:src/controllers/product/constants.js
FNF:0
FNH:0
DA:1,0
DA:2,0
DA:3,0
LF:3
LH:0
BRF:0
BRH:0
end_of_record
TN:
SF:src/controllers/product/index.js
FNF:0
FNH:0
DA:12,0
LF:1
LH:0
BRF:0
BRH:0
end_of_record
TN:
SF:src/controllers/product/handlers/bulkUpdateHandlers.js
FN:14,(anonymous_0)
FN:200,(anonymous_1)
FNF:2
FNH:0
FNDA:0,(anonymous_0)
FNDA:0,(anonymous_1)
DA:14,0
DA:15,0
DA:17,0
DA:18,0
DA:19,0
DA:21,0
DA:23,0
DA:24,0
DA:25,0
DA:27,0
DA:29,0
DA:30,0
DA:36,0
DA:37,0
DA:38,0
DA:39,0
DA:41,0
DA:42,0
DA:43,0
DA:45,0
DA:46,0
DA:47,0
DA:48,0
DA:53,0
DA:54,0
DA:57,0
DA:61,0
DA:62,0
DA:63,0
DA:64,0
DA:65,0
DA:70,0
DA:71,0
DA:74,0
DA:75,0
DA:76,0
DA:77,0
DA:82,0
DA:87,0
DA:88,0
DA:101,0
DA:103,0
DA:116,0
DA:147,0
DA:148,0
DA:149,0
DA:150,0
DA:153,0
DA:154,0
DA:156,0
DA:160,0
DA:162,0
DA:167,0
DA:173,0
DA:174,0
DA:181,0
DA:192,0
DA:193,0
DA:200,0
DA:201,0
DA:207,0
DA:216,0
DA:217,0
DA:218,0
DA:222,0
DA:225,0
DA:230,0
DA:232,0
DA:233,0
LF:69
LH:0
BRDA:24,0,0,0
BRDA:24,0,1,0
BRDA:24,1,0,0
BRDA:24,1,1,0
BRDA:45,2,0,0
BRDA:45,2,1,0
BRDA:62,3,0,0
BRDA:62,3,1,0
BRDA:75,4,0,0
BRDA:75,4,1,0
BRDA:105,5,0,0
BRDA:105,5,1,0
BRDA:106,6,0,0
BRDA:106,6,1,0
BRDA:107,7,0,0
BRDA:107,7,1,0
BRDA:108,8,0,0
BRDA:108,8,1,0
BRDA:109,9,0,0
BRDA:109,9,1,0
BRDA:110,10,0,0
BRDA:110,10,1,0
BRDA:111,11,0,0
BRDA:111,11,1,0
BRDA:112,12,0,0
BRDA:112,12,1,0
BRDA:113,13,0,0
BRDA:113,13,1,0
BRDA:147,14,0,0
BRDA:147,14,1,0
BRF:30
BRH:0
end_of_record
TN:
SF:src/controllers/product/handlers/createHandlers.js
FN:12,(anonymous_0)
FNF:1
FNH:0
FNDA:0,(anonymous_0)
DA:12,0
DA:13,0
DA:14,0
DA:15,0
DA:16,0
DA:18,0
DA:20,0
DA:21,0
DA:24,0
DA:25,0
DA:26,0
DA:31,0
DA:42,0
DA:44,0
DA:49,0
DA:50,0
DA:53,0
DA:54,0
LF:18
LH:0
BRDA:15,0,0,0
BRDA:15,0,1,0
BRDA:15,0,2,0
BRDA:16,1,0,0
BRDA:16,1,1,0
BRDA:20,2,0,0
BRDA:20,2,1,0
BRDA:25,3,0,0
BRDA:25,3,1,0
BRDA:49,4,0,0
BRDA:49,4,1,0
BRF:11
BRH:0
end_of_record
TN:
SF:src/controllers/product/handlers/deleteHandlers.js
FN:13,(anonymous_0)
FN:60,(anonymous_1)
FN:79,(anonymous_2)
FN:104,(anonymous_3)
FN:126,(anonymous_4)
FNF:5
FNH:0
FNDA:0,(anonymous_0)
FNDA:0,(anonymous_1)
FNDA:0,(anonymous_2)
FNDA:0,(anonymous_3)
FNDA:0,(anonymous_4)
DA:13,0
DA:14,0
DA:15,0
DA:16,0
DA:18,0
DA:19,0
DA:22,0
DA:23,0
DA:30,0
DA:31,0
DA:32,0
DA:37,0
DA:38,0
DA:41,0
DA:43,0
DA:48,0
DA:49,0
DA:52,0
DA:53,0
DA:60,0
DA:61,0
DA:62,0
DA:63,0
DA:65,0
DA:66,0
DA:69,0
DA:70,0
DA:71,0
DA:76,0
DA:79,0
DA:80,0
DA:83,0
DA:92,0
DA:93,0
DA:96,0
DA:97,0
DA:104,0
DA:105,0
DA:106,0
DA:108,0
DA:110,0
DA:112,0
DA:113,0
DA:116,0
DA:117,0
DA:118,0
DA:123,0
DA:126,0
DA:127,0
DA:130,0
DA:139,0
DA:140,0
DA:143,0
DA:144,0
LF:54
LH:0
BRDA:18,0,0,0
BRDA:18,0,1,0
BRDA:22,1,0,0
BRDA:22,1,1,0
BRDA:31,2,0,0
BRDA:31,2,1,0
BRDA:48,3,0,0
BRDA:48,3,1,0
BRDA:65,4,0,0
BRDA:65,4,1,0
BRDA:70,5,0,0
BRDA:70,5,1,0
BRDA:92,6,0,0
BRDA:92,6,1,0
BRDA:112,7,0,0
BRDA:112,7,1,0
BRDA:117,8,0,0
BRDA:117,8,1,0
BRDA:139,9,0,0
BRDA:139,9,1,0
BRF:20
BRH:0
end_of_record
TN:
SF:src/controllers/product/handlers/discountHandlers.js
FN:13,(anonymous_0)
FN:103,(anonymous_1)
FNF:2
FNH:0
FNDA:0,(anonymous_0)
FNDA:0,(anonymous_1)
DA:13,0
DA:14,0
DA:16,0
DA:17,0
DA:18,0
DA:20,0
DA:22,0
DA:23,0
DA:26,0
DA:27,0
DA:30,0
DA:31,0
DA:34,0
DA:35,0
DA:38,0
DA:39,0
DA:40,0
DA:45,0
DA:46,0
DA:48,0
DA:59,0
DA:60,0
DA:68,0
DA:77,0
DA:78,0
DA:79,0
DA:81,0
DA:84,0
DA:89,0
DA:90,0
DA:93,0
DA:95,0
DA:96,0
DA:103,0
DA:104,0
DA:106,0
DA:107,0
DA:109,0
DA:111,0
DA:112,0
DA:113,0
DA:118,0
DA:119,0
DA:121,0
DA:123,0
DA:124,0
DA:129,0
DA:137,0
DA:138,0
DA:139,0
DA:141,0
DA:144,0
DA:148,0
DA:150,0
DA:151,0
LF:55
LH:0
BRDA:17,0,0,0
BRDA:18,1,0,0
BRDA:18,1,1,0
BRDA:22,2,0,0
BRDA:22,2,1,0
BRDA:26,3,0,0
BRDA:26,3,1,0
BRDA:26,4,0,0
BRDA:26,4,1,0
BRDA:26,4,2,0
BRDA:30,5,0,0
BRDA:30,5,1,0
BRDA:34,6,0,0
BRDA:34,6,1,0
BRDA:34,7,0,0
BRDA:34,7,1,0
BRDA:39,8,0,0
BRDA:39,8,1,0
BRDA:53,9,0,0
BRDA:53,9,1,0
BRDA:89,10,0,0
BRDA:89,10,1,0
BRDA:107,11,0,0
BRDA:107,11,1,0
BRDA:112,12,0,0
BRDA:112,12,1,0
BRF:26
BRH:0
end_of_record
TN:
SF:src/controllers/product/handlers/readHandlers.js
FN:17,(anonymous_0)
FN:46,(anonymous_1)
FN:52,(anonymous_2)
FN:75,(anonymous_3)
FN:103,(anonymous_4)
FN:119,(anonymous_5)
FN:128,(anonymous_6)
FN:133,(anonymous_7)
FNF:8
FNH:0
FNDA:0,(anonymous_0)
FNDA:0,(anonymous_1)
FNDA:0,(anonymous_2)
FNDA:0,(anonymous_3)
FNDA:0,(anonymous_4)
FNDA:0,(anonymous_5)
FNDA:0,(anonymous_6)
FNDA:0,(anonymous_7)
DA:17,0
DA:18,0
DA:19,0
DA:21,0
DA:23,0
DA:24,0
DA:27,0
DA:29,0
DA:34,0
DA:35,0
DA:38,0
DA:39,0
DA:46,0
DA:47,0
DA:48,0
DA:50,0
DA:53,0
DA:54,0
DA:62,0
DA:70,0
DA:72,0
DA:75,0
DA:78,0
DA:80,0
DA:90,0
DA:91,0
DA:94,0
DA:95,0
DA:103,0
DA:104,0
DA:105,0
DA:106,0
DA:109,0
DA:110,0
DA:113,0
DA:114,0
DA:117,0
DA:118,0
DA:119,0
DA:123,0
DA:125,0
DA:128,0
DA:130,0
DA:132,0
DA:133,0
DA:138,0
DA:139,0
DA:151,0
DA:157,0
DA:159,0
DA:168,0
DA:178,0
DA:179,0
DA:182,0
DA:183,0
LF:55
LH:0
BRDA:23,0,0,0
BRDA:23,0,1,0
BRDA:34,1,0,0
BRDA:34,1,1,0
BRDA:51,2,0,0
BRDA:51,2,1,0
BRDA:54,3,0,0
BRDA:54,3,1,0
BRDA:54,4,0,0
BRDA:54,4,1,0
BRDA:57,5,0,0
BRDA:57,5,1,0
BRDA:90,6,0,0
BRDA:90,6,1,0
BRDA:109,7,0,0
BRDA:109,7,1,0
BRDA:109,8,0,0
BRDA:109,8,1,0
BRDA:113,9,0,0
BRDA:113,9,1,0
BRDA:117,10,0,0
BRDA:117,10,1,0
BRDA:123,11,0,0
BRDA:123,11,1,0
BRDA:138,12,0,0
BRDA:138,12,1,0
BRDA:178,13,0,0
BRDA:178,13,1,0
BRF:28
BRH:0
end_of_record
TN:
SF:src/controllers/product/handlers/updateHandlers.js
FN:12,(anonymous_0)
FNF:1
FNH:0
FNDA:0,(anonymous_0)
DA:12,0
DA:13,0
DA:14,0
DA:15,0
DA:16,0
DA:17,0
DA:18,0
DA:19,0
DA:21,0
DA:23,0
DA:24,0
DA:27,0
DA:28,0
DA:35,0
DA:36,0
DA:37,0
DA:42,0
DA:54,0
DA:59,0
DA:64,0
DA:65,0
DA:68,0
DA:69,0
LF:23
LH:0
BRDA:16,0,0,0
BRDA:16,0,1,0
BRDA:17,1,0,0
BRDA:17,1,1,0
BRDA:18,2,0,0
BRDA:18,2,1,0
BRDA:19,3,0,0
BRDA:19,3,1,0
BRDA:23,4,0,0
BRDA:23,4,1,0
BRDA:27,5,0,0
BRDA:27,5,1,0
BRDA:36,6,0,0
BRDA:36,6,1,0
BRDA:64,7,0,0
BRDA:64,7,1,0
BRF:16
BRH:0
end_of_record
TN:
SF:src/controllers/product/utils/authorization.js
FN:6,isAuthorizedToManageShop
FNF:1
FNH:0
FNDA:0,isAuthorizedToManageShop
DA:7,0
DA:8,0
DA:9,0
DA:12,0
DA:13,0
DA:16,0
DA:17,0
LF:7
LH:0
BRDA:6,0,0,0
BRDA:7,1,0,0
BRDA:7,1,1,0
BRDA:8,2,0,0
BRDA:8,2,1,0
BRDA:12,3,0,0
BRDA:12,3,1,0
BRF:7
BRH:0
end_of_record
TN:
SF:src/controllers/product/utils/errors.js
FN:7,respondWithDbError
FNF:1
FNH:0
FNDA:0,respondWithDbError
DA:8,0
DA:9,0
DA:12,0
DA:13,0
DA:18,0
LF:5
LH:0
BRDA:8,0,0,0
BRDA:8,0,1,0
BRDA:16,1,0,0
BRDA:16,1,1,0
BRF:4
BRH:0
end_of_record
TN:
SF:src/controllers/product/utils/products.js
FN:1,enrichProductWithDiscount
FN:18,enrichProducts
FNF:2
FNH:0
FNDA:0,enrichProductWithDiscount
FNDA:0,enrichProducts
DA:2,0
DA:3,0
DA:4,0
DA:5,0
DA:7,0
DA:19,0
LF:6
LH:0
BRDA:4,0,0,0
BRDA:4,0,1,0
BRDA:5,1,0,0
BRDA:5,1,1,0
BRDA:12,2,0,0
BRDA:12,2,1,0
BRDA:12,3,0,0
BRDA:12,3,1,0
BRDA:18,4,0,0
BRF:9
BRH:0
end_of_record
TN:
SF:src/controllers/product/validators/payloadValidators.js
FN:4,parsePagination
FN:18,validateProductIds
FN:24,validateBulkUpdates
FN:34,requireShopId
FNF:4
FNH:0
FNDA:0,parsePagination
FNDA:0,validateProductIds
FNDA:0,validateBulkUpdates
FNDA:0,requireShopId
DA:5,0
DA:6,0
DA:7,0
DA:10,0
DA:11,0
DA:12,0
DA:15,0
DA:19,0
DA:20,0
DA:25,0
DA:26,0
DA:29,0
DA:30,0
DA:35,0
DA:36,0
LF:15
LH:0
BRDA:4,0,0,0
BRDA:5,1,0,0
BRDA:5,1,1,0
BRDA:6,2,0,0
BRDA:6,2,1,0
BRDA:6,3,0,0
BRDA:6,3,1,0
BRDA:10,4,0,0
BRDA:10,4,1,0
BRDA:11,5,0,0
BRDA:11,5,1,0
BRDA:11,6,0,0
BRDA:11,6,1,0
BRDA:11,6,2,0
BRDA:19,7,0,0
BRDA:19,7,1,0
BRDA:19,8,0,0
BRDA:19,8,1,0
BRDA:25,9,0,0
BRDA:25,9,1,0
BRDA:25,10,0,0
BRDA:25,10,1,0
BRDA:29,11,0,0
BRDA:29,11,1,0
BRDA:35,12,0,0
BRDA:35,12,1,0
BRF:26
BRH:0
end_of_record
TN:
SF:src/controllers/subscription/constants.js
FNF:0
FNH:0
DA:1,0
DA:8,0
DA:10,0
LF:3
LH:0
BRF:0
BRH:0
end_of_record
TN:
SF:src/controllers/subscription/index.js
FNF:0
FNH:0
DA:39,0
LF:1
LH:0
BRF:0
BRH:0
end_of_record
TN:
SF:src/controllers/subscription/handlers/paymentHandlers.js
FN:19,(anonymous_0)
FN:103,(anonymous_1)
FN:153,(anonymous_2)
FNF:3
FNH:0
FNDA:0,(anonymous_0)
FNDA:0,(anonymous_1)
FNDA:0,(anonymous_2)
DA:19,0
DA:20,0
DA:21,0
DA:22,0
DA:23,0
DA:25,0
DA:26,0
DA:27,0
DA:32,0
DA:37,0
DA:38,0
DA:45,0
DA:46,0
DA:53,0
DA:56,0
DA:58,0
DA:84,0
DA:86,0
DA:91,0
DA:95,0
DA:103,0
DA:104,0
DA:105,0
DA:106,0
DA:108,0
DA:109,0
DA:110,0
DA:113,0
DA:118,0
DA:119,0
DA:125,0
DA:126,0
DA:127,0
DA:129,0
DA:142,0
DA:143,0
DA:153,0
DA:154,0
DA:155,0
DA:157,0
DA:158,0
DA:161,0
DA:169,0
DA:170,0
DA:178,0
LF:45
LH:0
BRDA:26,0,0,0
BRDA:26,0,1,0
BRDA:37,1,0,0
BRDA:37,1,1,0
BRDA:37,2,0,0
BRDA:37,2,1,0
BRDA:47,3,0,0
BRDA:47,3,1,0
BRDA:47,3,2,0
BRDA:53,4,0,0
BRDA:53,4,1,0
BRDA:53,5,0,0
BRDA:53,5,1,0
BRDA:53,6,0,0
BRDA:53,6,1,0
BRDA:109,7,0,0
BRDA:109,7,1,0
BRDA:118,8,0,0
BRDA:118,8,1,0
BRDA:132,9,0,0
BRDA:132,9,1,0
BRDA:137,10,0,0
BRDA:137,10,1,0
BRDA:157,11,0,0
BRDA:157,11,1,0
BRDA:169,12,0,0
BRDA:169,12,1,0
BRDA:173,13,0,0
BRDA:173,13,1,0
BRDA:181,14,0,0
BRDA:181,14,1,0
BRDA:182,15,0,0
BRDA:182,15,1,0
BRF:33
BRH:0
end_of_record
TN:
SF:src/controllers/subscription/handlers/pendingHandlers.js
FN:14,(anonymous_0)
FNF:1
FNH:0
FNDA:0,(anonymous_0)
DA:14,0
DA:15,0
DA:16,0
DA:17,0
DA:19,0
DA:25,0
DA:26,0
DA:27,0
DA:28,0
DA:35,0
DA:37,0
DA:38,0
DA:39,0
DA:41,0
DA:42,0
DA:49,0
DA:50,0
DA:51,0
DA:60,0
DA:61,0
DA:62,0
DA:63,0
DA:65,0
DA:66,0
DA:69,0
DA:77,0
DA:79,0
DA:80,0
DA:88,0
DA:101,0
DA:102,0
DA:108,0
DA:110,0
DA:113,0
DA:119,0
DA:125,0
LF:36
LH:0
BRDA:25,0,0,0
BRDA:25,0,1,0
BRDA:27,1,0,0
BRDA:27,1,1,0
BRDA:41,2,0,0
BRDA:41,2,1,0
BRDA:49,3,0,0
BRDA:49,3,1,0
BRDA:65,4,0,0
BRDA:65,4,1,0
BRDA:65,5,0,0
BRDA:65,5,1,0
BRDA:65,5,2,0
BRDA:92,6,0,0
BRDA:92,6,1,0
BRDA:95,7,0,0
BRDA:95,7,1,0
BRF:17
BRH:0
end_of_record
TN:
SF:src/controllers/subscription/handlers/statusHandlers.js
FN:10,(anonymous_0)
FN:33,(anonymous_1)
FN:61,(anonymous_2)
FNF:3
FNH:0
FNDA:0,(anonymous_0)
FNDA:0,(anonymous_1)
FNDA:0,(anonymous_2)
DA:10,0
DA:11,0
DA:12,0
DA:13,0
DA:15,0
DA:16,0
DA:17,0
DA:20,0
DA:22,0
DA:24,0
DA:25,0
DA:33,0
DA:34,0
DA:35,0
DA:36,0
DA:37,0
DA:39,0
DA:40,0
DA:41,0
DA:44,0
DA:46,0
DA:51,0
DA:52,0
DA:61,0
DA:62,0
DA:63,0
DA:100,0
DA:101,0
LF:28
LH:0
BRDA:16,0,0,0
BRDA:16,0,1,0
BRDA:37,1,0,0
BRDA:37,1,1,0
BRDA:40,2,0,0
BRDA:40,2,1,0
BRF:6
BRH:0
end_of_record
TN:
SF:src/controllers/subscription/handlers/upgradeHandlers.js
FN:13,(anonymous_0)
FN:38,(anonymous_1)
FN:50,(anonymous_2)
FN:100,(anonymous_3)
FNF:4
FNH:0
FNDA:0,(anonymous_0)
FNDA:0,(anonymous_1)
FNDA:0,(anonymous_2)
FNDA:0,(anonymous_3)
DA:13,0
DA:14,0
DA:15,0
DA:16,0
DA:18,0
DA:19,0
DA:20,0
DA:23,0
DA:25,0
DA:27,0
DA:28,0
DA:38,0
DA:39,0
DA:50,0
DA:51,0
DA:52,0
DA:53,0
DA:55,0
DA:56,0
DA:57,0
DA:60,0
DA:65,0
DA:66,0
DA:72,0
DA:73,0
DA:74,0
DA:76,0
DA:91,0
DA:92,0
DA:100,0
DA:101,0
DA:102,0
DA:104,0
DA:109,0
DA:110,0
DA:116,0
DA:126,0
DA:127,0
DA:135,0
LF:39
LH:0
BRDA:19,0,0,0
BRDA:19,0,1,0
BRDA:56,1,0,0
BRDA:56,1,1,0
BRDA:65,2,0,0
BRDA:65,2,1,0
BRDA:79,3,0,0
BRDA:79,3,1,0
BRDA:85,4,0,0
BRDA:85,4,1,0
BRDA:109,5,0,0
BRDA:109,5,1,0
BRDA:126,6,0,0
BRDA:126,6,1,0
BRDA:130,7,0,0
BRDA:130,7,1,0
BRDA:138,8,0,0
BRDA:138,8,1,0
BRDA:139,9,0,0
BRDA:139,9,1,0
BRF:20
BRH:0
end_of_record
TN:
SF:src/controllers/subscription/handlers/userHandlers.js
FN:11,(anonymous_0)
FN:46,(anonymous_1)
FN:70,(anonymous_2)
FN:128,(anonymous_3)
FNF:4
FNH:0
FNDA:0,(anonymous_0)
FNDA:0,(anonymous_1)
FNDA:0,(anonymous_2)
FNDA:0,(anonymous_3)
DA:11,0
DA:12,0
DA:13,0
DA:14,0
DA:16,0
DA:17,0
DA:20,0
DA:21,0
DA:23,0
DA:31,0
DA:38,0
DA:46,0
DA:47,0
DA:48,0
DA:49,0
DA:51,0
DA:56,0
DA:62,0
DA:70,0
DA:71,0
DA:72,0
DA:73,0
DA:74,0
DA:76,0
DA:77,0
DA:81,0
DA:82,0
DA:84,0
DA:85,0
DA:89,0
DA:90,0
DA:94,0
DA:97,0
DA:99,0
DA:105,0
DA:113,0
DA:120,0
DA:128,0
DA:129,0
DA:130,0
DA:131,0
DA:133,0
DA:138,0
DA:144,0
LF:44
LH:0
BRDA:16,0,0,0
BRDA:16,0,1,0
BRDA:16,1,0,0
BRDA:16,1,1,0
BRDA:27,2,0,0
BRDA:27,2,1,0
BRDA:74,3,0,0
BRDA:74,3,1,0
BRDA:76,4,0,0
BRDA:76,4,1,0
BRDA:76,5,0,0
BRDA:76,5,1,0
BRDA:84,6,0,0
BRDA:84,6,1,0
BRDA:89,7,0,0
BRDA:89,7,1,0
BRF:16
BRH:0
end_of_record
TN:
SF:src/controllers/subscription/utils/invoice.js
FN:1,(anonymous_0)
FNF:1
FNH:0
FNDA:0,(anonymous_0)
DA:1,0
LF:1
LH:0
BRDA:7,0,0,0
BRDA:7,0,1,0
BRF:2
BRH:0
end_of_record
TN:
SF:src/controllers/subscription/utils/ownership.js
FN:7,verifyShopOwnership
FN:30,verifySubscriptionOwnership
FNF:2
FNH:0
FNDA:0,verifyShopOwnership
FNDA:0,verifySubscriptionOwnership
DA:8,0
DA:9,0
DA:10,0
DA:12,0
DA:13,0
DA:16,0
DA:17,0
DA:20,0
DA:22,0
DA:23,0
DA:31,0
DA:32,0
DA:34,0
DA:46,0
DA:47,0
DA:50,0
DA:52,0
DA:53,0
DA:56,0
DA:58,0
DA:59,0
LF:21
LH:0
BRDA:12,0,0,0
BRDA:12,0,1,0
BRDA:16,1,0,0
BRDA:16,1,1,0
BRDA:46,2,0,0
BRDA:46,2,1,0
BRDA:52,3,0,0
BRDA:52,3,1,0
BRF:8
BRH:0
end_of_record
TN:
SF:src/controllers/subscription/validators/payloadValidators.js
FN:11,validateChainSelection
FN:33,ensurePaymentProof
FN:47,validatePendingSubscriptionInput
FNF:3
FNH:0
FNDA:0,validateChainSelection
FNDA:0,ensurePaymentProof
FNDA:0,validatePendingSubscriptionInput
DA:4,0
DA:12,0
DA:14,0
DA:15,0
DA:18,0
DA:19,0
DA:21,0
DA:23,0
DA:24,0
DA:25,0
DA:30,0
DA:34,0
DA:36,0
DA:37,0
DA:40,0
DA:48,0
DA:50,0
DA:51,0
DA:55,0
DA:57,0
DA:58,0
DA:61,0
LF:22
LH:0
BRDA:12,0,0,0
BRDA:12,0,1,0
BRDA:14,1,0,0
BRDA:14,1,1,0
BRDA:14,2,0,0
BRDA:14,2,1,0
BRDA:21,3,0,0
BRDA:21,3,1,0
BRDA:21,4,0,0
BRDA:21,4,1,0
BRDA:23,5,0,0
BRDA:23,5,1,0
BRDA:24,6,0,0
BRDA:24,6,1,0
BRDA:33,7,0,0
BRDA:34,8,0,0
BRDA:34,8,1,0
BRDA:34,8,2,0
BRDA:34,8,3,0
BRDA:36,9,0,0
BRDA:36,9,1,0
BRDA:43,10,0,0
BRDA:43,10,1,0
BRDA:43,10,2,0
BRDA:43,10,3,0
BRDA:47,11,0,0
BRDA:50,12,0,0
BRDA:50,12,1,0
BRDA:50,13,0,0
BRDA:50,13,1,0
BRDA:55,14,0,0
BRDA:55,14,1,0
BRDA:55,15,0,0
BRDA:55,15,1,0
BRDA:57,16,0,0
BRDA:57,16,1,0
BRDA:57,17,0,0
BRDA:57,17,1,0
BRDA:57,17,2,0
BRF:39
BRH:0
end_of_record
TN:
SF:src/database/queries/index.js
FNF:0
FNH:0
LF:0
LH:0
BRF:0
BRH:0
end_of_record
TN:
SF:src/database/queries/invoiceQueries.js
FN:16,(anonymous_0)
FN:28,(anonymous_1)
FN:34,(anonymous_2)
FN:47,(anonymous_3)
FN:61,(anonymous_4)
FN:71,(anonymous_5)
FN:95,(anonymous_6)
FNF:7
FNH:0
FNDA:0,(anonymous_0)
FNDA:0,(anonymous_1)
FNDA:0,(anonymous_2)
FNDA:0,(anonymous_3)
FNDA:0,(anonymous_4)
FNDA:0,(anonymous_5)
FNDA:0,(anonymous_6)
DA:6,0
DA:17,0
DA:24,0
DA:29,0
DA:30,0
DA:35,0
DA:39,0
DA:48,0
DA:49,0
DA:53,0
DA:62,0
DA:63,0
DA:67,0
DA:72,0
DA:73,0
DA:75,0
DA:76,0
DA:86,0
DA:96,0
DA:117,0
LF:20
LH:0
BRDA:47,0,0,0
BRDA:48,1,0,0
BRDA:48,1,1,0
BRDA:61,2,0,0
BRDA:62,3,0,0
BRDA:62,3,1,0
BRDA:71,4,0,0
BRDA:71,5,0,0
BRDA:75,6,0,0
BRDA:75,6,1,0
BRDA:117,7,0,0
BRDA:117,7,1,0
BRF:12
BRH:0
end_of_record
TN:
SF:src/database/queries/orderItemQueries.js
FN:8,(anonymous_0)
FN:21,(anonymous_1)
FN:47,(anonymous_2)
FN:60,(anonymous_3)
FN:74,(anonymous_4)
FNF:5
FNH:0
FNDA:0,(anonymous_0)
FNDA:0,(anonymous_1)
FNDA:0,(anonymous_2)
FNDA:0,(anonymous_3)
FNDA:0,(anonymous_4)
DA:6,0
DA:9,0
DA:10,0
DA:13,0
DA:17,0
DA:18,0
DA:19,0
DA:21,0
DA:22,0
DA:25,0
DA:33,0
DA:36,0
DA:43,0
DA:48,0
DA:56,0
DA:61,0
DA:70,0
DA:75,0
DA:77,0
DA:97,0
LF:20
LH:0
BRDA:8,0,0,0
BRDA:9,1,0,0
BRDA:9,1,1,0
BRDA:9,2,0,0
BRDA:9,2,1,0
BRDA:13,3,0,0
BRDA:13,3,1,0
BRDA:74,4,0,0
BRDA:75,5,0,0
BRDA:75,5,1,0
BRF:10
BRH:0
end_of_record
TN:
SF:src/database/queries/orderQueries.js
FN:8,(anonymous_0)
FN:21,(anonymous_1)
FN:42,(anonymous_2)
FN:65,(anonymous_3)
FN:101,(anonymous_4)
FN:140,(anonymous_5)
FN:175,(anonymous_6)
FN:190,(anonymous_7)
FN:216,(anonymous_8)
FN:231,(anonymous_9)
FNF:10
FNH:0
FNDA:0,(anonymous_0)
FNDA:0,(anonymous_1)
FNDA:0,(anonymous_2)
FNDA:0,(anonymous_3)
FNDA:0,(anonymous_4)
FNDA:0,(anonymous_5)
FNDA:0,(anonymous_6)
FNDA:0,(anonymous_7)
FNDA:0,(anonymous_8)
FNDA:0,(anonymous_9)
DA:6,0
DA:9,0
DA:10,0
DA:11,0
DA:17,0
DA:22,0
DA:23,0
DA:36,0
DA:43,0
DA:44,0
DA:46,0
DA:61,0
DA:66,0
DA:68,0
DA:69,0
DA:70,0
DA:72,0
DA:73,0
DA:74,0
DA:75,0
DA:78,0
DA:80,0
DA:96,0
DA:102,0
DA:103,0
DA:106,0
DA:108,0
DA:109,0
DA:110,0
DA:112,0
DA:113,0
DA:114,0
DA:115,0
DA:118,0
DA:120,0
DA:136,0
DA:141,0
DA:143,0
DA:144,0
DA:145,0
DA:147,0
DA:148,0
DA:149,0
DA:150,0
DA:153,0
DA:155,0
DA:171,0
DA:176,0
DA:177,0
DA:185,0
DA:191,0
DA:212,0
DA:217,0
DA:227,0
DA:232,0
DA:236,0
LF:56
LH:0
BRDA:8,0,0,0
BRDA:10,1,0,0
BRDA:10,1,1,0
BRDA:21,2,0,0
BRDA:22,3,0,0
BRDA:22,3,1,0
BRDA:42,4,0,0
BRDA:42,5,0,0
BRDA:65,6,0,0
BRDA:66,7,0,0
BRDA:66,8,0,0
BRDA:66,9,0,0
BRDA:72,10,0,0
BRDA:72,10,1,0
BRDA:72,11,0,0
BRDA:72,11,1,0
BRDA:101,12,0,0
BRDA:102,13,0,0
BRDA:102,13,1,0
BRDA:102,14,0,0
BRDA:102,14,1,0
BRDA:106,15,0,0
BRDA:106,16,0,0
BRDA:106,17,0,0
BRDA:112,18,0,0
BRDA:112,18,1,0
BRDA:112,19,0,0
BRDA:112,19,1,0
BRDA:140,20,0,0
BRDA:141,21,0,0
BRDA:141,22,0,0
BRDA:141,23,0,0
BRDA:147,24,0,0
BRDA:147,24,1,0
BRDA:147,25,0,0
BRDA:147,25,1,0
BRDA:175,26,0,0
BRDA:176,27,0,0
BRDA:176,27,1,0
BRF:39
BRH:0
end_of_record
TN:
SF:src/database/queries/paymentQueries.js
FN:8,(anonymous_0)
FN:35,(anonymous_1)
FN:42,(anonymous_2)
FN:51,(anonymous_3)
FN:67,(anonymous_4)
FN:83,(anonymous_5)
FNF:6
FNH:0
FNDA:0,(anonymous_0)
FNDA:0,(anonymous_1)
FNDA:0,(anonymous_2)
FNDA:0,(anonymous_3)
FNDA:0,(anonymous_4)
FNDA:0,(anonymous_5)
DA:6,0
DA:16,0
DA:17,0
DA:18,0
DA:31,0
DA:36,0
DA:37,0
DA:38,0
DA:43,0
DA:47,0
DA:52,0
DA:53,0
DA:63,0
DA:68,0
DA:79,0
DA:84,0
DA:90,0
LF:17
LH:0
BRDA:8,0,0,0
BRDA:10,1,0,0
BRDA:11,2,0,0
BRDA:17,3,0,0
BRDA:17,3,1,0
BRDA:35,4,0,0
BRDA:36,5,0,0
BRDA:36,5,1,0
BRDA:51,6,0,0
BRDA:51,7,0,0
BRDA:52,8,0,0
BRDA:52,8,1,0
BRF:12
BRH:0
end_of_record
TN:
SF:src/database/queries/productQueries.js
FN:9,(anonymous_0)
FN:30,(anonymous_1)
FN:49,(anonymous_2)
FN:87,(anonymous_3)
FN:148,(anonymous_4)
FN:156,(anonymous_5)
FN:164,(anonymous_6)
FN:178,(anonymous_7)
FN:192,(anonymous_8)
FN:206,(anonymous_9)
FN:220,(anonymous_10)
FN:235,(anonymous_11)
FN:252,(anonymous_12)
FN:309,(anonymous_13)
FN:345,(anonymous_14)
FNF:15
FNH:0
FNDA:0,(anonymous_0)
FNDA:0,(anonymous_1)
FNDA:0,(anonymous_2)
FNDA:0,(anonymous_3)
FNDA:0,(anonymous_4)
FNDA:0,(anonymous_5)
FNDA:0,(anonymous_6)
FNDA:0,(anonymous_7)
FNDA:0,(anonymous_8)
FNDA:0,(anonymous_9)
FNDA:0,(anonymous_10)
FNDA:0,(anonymous_11)
FNDA:0,(anonymous_12)
FNDA:0,(anonymous_13)
FNDA:0,(anonymous_14)
DA:7,0
DA:10,0
DA:12,0
DA:13,0
DA:14,0
DA:16,0
DA:17,0
DA:20,0
DA:26,0
DA:31,0
DA:45,0
DA:50,0
DA:52,0
DA:64,0
DA:65,0
DA:67,0
DA:68,0
DA:69,0
DA:70,0
DA:73,0
DA:74,0
DA:75,0
DA:76,0
DA:79,0
DA:80,0
DA:82,0
DA:83,0
DA:98,0
DA:101,0
DA:114,0
DA:144,0
DA:149,0
DA:152,0
DA:157,0
DA:160,0
DA:165,0
DA:166,0
DA:174,0
DA:179,0
DA:180,0
DA:188,0
DA:193,0
DA:194,0
DA:202,0
DA:207,0
DA:216,0
DA:221,0
DA:230,0
DA:236,0
DA:238,0
DA:240,0
DA:241,0
DA:242,0
DA:243,0
DA:247,0
DA:248,0
DA:250,0
DA:252,0
DA:253,0
DA:254,0
DA:258,0
DA:261,0
DA:262,0
DA:269,0
DA:288,0
DA:295,0
DA:303,0
DA:311,0
DA:314,0
DA:315,0
DA:322,0
DA:335,0
DA:346,0
DA:347,0
DA:350,0
DA:365,0
LF:76
LH:0
BRDA:10,0,0,0
BRDA:10,0,1,0
BRDA:12,1,0,0
BRDA:12,1,1,0
BRDA:12,1,2,0
BRDA:12,1,3,0
BRDA:13,2,0,0
BRDA:13,2,1,0
BRDA:16,3,0,0
BRDA:16,3,1,0
BRDA:24,4,0,0
BRDA:24,4,1,0
BRDA:49,5,0,0
BRDA:50,6,0,0
BRDA:50,7,0,0
BRDA:67,8,0,0
BRDA:67,8,1,0
BRDA:73,9,0,0
BRDA:73,9,1,0
BRDA:103,10,0,0
BRDA:103,10,1,0
BRDA:104,11,0,0
BRDA:104,11,1,0
BRDA:105,12,0,0
BRDA:105,12,1,0
BRDA:106,13,0,0
BRDA:106,13,1,0
BRDA:107,14,0,0
BRDA:107,14,1,0
BRDA:108,15,0,0
BRDA:108,15,1,0
BRDA:109,16,0,0
BRDA:109,16,1,0
BRDA:110,17,0,0
BRDA:110,17,1,0
BRDA:111,18,0,0
BRDA:111,18,1,0
BRDA:160,19,0,0
BRDA:160,19,1,0
BRDA:164,20,0,0
BRDA:165,21,0,0
BRDA:165,21,1,0
BRDA:178,22,0,0
BRDA:179,23,0,0
BRDA:179,23,1,0
BRDA:192,24,0,0
BRDA:193,25,0,0
BRDA:193,25,1,0
BRDA:235,26,0,0
BRDA:236,27,0,0
BRDA:241,28,0,0
BRDA:241,28,1,0
BRDA:241,29,0,0
BRDA:241,29,1,0
BRDA:250,30,0,0
BRDA:250,30,1,0
BRDA:258,31,0,0
BRDA:258,31,1,0
BRDA:261,32,0,0
BRDA:261,32,1,0
BRDA:309,33,0,0
BRDA:311,34,0,0
BRDA:311,34,1,0
BRDA:314,35,0,0
BRDA:314,35,1,0
BRDA:345,36,0,0
BRDA:346,37,0,0
BRDA:346,37,1,0
BRDA:346,38,0,0
BRDA:346,38,1,0
BRF:70
BRH:0
end_of_record
TN:
SF:src/database/queries/refreshTokenQueries.js
FN:17,(anonymous_0)
FN:32,(anonymous_1)
FN:51,(anonymous_2)
FN:67,(anonymous_3)
FN:82,(anonymous_4)
FNF:5
FNH:0
FNDA:0,(anonymous_0)
FNDA:0,(anonymous_1)
FNDA:0,(anonymous_2)
FNDA:0,(anonymous_3)
FNDA:0,(anonymous_4)
DA:8,0
DA:10,0
DA:18,0
DA:24,0
DA:33,0
DA:43,0
DA:52,0
DA:59,0
DA:68,0
DA:75,0
DA:83,0
DA:88,0
LF:12
LH:0
BRDA:43,0,0,0
BRDA:43,0,1,0
BRF:2
BRH:0
end_of_record
TN:
SF:src/database/queries/shopQueries.js
FN:8,(anonymous_0)
FN:24,(anonymous_1)
FN:43,(anonymous_2)
FN:57,(anonymous_3)
FN:66,(anonymous_4)
FN:101,(anonymous_5)
FN:119,(anonymous_6)
FN:127,(anonymous_7)
FN:141,(anonymous_8)
FN:147,(anonymous_9)
FNF:10
FNH:0
FNDA:0,(anonymous_0)
FNDA:0,(anonymous_1)
FNDA:0,(anonymous_2)
FNDA:0,(anonymous_3)
FNDA:0,(anonymous_4)
FNDA:0,(anonymous_5)
FNDA:0,(anonymous_6)
FNDA:0,(anonymous_7)
FNDA:0,(anonymous_8)
FNDA:0,(anonymous_9)
DA:6,0
DA:9,0
DA:10,0
DA:12,0
DA:13,0
DA:14,0
DA:17,0
DA:19,0
DA:20,0
DA:25,0
DA:26,0
DA:27,0
DA:29,0
DA:30,0
DA:33,0
DA:39,0
DA:44,0
DA:51,0
DA:58,0
DA:62,0
DA:67,0
DA:68,0
DA:70,0
DA:92,0
DA:93,0
DA:96,0
DA:97,0
DA:102,0
DA:103,0
DA:115,0
DA:120,0
DA:123,0
DA:128,0
DA:137,0
DA:142,0
DA:143,0
DA:144,0
DA:145,0
DA:147,0
DA:148,0
DA:149,0
DA:150,0
DA:151,0
DA:155,0
DA:157,0
DA:163,0
DA:166,0
DA:168,0
DA:175,0
LF:49
LH:0
BRDA:8,0,0,0
BRDA:12,1,0,0
BRDA:12,1,1,0
BRDA:25,2,0,0
BRDA:25,2,1,0
BRDA:26,3,0,0
BRDA:26,3,1,0
BRDA:26,3,2,0
BRDA:27,4,0,0
BRDA:27,5,0,0
BRDA:29,6,0,0
BRDA:29,6,1,0
BRDA:66,7,0,0
BRDA:66,8,0,0
BRDA:77,9,0,0
BRDA:77,9,1,0
BRDA:92,10,0,0
BRDA:92,10,1,0
BRDA:127,11,0,0
BRDA:127,12,0,0
BRDA:148,13,0,0
BRDA:148,13,1,0
BRDA:155,14,0,0
BRDA:155,14,1,0
BRDA:163,15,0,0
BRDA:163,15,1,0
BRF:26
BRH:0
end_of_record
TN:
SF:src/database/queries/subscriptionQueries.js
FN:8,(anonymous_0)
FN:27,(anonymous_1)
FN:43,(anonymous_2)
FN:57,(anonymous_3)
FN:66,(anonymous_4)
FN:81,(anonymous_5)
FN:90,(anonymous_6)
FNF:7
FNH:0
FNDA:0,(anonymous_0)
FNDA:0,(anonymous_1)
FNDA:0,(anonymous_2)
FNDA:0,(anonymous_3)
FNDA:0,(anonymous_4)
FNDA:0,(anonymous_5)
FNDA:0,(anonymous_6)
DA:6,0
DA:9,0
DA:10,0
DA:17,0
DA:19,0
DA:20,0
DA:22,0
DA:28,0
DA:39,0
DA:44,0
DA:53,0
DA:58,0
DA:62,0
DA:67,0
DA:77,0
DA:82,0
DA:86,0
DA:91,0
DA:98,0
LF:19
LH:0
BRDA:8,0,0,0
BRDA:19,1,0,0
BRDA:19,1,1,0
BRDA:27,2,0,0
BRDA:27,3,0,0
BRDA:43,4,0,0
BRDA:43,5,0,0
BRDA:77,6,0,0
BRDA:77,6,1,0
BRDA:98,7,0,0
BRDA:98,7,1,0
BRF:11
BRH:0
end_of_record
TN:
SF:src/database/queries/userQueries.js
FN:8,(anonymous_0)
FN:17,(anonymous_1)
FN:30,(anonymous_2)
FN:40,(anonymous_3)
FN:57,(anonymous_4)
FN:76,(anonymous_5)
FNF:6
FNH:0
FNDA:0,(anonymous_0)
FNDA:0,(anonymous_1)
FNDA:0,(anonymous_2)
FNDA:0,(anonymous_3)
FNDA:0,(anonymous_4)
FNDA:0,(anonymous_5)
DA:6,0
DA:9,0
DA:13,0
DA:18,0
DA:19,0
DA:22,0
DA:26,0
DA:31,0
DA:35,0
DA:41,0
DA:42,0
DA:43,0
DA:44,0
DA:46,0
DA:52,0
DA:58,0
DA:59,0
DA:60,0
DA:62,0
DA:72,0
DA:77,0
DA:85,0
LF:22
LH:0
BRDA:18,0,0,0
BRDA:18,0,1,0
BRDA:41,1,0,0
BRDA:41,1,1,0
BRDA:43,2,0,0
BRDA:43,2,1,0
BRDA:44,3,0,0
BRDA:44,3,1,0
BRDA:59,4,0,0
BRDA:59,4,1,0
BRDA:60,5,0,0
BRDA:60,5,1,0
BRF:12
BRH:0
end_of_record
TN:
SF:src/jobs/productSyncCron.js
FN:6,startSyncCron
FN:12,(anonymous_1)
FN:15,(anonymous_2)
FN:29,stopSyncCron
FNF:4
FNH:0
FNDA:0,startSyncCron
FNDA:0,(anonymous_1)
FNDA:0,(anonymous_2)
FNDA:0,stopSyncCron
DA:4,0
DA:7,0
DA:8,0
DA:9,0
DA:12,0
DA:14,0
DA:16,0
DA:17,0
DA:18,0
DA:20,0
DA:26,0
DA:30,0
DA:31,0
DA:32,0
DA:33,0
LF:15
LH:0
BRDA:7,0,0,0
BRDA:7,0,1,0
BRDA:30,1,0,0
BRDA:30,1,1,0
BRF:4
BRH:0
end_of_record
TN:
SF:src/jobs/subscriptionChecker.js
FN:18,startExpirationChecker
FN:25,(anonymous_1)
FN:29,(anonymous_2)
FN:46,startReminderSender
FN:65,(anonymous_4)
FN:66,(anonymous_5)
FN:70,(anonymous_6)
FN:92,stopSubscriptionJobs
FN:109,checkExpiredSubscriptions
FN:129,sendExpirationReminders
FN:154,startSubscriptionJobs
FNF:11
FNH:0
FNDA:0,startExpirationChecker
FNDA:0,(anonymous_1)
FNDA:0,(anonymous_2)
FNDA:0,startReminderSender
FNDA:0,(anonymous_4)
FNDA:0,(anonymous_5)
FNDA:0,(anonymous_6)
FNDA:0,stopSubscriptionJobs
FNDA:0,checkExpiredSubscriptions
FNDA:0,sendExpirationReminders
FNDA:0,startSubscriptionJobs
DA:12,0
DA:13,0
DA:19,0
DA:20,0
DA:21,0
DA:25,0
DA:28,0
DA:30,0
DA:31,0
DA:32,0
DA:34,0
DA:40,0
DA:47,0
DA:48,0
DA:49,0
DA:53,0
DA:54,0
DA:55,0
DA:58,0
DA:59,0
DA:62,0
DA:65,0
DA:66,0
DA:69,0
DA:71,0
DA:72,0
DA:73,0
DA:75,0
DA:81,0
DA:84,0
DA:93,0
DA:94,0
DA:95,0
DA:96,0
DA:99,0
DA:100,0
DA:101,0
DA:102,0
DA:110,0
DA:111,0
DA:113,0
DA:119,0
DA:121,0
DA:122,0
DA:130,0
DA:132,0
DA:133,0
DA:134,0
DA:137,0
DA:139,0
DA:144,0
DA:146,0
DA:147,0
DA:155,0
DA:156,0
LF:55
LH:0
BRDA:19,0,0,0
BRDA:19,0,1,0
BRDA:47,1,0,0
BRDA:47,1,1,0
BRDA:58,2,0,0
BRDA:58,2,1,0
BRDA:93,3,0,0
BRDA:93,3,1,0
BRDA:99,4,0,0
BRDA:99,4,1,0
BRDA:132,5,0,0
BRDA:132,5,1,0
BRF:12
BRH:0
end_of_record
TN:
SF:src/jobs/syncQueue.js
FN:27,(anonymous_0)
FN:77,(anonymous_1)
FN:86,(anonymous_2)
FN:96,(anonymous_3)
FN:103,(anonymous_4)
FN:115,getSyncStatus
FN:127,(anonymous_6)
FN:160,queueProductSync
FN:210,closeQueue
FN:217,(anonymous_9)
FN:222,(anonymous_10)
FNF:11
FNH:0
FNDA:0,(anonymous_0)
FNDA:0,(anonymous_1)
FNDA:0,(anonymous_2)
FNDA:0,(anonymous_3)
FNDA:0,(anonymous_4)
FNDA:0,getSyncStatus
FNDA:0,(anonymous_6)
FNDA:0,queueProductSync
FNDA:0,closeQueue
FNDA:0,(anonymous_9)
FNDA:0,(anonymous_10)
DA:12,0
DA:27,0
DA:28,0
DA:30,0
DA:36,0
DA:38,0
DA:41,0
DA:44,0
DA:47,0
DA:49,0
DA:51,0
DA:56,0
DA:65,0
DA:70,0
DA:77,0
DA:78,0
DA:86,0
DA:87,0
DA:96,0
DA:97,0
DA:103,0
DA:104,0
DA:116,0
DA:118,0
DA:126,0
DA:127,0
DA:129,0
DA:130,0
DA:133,0
DA:134,0
DA:136,0
DA:148,0
DA:149,0
DA:161,0
DA:163,0
DA:165,0
DA:166,0
DA:167,0
DA:171,0
DA:188,0
DA:195,0
DA:202,0
DA:203,0
DA:211,0
DA:212,0
DA:213,0
DA:217,0
DA:218,0
DA:219,0
DA:222,0
DA:223,0
DA:224,0
LF:52
LH:0
BRDA:14,0,0,0
BRDA:14,0,1,0
BRDA:15,1,0,0
BRDA:15,1,1,0
BRDA:129,2,0,0
BRDA:129,2,1,0
BRDA:141,3,0,0
BRDA:141,3,1,0
BRDA:142,4,0,0
BRDA:142,4,1,0
BRDA:142,4,2,0
BRDA:165,5,0,0
BRDA:165,5,1,0
BRDA:165,6,0,0
BRDA:165,6,1,0
BRF:15
BRH:0
end_of_record
TN:
SF:src/middleware/auth.js
FN:9,(anonymous_0)
FN:94,(anonymous_1)
FN:129,(anonymous_2)
FN:182,(anonymous_3)
FNF:4
FNH:0
FNDA:0,(anonymous_0)
FNDA:0,(anonymous_1)
FNDA:0,(anonymous_2)
FNDA:0,(anonymous_3)
DA:9,0
DA:10,0
DA:11,0
DA:13,0
DA:14,0
DA:15,0
DA:20,0
DA:26,0
DA:28,0
DA:29,0
DA:30,0
DA:32,0
DA:39,0
DA:42,0
DA:43,0
DA:44,0
DA:48,0
DA:56,0
DA:62,0
DA:64,0
DA:65,0
DA:66,0
DA:68,0
DA:74,0
DA:75,0
DA:76,0
DA:78,0
DA:84,0
DA:94,0
DA:95,0
DA:96,0
DA:98,0
DA:99,0
DA:102,0
DA:104,0
DA:105,0
DA:109,0
DA:112,0
DA:118,0
DA:121,0
DA:129,0
DA:130,0
DA:132,0
DA:135,0
DA:136,0
DA:138,0
DA:139,0
DA:145,0
DA:146,0
DA:150,0
DA:152,0
DA:153,0
DA:159,0
DA:160,0
DA:167,0
DA:168,0
DA:170,0
DA:171,0
DA:182,0
DA:183,0
DA:185,0
DA:187,0
DA:188,0
DA:195,0
DA:196,0
DA:197,0
DA:203,0
DA:205,0
DA:206,0
DA:212,0
DA:216,0
DA:217,0
DA:219,0
DA:220,0
DA:226,0
DA:230,0
DA:235,0
DA:236,0
LF:78
LH:0
BRDA:13,0,0,0
BRDA:13,0,1,0
BRDA:13,1,0,0
BRDA:13,1,1,0
BRDA:14,2,0,0
BRDA:14,2,1,0
BRDA:16,3,0,0
BRDA:16,3,1,0
BRDA:28,4,0,0
BRDA:28,4,1,0
BRDA:29,5,0,0
BRDA:29,5,1,0
BRDA:43,6,0,0
BRDA:43,6,1,0
BRDA:64,7,0,0
BRDA:64,7,1,0
BRDA:65,8,0,0
BRDA:65,8,1,0
BRDA:74,9,0,0
BRDA:74,9,1,0
BRDA:75,10,0,0
BRDA:75,10,1,0
BRDA:98,11,0,0
BRDA:98,11,1,0
BRDA:98,12,0,0
BRDA:98,12,1,0
BRDA:104,13,0,0
BRDA:104,13,1,0
BRDA:132,14,0,0
BRDA:132,14,1,0
BRDA:135,15,0,0
BRDA:135,15,1,0
BRDA:138,16,0,0
BRDA:138,16,1,0
BRDA:138,17,0,0
BRDA:138,17,1,0
BRDA:152,18,0,0
BRDA:152,18,1,0
BRDA:159,19,0,0
BRDA:159,19,1,0
BRDA:185,20,0,0
BRDA:185,20,1,0
BRDA:185,20,2,0
BRDA:187,21,0,0
BRDA:187,21,1,0
BRDA:196,22,0,0
BRDA:196,22,1,0
BRDA:205,23,0,0
BRDA:205,23,1,0
BRDA:219,24,0,0
BRDA:219,24,1,0
BRF:51
BRH:0
end_of_record
TN:
SF:src/middleware/authorization.js
FN:18,(anonymous_0)
FNF:1
FNH:0
FNDA:0,(anonymous_0)
DA:18,0
DA:19,0
DA:20,0
DA:21,0
DA:23,0
DA:24,0
DA:31,0
DA:33,0
DA:34,0
DA:41,0
DA:43,0
DA:44,0
DA:51,0
DA:52,0
DA:59,0
DA:66,0
DA:67,0
DA:69,0
DA:71,0
DA:78,0
LF:20
LH:0
BRDA:23,0,0,0
BRDA:23,0,1,0
BRDA:23,1,0,0
BRDA:23,1,1,0
BRDA:33,2,0,0
BRDA:33,2,1,0
BRDA:43,3,0,0
BRDA:43,3,1,0
BRDA:51,4,0,0
BRDA:51,4,1,0
BRF:10
BRH:0
end_of_record
TN:
SF:src/middleware/csrfProtection.js
FN:36,(anonymous_0)
FN:118,(anonymous_1)
FN:126,(anonymous_2)
FNF:3
FNH:0
FNDA:0,(anonymous_0)
FNDA:0,(anonymous_1)
FNDA:0,(anonymous_2)
DA:36,0
DA:37,0
DA:40,0
DA:41,0
DA:45,0
DA:46,0
DA:50,0
DA:51,0
DA:57,0
DA:58,0
DA:59,0
DA:64,0
DA:65,0
DA:66,0
DA:70,0
DA:71,0
DA:76,0
DA:80,0
DA:81,0
DA:90,0
DA:91,0
DA:92,0
DA:96,0
DA:99,0
DA:100,0
DA:103,0
DA:111,0
DA:112,0
DA:117,0
DA:120,0
DA:125,0
DA:127,0
DA:131,0
DA:132,0
DA:141,0
DA:148,0
LF:36
LH:0
BRDA:37,0,0,0
BRDA:37,0,1,0
BRDA:40,1,0,0
BRDA:40,1,1,0
BRDA:45,2,0,0
BRDA:45,2,1,0
BRDA:50,3,0,0
BRDA:50,3,1,0
BRDA:57,4,0,0
BRDA:57,4,1,0
BRDA:57,5,0,0
BRDA:57,5,1,0
BRDA:57,5,2,0
BRDA:64,6,0,0
BRDA:64,6,1,0
BRDA:64,7,0,0
BRDA:64,7,1,0
BRDA:70,8,0,0
BRDA:70,8,1,0
BRDA:70,9,0,0
BRDA:70,9,1,0
BRDA:80,10,0,0
BRDA:80,10,1,0
BRDA:91,11,0,0
BRDA:91,11,1,0
BRDA:91,12,0,0
BRDA:91,12,1,0
BRDA:111,13,0,0
BRDA:111,13,1,0
BRDA:117,14,0,0
BRDA:117,14,1,0
BRDA:120,15,0,0
BRDA:120,15,1,0
BRDA:125,16,0,0
BRDA:125,16,1,0
BRDA:131,17,0,0
BRDA:131,17,1,0
BRDA:131,18,0,0
BRDA:131,18,1,0
BRDA:135,19,0,0
BRDA:135,19,1,0
BRDA:136,20,0,0
BRDA:136,20,1,0
BRF:43
BRH:0
end_of_record
TN:
SF:src/middleware/errorHandler.js
FN:8,(anonymous_0)
FN:21,(anonymous_1)
FN:76,(anonymous_2)
FN:93,(anonymous_3)
FN:94,(anonymous_4)
FN:102,(anonymous_5)
FN:103,(anonymous_6)
FN:115,(anonymous_7)
FN:147,(anonymous_8)
FNF:9
FNH:1
FNDA:9,(anonymous_0)
FNDA:0,(anonymous_1)
FNDA:0,(anonymous_2)
FNDA:0,(anonymous_3)
FNDA:0,(anonymous_4)
FNDA:0,(anonymous_5)
FNDA:0,(anonymous_6)
FNDA:0,(anonymous_7)
FNDA:0,(anonymous_8)
DA:9,9
DA:10,9
DA:11,9
DA:12,9
DA:13,9
DA:21,1
DA:23,0
DA:36,0
DA:39,0
DA:41,0
DA:42,0
DA:49,0
DA:55,0
DA:56,0
DA:59,0
DA:63,0
DA:70,0
DA:76,1
DA:77,0
DA:83,0
DA:93,1
DA:94,0
DA:95,0
DA:102,1
DA:103,0
DA:109,0
DA:115,1
DA:116,0
DA:123,0
DA:124,0
DA:129,0
DA:130,0
DA:135,0
DA:136,0
DA:141,0
DA:147,1
DA:148,0
DA:149,0
DA:152,0
DA:153,0
DA:156,0
LF:41
LH:11
BRDA:8,0,0,4
BRDA:36,1,0,0
BRDA:36,1,1,0
BRDA:36,1,2,0
BRDA:39,2,0,0
BRDA:39,2,1,0
BRDA:41,3,0,0
BRDA:41,3,1,0
BRDA:51,4,0,0
BRDA:51,4,1,0
BRDA:55,5,0,0
BRDA:55,5,1,0
BRDA:55,6,0,0
BRDA:55,6,1,0
BRDA:65,7,0,0
BRDA:65,7,1,0
BRDA:67,8,0,0
BRDA:67,8,1,0
BRDA:104,9,0,0
BRDA:104,9,1,0
BRDA:123,10,0,0
BRDA:123,10,1,0
BRDA:129,11,0,0
BRDA:129,11,1,0
BRDA:135,12,0,0
BRDA:135,12,1,0
BRDA:148,13,0,0
BRDA:148,13,1,0
BRDA:152,14,0,0
BRDA:152,14,1,0
BRF:30
BRH:1
end_of_record
TN:
SF:src/middleware/index.js
FNF:0
FNH:0
LF:0
LH:0
BRF:0
BRH:0
end_of_record
TN:
SF:src/middleware/productLimits.js
FN:24,(anonymous_0)
FN:44,checkProductLimit
FN:157,getProductLimitStatus
FN:225,invalidateProductLimitCache
FNF:4
FNH:0
FNDA:0,(anonymous_0)
FNDA:0,checkProductLimit
FNDA:0,getProductLimitStatus
FNDA:0,invalidateProductLimitCache
DA:18,0
DA:19,0
DA:24,0
DA:25,0
DA:26,0
DA:27,0
DA:28,0
DA:34,0
DA:45,0
DA:46,0
DA:48,0
DA:49,0
DA:55,0
DA:56,0
DA:60,0
DA:62,0
DA:63,0
DA:64,0
DA:67,0
DA:78,0
DA:79,0
DA:84,0
DA:85,0
DA:88,0
DA:96,0
DA:97,0
DA:101,0
DA:102,0
DA:108,0
DA:109,0
DA:112,0
DA:113,0
DA:117,0
DA:118,0
DA:122,0
DA:133,0
DA:136,0
DA:143,0
DA:145,0
DA:146,0
DA:158,0
DA:160,0
DA:161,0
DA:165,0
DA:166,0
DA:167,0
DA:170,0
DA:181,0
DA:182,0
DA:185,0
DA:186,0
DA:189,0
DA:197,0
DA:198,0
DA:200,0
DA:201,0
DA:204,0
DA:205,0
DA:206,0
DA:208,0
DA:217,0
DA:218,0
DA:226,0
DA:227,0
DA:228,0
LF:65
LH:0
BRDA:27,0,0,0
BRDA:27,0,1,0
BRDA:48,1,0,0
BRDA:48,1,1,0
BRDA:60,2,0,0
BRDA:60,2,1,0
BRDA:60,3,0,0
BRDA:60,3,1,0
BRDA:78,4,0,0
BRDA:78,4,1,0
BRDA:97,5,0,0
BRDA:97,5,1,0
BRDA:101,6,0,0
BRDA:101,6,1,0
BRDA:101,7,0,0
BRDA:101,7,1,0
BRDA:108,8,0,0
BRDA:108,8,1,0
BRDA:112,9,0,0
BRDA:112,9,1,0
BRDA:117,10,0,0
BRDA:117,10,1,0
BRDA:165,11,0,0
BRDA:165,11,1,0
BRDA:165,12,0,0
BRDA:165,12,1,0
BRDA:181,13,0,0
BRDA:181,13,1,0
BRDA:198,14,0,0
BRDA:198,14,1,0
BRDA:200,15,0,0
BRDA:200,15,1,0
BRDA:200,16,0,0
BRDA:200,16,1,0
BRDA:204,17,0,0
BRDA:204,17,1,0
BRDA:206,18,0,0
BRDA:206,18,1,0
BRDA:212,19,0,0
BRDA:212,19,1,0
BRF:40
BRH:0
end_of_record
TN:
SF:src/middleware/rateLimiter.js
FN:8,(anonymous_0)
FN:10,(anonymous_1)
FN:22,(anonymous_2)
FN:124,(anonymous_3)
FNF:4
FNH:0
FNDA:0,(anonymous_0)
FNDA:0,(anonymous_1)
FNDA:0,(anonymous_2)
FNDA:0,(anonymous_3)
DA:8,0
DA:9,0
DA:10,0
DA:13,0
DA:23,0
DA:30,0
DA:42,0
DA:51,0
DA:60,0
DA:70,0
DA:79,0
DA:88,0
DA:97,0
DA:106,0
DA:115,0
DA:124,0
DA:129,0
DA:131,0
LF:18
LH:0
BRDA:9,0,0,0
BRDA:9,0,1,0
BRDA:18,1,0,0
BRDA:18,1,1,0
BRDA:32,2,0,0
BRDA:32,2,1,0
BRDA:124,3,0,0
BRDA:126,4,0,0
BRDA:127,5,0,0
BRDA:128,6,0,0
BRF:10
BRH:0
end_of_record
TN:
SF:src/middleware/requestId.js
FN:12,(anonymous_0)
FNF:1
FNH:0
FNDA:0,(anonymous_0)
DA:12,0
DA:14,0
DA:17,0
DA:20,0
DA:22,0
LF:5
LH:0
BRDA:14,0,0,0
BRDA:14,0,1,0
BRF:2
BRH:0
end_of_record
TN:
SF:src/middleware/requestLogger.js
FN:7,(anonymous_0)
FN:20,(anonymous_1)
FN:38,(anonymous_2)
FN:61,(anonymous_3)
FN:81,(anonymous_4)
FNF:5
FNH:0
FNDA:0,(anonymous_0)
FNDA:0,(anonymous_1)
FNDA:0,(anonymous_2)
FNDA:0,(anonymous_3)
FNDA:0,(anonymous_4)
DA:7,0
DA:8,0
DA:11,0
DA:20,0
DA:21,0
DA:23,0
DA:32,0
DA:38,0
DA:39,0
DA:42,0
DA:43,0
DA:45,0
DA:46,0
DA:47,0
DA:51,0
DA:61,0
DA:62,0
DA:64,0
DA:65,0
DA:75,0
DA:81,0
DA:82,0
DA:94,0
LF:23
LH:0
BRDA:13,0,0,0
BRDA:13,0,1,0
BRDA:25,1,0,0
BRDA:25,1,1,0
BRDA:46,2,0,0
BRDA:46,2,1,0
BRDA:53,3,0,0
BRDA:53,3,1,0
BRDA:64,4,0,0
BRDA:64,4,1,0
BRDA:67,5,0,0
BRDA:67,5,1,0
BRDA:84,6,0,0
BRDA:84,6,1,0
BRF:14
BRH:0
end_of_record
TN:
SF:src/middleware/telegramAuth.js
FN:16,(anonymous_0)
FN:52,(anonymous_1)
FN:53,(anonymous_2)
FN:176,(anonymous_3)
FNF:4
FNH:0
FNDA:0,(anonymous_0)
FNDA:0,(anonymous_1)
FNDA:0,(anonymous_2)
FNDA:0,(anonymous_3)
DA:16,0
DA:17,0
DA:18,0
DA:20,0
DA:21,0
DA:26,0
DA:33,0
DA:34,0
DA:36,0
DA:37,0
DA:41,0
DA:48,0
DA:51,0
DA:52,0
DA:53,0
DA:57,0
DA:63,0
DA:69,0
DA:79,0
DA:80,0
DA:82,0
DA:86,0
DA:92,0
DA:99,0
DA:100,0
DA:101,0
DA:102,0
DA:105,0
DA:106,0
DA:113,0
DA:119,0
DA:120,0
DA:128,0
DA:135,0
DA:136,0
DA:137,0
DA:138,0
DA:139,0
DA:144,0
DA:150,0
DA:152,0
DA:157,0
DA:176,0
DA:179,0
DA:180,0
DA:185,0
DA:189,0
DA:190,0
DA:191,0
DA:196,0
DA:200,0
LF:51
LH:0
BRDA:20,0,0,0
BRDA:20,0,1,0
BRDA:36,1,0,0
BRDA:36,1,1,0
BRDA:82,2,0,0
BRDA:82,2,1,0
BRDA:83,3,0,0
BRDA:83,3,1,0
BRDA:105,4,0,0
BRDA:105,4,1,0
BRDA:119,5,0,0
BRDA:119,5,1,0
BRDA:136,6,0,0
BRDA:136,6,1,0
BRDA:179,7,0,0
BRDA:179,7,1,0
BRDA:179,8,0,0
BRDA:179,8,1,0
BRDA:189,9,0,0
BRDA:189,9,1,0
BRDA:190,10,0,0
BRDA:190,10,1,0
BRDA:190,11,0,0
BRDA:190,11,1,0
BRDA:190,11,2,0
BRF:25
BRH:0
end_of_record
TN:
SF:src/middleware/validation.js
FN:10,(anonymous_0)
FN:25,(anonymous_1)
FN:79,(anonymous_2)
FN:111,(anonymous_3)
FN:243,(anonymous_4)
FN:294,(anonymous_5)
FN:327,(anonymous_6)
FN:336,(anonymous_7)
FN:345,(anonymous_8)
FN:354,(anonymous_9)
FN:417,(anonymous_10)
FNF:11
FNH:0
FNDA:0,(anonymous_0)
FNDA:0,(anonymous_1)
FNDA:0,(anonymous_2)
FNDA:0,(anonymous_3)
FNDA:0,(anonymous_4)
FNDA:0,(anonymous_5)
FNDA:0,(anonymous_6)
FNDA:0,(anonymous_7)
FNDA:0,(anonymous_8)
FNDA:0,(anonymous_9)
FNDA:0,(anonymous_10)
DA:10,0
DA:11,0
DA:13,0
DA:15,0
DA:22,0
DA:25,0
DA:32,0
DA:38,0
DA:63,0
DA:80,0
DA:81,0
DA:83,0
DA:112,0
DA:113,0
DA:115,0
DA:127,0
DA:218,0
DA:244,0
DA:245,0
DA:247,0
DA:248,0
DA:250,0
DA:279,0
DA:295,0
DA:296,0
DA:297,0
DA:299,0
DA:316,0
DA:328,0
DA:329,0
DA:331,0
DA:337,0
DA:338,0
DA:340,0
DA:346,0
DA:347,0
DA:349,0
DA:355,0
DA:356,0
DA:358,0
DA:368,0
DA:392,0
DA:411,0
DA:417,0
LF:44
LH:0
BRDA:13,0,0,0
BRDA:13,0,1,0
BRDA:80,1,0,0
BRDA:80,1,1,0
BRDA:112,2,0,0
BRDA:112,2,1,0
BRDA:244,3,0,0
BRDA:244,3,1,0
BRDA:244,3,2,0
BRDA:245,4,0,0
BRDA:245,4,1,0
BRDA:247,5,0,0
BRDA:247,5,1,0
BRDA:247,6,0,0
BRDA:247,6,1,0
BRDA:295,7,0,0
BRDA:295,7,1,0
BRDA:295,7,2,0
BRDA:295,7,3,0
BRDA:296,8,0,0
BRDA:296,8,1,0
BRDA:328,9,0,0
BRDA:328,9,1,0
BRDA:328,10,0,0
BRDA:328,10,1,0
BRDA:337,11,0,0
BRDA:337,11,1,0
BRDA:337,12,0,0
BRDA:337,12,1,0
BRDA:346,13,0,0
BRDA:346,13,1,0
BRDA:346,14,0,0
BRDA:346,14,1,0
BRDA:355,15,0,0
BRDA:355,15,1,0
BRDA:355,16,0,0
BRDA:355,16,1,0
BRF:37
BRH:0
end_of_record
TN:
SF:src/models/processedWebhookQueries.js
FN:14,(anonymous_0)
FN:43,(anonymous_1)
FN:77,(anonymous_2)
FN:100,(anonymous_3)
FNF:4
FNH:0
FNDA:0,(anonymous_0)
FNDA:0,(anonymous_1)
FNDA:0,(anonymous_2)
FNDA:0,(anonymous_3)
DA:8,0
DA:15,0
DA:21,0
DA:22,0
DA:23,0
DA:24,0
DA:26,0
DA:30,0
DA:44,0
DA:51,0
DA:52,0
DA:53,0
DA:60,0
DA:62,0
DA:68,0
DA:78,0
DA:84,0
DA:85,0
DA:86,0
DA:88,0
DA:92,0
DA:101,0
DA:103,0
DA:104,0
DA:105,0
DA:107,0
DA:111,0
DA:113,0
DA:116,0
LF:29
LH:0
BRDA:14,0,0,0
BRDA:22,1,0,0
BRDA:22,1,1,0
BRDA:43,2,0,0
BRDA:43,3,0,0
BRDA:52,4,0,0
BRDA:52,4,1,0
BRDA:57,5,0,0
BRDA:57,5,1,0
BRDA:60,6,0,0
BRDA:60,6,1,0
BRDA:105,7,0,0
BRDA:105,7,1,0
BRF:13
BRH:0
end_of_record
TN:
SF:src/models/shopFollowQueries.js
FN:13,(anonymous_0)
FN:30,(anonymous_1)
FN:71,(anonymous_2)
FN:114,(anonymous_3)
FN:146,(anonymous_4)
FN:160,(anonymous_5)
FN:175,(anonymous_6)
FN:194,(anonymous_7)
FN:211,(anonymous_8)
FN:227,(anonymous_9)
FN:239,(anonymous_10)
FN:269,(anonymous_11)
FNF:12
FNH:0
FNDA:0,(anonymous_0)
FNDA:0,(anonymous_1)
FNDA:0,(anonymous_2)
FNDA:0,(anonymous_3)
FNDA:0,(anonymous_4)
FNDA:0,(anonymous_5)
FNDA:0,(anonymous_6)
FNDA:0,(anonymous_7)
FNDA:0,(anonymous_8)
FNDA:0,(anonymous_9)
FNDA:0,(anonymous_10)
FNDA:0,(anonymous_11)
DA:7,0
DA:14,0
DA:16,0
DA:22,0
DA:31,0
DA:62,0
DA:72,0
DA:95,0
DA:97,0
DA:98,0
DA:99,0
DA:102,0
DA:104,0
DA:105,0
DA:115,0
DA:127,0
DA:129,0
DA:130,0
DA:131,0
DA:134,0
DA:136,0
DA:137,0
DA:147,0
DA:152,0
DA:161,0
DA:166,0
DA:176,0
DA:183,0
DA:195,0
DA:202,0
DA:212,0
DA:219,0
DA:228,0
DA:229,0
DA:240,0
DA:260,0
DA:270,0
DA:280,0
LF:38
LH:0
BRDA:14,0,0,0
BRDA:71,1,0,0
BRDA:97,2,0,0
BRDA:97,2,1,0
BRDA:114,3,0,0
BRDA:129,4,0,0
BRDA:129,4,1,0
BRDA:194,5,0,0
BRDA:194,6,0,0
BRF:9
BRH:0
end_of_record
TN:
SF:src/models/syncedProductQueries.js
FN:13,(anonymous_0)
FN:30,(anonymous_1)
FN:54,(anonymous_2)
FN:71,(anonymous_3)
FN:84,(anonymous_4)
FN:107,(anonymous_5)
FN:144,(anonymous_6)
FN:168,(anonymous_7)
FN:185,(anonymous_8)
FN:201,(anonymous_9)
FN:212,(anonymous_10)
FN:224,(anonymous_11)
FN:238,(anonymous_12)
FN:251,(anonymous_13)
FN:290,(anonymous_14)
FN:303,(anonymous_15)
FN:320,(anonymous_16)
FN:338,(anonymous_17)
FN:357,(anonymous_18)
FN:376,(anonymous_19)
FNF:20
FNH:0
FNDA:0,(anonymous_0)
FNDA:0,(anonymous_1)
FNDA:0,(anonymous_2)
FNDA:0,(anonymous_3)
FNDA:0,(anonymous_4)
FNDA:0,(anonymous_5)
FNDA:0,(anonymous_6)
FNDA:0,(anonymous_7)
FNDA:0,(anonymous_8)
FNDA:0,(anonymous_9)
FNDA:0,(anonymous_10)
FNDA:0,(anonymous_11)
FNDA:0,(anonymous_12)
FNDA:0,(anonymous_13)
FNDA:0,(anonymous_14)
FNDA:0,(anonymous_15)
FNDA:0,(anonymous_16)
FNDA:0,(anonymous_17)
FNDA:0,(anonymous_18)
FNDA:0,(anonymous_19)
DA:7,0
DA:14,0
DA:16,0
DA:22,0
DA:31,0
DA:46,0
DA:55,0
DA:62,0
DA:72,0
DA:76,0
DA:85,0
DA:103,0
DA:108,0
DA:135,0
DA:145,0
DA:160,0
DA:169,0
DA:176,0
DA:186,0
DA:193,0
DA:202,0
DA:203,0
DA:213,0
DA:216,0
DA:225,0
DA:229,0
DA:239,0
DA:243,0
DA:252,0
DA:282,0
DA:291,0
DA:295,0
DA:304,0
DA:309,0
DA:321,0
DA:330,0
DA:339,0
DA:348,0
DA:358,0
DA:367,0
DA:377,0
DA:405,0
DA:406,0
DA:409,0
DA:411,0
LF:45
LH:0
BRDA:107,0,0,0
BRDA:107,1,0,0
BRDA:251,2,0,0
BRDA:405,3,0,0
BRDA:405,3,1,0
BRF:5
BRH:0
end_of_record
TN:
SF:src/models/workerQueries.js
FN:13,(anonymous_0)
FN:29,(anonymous_1)
FN:43,(anonymous_2)
FN:59,(anonymous_3)
FN:76,(anonymous_4)
FN:101,(anonymous_5)
FN:124,(anonymous_6)
FN:144,(anonymous_7)
FN:170,(anonymous_8)
FN:186,(anonymous_9)
FN:201,(anonymous_10)
FN:216,(anonymous_11)
FN:235,(anonymous_12)
FN:252,(anonymous_13)
FNF:14
FNH:1
FNDA:0,(anonymous_0)
FNDA:0,(anonymous_1)
FNDA:0,(anonymous_2)
FNDA:0,(anonymous_3)
FNDA:0,(anonymous_4)
FNDA:0,(anonymous_5)
FNDA:0,(anonymous_6)
FNDA:0,(anonymous_7)
FNDA:0,(anonymous_8)
FNDA:0,(anonymous_9)
FNDA:0,(anonymous_10)
FNDA:1,(anonymous_11)
FNDA:0,(anonymous_12)
FNDA:0,(anonymous_13)
DA:7,1
DA:14,0
DA:20,0
DA:30,0
DA:35,0
DA:44,0
DA:51,0
DA:60,0
DA:68,0
DA:77,0
DA:93,0
DA:102,0
DA:115,0
DA:125,0
DA:135,0
DA:145,0
DA:158,0
DA:159,0
DA:171,0
DA:177,0
DA:187,0
DA:193,0
DA:202,0
DA:208,0
DA:217,1
DA:226,1
DA:236,0
DA:243,0
DA:253,0
DA:259,0
LF:30
LH:3
BRDA:135,0,0,0
BRDA:135,0,1,0
BRDA:208,1,0,0
BRDA:208,1,1,0
BRDA:259,2,0,0
BRDA:259,2,1,0
BRF:6
BRH:0
end_of_record
TN:
SF:src/routes/ai.js
FNF:0
FNH:0
DA:7,0
DA:15,0
LF:2
LH:0
BRF:0
BRH:0
end_of_record
TN:
SF:src/routes/auth.js
FNF:0
FNH:0
DA:8,0
DA:11,0
DA:18,0
DA:25,0
DA:32,0
DA:39,0
DA:46,0
DA:55,0
DA:62,0
DA:69,0
LF:10
LH:0
BRF:0
BRH:0
end_of_record
TN:
SF:src/routes/debug.js
FN:34,(anonymous_0)
FN:51,getInvoiceOwnerId
FN:66,getSubscriptionOwnerId
FN:74,getShopOwnerId
FN:82,logUnauthorizedAccess
FN:105,(anonymous_5)
FN:253,(anonymous_6)
FN:336,(anonymous_7)
FN:337,(anonymous_8)
FN:338,(anonymous_9)
FN:339,(anonymous_10)
FN:369,(anonymous_11)
FN:463,(anonymous_12)
FN:464,(anonymous_13)
FN:465,(anonymous_14)
FN:472,(anonymous_15)
FN:473,(anonymous_16)
FN:474,(anonymous_17)
FN:475,(anonymous_18)
FNF:19
FNH:0
FNDA:0,(anonymous_0)
FNDA:0,getInvoiceOwnerId
FNDA:0,getSubscriptionOwnerId
FNDA:0,getShopOwnerId
FNDA:0,logUnauthorizedAccess
FNDA:0,(anonymous_5)
FNDA:0,(anonymous_6)
FNDA:0,(anonymous_7)
FNDA:0,(anonymous_8)
FNDA:0,(anonymous_9)
FNDA:0,(anonymous_10)
FNDA:0,(anonymous_11)
FNDA:0,(anonymous_12)
FNDA:0,(anonymous_13)
FNDA:0,(anonymous_14)
FNDA:0,(anonymous_15)
FNDA:0,(anonymous_16)
FNDA:0,(anonymous_17)
FNDA:0,(anonymous_18)
DA:21,0
DA:28,0
DA:33,0
DA:34,0
DA:35,0
DA:41,0
DA:52,0
DA:60,0
DA:67,0
DA:68,0
DA:75,0
DA:76,0
DA:83,0
DA:105,0
DA:106,0
DA:107,0
DA:109,0
DA:110,0
DA:118,0
DA:120,0
DA:121,0
DA:128,0
DA:129,0
DA:130,0
DA:137,0
DA:159,0
DA:160,0
DA:167,0
DA:170,0
DA:195,0
DA:196,0
DA:197,0
DA:198,0
DA:199,0
DA:200,0
DA:201,0
DA:202,0
DA:203,0
DA:205,0
DA:208,0
DA:215,0
DA:228,0
DA:234,0
DA:253,0
DA:254,0
DA:255,0
DA:257,0
DA:258,0
DA:266,0
DA:268,0
DA:269,0
DA:276,0
DA:277,0
DA:278,0
DA:285,0
DA:309,0
DA:321,0
DA:323,0
DA:329,0
DA:336,0
DA:337,0
DA:338,0
DA:339,0
DA:343,0
DA:349,0
DA:369,0
DA:370,0
DA:371,0
DA:373,0
DA:374,0
DA:382,0
DA:384,0
DA:385,0
DA:392,0
DA:393,0
DA:394,0
DA:401,0
DA:417,0
DA:418,0
DA:425,0
DA:428,0
DA:436,0
DA:448,0
DA:456,0
DA:463,0
DA:464,0
DA:465,0
DA:472,0
DA:473,0
DA:474,0
DA:475,0
DA:480,0
DA:486,0
LF:93
LH:0
BRDA:33,0,0,0
BRDA:33,0,1,0
BRDA:60,1,0,0
BRDA:60,1,1,0
BRDA:68,2,0,0
BRDA:68,2,1,0
BRDA:76,3,0,0
BRDA:76,3,1,0
BRDA:109,4,0,0
BRDA:109,4,1,0
BRDA:120,5,0,0
BRDA:120,5,1,0
BRDA:128,6,0,0
BRDA:128,6,1,0
BRDA:159,7,0,0
BRDA:159,7,1,0
BRDA:173,8,0,0
BRDA:173,8,1,0
BRDA:173,9,0,0
BRDA:173,9,1,0
BRDA:184,10,0,0
BRDA:184,10,1,0
BRDA:184,10,2,0
BRDA:196,11,0,0
BRDA:196,11,1,0
BRDA:198,12,0,0
BRDA:198,12,1,0
BRDA:200,13,0,0
BRDA:200,13,1,0
BRDA:200,14,0,0
BRDA:200,14,1,0
BRDA:202,15,0,0
BRDA:202,15,1,0
BRDA:202,16,0,0
BRDA:202,16,1,0
BRDA:221,17,0,0
BRDA:221,17,1,0
BRDA:237,18,0,0
BRDA:237,18,1,0
BRDA:257,19,0,0
BRDA:257,19,1,0
BRDA:268,20,0,0
BRDA:268,20,1,0
BRDA:276,21,0,0
BRDA:276,21,1,0
BRDA:321,22,0,0
BRDA:321,22,1,0
BRDA:339,23,0,0
BRDA:339,23,1,0
BRDA:352,24,0,0
BRDA:352,24,1,0
BRDA:373,25,0,0
BRDA:373,25,1,0
BRDA:384,26,0,0
BRDA:384,26,1,0
BRDA:392,27,0,0
BRDA:392,27,1,0
BRDA:417,28,0,0
BRDA:417,28,1,0
BRDA:475,29,0,0
BRDA:475,29,1,0
BRDA:489,30,0,0
BRDA:489,30,1,0
BRF:63
BRH:0
end_of_record
TN:
SF:src/routes/follows.js
FN:14,(anonymous_0)
FNF:1
FNH:0
FNDA:0,(anonymous_0)
DA:7,0
DA:10,0
DA:11,0
DA:14,0
DA:15,0
DA:16,0
DA:18,0
DA:21,0
DA:25,0
DA:28,0
DA:31,0
DA:32,0
DA:35,0
DA:38,0
DA:39,0
DA:42,0
DA:45,0
DA:48,0
LF:18
LH:0
BRDA:15,0,0,0
BRDA:15,0,1,0
BRDA:15,1,0,0
BRDA:15,1,1,0
BRF:4
BRH:0
end_of_record
TN:
SF:src/routes/internal.js
FN:35,isAllowedIP
FN:38,(anonymous_1)
FN:54,verifyInternalSecret
FN:159,(anonymous_3)
FN:201,(anonymous_4)
FN:223,(anonymous_5)
FN:298,(anonymous_6)
FN:370,(anonymous_7)
FNF:8
FNH:0
FNDA:0,isAllowedIP
FNDA:0,(anonymous_1)
FNDA:0,verifyInternalSecret
FNDA:0,(anonymous_3)
FNDA:0,(anonymous_4)
FNDA:0,(anonymous_5)
FNDA:0,(anonymous_6)
FNDA:0,(anonymous_7)
DA:8,0
DA:11,0
DA:13,0
DA:15,0
DA:16,0
DA:19,0
DA:20,0
DA:24,0
DA:36,0
DA:38,0
DA:39,0
DA:40,0
DA:42,0
DA:55,0
DA:56,0
DA:57,0
DA:58,0
DA:61,0
DA:62,0
DA:66,0
DA:73,0
DA:74,0
DA:78,0
DA:85,0
DA:87,0
DA:88,0
DA:90,0
DA:91,0
DA:99,0
DA:106,0
DA:107,0
DA:111,0
DA:119,0
DA:120,0
DA:126,0
DA:127,0
DA:129,0
DA:131,0
DA:135,0
DA:142,0
DA:159,0
DA:160,0
DA:161,0
DA:163,0
DA:164,0
DA:171,0
DA:172,0
DA:174,0
DA:176,0
DA:182,0
DA:183,0
DA:189,0
DA:190,0
DA:201,0
DA:202,0
DA:223,0
DA:224,0
DA:225,0
DA:227,0
DA:228,0
DA:235,0
DA:236,0
DA:238,0
DA:240,0
DA:246,0
DA:247,0
DA:249,0
DA:253,0
DA:264,0
DA:278,0
DA:283,0
DA:298,0
DA:299,0
DA:300,0
DA:302,0
DA:303,0
DA:310,0
DA:312,0
DA:313,0
DA:320,0
DA:321,0
DA:336,0
DA:342,0
DA:347,0
DA:352,0
DA:370,0
DA:371,0
DA:372,0
DA:374,0
DA:375,0
DA:378,0
DA:386,0
DA:387,0
DA:394,0
DA:397,0
DA:402,0
DA:403,0
DA:411,0
DA:413,0
DA:414,0
DA:415,0
DA:418,0
DA:425,0
DA:428,0
DA:429,0
DA:432,0
DA:444,0
DA:452,0
DA:454,0
DA:461,0
DA:475,0
DA:476,0
DA:478,0
DA:481,0
DA:486,0
LF:115
LH:0
BRDA:15,0,0,0
BRDA:15,0,1,0
BRDA:19,1,0,0
BRDA:19,1,1,0
BRDA:36,2,0,0
BRDA:36,2,1,0
BRDA:39,3,0,0
BRDA:39,3,1,0
BRDA:42,4,0,0
BRDA:42,4,1,0
BRDA:58,5,0,0
BRDA:58,5,1,0
BRDA:61,6,0,0
BRDA:61,6,1,0
BRDA:73,7,0,0
BRDA:73,7,1,0
BRDA:85,8,0,0
BRDA:85,8,1,0
BRDA:90,9,0,0
BRDA:90,9,1,0
BRDA:90,10,0,0
BRDA:90,10,1,0
BRDA:90,10,2,0
BRDA:94,11,0,0
BRDA:94,11,1,0
BRDA:95,12,0,0
BRDA:95,12,1,0
BRDA:106,13,0,0
BRDA:106,13,1,0
BRDA:126,14,0,0
BRDA:126,14,1,0
BRDA:129,15,0,0
BRDA:129,15,1,0
BRDA:129,16,0,0
BRDA:129,16,1,0
BRDA:163,17,0,0
BRDA:163,17,1,0
BRDA:171,18,0,0
BRDA:171,18,1,0
BRDA:227,19,0,0
BRDA:227,19,1,0
BRDA:238,20,0,0
BRDA:238,20,1,0
BRDA:242,21,0,0
BRDA:242,21,1,0
BRDA:243,22,0,0
BRDA:243,22,1,0
BRDA:244,23,0,0
BRDA:244,23,1,0
BRDA:264,24,0,0
BRDA:264,24,1,0
BRDA:302,25,0,0
BRDA:302,25,1,0
BRDA:312,26,0,0
BRDA:312,26,1,0
BRDA:386,27,0,0
BRDA:386,27,1,0
BRDA:402,28,0,0
BRDA:402,28,1,0
BRDA:411,29,0,0
BRDA:411,29,1,0
BRF:61
BRH:0
end_of_record
TN:
SF:src/routes/orders.js
FN:27,(anonymous_0)
FN:53,(anonymous_1)
FNF:2
FNH:0
FNDA:0,(anonymous_0)
FNDA:0,(anonymous_1)
DA:6,0
DA:13,0
DA:20,0
DA:27,0
DA:28,0
DA:29,0
DA:38,0
DA:46,0
DA:53,0
DA:55,0
DA:56,0
DA:58,0
DA:66,0
DA:73,0
DA:80,0
DA:87,0
DA:94,0
DA:101,0
LF:18
LH:0
BRDA:55,0,0,0
BRDA:55,0,1,0
BRDA:55,1,0,0
BRDA:55,1,1,0
BRF:4
BRH:0
end_of_record
TN:
SF:src/routes/payments.js
FN:62,(anonymous_0)
FN:127,(anonymous_1)
FNF:2
FNH:0
FNDA:0,(anonymous_0)
FNDA:0,(anonymous_1)
DA:12,0
DA:20,0
DA:34,0
DA:47,0
DA:55,0
DA:62,0
DA:63,0
DA:64,0
DA:65,0
[...]
DA:210,2
DA:211,2
DA:212,0
DA:224,2
DA:230,2
DA:232,1
DA:233,1
DA:236,1
DA:237,1
DA:243,1
DA:244,1
DA:248,2
DA:270,2
DA:279,3
DA:281,3
DA:282,0
DA:285,3
LF:41
LH:36
BRDA:74,0,0,0
BRDA:80,1,0,1
BRDA:80,1,1,5
BRDA:80,2,0,6
BRDA:80,2,1,2
BRDA:82,3,0,0
BRDA:82,3,1,1
BRDA:82,4,0,1
BRDA:82,4,1,1
BRDA:91,5,0,1
BRDA:91,5,1,4
BRDA:91,6,0,5
BRDA:91,6,1,4
BRDA:108,7,0,1
BRDA:108,7,1,3
BRDA:109,8,0,0
BRDA:109,8,1,1
BRDA:156,9,0,0
BRDA:156,9,1,1
BRDA:156,10,0,1
BRDA:156,10,1,1
BRDA:166,11,0,1
BRDA:166,11,1,2
BRDA:211,12,0,0
BRDA:211,12,1,2
BRDA:230,13,0,1
BRDA:230,13,1,1
BRDA:236,14,0,1
BRDA:236,14,1,0
BRDA:281,15,0,0
BRDA:281,15,1,3
BRDA:281,16,0,3
BRDA:281,16,1,3
BRF:33
BRH:26
end_of_record
TN:
SF:src/services/invoicePayment/notifications/index.js
FNF:0
FNH:0
LF:0
LH:0
BRF:0
BRH:0
end_of_record
TN:
SF:src/services/invoicePayment/notifications/orderNotifications.js
FN:20,notifyOrderConfirmed
FNF:1
FNH:1
FNDA:1,notifyOrderConfirmed
DA:22,1
DA:23,1
DA:24,0
DA:27,1
DA:28,1
DA:29,1
DA:30,1
DA:33,1
DA:34,1
DA:35,1
DA:45,0
DA:50,1
DA:51,0
DA:52,0
DA:62,0
DA:67,1
DA:68,1
DA:69,1
DA:71,0
DA:72,0
DA:73,0
DA:83,0
DA:91,0
DA:92,0
DA:99,1
LF:25
LH:14
BRDA:23,0,0,0
BRDA:23,0,1,1
BRDA:28,1,0,1
BRDA:28,1,1,0
BRDA:30,2,0,1
BRDA:30,2,1,0
BRDA:33,3,0,1
BRDA:33,3,1,0
BRDA:33,4,0,1
BRDA:33,4,1,1
BRDA:33,4,2,1
BRDA:41,5,0,1
BRDA:41,5,1,1
BRDA:50,6,0,0
BRDA:50,6,1,1
BRDA:50,7,0,1
BRDA:50,7,1,0
BRDA:50,7,2,0
BRDA:50,7,3,0
BRDA:67,8,0,1
BRDA:67,8,1,0
BRDA:67,9,0,1
BRDA:67,9,1,1
BRDA:79,10,0,0
BRDA:79,10,1,0
BRDA:91,11,0,0
BRDA:91,11,1,0
BRF:27
BRH:14
end_of_record
TN:
SF:src/services/invoicePayment/notifications/subscriptionNotifications.js
FN:17,notifySubscriptionActivated
FNF:1
FNH:1
FNDA:6,notifySubscriptionActivated
DA:18,6
DA:19,6
DA:20,6
DA:21,0
DA:24,6
DA:25,6
DA:27,6
DA:28,0
DA:29,0
DA:30,0
DA:38,0
DA:43,0
DA:44,0
DA:51,0
DA:58,0
LF:15
LH:6
BRDA:20,0,0,0
BRDA:20,0,1,6
BRDA:20,1,0,6
BRDA:20,1,1,6
BRDA:25,2,0,6
BRDA:25,2,1,0
BRDA:27,3,0,0
BRDA:27,3,1,6
BRDA:27,4,0,6
BRDA:27,4,1,6
BRDA:27,4,2,6
BRDA:28,5,0,0
BRDA:28,5,1,0
BRDA:29,6,0,0
BRDA:29,6,1,0
BRDA:30,7,0,0
BRDA:30,7,1,0
BRDA:41,8,0,0
BRDA:41,8,1,0
BRF:19
BRH:8
end_of_record
TN:
SF:src/services/invoicePayment/processors/index.js
FNF:0
FNH:0
LF:0
LH:0
BRF:0
BRH:0
end_of_record
TN:
SF:src/services/invoicePayment/processors/orderProcessor.js
FN:40,processOrderPayment
FN:264,(anonymous_1)
FNF:2
FNH:1
FNDA:13,processOrderPayment
FNDA:0,(anonymous_1)
DA:47,13
DA:49,13
DA:50,13
DA:53,11
DA:56,9
DA:57,3
DA:58,3
DA:67,6
DA:72,6
DA:73,1
DA:76,5
DA:79,5
DA:82,5
DA:84,5
DA:85,2
DA:86,1
DA:87,1
DA:90,1
DA:91,1
DA:100,3
DA:102,2
DA:103,1
DA:104,1
DA:105,1
DA:106,1
DA:110,1
DA:120,1
DA:121,1
DA:122,1
DA:130,0
DA:133,0
DA:135,0
DA:136,0
DA:137,0
DA:146,0
DA:152,0
DA:160,0
DA:168,0
DA:170,0
DA:171,0
DA:177,0
DA:179,0
DA:189,0
DA:190,0
DA:200,0
DA:206,0
DA:215,0
DA:216,0
DA:217,0
DA:218,0
DA:221,0
DA:231,0
DA:241,0
DA:252,0
DA:254,0
DA:257,0
DA:264,0
DA:265,0
DA:268,0
DA:276,6
DA:277,6
DA:279,2
DA:282,6
DA:287,6
DA:289,13
LF:65
LH:35
BRDA:45,0,0,11
BRDA:56,1,0,3
BRDA:56,1,1,6
BRDA:72,2,0,1
BRDA:72,2,1,5
BRDA:84,3,0,2
BRDA:84,3,1,3
BRDA:85,4,0,1
BRDA:85,4,1,1
BRDA:100,5,0,3
BRDA:100,5,1,0
BRDA:102,6,0,1
BRDA:102,6,1,1
BRDA:102,7,0,2
BRDA:102,7,1,1
BRDA:120,8,0,1
BRDA:120,8,1,0
BRDA:133,9,0,0
BRDA:133,9,1,0
BRDA:135,10,0,0
BRDA:135,10,1,0
BRDA:164,11,0,0
BRDA:164,11,1,0
BRDA:168,12,0,0
BRDA:168,12,1,0
BRDA:170,13,0,0
BRDA:170,13,1,0
BRDA:170,14,0,0
BRDA:170,14,1,0
BRDA:194,15,0,0
BRDA:194,15,1,0
BRDA:216,16,0,0
BRDA:216,16,1,0
BRDA:217,17,0,0
BRDA:217,17,1,0
BRF:35
BRH:15
end_of_record
TN:
SF:src/services/invoicePayment/processors/subscriptionProcessor.js
FN:54,processSubscriptionPayment
FNF:1
FNH:1
FNDA:14,processSubscriptionPayment
DA:68,14
DA:69,14
DA:71,14
DA:72,0
DA:73,0
DA:74,14
DA:75,0
DA:76,0
DA:80,14
DA:85,14
DA:86,1
DA:89,13
DA:90,13
DA:92,13
DA:94,13
DA:95,1
DA:99,12
DA:100,1
DA:108,11
DA:109,1
DA:118,10
DA:119,10
DA:122,10
DA:124,9
DA:129,9
DA:139,1
DA:142,1
DA:154,9
DA:155,9
DA:157,9
DA:159,9
DA:163,9
DA:166,9
DA:170,6
DA:174,6
DA:177,6
DA:179,6
DA:182,0
DA:183,0
DA:184,0
DA:191,0
DA:192,0
DA:202,6
DA:204,6
DA:206,0
DA:207,0
DA:208,0
DA:212,6
DA:220,6
DA:221,0
DA:225,0
DA:226,0
DA:235,6
DA:243,6
DA:244,6
DA:249,6
DA:250,6
DA:253,6
DA:261,6
DA:263,3
DA:264,3
DA:266,0
DA:270,3
DA:271,1
DA:274,1
DA:277,2
DA:283,2
DA:285,9
LF:68
LH:52
BRDA:59,0,0,11
BRDA:60,1,0,14
BRDA:61,2,0,14
BRDA:71,3,0,0
BRDA:71,3,1,14
BRDA:74,4,0,0
BRDA:74,4,1,14
BRDA:85,5,0,1
BRDA:85,5,1,13
BRDA:90,6,0,13
BRDA:90,6,1,6
BRDA:92,7,0,13
BRDA:92,7,1,10
BRDA:92,8,0,0
BRDA:92,8,1,10
BRDA:94,9,0,1
BRDA:94,9,1,12
BRDA:94,10,0,13
BRDA:94,10,1,3
BRDA:94,10,2,3
BRDA:99,11,0,1
BRDA:99,11,1,11
BRDA:108,12,0,1
BRDA:108,12,1,10
BRDA:122,13,0,9
BRDA:122,13,1,1
BRDA:131,14,0,9
BRDA:131,14,1,4
BRDA:132,15,0,9
BRDA:132,15,1,0
BRDA:133,16,0,9
BRDA:133,16,1,4
BRDA:179,17,0,0
BRDA:179,17,1,6
BRDA:182,18,0,0
BRDA:182,18,1,0
BRDA:204,19,0,0
BRDA:204,19,1,6
BRDA:204,20,0,6
BRDA:204,20,1,0
BRDA:220,21,0,0
BRDA:220,21,1,6
BRDA:249,22,0,6
BRDA:249,22,1,0
BRDA:249,23,0,6
BRDA:249,23,1,6
BRDA:270,24,0,1
BRDA:270,24,1,2
BRF:48
BRH:37
end_of_record
TN:
SF:src/services/invoicePayment/utils/index.js
FNF:0
FNH:0
LF:0
LH:0
BRF:0
BRH:0
end_of_record
TN:
SF:src/services/invoicePayment/utils/invoiceGuards.js
FN:28,ensureInvoiceActive
FN:66,guardTxReuse
FNF:2
FNH:2
FNDA:11,ensureInvoiceActive
FNDA:9,guardTxReuse
DA:29,11
DA:30,11
DA:32,11
DA:33,1
DA:36,10
DA:37,1
DA:42,1
DA:45,9
DA:67,9
DA:68,1
DA:71,8
DA:75,8
DA:76,6
DA:79,2
DA:81,2
DA:82,2
DA:84,2
DA:85,1
DA:88,1
LF:19
LH:19
BRDA:32,0,0,1
BRDA:32,0,1,10
BRDA:36,1,0,1
BRDA:36,1,1,9
BRDA:66,2,0,6
BRDA:66,3,0,3
BRDA:67,4,0,1
BRDA:67,4,1,8
BRDA:75,5,0,6
BRDA:75,5,1,2
BRDA:81,6,0,2
BRDA:81,6,1,2
BRDA:82,7,0,2
BRDA:82,7,1,0
BRDA:84,8,0,1
BRDA:84,8,1,1
BRDA:84,9,0,2
BRDA:84,9,1,1
BRF:18
BRH:17
end_of_record
TN:
SF:src/services/invoicePayment/utils/paymentRecords.js
FN:33,attachPaymentRecord
FN:64,markInvoicePaid
FNF:2
FNH:2
FNDA:6,attachPaymentRecord
FNDA:7,markInvoicePaid
DA:34,6
DA:46,6
DA:47,6
DA:50,6
DA:65,7
LF:5
LH:5
BRDA:33,0,0,0
BRDA:33,1,0,0
BRDA:46,2,0,6
BRDA:46,2,1,0
BRF:4
BRH:1
end_of_record
TN:
SF:src/services/invoicePayment/validators/index.js
FNF:0
FNH:0
LF:0
LH:0
BRF:0
BRH:0
end_of_record
TN:
SF:src/services/invoicePayment/validators/orderValidator.js
FN:27,validateAndLockOrder
FNF:1
FNH:1
FNDA:11,validateAndLockOrder
DA:28,11
DA:38,11
DA:39,1
DA:42,10
DA:44,10
DA:45,10
DA:46,10
DA:48,10
DA:49,1
DA:53,9
LF:10
LH:10
BRDA:27,0,0,0
BRDA:27,1,0,0
BRDA:38,2,0,1
BRDA:38,2,1,10
BRDA:44,3,0,10
BRDA:44,3,1,0
BRDA:46,4,0,10
BRDA:46,4,1,1
BRDA:48,5,0,1
BRDA:48,5,1,9
BRDA:48,6,0,10
BRDA:48,6,1,2
BRF:12
BRH:9
end_of_record
TN:
SF:src/services/invoicePayment/validators/subscriptionValidator.js
FN:26,validateAndLockSubscription
FNF:1
FNH:1
FNDA:9,validateAndLockSubscription
DA:28,9
DA:33,8
DA:34,1
DA:37,7
DA:40,7
DA:41,7
DA:42,5
DA:46,5
DA:47,4
DA:51,7
DA:53,7
DA:54,1
DA:57,6
LF:13
LH:13
BRDA:33,0,0,1
BRDA:33,0,1,7
BRDA:41,1,0,5
BRDA:41,1,1,2
BRDA:46,2,0,4
BRDA:46,2,1,1
BRDA:53,3,0,1
BRDA:53,3,1,6
BRDA:53,4,0,7
BRDA:53,4,1,7
BRF:10
BRH:10
end_of_record
TN:
SF:src/utils/addressValidation.js
FN:12,validateAddress
FNF:1
FNH:0
FNDA:0,validateAddress
DA:13,0
DA:14,0
DA:17,0
DA:19,0
DA:23,0
DA:28,0
DA:33,0
DA:38,0
DA:42,0
LF:9
LH:0
BRDA:13,0,0,0
BRDA:13,0,1,0
BRDA:13,1,0,0
BRDA:13,1,1,0
BRDA:19,2,0,0
BRDA:19,2,1,0
BRDA:19,2,2,0
BRDA:19,2,3,0
BRDA:19,2,4,0
BRDA:19,2,5,0
BRDA:19,2,6,0
BRDA:19,2,7,0
BRDA:19,2,8,0
BRF:13
BRH:0
end_of_record
TN:
SF:src/utils/constants.js
FNF:0
FNH:0
DA:6,2
DA:16,2
DA:22,2
DA:25,2
DA:57,2
DA:71,2
DA:77,2
DA:84,2
DA:112,2
DA:115,2
DA:121,2
DA:137,2
DA:145,2
DA:179,2
LF:14
LH:14
BRF:0
BRH:0
end_of_record
TN:
SF:src/utils/controllerHelpers.js
FN:19,handleControllerError
FN:73,withErrorHandling
FN:74,(anonymous_2)
FN:75,(anonymous_3)
FN:97,sendSuccess
FN:116,checkOwnership
FN:142,parsePagination
FNF:7
FNH:0
FNDA:0,handleControllerError
FNDA:0,withErrorHandling
FNDA:0,(anonymous_2)
FNDA:0,(anonymous_3)
FNDA:0,sendSuccess
FNDA:0,checkOwnership
FNDA:0,parsePagination
DA:21,0
DA:22,0
DA:23,0
DA:28,0
DA:36,0
DA:37,0
DA:42,0
DA:49,0
DA:54,0
DA:74,0
DA:75,0
DA:76,0
DA:77,0
DA:79,0
DA:98,0
DA:103,0
DA:117,0
DA:118,0
DA:122,0
DA:125,0
DA:126,0
DA:130,0
DA:133,0
DA:143,0
DA:144,0
DA:146,0
DA:147,0
DA:148,0
DA:150,0
LF:29
LH:0
BRDA:19,0,0,0
BRDA:21,1,0,0
BRDA:21,1,1,0
BRDA:31,2,0,0
BRDA:31,2,1,0
BRDA:36,3,0,0
BRDA:36,3,1,0
BRDA:97,4,0,0
BRDA:97,5,0,0
BRDA:100,6,0,0
BRDA:100,6,1,0
BRDA:116,7,0,0
BRDA:117,8,0,0
BRDA:117,8,1,0
BRDA:125,9,0,0
BRDA:125,9,1,0
BRDA:142,10,0,0
BRDA:143,11,0,0
BRDA:143,11,1,0
BRDA:144,12,0,0
BRDA:144,12,1,0
BRDA:146,13,0,0
BRDA:146,13,1,0
BRDA:147,14,0,0
BRDA:147,14,1,0
BRF:25
BRH:0
end_of_record
TN:
SF:src/utils/decimal.js
FN:15,convertUsdToCrypto
FN:28,amountsMatch
FN:42,roundCryptoAmount
FNF:3
FNH:0
FNDA:0,convertUsdToCrypto
FNDA:0,amountsMatch
FNDA:0,roundCryptoAmount
DA:4,0
DA:16,0
DA:17,0
DA:18,0
DA:29,0
DA:30,0
DA:31,0
DA:32,0
DA:33,0
DA:43,0
LF:10
LH:0
BRDA:28,0,0,0
BRDA:42,1,0,0
BRF:2
BRH:0
end_of_record
TN:
SF:src/utils/errors.js
FN:21,(anonymous_0)
FN:32,(anonymous_1)
FN:43,(anonymous_2)
FN:54,(anonymous_3)
FN:65,(anonymous_4)
FN:76,(anonymous_5)
FNF:6
FNH:3
FNDA:2,(anonymous_0)
FNDA:2,(anonymous_1)
FNDA:5,(anonymous_2)
FNDA:0,(anonymous_3)
FNDA:0,(anonymous_4)
FNDA:0,(anonymous_5)
DA:22,2
DA:23,2
DA:33,2
DA:34,2
DA:44,5
DA:45,5
DA:55,0
DA:56,0
DA:66,0
DA:67,0
DA:77,0
DA:78,0
LF:12
LH:6
BRDA:21,0,0,0
BRDA:32,1,0,0
BRDA:43,2,0,0
BRDA:43,3,0,5
BRDA:54,4,0,0
BRDA:65,5,0,0
BRDA:76,6,0,0
BRF:7
BRH:1
end_of_record
TN:
SF:src/utils/helpers.js
FN:4,(anonymous_0)
FN:18,(anonymous_1)
FN:25,(anonymous_2)
FN:34,(anonymous_3)
FN:48,(anonymous_4)
FN:59,(anonymous_5)
FN:70,(anonymous_6)
FN:81,(anonymous_7)
FN:92,(anonymous_8)
FN:116,(anonymous_9)
FN:117,(anonymous_10)
FN:123,(anonymous_11)
FN:134,(anonymous_12)
FN:144,(anonymous_13)
FN:152,(anonymous_14)
FN:167,(anonymous_15)
FNF:16
FNH:0
FNDA:0,(anonymous_0)
FNDA:0,(anonymous_1)
FNDA:0,(anonymous_2)
FNDA:0,(anonymous_3)
FNDA:0,(anonymous_4)
FNDA:0,(anonymous_5)
FNDA:0,(anonymous_6)
FNDA:0,(anonymous_7)
FNDA:0,(anonymous_8)
FNDA:0,(anonymous_9)
FNDA:0,(anonymous_10)
FNDA:0,(anonymous_11)
FNDA:0,(anonymous_12)
FNDA:0,(anonymous_13)
FNDA:0,(anonymous_14)
FNDA:0,(anonymous_15)
DA:4,0
DA:5,0
DA:12,0
DA:18,0
DA:19,0
DA:25,0
DA:26,0
DA:27,0
DA:28,0
DA:34,0
DA:35,0
DA:42,0
DA:48,0
DA:49,0
DA:50,0
DA:53,0
DA:59,0
DA:60,0
DA:61,0
DA:62,0
DA:64,0
DA:70,0
DA:71,0
DA:81,0
DA:82,0
DA:92,0
DA:93,0
DA:100,0
DA:101,0
DA:102,0
DA:103,0
DA:105,0
DA:106,0
DA:107,0
DA:110,0
DA:116,0
DA:117,0
DA:123,0
DA:124,0
DA:125,0
DA:127,0
DA:134,0
DA:135,0
DA:136,0
DA:138,0
DA:144,0
DA:145,0
DA:146,0
DA:152,0
DA:153,0
DA:154,0
DA:157,0
DA:158,0
DA:159,0
DA:161,0
DA:167,0
DA:168,0
DA:169,0
DA:171,0
DA:172,0
DA:173,0
DA:174,0
DA:176,0
DA:177,0
DA:179,0
DA:180,0
DA:182,0
DA:183,0
DA:185,0
LF:69
LH:0
BRDA:12,0,0,0
BRDA:12,0,1,0
BRDA:42,1,0,0
BRDA:42,1,1,0
BRDA:49,2,0,0
BRDA:49,2,1,0
BRDA:59,3,0,0
BRDA:59,4,0,0
BRDA:60,5,0,0
BRDA:60,5,1,0
BRDA:61,6,0,0
BRDA:61,6,1,0
BRDA:70,7,0,0
BRDA:73,8,0,0
BRDA:73,8,1,0
BRDA:81,9,0,0
BRDA:85,10,0,0
BRDA:85,10,1,0
BRDA:92,11,0,0
BRDA:100,12,0,0
BRDA:100,12,1,0
BRDA:101,13,0,0
BRDA:101,13,1,0
BRDA:123,14,0,0
BRDA:135,15,0,0
BRDA:135,15,1,0
BRDA:152,16,0,0
BRDA:153,17,0,0
BRDA:153,17,1,0
BRDA:153,18,0,0
BRDA:153,18,1,0
BRDA:176,19,0,0
BRDA:176,19,1,0
BRDA:177,20,0,0
BRDA:177,20,1,0
BRDA:179,21,0,0
BRDA:179,21,1,0
BRDA:180,22,0,0
BRDA:180,22,1,0
BRDA:182,23,0,0
BRDA:182,23,1,0
BRDA:183,24,0,0
BRDA:183,24,1,0
BRDA:185,25,0,0
BRDA:185,25,1,0
BRF:45
BRH:0
end_of_record
TN:
SF:src/utils/index.js
FNF:0
FNH:0
LF:0
LH:0
BRF:0
BRH:0
end_of_record
TN:
SF:src/utils/logger.js
FNF:0
FNH:0
DA:7,3
DA:8,3
DA:11,3
DA:18,3
DA:26,3
DA:33,3
DA:40,3
DA:41,3
LF:8
LH:8
BRDA:34,0,0,0
BRDA:34,0,1,3
BRDA:40,1,0,3
BRDA:40,1,1,0
BRF:4
BRH:2
end_of_record
TN:
SF:src/utils/orderStateValidator.js
FN:22,(anonymous_0)
FN:63,(anonymous_1)
FN:72,(anonymous_2)
FNF:3
FNH:0
FNDA:0,(anonymous_0)
FNDA:0,(anonymous_1)
FNDA:0,(anonymous_2)
DA:7,0
DA:22,0
DA:24,0
DA:25,0
DA:32,0
DA:33,0
DA:34,0
DA:35,0
DA:42,0
DA:43,0
DA:44,0
DA:51,0
DA:63,0
DA:64,0
DA:72,0
DA:73,0
DA:74,0
LF:17
LH:0
BRDA:24,0,0,0
BRDA:24,0,1,0
BRDA:33,1,0,0
BRDA:33,1,1,0
BRDA:42,2,0,0
BRDA:42,2,1,0
BRDA:64,3,0,0
BRDA:64,3,1,0
BRDA:74,4,0,0
BRDA:74,4,1,0
BRF:10
BRH:0
end_of_record
TN:
SF:src/utils/paymentTolerance.js
FN:31,clampTolerance
FN:74,validateTolerance
FN:132,amountsMatchWithTolerance
FN:170,toleranceToPercentage
FN:180,getToleranceInfo
FNF:5
FNH:5
FNDA:23,clampTolerance
FNDA:7,validateTolerance
FNDA:13,amountsMatchWithTolerance
FNDA:14,toleranceToPercentage
FNDA:3,getToleranceInfo
DA:18,1
DA:32,23
DA:33,2
DA:36,21
DA:39,21
DA:40,17
DA:44,4
DA:45,1
DA:51,1
DA:55,3
DA:56,3
DA:62,3
DA:65,0
DA:75,7
DA:77,7
DA:78,2
DA:85,5
DA:86,1
DA:92,4
DA:93,1
DA:99,3
DA:100,1
DA:106,2
DA:107,1
DA:113,1
DA:139,13
DA:142,13
DA:143,13
DA:146,13
DA:147,13
DA:149,13
DA:150,4
DA:161,13
DA:171,14
DA:181,3
DA:182,3
DA:183,3
DA:185,3
LF:38
LH:37
BRDA:31,0,0,3
BRDA:32,1,0,2
BRDA:32,1,1,21
BRDA:32,2,0,23
BRDA:32,2,1,22
BRDA:39,3,0,17
BRDA:39,3,1,4
BRDA:39,4,0,21
BRDA:39,4,1,20
BRDA:44,5,0,1
BRDA:44,5,1,3
BRDA:55,6,0,3
BRDA:55,6,1,0
BRDA:77,7,0,2
BRDA:77,7,1,5
BRDA:77,8,0,7
BRDA:77,8,1,6
BRDA:85,9,0,1
BRDA:85,9,1,4
BRDA:85,10,0,5
BRDA:85,10,1,4
BRDA:92,11,0,1
BRDA:92,11,1,3
BRDA:99,12,0,1
BRDA:99,12,1,2
BRDA:106,13,0,1
BRDA:106,13,1,1
BRDA:135,14,0,11
BRDA:136,15,0,9
BRDA:149,16,0,4
BRDA:149,16,1,9
BRDA:181,17,0,3
BRDA:181,17,1,0
BRF:33
BRH:31
end_of_record
TN:
SF:src/utils/urlValidator.js
FN:22,(anonymous_0)
FNF:1
FNH:0
FNDA:0,(anonymous_0)
DA:6,0
DA:22,0
DA:23,0
DA:24,0
DA:27,0
DA:28,0
DA:32,0
DA:35,0
DA:36,0
DA:40,0
DA:41,0
DA:42,0
DA:46,0
DA:48,0
LF:14
LH:0
BRDA:27,0,0,0
BRDA:27,0,1,0
BRDA:35,1,0,0
BRDA:35,1,1,0
BRDA:35,2,0,0
BRDA:35,2,1,0
BRDA:41,3,0,0
BRDA:41,3,1,0
BRF:8
BRH:0
end_of_record
TN:
SF:src/utils/validation.js
FN:14,(anonymous_0)
FN:53,(anonymous_1)
FN:88,(anonymous_2)
FNF:3
FNH:0
FNDA:0,(anonymous_0)
FNDA:0,(anonymous_1)
FNDA:0,(anonymous_2)
DA:14,0
DA:15,0
DA:16,0
DA:17,0
DA:20,0
DA:23,0
DA:30,0
DA:32,0
DA:33,0
DA:34,0
DA:37,0
DA:39,0
DA:44,0
DA:53,0
DA:54,0
DA:55,0
DA:58,0
DA:61,0
DA:62,0
DA:66,0
DA:67,0
DA:71,0
DA:72,0
DA:76,0
DA:77,0
DA:80,0
DA:88,0
DA:89,0
DA:95,0
LF:29
LH:0
BRDA:16,0,0,0
BRDA:16,0,1,0
BRDA:16,1,0,0
BRDA:16,1,1,0
BRDA:32,2,0,0
BRDA:32,2,1,0
BRDA:54,3,0,0
BRDA:54,3,1,0
BRDA:54,4,0,0
BRDA:54,4,1,0
BRDA:61,5,0,0
BRDA:61,5,1,0
BRDA:66,6,0,0
BRDA:66,6,1,0
BRDA:71,7,0,0
BRDA:71,7,1,0
BRDA:76,8,0,0
BRDA:76,8,1,0
BRDA:95,9,0,0
BRDA:95,9,1,0
BRF:20
BRH:0
end_of_record
TN:
SF:src/utils/websocket.js
FN:13,initWebSocket
FN:23,broadcast
FN:36,(anonymous_2)
FN:58,broadcastToRoom
FNF:4
FNH:1
FNDA:0,initWebSocket
FNDA:6,broadcast
FNDA:0,(anonymous_2)
FNDA:0,broadcastToRoom
DA:7,1
DA:14,0
DA:24,6
DA:25,6
DA:26,6
DA:29,0
DA:35,0
DA:36,0
DA:37,0
DA:39,0
DA:40,0
DA:44,0
DA:45,0
DA:61,0
LF:14
LH:4
BRDA:24,0,0,6
BRDA:24,0,1,0
BRDA:37,1,0,0
BRDA:37,1,1,0
BRDA:44,2,0,0
BRDA:44,2,1,0
BRF:6
BRH:1
end_of_record
TN:
SF:src/validators/orderValidator.js
FN:17,(anonymous_0)
FN:61,(anonymous_1)
FN:62,(anonymous_2)
FN:76,(anonymous_3)
FN:77,(anonymous_4)
FN:87,(anonymous_5)
FN:133,(anonymous_6)
FN:144,(anonymous_7)
FN:168,(anonymous_8)
FNF:9
FNH:0
FNDA:0,(anonymous_0)
FNDA:0,(anonymous_1)
FNDA:0,(anonymous_2)
FNDA:0,(anonymous_3)
FNDA:0,(anonymous_4)
FNDA:0,(anonymous_5)
FNDA:0,(anonymous_6)
FNDA:0,(anonymous_7)
FNDA:0,(anonymous_8)
DA:17,0
DA:18,0
DA:21,0
DA:22,0
DA:23,0
DA:25,0
DA:26,0
DA:28,0
DA:32,0
DA:33,0
DA:37,0
DA:38,0
DA:39,0
DA:41,0
DA:42,0
DA:44,0
DA:45,0
DA:49,0
DA:61,0
DA:62,0
DA:65,0
DA:75,0
DA:76,0
DA:77,0
DA:78,0
DA:82,0
DA:83,0
DA:84,0
DA:86,0
DA:87,0
DA:90,0
DA:91,0
DA:95,0
DA:96,0
DA:97,0
DA:98,0
DA:105,0
DA:106,0
DA:107,0
DA:108,0
DA:112,0
DA:113,0
DA:114,0
DA:115,0
DA:118,0
DA:129,0
DA:133,0
DA:144,0
DA:145,0
DA:146,0
DA:147,0
DA:149,0
DA:150,0
DA:151,0
DA:154,0
DA:155,0
DA:168,0
DA:169,0
DA:172,0
DA:174,0
DA:175,0
DA:177,0
DA:178,0
DA:180,0
DA:182,0
DA:183,0
DA:184,0
DA:186,0
DA:188,0
DA:189,0
DA:190,0
DA:193,0
DA:194,0
DA:195,0
DA:198,0
DA:202,0
DA:204,0
DA:205,0
DA:209,0
LF:79
LH:0
BRDA:21,0,0,0
BRDA:21,0,1,0
BRDA:21,1,0,0
BRDA:21,1,1,0
BRDA:22,2,0,0
BRDA:22,2,1,0
BRDA:22,3,0,0
BRDA:22,3,1,0
BRDA:25,4,0,0
BRDA:25,4,1,0
BRDA:32,5,0,0
BRDA:32,5,1,0
BRDA:32,6,0,0
BRDA:32,6,1,0
BRDA:32,6,2,0
BRDA:38,7,0,0
BRDA:38,7,1,0
BRDA:38,8,0,0
BRDA:38,8,1,0
BRDA:41,9,0,0
BRDA:41,9,1,0
BRDA:41,10,0,0
BRDA:41,10,1,0
BRDA:44,11,0,0
BRDA:44,11,1,0
BRDA:75,12,0,0
BRDA:75,12,1,0
BRDA:90,13,0,0
BRDA:90,13,1,0
BRDA:95,14,0,0
BRDA:95,14,1,0
BRDA:96,15,0,0
BRDA:96,15,1,0
BRDA:97,16,0,0
BRDA:97,16,1,0
BRDA:105,17,0,0
BRDA:105,17,1,0
BRDA:107,18,0,0
BRDA:107,18,1,0
BRDA:112,19,0,0
BRDA:112,19,1,0
BRDA:114,20,0,0
BRDA:114,20,1,0
BRDA:146,21,0,0
BRDA:146,21,1,0
BRDA:149,22,0,0
BRDA:149,22,1,0
BRDA:149,23,0,0
BRDA:149,23,1,0
BRDA:154,24,0,0
BRDA:154,24,1,0
BRDA:154,25,0,0
BRDA:154,25,1,0
BRDA:154,25,2,0
BRDA:172,26,0,0
BRDA:172,26,1,0
BRDA:174,27,0,0
BRDA:174,27,1,0
BRDA:177,28,0,0
BRDA:177,28,1,0
BRDA:180,29,0,0
BRDA:180,29,1,0
BRDA:180,30,0,0
BRDA:180,30,1,0
BRDA:183,31,0,0
BRDA:183,31,1,0
BRDA:186,32,0,0
BRDA:186,32,1,0
BRDA:189,33,0,0
BRDA:189,33,1,0
BRDA:194,34,0,0
BRDA:194,34,1,0
BRDA:204,35,0,0
BRDA:204,35,1,0
BRF:74
BRH:0
end_of_record
TN:
SF:src/workers/paymentVerificationWorker.js
FN:22,startPaymentVerificationWorker
FN:36,(anonymous_1)
FN:41,(anonymous_2)
FN:53,stopPaymentVerificationWorker
FN:70,processPendingPayments
FN:136,(anonymous_5)
FN:146,verifyAndProcessPaymentSafe
FN:264,confirmOrderPayment
FN:365,(anonymous_8)
FN:380,notifySellerPaymentReceived
FN:466,sleep
FN:467,(anonymous_11)
FNF:12
FNH:6
FNDA:0,startPaymentVerificationWorker
FNDA:0,(anonymous_1)
FNDA:0,(anonymous_2)
FNDA:11,stopPaymentVerificationWorker
FNDA:3,processPendingPayments
FNDA:1,(anonymous_5)
FNDA:6,verifyAndProcessPaymentSafe
FNDA:3,confirmOrderPayment
FNDA:0,(anonymous_8)
FNDA:1,notifySellerPaymentReceived
FNDA:0,sleep
FNDA:0,(anonymous_11)
DA:13,1
DA:14,1
DA:15,1
DA:17,1
DA:23,0
DA:24,0
DA:25,0
DA:28,0
DA:29,0
DA:30,0
DA:31,0
DA:32,0
DA:33,0
DA:36,0
DA:37,0
DA:41,0
DA:42,0
DA:43,0
DA:45,0
DA:54,11
DA:55,0
DA:56,0
DA:57,0
DA:71,3
DA:73,3
DA:78,3
DA:80,2
DA:106,2
DA:108,2
DA:110,2
DA:112,1
DA:115,1
DA:118,1
DA:119,1
DA:120,1
DA:122,0
DA:125,1
DA:129,1
DA:136,1
DA:137,1
DA:139,3
DA:154,6
DA:156,6
DA:163,6
DA:170,5
DA:179,5
DA:187,5
DA:188,3
DA:189,3
DA:196,2
DA:198,0
DA:204,0
DA:205,0
DA:208,0
DA:211,0
DA:217,0
DA:218,0
DA:221,0
DA:223,0
DA:229,0
DA:230,0
DA:235,0
DA:236,0
DA:242,0
DA:243,0
DA:247,0
DA:252,0
DA:265,3
DA:267,3
DA:268,3
DA:271,3
DA:280,3
DA:281,3
DA:282,2
DA:285,2
DA:287,1
DA:291,1
DA:292,1
DA:294,1
DA:298,1
DA:301,0
DA:305,0
DA:307,2
DA:311,1
DA:320,1
DA:321,1
DA:322,1
DA:324,0
DA:327,1
DA:337,1
DA:347,1
DA:356,1
DA:358,1
DA:365,1
DA:366,0
DA:370,0
DA:371,0
DA:373,3
DA:381,1
DA:382,1
DA:411,1
DA:413,0
DA:416,0
DA:417,0
DA:421,0
DA:433,0
DA:439,0
DA:440,0
DA:444,0
DA:456,0
DA:462,0
DA:467,0
LF:112
LH:59
BRDA:23,0,0,0
BRDA:23,0,1,0
BRDA:54,1,0,0
BRDA:54,1,1,11
BRDA:110,2,0,1
BRDA:110,2,1,1
BRDA:183,3,0,5
BRDA:183,3,1,1
BRDA:187,4,0,3
BRDA:187,4,1,2
BRDA:196,5,0,0
BRDA:196,5,1,0
BRDA:208,6,0,0
BRDA:208,6,1,0
BRDA:221,7,0,0
BRDA:221,7,1,0
BRDA:235,8,0,0
BRDA:235,8,1,0
BRDA:235,9,0,0
BRDA:235,9,1,0
BRDA:242,10,0,0
BRDA:242,10,1,0
BRDA:281,11,0,2
BRDA:281,11,1,1
BRDA:281,12,0,3
BRDA:281,12,1,2
BRDA:285,13,0,1
BRDA:285,13,1,1
BRDA:292,14,0,1
BRDA:292,14,1,0
BRDA:321,15,0,1
BRDA:321,15,1,0
BRDA:322,16,0,0
BRDA:322,16,1,1
BRDA:411,17,0,1
BRDA:411,17,1,0
BRDA:416,18,0,0
BRDA:416,18,1,0
BRDA:417,19,0,0
BRDA:417,19,1,0
BRDA:419,20,0,0
BRDA:419,20,1,0
BRDA:425,21,0,0
BRDA:425,21,1,0
BRDA:430,22,0,0
BRDA:430,22,1,0
BRDA:439,23,0,0
BRDA:439,23,1,0
BRDA:440,24,0,0
BRDA:440,24,1,0
BRDA:442,25,0,0
BRDA:442,25,1,0
BRF:52
BRH:17
end_of_record
TN:
SF:src/workers/syncWorker.js
FN:27,(anonymous_0)
FNF:1
FNH:0
FNDA:0,(anonymous_0)
DA:17,0
DA:18,0
DA:19,0
DA:20,0
DA:21,0
DA:24,0
DA:27,0
DA:28,0
DA:29,0
DA:32,0
DA:33,0
LF:11
LH:0
BRF:0
BRH:0
end_of_record
