{"/Users/sile/Documents/Status Stock 4.0/bot/src/config/index.js": {"path":"/Users/sile/Documents/Status Stock 4.0/bot/src/config/index.js","statementMap":{"0":{"start":{"line":3,"column":0},"end":{"line":3,"column":16}},"1":{"start":{"line":5,"column":15},"end":{"line":39,"column":1}}},"fnMap":{},"branchMap":{"0":{"loc":{"start":{"line":10,"column":14},"end":{"line":10,"column":64}},"type":"binary-expr","locations":[{"start":{"line":10,"column":14},"end":{"line":10,"column":37}},{"start":{"line":10,"column":41},"end":{"line":10,"column":64}}],"line":10},"1":{"loc":{"start":{"line":11,"column":13},"end":{"line":11,"column":64}},"type":"binary-expr","locations":[{"start":{"line":11,"column":13},"end":{"line":11,"column":35}},{"start":{"line":11,"column":39},"end":{"line":11,"column":64}}],"line":11},"2":{"loc":{"start":{"line":14,"column":11},"end":{"line":14,"column":48}},"type":"binary-expr","locations":[{"start":{"line":14,"column":11},"end":{"line":14,"column":31}},{"start":{"line":14,"column":35},"end":{"line":14,"column":48}}],"line":14},"3":{"loc":{"start":{"line":17,"column":12},"end":{"line":17,"column":43}},"type":"binary-expr","locations":[{"start":{"line":17,"column":12},"end":{"line":17,"column":33}},{"start":{"line":17,"column":37},"end":{"line":17,"column":43}}],"line":17}},"s":{"0":2,"1":2},"f":{},"b":{"0":[2,0],"1":[2,0],"2":[2,0],"3":[2,0]},"inputSourceMap":null,"_coverageSchema":"1a1c01bbd47fc00a2c39e90264f33305004495a9","hash":"f05aa92404a93035342465baa030629758412ac6"}
,"/Users/sile/Documents/Status Stock 4.0/bot/src/handlers/common.js": {"path":"/Users/sile/Documents/Status Stock 4.0/bot/src/handlers/common.js","statementMap":{"0":{"start":{"line":12,"column":35},"end":{"line":24,"column":1}},"1":{"start":{"line":14,"column":2},"end":{"line":14,"column":42}},"2":{"start":{"line":17,"column":2},"end":{"line":17,"column":48}},"3":{"start":{"line":20,"column":2},"end":{"line":20,"column":33}},"4":{"start":{"line":23,"column":2},"end":{"line":23,"column":46}},"5":{"start":{"line":29,"column":23},"end":{"line":55,"column":1}},"6":{"start":{"line":30,"column":2},"end":{"line":54,"column":3}},"7":{"start":{"line":31,"column":4},"end":{"line":31,"column":30}},"8":{"start":{"line":34,"column":22},"end":{"line":34,"column":52}},"9":{"start":{"line":36,"column":4},"end":{"line":42,"column":5}},"10":{"start":{"line":37,"column":6},"end":{"line":37,"column":97}},"11":{"start":{"line":38,"column":6},"end":{"line":38,"column":41}},"12":{"start":{"line":39,"column":11},"end":{"line":42,"column":5}},"13":{"start":{"line":40,"column":6},"end":{"line":40,"column":95}},"14":{"start":{"line":41,"column":6},"end":{"line":41,"column":40}},"15":{"start":{"line":45,"column":4},"end":{"line":45,"column":28}},"16":{"start":{"line":47,"column":4},"end":{"line":50,"column":6}},"17":{"start":{"line":52,"column":4},"end":{"line":52,"column":55}},"18":{"start":{"line":53,"column":4},"end":{"line":53,"column":16}},"19":{"start":{"line":60,"column":26},"end":{"line":76,"column":1}},"20":{"start":{"line":61,"column":2},"end":{"line":75,"column":3}},"21":{"start":{"line":62,"column":4},"end":{"line":62,"column":30}},"22":{"start":{"line":65,"column":4},"end":{"line":65,"column":28}},"23":{"start":{"line":68,"column":4},"end":{"line":71,"column":6}},"24":{"start":{"line":73,"column":4},"end":{"line":73,"column":50}},"25":{"start":{"line":74,"column":4},"end":{"line":74,"column":16}},"26":{"start":{"line":81,"column":19},"end":{"line":106,"column":1}},"27":{"start":{"line":82,"column":2},"end":{"line":105,"column":3}},"28":{"start":{"line":83,"column":4},"end":{"line":83,"column":30}},"29":{"start":{"line":86,"column":4},"end":{"line":101,"column":5}},"30":{"start":{"line":87,"column":6},"end":{"line":90,"column":8}},"31":{"start":{"line":91,"column":11},"end":{"line":101,"column":5}},"32":{"start":{"line":92,"column":6},"end":{"line":95,"column":8}},"33":{"start":{"line":97,"column":6},"end":{"line":100,"column":8}},"34":{"start":{"line":103,"column":4},"end":{"line":103,"column":50}},"35":{"start":{"line":104,"column":4},"end":{"line":104,"column":16}},"36":{"start":{"line":111,"column":25},"end":{"line":160,"column":1}},"37":{"start":{"line":112,"column":2},"end":{"line":159,"column":3}},"38":{"start":{"line":113,"column":4},"end":{"line":113,"column":30}},"39":{"start":{"line":116,"column":24},"end":{"line":116,"column":74}},"40":{"start":{"line":118,"column":4},"end":{"line":125,"column":5}},"41":{"start":{"line":119,"column":6},"end":{"line":119,"column":83}},"42":{"start":{"line":120,"column":6},"end":{"line":123,"column":8}},"43":{"start":{"line":124,"column":6},"end":{"line":124,"column":13}},"44":{"start":{"line":128,"column":20},"end":{"line":128,"column":65}},"45":{"start":{"line":129,"column":4},"end":{"line":129,"column":87}},"46":{"start":{"line":132,"column":4},"end":{"line":148,"column":5}},"47":{"start":{"line":133,"column":6},"end":{"line":143,"column":7}},"48":{"start":{"line":134,"column":8},"end":{"line":134,"column":61}},"49":{"start":{"line":135,"column":8},"end":{"line":135,"column":35}},"50":{"start":{"line":136,"column":8},"end":{"line":138,"column":9}},"51":{"start":{"line":137,"column":10},"end":{"line":137,"column":50}},"52":{"start":{"line":139,"column":8},"end":{"line":139,"column":69}},"53":{"start":{"line":141,"column":8},"end":{"line":141,"column":74}},"54":{"start":{"line":142,"column":8},"end":{"line":142,"column":35}},"55":{"start":{"line":145,"column":6},"end":{"line":145,"column":58}},"56":{"start":{"line":147,"column":6},"end":{"line":147,"column":33}},"57":{"start":{"line":151,"column":4},"end":{"line":155,"column":5}},"58":{"start":{"line":152,"column":6},"end":{"line":152,"column":34}},"59":{"start":{"line":154,"column":6},"end":{"line":154,"column":33}},"60":{"start":{"line":157,"column":4},"end":{"line":157,"column":57}},"61":{"start":{"line":158,"column":4},"end":{"line":158,"column":16}}},"fnMap":{"0":{"name":"(anonymous_0)","decl":{"start":{"line":12,"column":35},"end":{"line":12,"column":36}},"loc":{"start":{"line":12,"column":44},"end":{"line":24,"column":1}},"line":12},"1":{"name":"(anonymous_1)","decl":{"start":{"line":29,"column":23},"end":{"line":29,"column":24}},"loc":{"start":{"line":29,"column":38},"end":{"line":55,"column":1}},"line":29},"2":{"name":"(anonymous_2)","decl":{"start":{"line":60,"column":26},"end":{"line":60,"column":27}},"loc":{"start":{"line":60,"column":41},"end":{"line":76,"column":1}},"line":60},"3":{"name":"(anonymous_3)","decl":{"start":{"line":81,"column":19},"end":{"line":81,"column":20}},"loc":{"start":{"line":81,"column":34},"end":{"line":106,"column":1}},"line":81},"4":{"name":"(anonymous_4)","decl":{"start":{"line":111,"column":25},"end":{"line":111,"column":26}},"loc":{"start":{"line":111,"column":40},"end":{"line":160,"column":1}},"line":111}},"branchMap":{"0":{"loc":{"start":{"line":36,"column":4},"end":{"line":42,"column":5}},"type":"if","locations":[{"start":{"line":36,"column":4},"end":{"line":42,"column":5}},{"start":{"line":39,"column":11},"end":{"line":42,"column":5}}],"line":36},"1":{"loc":{"start":{"line":39,"column":11},"end":{"line":42,"column":5}},"type":"if","locations":[{"start":{"line":39,"column":11},"end":{"line":42,"column":5}},{"start":{},"end":{}}],"line":39},"2":{"loc":{"start":{"line":86,"column":4},"end":{"line":101,"column":5}},"type":"if","locations":[{"start":{"line":86,"column":4},"end":{"line":101,"column":5}},{"start":{"line":91,"column":11},"end":{"line":101,"column":5}}],"line":86},"3":{"loc":{"start":{"line":91,"column":11},"end":{"line":101,"column":5}},"type":"if","locations":[{"start":{"line":91,"column":11},"end":{"line":101,"column":5}},{"start":{"line":96,"column":11},"end":{"line":101,"column":5}}],"line":91},"4":{"loc":{"start":{"line":116,"column":24},"end":{"line":116,"column":74}},"type":"binary-expr","locations":[{"start":{"line":116,"column":24},"end":{"line":116,"column":40}},{"start":{"line":116,"column":44},"end":{"line":116,"column":74}}],"line":116},"5":{"loc":{"start":{"line":118,"column":4},"end":{"line":125,"column":5}},"type":"if","locations":[{"start":{"line":118,"column":4},"end":{"line":125,"column":5}},{"start":{},"end":{}}],"line":118},"6":{"loc":{"start":{"line":128,"column":20},"end":{"line":128,"column":65}},"type":"cond-expr","locations":[{"start":{"line":128,"column":47},"end":{"line":128,"column":54}},{"start":{"line":128,"column":57},"end":{"line":128,"column":65}}],"line":128},"7":{"loc":{"start":{"line":133,"column":6},"end":{"line":143,"column":7}},"type":"if","locations":[{"start":{"line":133,"column":6},"end":{"line":143,"column":7}},{"start":{"line":140,"column":13},"end":{"line":143,"column":7}}],"line":133},"8":{"loc":{"start":{"line":136,"column":8},"end":{"line":138,"column":9}},"type":"if","locations":[{"start":{"line":136,"column":8},"end":{"line":138,"column":9}},{"start":{},"end":{}}],"line":136},"9":{"loc":{"start":{"line":151,"column":4},"end":{"line":155,"column":5}},"type":"if","locations":[{"start":{"line":151,"column":4},"end":{"line":155,"column":5}},{"start":{"line":153,"column":11},"end":{"line":155,"column":5}}],"line":151}},"s":{"0":0,"1":0,"2":0,"3":0,"4":0,"5":0,"6":0,"7":0,"8":0,"9":0,"10":0,"11":0,"12":0,"13":0,"14":0,"15":0,"16":0,"17":0,"18":0,"19":0,"20":0,"21":0,"22":0,"23":0,"24":0,"25":0,"26":0,"27":0,"28":0,"29":0,"30":0,"31":0,"32":0,"33":0,"34":0,"35":0,"36":0,"37":0,"38":0,"39":0,"40":0,"41":0,"42":0,"43":0,"44":0,"45":0,"46":0,"47":0,"48":0,"49":0,"50":0,"51":0,"52":0,"53":0,"54":0,"55":0,"56":0,"57":0,"58":0,"59":0,"60":0,"61":0},"f":{"0":0,"1":0,"2":0,"3":0,"4":0},"b":{"0":[0,0],"1":[0,0],"2":[0,0],"3":[0,0],"4":[0,0],"5":[0,0],"6":[0,0],"7":[0,0],"8":[0,0],"9":[0,0]},"inputSourceMap":null}
,"/Users/sile/Documents/Status Stock 4.0/bot/src/handlers/start.js": {"path":"/Users/sile/Documents/Status Stock 4.0/bot/src/handlers/start.js","statementMap":{"0":{"start":{"line":9,"column":27},"end":{"line":65,"column":1}},"1":{"start":{"line":10,"column":2},"end":{"line":64,"column":3}},"2":{"start":{"line":11,"column":4},"end":{"line":11,"column":59}},"3":{"start":{"line":14,"column":22},"end":{"line":14,"column":52}},"4":{"start":{"line":16,"column":4},"end":{"line":50,"column":5}},"5":{"start":{"line":17,"column":6},"end":{"line":17,"column":49}},"6":{"start":{"line":18,"column":6},"end":{"line":18,"column":34}},"7":{"start":{"line":20,"column":22},"end":{"line":30,"column":7}},"8":{"start":{"line":28,"column":10},"end":{"line":28,"column":49}},"9":{"start":{"line":31,"column":6},"end":{"line":31,"column":38}},"10":{"start":{"line":32,"column":6},"end":{"line":32,"column":13}},"11":{"start":{"line":33,"column":11},"end":{"line":50,"column":5}},"12":{"start":{"line":34,"column":6},"end":{"line":34,"column":48}},"13":{"start":{"line":35,"column":6},"end":{"line":35,"column":33}},"14":{"start":{"line":37,"column":22},"end":{"line":47,"column":7}},"15":{"start":{"line":45,"column":10},"end":{"line":45,"column":49}},"16":{"start":{"line":48,"column":6},"end":{"line":48,"column":37}},"17":{"start":{"line":49,"column":6},"end":{"line":49,"column":13}},"18":{"start":{"line":53,"column":4},"end":{"line":53,"column":57}},"19":{"start":{"line":54,"column":4},"end":{"line":54,"column":28}},"20":{"start":{"line":57,"column":4},"end":{"line":60,"column":6}},"21":{"start":{"line":62,"column":4},"end":{"line":62,"column":52}},"22":{"start":{"line":63,"column":4},"end":{"line":63,"column":16}}},"fnMap":{"0":{"name":"(anonymous_0)","decl":{"start":{"line":9,"column":27},"end":{"line":9,"column":28}},"loc":{"start":{"line":9,"column":42},"end":{"line":65,"column":1}},"line":9},"1":{"name":"(anonymous_1)","decl":{"start":{"line":26,"column":23},"end":{"line":26,"column":24}},"loc":{"start":{"line":26,"column":35},"end":{"line":26,"column":37}},"line":26},"2":{"name":"(anonymous_2)","decl":{"start":{"line":27,"column":25},"end":{"line":27,"column":26}},"loc":{"start":{"line":27,"column":51},"end":{"line":29,"column":9}},"line":27},"3":{"name":"(anonymous_3)","decl":{"start":{"line":43,"column":23},"end":{"line":43,"column":24}},"loc":{"start":{"line":43,"column":35},"end":{"line":43,"column":37}},"line":43},"4":{"name":"(anonymous_4)","decl":{"start":{"line":44,"column":25},"end":{"line":44,"column":26}},"loc":{"start":{"line":44,"column":51},"end":{"line":46,"column":9}},"line":44}},"branchMap":{"0":{"loc":{"start":{"line":16,"column":4},"end":{"line":50,"column":5}},"type":"if","locations":[{"start":{"line":16,"column":4},"end":{"line":50,"column":5}},{"start":{"line":33,"column":11},"end":{"line":50,"column":5}}],"line":16},"1":{"loc":{"start":{"line":33,"column":11},"end":{"line":50,"column":5}},"type":"if","locations":[{"start":{"line":33,"column":11},"end":{"line":50,"column":5}},{"start":{},"end":{}}],"line":33}},"s":{"0":0,"1":0,"2":0,"3":0,"4":0,"5":0,"6":0,"7":0,"8":0,"9":0,"10":0,"11":0,"12":0,"13":0,"14":0,"15":0,"16":0,"17":0,"18":0,"19":0,"20":0,"21":0,"22":0},"f":{"0":0,"1":0,"2":0,"3":0,"4":0},"b":{"0":[0,0],"1":[0,0]},"inputSourceMap":null}
,"/Users/sile/Documents/Status Stock 4.0/bot/src/handlers/buyer/index.js": {"path":"/Users/sile/Documents/Status Stock 4.0/bot/src/handlers/buyer/index.js","statementMap":{"0":{"start":{"line":9,"column":34},"end":{"line":36,"column":1}},"1":{"start":{"line":11,"column":2},"end":{"line":11,"column":44}},"2":{"start":{"line":14,"column":2},"end":{"line":14,"column":48}},"3":{"start":{"line":17,"column":2},"end":{"line":17,"column":57}},"4":{"start":{"line":20,"column":2},"end":{"line":20,"column":50}},"5":{"start":{"line":23,"column":2},"end":{"line":23,"column":54}},"6":{"start":{"line":26,"column":2},"end":{"line":26,"column":35}},"7":{"start":{"line":29,"column":2},"end":{"line":29,"column":44}},"8":{"start":{"line":32,"column":2},"end":{"line":32,"column":43}},"9":{"start":{"line":35,"column":2},"end":{"line":35,"column":49}},"10":{"start":{"line":41,"column":31},"end":{"line":87,"column":1}},"11":{"start":{"line":42,"column":2},"end":{"line":86,"column":3}},"12":{"start":{"line":43,"column":4},"end":{"line":43,"column":30}},"13":{"start":{"line":45,"column":4},"end":{"line":45,"column":31}},"14":{"start":{"line":46,"column":4},"end":{"line":46,"column":59}},"15":{"start":{"line":49,"column":4},"end":{"line":59,"column":5}},"16":{"start":{"line":50,"column":6},"end":{"line":56,"column":7}},"17":{"start":{"line":51,"column":8},"end":{"line":51,"column":61}},"18":{"start":{"line":52,"column":8},"end":{"line":54,"column":9}},"19":{"start":{"line":53,"column":10},"end":{"line":53,"column":50}},"20":{"start":{"line":55,"column":8},"end":{"line":55,"column":64}},"21":{"start":{"line":58,"column":6},"end":{"line":58,"column":50}},"22":{"start":{"line":62,"column":4},"end":{"line":77,"column":5}},"23":{"start":{"line":63,"column":20},"end":{"line":63,"column":62}},"24":{"start":{"line":65,"column":6},"end":{"line":73,"column":7}},"25":{"start":{"line":67,"column":8},"end":{"line":70,"column":10}},"26":{"start":{"line":71,"column":8},"end":{"line":71,"column":69}},"27":{"start":{"line":72,"column":8},"end":{"line":72,"column":15}},"28":{"start":{"line":75,"column":6},"end":{"line":75,"column":61}},"29":{"start":{"line":79,"column":4},"end":{"line":82,"column":6}},"30":{"start":{"line":84,"column":4},"end":{"line":84,"column":56}},"31":{"start":{"line":85,"column":4},"end":{"line":85,"column":16}},"32":{"start":{"line":92,"column":26},"end":{"line":102,"column":1}},"33":{"start":{"line":93,"column":2},"end":{"line":101,"column":3}},"34":{"start":{"line":94,"column":4},"end":{"line":94,"column":30}},"35":{"start":{"line":97,"column":4},"end":{"line":97,"column":40}},"36":{"start":{"line":99,"column":4},"end":{"line":99,"column":60}},"37":{"start":{"line":100,"column":4},"end":{"line":100,"column":16}},"38":{"start":{"line":107,"column":28},"end":{"line":145,"column":1}},"39":{"start":{"line":108,"column":2},"end":{"line":144,"column":3}},"40":{"start":{"line":109,"column":4},"end":{"line":109,"column":30}},"41":{"start":{"line":112,"column":4},"end":{"line":118,"column":5}},"42":{"start":{"line":113,"column":6},"end":{"line":116,"column":8}},"43":{"start":{"line":117,"column":6},"end":{"line":117,"column":13}},"44":{"start":{"line":120,"column":26},"end":{"line":120,"column":85}},"45":{"start":{"line":122,"column":4},"end":{"line":128,"column":5}},"46":{"start":{"line":123,"column":6},"end":{"line":126,"column":8}},"47":{"start":{"line":127,"column":6},"end":{"line":127,"column":13}},"48":{"start":{"line":131,"column":18},"end":{"line":131,"column":37}},"49":{"start":{"line":132,"column":4},"end":{"line":135,"column":7}},"50":{"start":{"line":133,"column":23},"end":{"line":133,"column":65}},"51":{"start":{"line":134,"column":6},"end":{"line":134,"column":47}},"52":{"start":{"line":137,"column":4},"end":{"line":137,"column":50}},"53":{"start":{"line":139,"column":4},"end":{"line":139,"column":57}},"54":{"start":{"line":140,"column":4},"end":{"line":143,"column":6}},"55":{"start":{"line":150,"column":24},"end":{"line":209,"column":1}},"56":{"start":{"line":151,"column":2},"end":{"line":208,"column":3}},"57":{"start":{"line":152,"column":19},"end":{"line":152,"column":31}},"58":{"start":{"line":155,"column":4},"end":{"line":158,"column":5}},"59":{"start":{"line":156,"column":6},"end":{"line":156,"column":78}},"60":{"start":{"line":157,"column":6},"end":{"line":157,"column":13}},"61":{"start":{"line":161,"column":24},"end":{"line":161,"column":90}},"62":{"start":{"line":163,"column":4},"end":{"line":178,"column":5}},"63":{"start":{"line":165,"column":6},"end":{"line":165,"column":69}},"64":{"start":{"line":168,"column":19},"end":{"line":168,"column":48}},"65":{"start":{"line":171,"column":6},"end":{"line":174,"column":8}},"66":{"start":{"line":176,"column":6},"end":{"line":176,"column":78}},"67":{"start":{"line":177,"column":6},"end":{"line":177,"column":13}},"68":{"start":{"line":181,"column":4},"end":{"line":181,"column":63}},"69":{"start":{"line":184,"column":17},"end":{"line":184,"column":46}},"70":{"start":{"line":187,"column":4},"end":{"line":187,"column":46}},"71":{"start":{"line":189,"column":4},"end":{"line":192,"column":6}},"72":{"start":{"line":194,"column":4},"end":{"line":194,"column":68}},"73":{"start":{"line":196,"column":4},"end":{"line":196,"column":54}},"74":{"start":{"line":199,"column":21},"end":{"line":199,"column":48}},"75":{"start":{"line":201,"column":4},"end":{"line":207,"column":5}},"76":{"start":{"line":202,"column":6},"end":{"line":202,"column":92}},"77":{"start":{"line":203,"column":11},"end":{"line":207,"column":5}},"78":{"start":{"line":204,"column":6},"end":{"line":204,"column":75}},"79":{"start":{"line":206,"column":6},"end":{"line":206,"column":73}},"80":{"start":{"line":214,"column":26},"end":{"line":240,"column":1}},"81":{"start":{"line":215,"column":2},"end":{"line":239,"column":3}},"82":{"start":{"line":216,"column":19},"end":{"line":216,"column":31}},"83":{"start":{"line":219,"column":4},"end":{"line":222,"column":5}},"84":{"start":{"line":220,"column":6},"end":{"line":220,"column":78}},"85":{"start":{"line":221,"column":6},"end":{"line":221,"column":13}},"86":{"start":{"line":224,"column":4},"end":{"line":224,"column":45}},"87":{"start":{"line":225,"column":4},"end":{"line":225,"column":65}},"88":{"start":{"line":228,"column":17},"end":{"line":228,"column":46}},"89":{"start":{"line":230,"column":4},"end":{"line":233,"column":6}},"90":{"start":{"line":235,"column":4},"end":{"line":235,"column":72}},"91":{"start":{"line":237,"column":4},"end":{"line":237,"column":58}},"92":{"start":{"line":238,"column":4},"end":{"line":238,"column":68}},"93":{"start":{"line":245,"column":21},"end":{"line":294,"column":1}},"94":{"start":{"line":246,"column":2},"end":{"line":293,"column":3}},"95":{"start":{"line":247,"column":4},"end":{"line":247,"column":30}},"96":{"start":{"line":250,"column":4},"end":{"line":256,"column":5}},"97":{"start":{"line":251,"column":6},"end":{"line":254,"column":8}},"98":{"start":{"line":255,"column":6},"end":{"line":255,"column":13}},"99":{"start":{"line":259,"column":19},"end":{"line":259,"column":64}},"100":{"start":{"line":261,"column":4},"end":{"line":267,"column":5}},"101":{"start":{"line":262,"column":6},"end":{"line":265,"column":8}},"102":{"start":{"line":266,"column":6},"end":{"line":266,"column":13}},"103":{"start":{"line":270,"column":18},"end":{"line":270,"column":38}},"104":{"start":{"line":271,"column":25},"end":{"line":271,"column":43}},"105":{"start":{"line":273,"column":4},"end":{"line":279,"column":7}},"106":{"start":{"line":274,"column":21},"end":{"line":274,"column":52}},"107":{"start":{"line":275,"column":23},"end":{"line":275,"column":51}},"108":{"start":{"line":276,"column":25},"end":{"line":276,"column":67}},"109":{"start":{"line":278,"column":6},"end":{"line":278,"column":86}},"110":{"start":{"line":281,"column":4},"end":{"line":283,"column":5}},"111":{"start":{"line":282,"column":6},"end":{"line":282,"column":59}},"112":{"start":{"line":285,"column":4},"end":{"line":285,"column":50}},"113":{"start":{"line":286,"column":4},"end":{"line":286,"column":78}},"114":{"start":{"line":288,"column":4},"end":{"line":288,"column":50}},"115":{"start":{"line":289,"column":4},"end":{"line":292,"column":6}},"116":{"start":{"line":299,"column":19},"end":{"line":305,"column":1}},"117":{"start":{"line":300,"column":2},"end":{"line":304,"column":3}},"118":{"start":{"line":301,"column":4},"end":{"line":301,"column":67}},"119":{"start":{"line":303,"column":4},"end":{"line":303,"column":50}},"120":{"start":{"line":310,"column":23},"end":{"line":365,"column":1}},"121":{"start":{"line":311,"column":2},"end":{"line":364,"column":3}},"122":{"start":{"line":312,"column":19},"end":{"line":312,"column":31}},"123":{"start":{"line":313,"column":4},"end":{"line":313,"column":30}},"124":{"start":{"line":316,"column":17},"end":{"line":316,"column":46}},"125":{"start":{"line":319,"column":21},"end":{"line":319,"column":61}},"126":{"start":{"line":322,"column":27},"end":{"line":324,"column":46}},"127":{"start":{"line":326,"column":18},"end":{"line":326,"column":39}},"128":{"start":{"line":327,"column":4},"end":{"line":327,"column":47}},"129":{"start":{"line":329,"column":4},"end":{"line":331,"column":5}},"130":{"start":{"line":330,"column":6},"end":{"line":330,"column":41}},"131":{"start":{"line":333,"column":4},"end":{"line":333,"column":56}},"132":{"start":{"line":336,"column":4},"end":{"line":346,"column":5}},"133":{"start":{"line":337,"column":6},"end":{"line":337,"column":35}},"134":{"start":{"line":338,"column":29},"end":{"line":338,"column":49}},"135":{"start":{"line":339,"column":6},"end":{"line":341,"column":9}},"136":{"start":{"line":340,"column":8},"end":{"line":340,"column":85}},"137":{"start":{"line":343,"column":6},"end":{"line":345,"column":7}},"138":{"start":{"line":344,"column":8},"end":{"line":344,"column":63}},"139":{"start":{"line":349,"column":24},"end":{"line":349,"column":90}},"140":{"start":{"line":350,"column":25},"end":{"line":350,"column":56}},"141":{"start":{"line":352,"column":4},"end":{"line":355,"column":6}},"142":{"start":{"line":357,"column":4},"end":{"line":357,"column":69}},"143":{"start":{"line":359,"column":4},"end":{"line":359,"column":47}},"144":{"start":{"line":360,"column":4},"end":{"line":363,"column":6}}},"fnMap":{"0":{"name":"(anonymous_0)","decl":{"start":{"line":9,"column":34},"end":{"line":9,"column":35}},"loc":{"start":{"line":9,"column":43},"end":{"line":36,"column":1}},"line":9},"1":{"name":"(anonymous_1)","decl":{"start":{"line":41,"column":31},"end":{"line":41,"column":32}},"loc":{"start":{"line":41,"column":46},"end":{"line":87,"column":1}},"line":41},"2":{"name":"(anonymous_2)","decl":{"start":{"line":92,"column":26},"end":{"line":92,"column":27}},"loc":{"start":{"line":92,"column":41},"end":{"line":102,"column":1}},"line":92},"3":{"name":"(anonymous_3)","decl":{"start":{"line":107,"column":28},"end":{"line":107,"column":29}},"loc":{"start":{"line":107,"column":43},"end":{"line":145,"column":1}},"line":107},"4":{"name":"(anonymous_4)","decl":{"start":{"line":132,"column":26},"end":{"line":132,"column":27}},"loc":{"start":{"line":132,"column":42},"end":{"line":135,"column":5}},"line":132},"5":{"name":"(anonymous_5)","decl":{"start":{"line":150,"column":24},"end":{"line":150,"column":25}},"loc":{"start":{"line":150,"column":39},"end":{"line":209,"column":1}},"line":150},"6":{"name":"(anonymous_6)","decl":{"start":{"line":214,"column":26},"end":{"line":214,"column":27}},"loc":{"start":{"line":214,"column":41},"end":{"line":240,"column":1}},"line":214},"7":{"name":"(anonymous_7)","decl":{"start":{"line":245,"column":21},"end":{"line":245,"column":22}},"loc":{"start":{"line":245,"column":36},"end":{"line":294,"column":1}},"line":245},"8":{"name":"(anonymous_8)","decl":{"start":{"line":273,"column":25},"end":{"line":273,"column":26}},"loc":{"start":{"line":273,"column":43},"end":{"line":279,"column":5}},"line":273},"9":{"name":"(anonymous_9)","decl":{"start":{"line":299,"column":19},"end":{"line":299,"column":20}},"loc":{"start":{"line":299,"column":34},"end":{"line":305,"column":1}},"line":299},"10":{"name":"(anonymous_10)","decl":{"start":{"line":310,"column":23},"end":{"line":310,"column":24}},"loc":{"start":{"line":310,"column":38},"end":{"line":365,"column":1}},"line":310},"11":{"name":"(anonymous_11)","decl":{"start":{"line":339,"column":29},"end":{"line":339,"column":30}},"loc":{"start":{"line":339,"column":49},"end":{"line":341,"column":7}},"line":339}},"branchMap":{"0":{"loc":{"start":{"line":50,"column":6},"end":{"line":56,"column":7}},"type":"if","locations":[{"start":{"line":50,"column":6},"end":{"line":56,"column":7}},{"start":{},"end":{}}],"line":50},"1":{"loc":{"start":{"line":52,"column":8},"end":{"line":54,"column":9}},"type":"if","locations":[{"start":{"line":52,"column":8},"end":{"line":54,"column":9}},{"start":{},"end":{}}],"line":52},"2":{"loc":{"start":{"line":65,"column":6},"end":{"line":73,"column":7}},"type":"if","locations":[{"start":{"line":65,"column":6},"end":{"line":73,"column":7}},{"start":{},"end":{}}],"line":65},"3":{"loc":{"start":{"line":65,"column":10},"end":{"line":65,"column":38}},"type":"binary-expr","locations":[{"start":{"line":65,"column":10},"end":{"line":65,"column":16}},{"start":{"line":65,"column":20},"end":{"line":65,"column":38}}],"line":65},"4":{"loc":{"start":{"line":112,"column":4},"end":{"line":118,"column":5}},"type":"if","locations":[{"start":{"line":112,"column":4},"end":{"line":118,"column":5}},{"start":{},"end":{}}],"line":112},"5":{"loc":{"start":{"line":122,"column":4},"end":{"line":128,"column":5}},"type":"if","locations":[{"start":{"line":122,"column":4},"end":{"line":128,"column":5}},{"start":{},"end":{}}],"line":122},"6":{"loc":{"start":{"line":122,"column":8},"end":{"line":122,"column":52}},"type":"binary-expr","locations":[{"start":{"line":122,"column":8},"end":{"line":122,"column":22}},{"start":{"line":122,"column":26},"end":{"line":122,"column":52}}],"line":122},"7":{"loc":{"start":{"line":133,"column":23},"end":{"line":133,"column":65}},"type":"binary-expr","locations":[{"start":{"line":133,"column":23},"end":{"line":133,"column":36}},{"start":{"line":133,"column":40},"end":{"line":133,"column":52}},{"start":{"line":133,"column":56},"end":{"line":133,"column":65}}],"line":133},"8":{"loc":{"start":{"line":155,"column":4},"end":{"line":158,"column":5}},"type":"if","locations":[{"start":{"line":155,"column":4},"end":{"line":158,"column":5}},{"start":{},"end":{}}],"line":155},"9":{"loc":{"start":{"line":163,"column":4},"end":{"line":178,"column":5}},"type":"if","locations":[{"start":{"line":163,"column":4},"end":{"line":178,"column":5}},{"start":{},"end":{}}],"line":163},"10":{"loc":{"start":{"line":201,"column":4},"end":{"line":207,"column":5}},"type":"if","locations":[{"start":{"line":201,"column":4},"end":{"line":207,"column":5}},{"start":{"line":203,"column":11},"end":{"line":207,"column":5}}],"line":201},"11":{"loc":{"start":{"line":203,"column":11},"end":{"line":207,"column":5}},"type":"if","locations":[{"start":{"line":203,"column":11},"end":{"line":207,"column":5}},{"start":{"line":205,"column":11},"end":{"line":207,"column":5}}],"line":203},"12":{"loc":{"start":{"line":219,"column":4},"end":{"line":222,"column":5}},"type":"if","locations":[{"start":{"line":219,"column":4},"end":{"line":222,"column":5}},{"start":{},"end":{}}],"line":219},"13":{"loc":{"start":{"line":250,"column":4},"end":{"line":256,"column":5}},"type":"if","locations":[{"start":{"line":250,"column":4},"end":{"line":256,"column":5}},{"start":{},"end":{}}],"line":250},"14":{"loc":{"start":{"line":261,"column":4},"end":{"line":267,"column":5}},"type":"if","locations":[{"start":{"line":261,"column":4},"end":{"line":267,"column":5}},{"start":{},"end":{}}],"line":261},"15":{"loc":{"start":{"line":261,"column":8},"end":{"line":261,"column":38}},"type":"binary-expr","locations":[{"start":{"line":261,"column":8},"end":{"line":261,"column":15}},{"start":{"line":261,"column":19},"end":{"line":261,"column":38}}],"line":261},"16":{"loc":{"start":{"line":275,"column":23},"end":{"line":275,"column":51}},"type":"binary-expr","locations":[{"start":{"line":275,"column":23},"end":{"line":275,"column":38}},{"start":{"line":275,"column":42},"end":{"line":275,"column":51}}],"line":275},"17":{"loc":{"start":{"line":276,"column":25},"end":{"line":276,"column":67}},"type":"binary-expr","locations":[{"start":{"line":276,"column":25},"end":{"line":276,"column":42}},{"start":{"line":276,"column":46},"end":{"line":276,"column":62}},{"start":{"line":276,"column":66},"end":{"line":276,"column":67}}],"line":276},"18":{"loc":{"start":{"line":281,"column":4},"end":{"line":283,"column":5}},"type":"if","locations":[{"start":{"line":281,"column":4},"end":{"line":283,"column":5}},{"start":{},"end":{}}],"line":281},"19":{"loc":{"start":{"line":322,"column":27},"end":{"line":324,"column":46}},"type":"cond-expr","locations":[{"start":{"line":323,"column":8},"end":{"line":323,"column":34}},{"start":{"line":324,"column":9},"end":{"line":324,"column":45}}],"line":322},"20":{"loc":{"start":{"line":324,"column":9},"end":{"line":324,"column":45}},"type":"binary-expr","locations":[{"start":{"line":324,"column":9},"end":{"line":324,"column":31}},{"start":{"line":324,"column":35},"end":{"line":324,"column":45}}],"line":324},"21":{"loc":{"start":{"line":329,"column":4},"end":{"line":331,"column":5}},"type":"if","locations":[{"start":{"line":329,"column":4},"end":{"line":331,"column":5}},{"start":{},"end":{}}],"line":329},"22":{"loc":{"start":{"line":329,"column":8},"end":{"line":329,"column":71}},"type":"binary-expr","locations":[{"start":{"line":329,"column":8},"end":{"line":329,"column":24}},{"start":{"line":329,"column":28},"end":{"line":329,"column":71}}],"line":329},"23":{"loc":{"start":{"line":333,"column":31},"end":{"line":333,"column":51}},"type":"binary-expr","locations":[{"start":{"line":333,"column":31},"end":{"line":333,"column":46}},{"start":{"line":333,"column":50},"end":{"line":333,"column":51}}],"line":333},"24":{"loc":{"start":{"line":336,"column":4},"end":{"line":346,"column":5}},"type":"if","locations":[{"start":{"line":336,"column":4},"end":{"line":346,"column":5}},{"start":{},"end":{}}],"line":336},"25":{"loc":{"start":{"line":336,"column":8},"end":{"line":336,"column":39}},"type":"binary-expr","locations":[{"start":{"line":336,"column":8},"end":{"line":336,"column":16}},{"start":{"line":336,"column":20},"end":{"line":336,"column":39}}],"line":336},"26":{"loc":{"start":{"line":343,"column":6},"end":{"line":345,"column":7}},"type":"if","locations":[{"start":{"line":343,"column":6},"end":{"line":345,"column":7}},{"start":{},"end":{}}],"line":343},"27":{"loc":{"start":{"line":350,"column":25},"end":{"line":350,"column":56}},"type":"binary-expr","locations":[{"start":{"line":350,"column":25},"end":{"line":350,"column":47}},{"start":{"line":350,"column":51},"end":{"line":350,"column":56}}],"line":350}},"s":{"0":0,"1":0,"2":0,"3":0,"4":0,"5":0,"6":0,"7":0,"8":0,"9":0,"10":0,"11":0,"12":0,"13":0,"14":0,"15":0,"16":0,"17":0,"18":0,"19":0,"20":0,"21":0,"22":0,"23":0,"24":0,"25":0,"26":0,"27":0,"28":0,"29":0,"30":0,"31":0,"32":0,"33":0,"34":0,"35":0,"36":0,"37":0,"38":0,"39":0,"40":0,"41":0,"42":0,"43":0,"44":0,"45":0,"46":0,"47":0,"48":0,"49":0,"50":0,"51":0,"52":0,"53":0,"54":0,"55":0,"56":0,"57":0,"58":0,"59":0,"60":0,"61":0,"62":0,"63":0,"64":0,"65":0,"66":0,"67":0,"68":0,"69":0,"70":0,"71":0,"72":0,"73":0,"74":0,"75":0,"76":0,"77":0,"78":0,"79":0,"80":0,"81":0,"82":0,"83":0,"84":0,"85":0,"86":0,"87":0,"88":0,"89":0,"90":0,"91":0,"92":0,"93":0,"94":0,"95":0,"96":0,"97":0,"98":0,"99":0,"100":0,"101":0,"102":0,"103":0,"104":0,"105":0,"106":0,"107":0,"108":0,"109":0,"110":0,"111":0,"112":0,"113":0,"114":0,"115":0,"116":0,"117":0,"118":0,"119":0,"120":0,"121":0,"122":0,"123":0,"124":0,"125":0,"126":0,"127":0,"128":0,"129":0,"130":0,"131":0,"132":0,"133":0,"134":0,"135":0,"136":0,"137":0,"138":0,"139":0,"140":0,"141":0,"142":0,"143":0,"144":0},"f":{"0":0,"1":0,"2":0,"3":0,"4":0,"5":0,"6":0,"7":0,"8":0,"9":0,"10":0,"11":0},"b":{"0":[0,0],"1":[0,0],"2":[0,0],"3":[0,0],"4":[0,0],"5":[0,0],"6":[0,0],"7":[0,0,0],"8":[0,0],"9":[0,0],"10":[0,0],"11":[0,0],"12":[0,0],"13":[0,0],"14":[0,0],"15":[0,0],"16":[0,0],"17":[0,0,0],"18":[0,0],"19":[0,0],"20":[0,0],"21":[0,0],"22":[0,0],"23":[0,0],"24":[0,0],"25":[0,0],"26":[0,0],"27":[0,0]},"inputSourceMap":null}
,"/Users/sile/Documents/Status Stock 4.0/bot/src/handlers/seller/index.js": {"path":"/Users/sile/Documents/Status Stock 4.0/bot/src/handlers/seller/index.js","statementMap":{"0":{"start":{"line":9,"column":32},"end":{"line":103,"column":1}},"1":{"start":{"line":10,"column":2},"end":{"line":102,"column":3}},"2":{"start":{"line":11,"column":4},"end":{"line":11,"column":30}},"3":{"start":{"line":13,"column":4},"end":{"line":13,"column":32}},"4":{"start":{"line":14,"column":4},"end":{"line":14,"column":60}},"5":{"start":{"line":17,"column":4},"end":{"line":27,"column":5}},"6":{"start":{"line":18,"column":6},"end":{"line":24,"column":7}},"7":{"start":{"line":19,"column":8},"end":{"line":19,"column":62}},"8":{"start":{"line":20,"column":8},"end":{"line":22,"column":9}},"9":{"start":{"line":21,"column":10},"end":{"line":21,"column":51}},"10":{"start":{"line":23,"column":8},"end":{"line":23,"column":65}},"11":{"start":{"line":26,"column":6},"end":{"line":26,"column":50}},"12":{"start":{"line":30,"column":4},"end":{"line":98,"column":5}},"13":{"start":{"line":32,"column":4},"end":{"line":41,"column":7}},"14":{"start":{"line":33,"column":6},"end":{"line":33,"column":73}},"15":{"start":{"line":34,"column":6},"end":{"line":34,"column":32}},"16":{"start":{"line":35,"column":6},"end":{"line":35,"column":34}},"17":{"start":{"line":36,"column":6},"end":{"line":39,"column":8}},"18":{"start":{"line":40,"column":6},"end":{"line":40,"column":13}},"19":{"start":{"line":44,"column":20},"end":{"line":44,"column":62}},"20":{"start":{"line":46,"column":6},"end":{"line":51,"column":9}},"21":{"start":{"line":53,"column":6},"end":{"line":77,"column":7}},"22":{"start":{"line":54,"column":21},"end":{"line":54,"column":29}},"23":{"start":{"line":55,"column":8},"end":{"line":55,"column":37}},"24":{"start":{"line":56,"column":8},"end":{"line":56,"column":41}},"25":{"start":{"line":58,"column":8},"end":{"line":63,"column":11}},"26":{"start":{"line":65,"column":8},"end":{"line":68,"column":10}},"27":{"start":{"line":70,"column":8},"end":{"line":70,"column":82}},"28":{"start":{"line":71,"column":8},"end":{"line":71,"column":34}},"29":{"start":{"line":72,"column":8},"end":{"line":72,"column":36}},"30":{"start":{"line":73,"column":8},"end":{"line":76,"column":10}},"31":{"start":{"line":79,"column":6},"end":{"line":79,"column":50}},"32":{"start":{"line":81,"column":6},"end":{"line":97,"column":7}},"33":{"start":{"line":83,"column":8},"end":{"line":83,"column":34}},"34":{"start":{"line":84,"column":8},"end":{"line":84,"column":36}},"35":{"start":{"line":85,"column":8},"end":{"line":88,"column":10}},"36":{"start":{"line":91,"column":8},"end":{"line":91,"column":34}},"37":{"start":{"line":92,"column":8},"end":{"line":92,"column":36}},"38":{"start":{"line":93,"column":8},"end":{"line":96,"column":10}},"39":{"start":{"line":100,"column":4},"end":{"line":100,"column":57}},"40":{"start":{"line":101,"column":4},"end":{"line":101,"column":16}},"41":{"start":{"line":108,"column":25},"end":{"line":118,"column":1}},"42":{"start":{"line":109,"column":2},"end":{"line":117,"column":3}},"43":{"start":{"line":110,"column":4},"end":{"line":110,"column":30}},"44":{"start":{"line":113,"column":4},"end":{"line":113,"column":40}},"45":{"start":{"line":115,"column":4},"end":{"line":115,"column":60}},"46":{"start":{"line":116,"column":4},"end":{"line":116,"column":16}},"47":{"start":{"line":123,"column":25},"end":{"line":142,"column":1}},"48":{"start":{"line":124,"column":2},"end":{"line":141,"column":3}},"49":{"start":{"line":125,"column":4},"end":{"line":125,"column":30}},"50":{"start":{"line":128,"column":4},"end":{"line":134,"column":5}},"51":{"start":{"line":129,"column":6},"end":{"line":132,"column":8}},"52":{"start":{"line":133,"column":6},"end":{"line":133,"column":13}},"53":{"start":{"line":137,"column":4},"end":{"line":137,"column":40}},"54":{"start":{"line":139,"column":4},"end":{"line":139,"column":60}},"55":{"start":{"line":140,"column":4},"end":{"line":140,"column":16}},"56":{"start":{"line":147,"column":23},"end":{"line":203,"column":1}},"57":{"start":{"line":148,"column":2},"end":{"line":202,"column":3}},"58":{"start":{"line":149,"column":4},"end":{"line":149,"column":30}},"59":{"start":{"line":152,"column":4},"end":{"line":158,"column":5}},"60":{"start":{"line":153,"column":6},"end":{"line":156,"column":8}},"61":{"start":{"line":157,"column":6},"end":{"line":157,"column":13}},"62":{"start":{"line":161,"column":21},"end":{"line":161,"column":73}},"63":{"start":{"line":163,"column":4},"end":{"line":170,"column":5}},"64":{"start":{"line":164,"column":23},"end":{"line":164,"column":56}},"65":{"start":{"line":165,"column":6},"end":{"line":168,"column":8}},"66":{"start":{"line":169,"column":6},"end":{"line":169,"column":13}},"67":{"start":{"line":173,"column":21},"end":{"line":173,"column":54}},"68":{"start":{"line":174,"column":18},"end":{"line":174,"column":59}},"69":{"start":{"line":175,"column":4},"end":{"line":175,"column":42}},"70":{"start":{"line":177,"column":27},"end":{"line":177,"column":47}},"71":{"start":{"line":179,"column":4},"end":{"line":187,"column":7}},"72":{"start":{"line":180,"column":20},"end":{"line":181,"column":84}},"73":{"start":{"line":182,"column":25},"end":{"line":182,"column":47}},"74":{"start":{"line":184,"column":6},"end":{"line":184,"column":51}},"75":{"start":{"line":185,"column":6},"end":{"line":185,"column":54}},"76":{"start":{"line":186,"column":6},"end":{"line":186,"column":56}},"77":{"start":{"line":189,"column":4},"end":{"line":191,"column":5}},"78":{"start":{"line":190,"column":6},"end":{"line":190,"column":61}},"79":{"start":{"line":193,"column":4},"end":{"line":193,"column":61}},"80":{"start":{"line":194,"column":4},"end":{"line":194,"column":82}},"81":{"start":{"line":196,"column":4},"end":{"line":196,"column":52}},"82":{"start":{"line":197,"column":21},"end":{"line":197,"column":54}},"83":{"start":{"line":198,"column":4},"end":{"line":201,"column":6}},"84":{"start":{"line":208,"column":20},"end":{"line":274,"column":1}},"85":{"start":{"line":209,"column":2},"end":{"line":273,"column":3}},"86":{"start":{"line":210,"column":4},"end":{"line":210,"column":30}},"87":{"start":{"line":213,"column":4},"end":{"line":219,"column":5}},"88":{"start":{"line":214,"column":6},"end":{"line":217,"column":8}},"89":{"start":{"line":218,"column":6},"end":{"line":218,"column":13}},"90":{"start":{"line":222,"column":4},"end":{"line":229,"column":5}},"91":{"start":{"line":223,"column":23},"end":{"line":223,"column":56}},"92":{"start":{"line":224,"column":6},"end":{"line":227,"column":8}},"93":{"start":{"line":228,"column":6},"end":{"line":228,"column":13}},"94":{"start":{"line":232,"column":19},"end":{"line":232,"column":86}},"95":{"start":{"line":234,"column":21},"end":{"line":234,"column":54}},"96":{"start":{"line":236,"column":4},"end":{"line":242,"column":5}},"97":{"start":{"line":237,"column":6},"end":{"line":240,"column":8}},"98":{"start":{"line":241,"column":6},"end":{"line":241,"column":13}},"99":{"start":{"line":245,"column":18},"end":{"line":245,"column":54}},"100":{"start":{"line":246,"column":4},"end":{"line":246,"column":42}},"101":{"start":{"line":248,"column":25},"end":{"line":248,"column":43}},"102":{"start":{"line":250,"column":4},"end":{"line":258,"column":7}},"103":{"start":{"line":251,"column":21},"end":{"line":251,"column":52}},"104":{"start":{"line":252,"column":24},"end":{"line":254,"column":50}},"105":{"start":{"line":255,"column":25},"end":{"line":255,"column":67}},"106":{"start":{"line":257,"column":6},"end":{"line":257,"column":87}},"107":{"start":{"line":260,"column":4},"end":{"line":262,"column":5}},"108":{"start":{"line":261,"column":6},"end":{"line":261,"column":59}},"109":{"start":{"line":264,"column":4},"end":{"line":264,"column":61}},"110":{"start":{"line":265,"column":4},"end":{"line":265,"column":77}},"111":{"start":{"line":267,"column":4},"end":{"line":267,"column":49}},"112":{"start":{"line":268,"column":21},"end":{"line":268,"column":54}},"113":{"start":{"line":269,"column":4},"end":{"line":272,"column":6}},"114":{"start":{"line":279,"column":22},"end":{"line":298,"column":1}},"115":{"start":{"line":280,"column":2},"end":{"line":297,"column":3}},"116":{"start":{"line":281,"column":4},"end":{"line":281,"column":30}},"117":{"start":{"line":284,"column":4},"end":{"line":290,"column":5}},"118":{"start":{"line":285,"column":6},"end":{"line":288,"column":8}},"119":{"start":{"line":289,"column":6},"end":{"line":289,"column":13}},"120":{"start":{"line":293,"column":4},"end":{"line":293,"column":43}},"121":{"start":{"line":295,"column":4},"end":{"line":295,"column":63}},"122":{"start":{"line":296,"column":4},"end":{"line":296,"column":16}},"123":{"start":{"line":303,"column":35},"end":{"line":324,"column":1}},"124":{"start":{"line":305,"column":2},"end":{"line":305,"column":46}},"125":{"start":{"line":308,"column":2},"end":{"line":308,"column":53}},"126":{"start":{"line":311,"column":2},"end":{"line":311,"column":53}},"127":{"start":{"line":314,"column":2},"end":{"line":314,"column":48}},"128":{"start":{"line":317,"column":2},"end":{"line":317,"column":42}},"129":{"start":{"line":320,"column":2},"end":{"line":320,"column":46}},"130":{"start":{"line":323,"column":2},"end":{"line":323,"column":46}}},"fnMap":{"0":{"name":"(anonymous_0)","decl":{"start":{"line":9,"column":32},"end":{"line":9,"column":33}},"loc":{"start":{"line":9,"column":47},"end":{"line":103,"column":1}},"line":9},"1":{"name":"(anonymous_1)","decl":{"start":{"line":108,"column":25},"end":{"line":108,"column":26}},"loc":{"start":{"line":108,"column":40},"end":{"line":118,"column":1}},"line":108},"2":{"name":"(anonymous_2)","decl":{"start":{"line":123,"column":25},"end":{"line":123,"column":26}},"loc":{"start":{"line":123,"column":40},"end":{"line":142,"column":1}},"line":123},"3":{"name":"(anonymous_3)","decl":{"start":{"line":147,"column":23},"end":{"line":147,"column":24}},"loc":{"start":{"line":147,"column":38},"end":{"line":203,"column":1}},"line":147},"4":{"name":"(anonymous_4)","decl":{"start":{"line":179,"column":27},"end":{"line":179,"column":28}},"loc":{"start":{"line":179,"column":47},"end":{"line":187,"column":5}},"line":179},"5":{"name":"(anonymous_5)","decl":{"start":{"line":208,"column":20},"end":{"line":208,"column":21}},"loc":{"start":{"line":208,"column":35},"end":{"line":274,"column":1}},"line":208},"6":{"name":"(anonymous_6)","decl":{"start":{"line":250,"column":25},"end":{"line":250,"column":26}},"loc":{"start":{"line":250,"column":43},"end":{"line":258,"column":5}},"line":250},"7":{"name":"(anonymous_7)","decl":{"start":{"line":279,"column":22},"end":{"line":279,"column":23}},"loc":{"start":{"line":279,"column":37},"end":{"line":298,"column":1}},"line":279},"8":{"name":"(anonymous_8)","decl":{"start":{"line":303,"column":35},"end":{"line":303,"column":36}},"loc":{"start":{"line":303,"column":44},"end":{"line":324,"column":1}},"line":303}},"branchMap":{"0":{"loc":{"start":{"line":18,"column":6},"end":{"line":24,"column":7}},"type":"if","locations":[{"start":{"line":18,"column":6},"end":{"line":24,"column":7}},{"start":{},"end":{}}],"line":18},"1":{"loc":{"start":{"line":20,"column":8},"end":{"line":22,"column":9}},"type":"if","locations":[{"start":{"line":20,"column":8},"end":{"line":22,"column":9}},{"start":{},"end":{}}],"line":20},"2":{"loc":{"start":{"line":32,"column":4},"end":{"line":41,"column":7}},"type":"if","locations":[{"start":{"line":32,"column":4},"end":{"line":41,"column":7}},{"start":{},"end":{}}],"line":32},"3":{"loc":{"start":{"line":49,"column":20},"end":{"line":49,"column":69}},"type":"cond-expr","locations":[{"start":{"line":49,"column":43},"end":{"line":49,"column":55}},{"start":{"line":49,"column":58},"end":{"line":49,"column":69}}],"line":49},"4":{"loc":{"start":{"line":53,"column":6},"end":{"line":77,"column":7}},"type":"if","locations":[{"start":{"line":53,"column":6},"end":{"line":77,"column":7}},{"start":{"line":69,"column":13},"end":{"line":77,"column":7}}],"line":53},"5":{"loc":{"start":{"line":53,"column":10},"end":{"line":53,"column":59}},"type":"binary-expr","locations":[{"start":{"line":53,"column":10},"end":{"line":53,"column":15}},{"start":{"line":53,"column":19},"end":{"line":53,"column":39}},{"start":{"line":53,"column":43},"end":{"line":53,"column":59}}],"line":53},"6":{"loc":{"start":{"line":81,"column":6},"end":{"line":97,"column":7}},"type":"if","locations":[{"start":{"line":81,"column":6},"end":{"line":97,"column":7}},{"start":{"line":89,"column":13},"end":{"line":97,"column":7}}],"line":81},"7":{"loc":{"start":{"line":81,"column":10},"end":{"line":81,"column":74}},"type":"binary-expr","locations":[{"start":{"line":81,"column":10},"end":{"line":81,"column":40}},{"start":{"line":81,"column":44},"end":{"line":81,"column":74}}],"line":81},"8":{"loc":{"start":{"line":128,"column":4},"end":{"line":134,"column":5}},"type":"if","locations":[{"start":{"line":128,"column":4},"end":{"line":134,"column":5}},{"start":{},"end":{}}],"line":128},"9":{"loc":{"start":{"line":152,"column":4},"end":{"line":158,"column":5}},"type":"if","locations":[{"start":{"line":152,"column":4},"end":{"line":158,"column":5}},{"start":{},"end":{}}],"line":152},"10":{"loc":{"start":{"line":163,"column":4},"end":{"line":170,"column":5}},"type":"if","locations":[{"start":{"line":163,"column":4},"end":{"line":170,"column":5}},{"start":{},"end":{}}],"line":163},"11":{"loc":{"start":{"line":163,"column":8},"end":{"line":163,"column":42}},"type":"binary-expr","locations":[{"start":{"line":163,"column":8},"end":{"line":163,"column":17}},{"start":{"line":163,"column":21},"end":{"line":163,"column":42}}],"line":163},"12":{"loc":{"start":{"line":164,"column":23},"end":{"line":164,"column":56}},"type":"binary-expr","locations":[{"start":{"line":164,"column":23},"end":{"line":164,"column":43}},{"start":{"line":164,"column":47},"end":{"line":164,"column":56}}],"line":164},"13":{"loc":{"start":{"line":173,"column":21},"end":{"line":173,"column":54}},"type":"binary-expr","locations":[{"start":{"line":173,"column":21},"end":{"line":173,"column":41}},{"start":{"line":173,"column":45},"end":{"line":173,"column":54}}],"line":173},"14":{"loc":{"start":{"line":180,"column":20},"end":{"line":181,"column":84}},"type":"cond-expr","locations":[{"start":{"line":180,"column":59},"end":{"line":180,"column":81}},{"start":{"line":181,"column":20},"end":{"line":181,"column":83}}],"line":180},"15":{"loc":{"start":{"line":181,"column":20},"end":{"line":181,"column":83}},"type":"cond-expr","locations":[{"start":{"line":181,"column":58},"end":{"line":181,"column":79}},{"start":{"line":181,"column":82},"end":{"line":181,"column":83}}],"line":181},"16":{"loc":{"start":{"line":182,"column":25},"end":{"line":182,"column":47}},"type":"cond-expr","locations":[{"start":{"line":182,"column":37},"end":{"line":182,"column":40}},{"start":{"line":182,"column":43},"end":{"line":182,"column":47}}],"line":182},"17":{"loc":{"start":{"line":189,"column":4},"end":{"line":191,"column":5}},"type":"if","locations":[{"start":{"line":189,"column":4},"end":{"line":191,"column":5}},{"start":{},"end":{}}],"line":189},"18":{"loc":{"start":{"line":197,"column":21},"end":{"line":197,"column":54}},"type":"binary-expr","locations":[{"start":{"line":197,"column":21},"end":{"line":197,"column":41}},{"start":{"line":197,"column":45},"end":{"line":197,"column":54}}],"line":197},"19":{"loc":{"start":{"line":213,"column":4},"end":{"line":219,"column":5}},"type":"if","locations":[{"start":{"line":213,"column":4},"end":{"line":219,"column":5}},{"start":{},"end":{}}],"line":213},"20":{"loc":{"start":{"line":222,"column":4},"end":{"line":229,"column":5}},"type":"if","locations":[{"start":{"line":222,"column":4},"end":{"line":229,"column":5}},{"start":{},"end":{}}],"line":222},"21":{"loc":{"start":{"line":223,"column":23},"end":{"line":223,"column":56}},"type":"binary-expr","locations":[{"start":{"line":223,"column":23},"end":{"line":223,"column":43}},{"start":{"line":223,"column":47},"end":{"line":223,"column":56}}],"line":223},"22":{"loc":{"start":{"line":234,"column":21},"end":{"line":234,"column":54}},"type":"binary-expr","locations":[{"start":{"line":234,"column":21},"end":{"line":234,"column":41}},{"start":{"line":234,"column":45},"end":{"line":234,"column":54}}],"line":234},"23":{"loc":{"start":{"line":236,"column":4},"end":{"line":242,"column":5}},"type":"if","locations":[{"start":{"line":236,"column":4},"end":{"line":242,"column":5}},{"start":{},"end":{}}],"line":236},"24":{"loc":{"start":{"line":236,"column":8},"end":{"line":236,"column":38}},"type":"binary-expr","locations":[{"start":{"line":236,"column":8},"end":{"line":236,"column":15}},{"start":{"line":236,"column":19},"end":{"line":236,"column":38}}],"line":236},"25":{"loc":{"start":{"line":252,"column":24},"end":{"line":254,"column":50}},"type":"cond-expr","locations":[{"start":{"line":253,"column":10},"end":{"line":253,"column":36}},{"start":{"line":254,"column":11},"end":{"line":254,"column":49}}],"line":252},"26":{"loc":{"start":{"line":254,"column":11},"end":{"line":254,"column":49}},"type":"binary-expr","locations":[{"start":{"line":254,"column":11},"end":{"line":254,"column":33}},{"start":{"line":254,"column":37},"end":{"line":254,"column":49}}],"line":254},"27":{"loc":{"start":{"line":255,"column":25},"end":{"line":255,"column":67}},"type":"binary-expr","locations":[{"start":{"line":255,"column":25},"end":{"line":255,"column":42}},{"start":{"line":255,"column":46},"end":{"line":255,"column":62}},{"start":{"line":255,"column":66},"end":{"line":255,"column":67}}],"line":255},"28":{"loc":{"start":{"line":260,"column":4},"end":{"line":262,"column":5}},"type":"if","locations":[{"start":{"line":260,"column":4},"end":{"line":262,"column":5}},{"start":{},"end":{}}],"line":260},"29":{"loc":{"start":{"line":268,"column":21},"end":{"line":268,"column":54}},"type":"binary-expr","locations":[{"start":{"line":268,"column":21},"end":{"line":268,"column":41}},{"start":{"line":268,"column":45},"end":{"line":268,"column":54}}],"line":268},"30":{"loc":{"start":{"line":284,"column":4},"end":{"line":290,"column":5}},"type":"if","locations":[{"start":{"line":284,"column":4},"end":{"line":290,"column":5}},{"start":{},"end":{}}],"line":284}},"s":{"0":0,"1":0,"2":0,"3":0,"4":0,"5":0,"6":0,"7":0,"8":0,"9":0,"10":0,"11":0,"12":0,"13":0,"14":0,"15":0,"16":0,"17":0,"18":0,"19":0,"20":0,"21":0,"22":0,"23":0,"24":0,"25":0,"26":0,"27":0,"28":0,"29":0,"30":0,"31":0,"32":0,"33":0,"34":0,"35":0,"36":0,"37":0,"38":0,"39":0,"40":0,"41":0,"42":0,"43":0,"44":0,"45":0,"46":0,"47":0,"48":0,"49":0,"50":0,"51":0,"52":0,"53":0,"54":0,"55":0,"56":0,"57":0,"58":0,"59":0,"60":0,"61":0,"62":0,"63":0,"64":0,"65":0,"66":0,"67":0,"68":0,"69":0,"70":0,"71":0,"72":0,"73":0,"74":0,"75":0,"76":0,"77":0,"78":0,"79":0,"80":0,"81":0,"82":0,"83":0,"84":0,"85":0,"86":0,"87":0,"88":0,"89":0,"90":0,"91":0,"92":0,"93":0,"94":0,"95":0,"96":0,"97":0,"98":0,"99":0,"100":0,"101":0,"102":0,"103":0,"104":0,"105":0,"106":0,"107":0,"108":0,"109":0,"110":0,"111":0,"112":0,"113":0,"114":0,"115":0,"116":0,"117":0,"118":0,"119":0,"120":0,"121":0,"122":0,"123":0,"124":0,"125":0,"126":0,"127":0,"128":0,"129":0,"130":0},"f":{"0":0,"1":0,"2":0,"3":0,"4":0,"5":0,"6":0,"7":0,"8":0},"b":{"0":[0,0],"1":[0,0],"2":[0,0],"3":[0,0],"4":[0,0],"5":[0,0,0],"6":[0,0],"7":[0,0],"8":[0,0],"9":[0,0],"10":[0,0],"11":[0,0],"12":[0,0],"13":[0,0],"14":[0,0],"15":[0,0],"16":[0,0],"17":[0,0],"18":[0,0],"19":[0,0],"20":[0,0],"21":[0,0],"22":[0,0],"23":[0,0],"24":[0,0],"25":[0,0],"26":[0,0],"27":[0,0,0],"28":[0,0],"29":[0,0],"30":[0,0]},"inputSourceMap":null}
,"/Users/sile/Documents/Status Stock 4.0/bot/src/keyboards/buyer.js": {"path":"/Users/sile/Documents/Status Stock 4.0/bot/src/keyboards/buyer.js","statementMap":{"0":{"start":{"line":5,"column":25},"end":{"line":12,"column":2}},"1":{"start":{"line":15,"column":31},"end":{"line":23,"column":2}},"2":{"start":{"line":26,"column":35},"end":{"line":44,"column":1}},"3":{"start":{"line":27,"column":18},"end":{"line":27,"column":20}},"4":{"start":{"line":29,"column":2},"end":{"line":36,"column":3}},"5":{"start":{"line":30,"column":4},"end":{"line":30,"column":84}},"6":{"start":{"line":32,"column":4},"end":{"line":35,"column":6}},"7":{"start":{"line":38,"column":2},"end":{"line":41,"column":4}},"8":{"start":{"line":43,"column":2},"end":{"line":43,"column":40}}},"fnMap":{"0":{"name":"(anonymous_0)","decl":{"start":{"line":26,"column":35},"end":{"line":26,"column":36}},"loc":{"start":{"line":26,"column":69},"end":{"line":44,"column":1}},"line":26}},"branchMap":{"0":{"loc":{"start":{"line":26,"column":44},"end":{"line":26,"column":64}},"type":"default-arg","locations":[{"start":{"line":26,"column":59},"end":{"line":26,"column":64}}],"line":26},"1":{"loc":{"start":{"line":29,"column":2},"end":{"line":36,"column":3}},"type":"if","locations":[{"start":{"line":29,"column":2},"end":{"line":36,"column":3}},{"start":{"line":31,"column":9},"end":{"line":36,"column":3}}],"line":29}},"s":{"0":0,"1":0,"2":0,"3":0,"4":0,"5":0,"6":0,"7":0,"8":0},"f":{"0":0},"b":{"0":[0],"1":[0,0]},"inputSourceMap":null}
,"/Users/sile/Documents/Status Stock 4.0/bot/src/keyboards/common.js": {"path":"/Users/sile/Documents/Status Stock 4.0/bot/src/keyboards/common.js","statementMap":{"0":{"start":{"line":4,"column":26},"end":{"line":6,"column":2}},"1":{"start":{"line":9,"column":28},"end":{"line":11,"column":2}},"2":{"start":{"line":14,"column":30},"end":{"line":16,"column":2}},"3":{"start":{"line":19,"column":36},"end":{"line":22,"column":2}},"4":{"start":{"line":25,"column":30},"end":{"line":27,"column":2}}},"fnMap":{},"branchMap":{},"s":{"0":1,"1":1,"2":1,"3":1,"4":1},"f":{},"b":{},"inputSourceMap":null,"_coverageSchema":"1a1c01bbd47fc00a2c39e90264f33305004495a9","hash":"a86feb0b5d58680849506e3ac076231d493147b0"}
,"/Users/sile/Documents/Status Stock 4.0/bot/src/keyboards/main.js": {"path":"/Users/sile/Documents/Status Stock 4.0/bot/src/keyboards/main.js","statementMap":{"0":{"start":{"line":4,"column":24},"end":{"line":7,"column":2}}},"fnMap":{},"branchMap":{},"s":{"0":0},"f":{},"b":{},"inputSourceMap":null}
,"/Users/sile/Documents/Status Stock 4.0/bot/src/keyboards/seller.js": {"path":"/Users/sile/Documents/Status Stock 4.0/bot/src/keyboards/seller.js","statementMap":{"0":{"start":{"line":5,"column":26},"end":{"line":13,"column":2}},"1":{"start":{"line":5,"column":40},"end":{"line":13,"column":2}},"2":{"start":{"line":16,"column":32},"end":{"line":19,"column":2}},"3":{"start":{"line":22,"column":32},"end":{"line":32,"column":2}},"4":{"start":{"line":35,"column":39},"end":{"line":45,"column":2}}},"fnMap":{"0":{"name":"(anonymous_0)","decl":{"start":{"line":5,"column":26},"end":{"line":5,"column":27}},"loc":{"start":{"line":5,"column":40},"end":{"line":13,"column":2}},"line":5}},"branchMap":{},"s":{"0":0,"1":0,"2":0,"3":0,"4":0},"f":{"0":0},"b":{},"inputSourceMap":null}
,"/Users/sile/Documents/Status Stock 4.0/bot/src/middleware/auth.js": {"path":"/Users/sile/Documents/Status Stock 4.0/bot/src/middleware/auth.js","statementMap":{"0":{"start":{"line":8,"column":23},"end":{"line":65,"column":1}},"1":{"start":{"line":9,"column":2},"end":{"line":64,"column":3}},"2":{"start":{"line":11,"column":4},"end":{"line":13,"column":5}},"3":{"start":{"line":12,"column":6},"end":{"line":12,"column":20}},"4":{"start":{"line":16,"column":4},"end":{"line":18,"column":5}},"5":{"start":{"line":17,"column":6},"end":{"line":17,"column":20}},"6":{"start":{"line":21,"column":21},"end":{"line":26,"column":5}},"7":{"start":{"line":29,"column":21},"end":{"line":29,"column":70}},"8":{"start":{"line":31,"column":4},"end":{"line":33,"column":5}},"9":{"start":{"line":32,"column":6},"end":{"line":32,"column":70}},"10":{"start":{"line":36,"column":4},"end":{"line":36,"column":36}},"11":{"start":{"line":37,"column":4},"end":{"line":37,"column":39}},"12":{"start":{"line":38,"column":4},"end":{"line":38,"column":37}},"13":{"start":{"line":39,"column":4},"end":{"line":39,"column":28}},"14":{"start":{"line":40,"column":4},"end":{"line":40,"column":30}},"15":{"start":{"line":41,"column":4},"end":{"line":41,"column":32}},"16":{"start":{"line":43,"column":4},"end":{"line":43,"column":78}},"17":{"start":{"line":45,"column":4},"end":{"line":45,"column":18}},"18":{"start":{"line":47,"column":4},"end":{"line":47,"column":50}},"19":{"start":{"line":50,"column":4},"end":{"line":50,"column":36}},"20":{"start":{"line":51,"column":4},"end":{"line":55,"column":6}},"21":{"start":{"line":56,"column":4},"end":{"line":56,"column":29}},"22":{"start":{"line":57,"column":4},"end":{"line":57,"column":30}},"23":{"start":{"line":58,"column":4},"end":{"line":58,"column":32}},"24":{"start":{"line":60,"column":4},"end":{"line":60,"column":78}},"25":{"start":{"line":63,"column":4},"end":{"line":63,"column":18}}},"fnMap":{"0":{"name":"(anonymous_0)","decl":{"start":{"line":8,"column":23},"end":{"line":8,"column":24}},"loc":{"start":{"line":8,"column":44},"end":{"line":65,"column":1}},"line":8}},"branchMap":{"0":{"loc":{"start":{"line":11,"column":4},"end":{"line":13,"column":5}},"type":"if","locations":[{"start":{"line":11,"column":4},"end":{"line":13,"column":5}},{"start":{},"end":{}}],"line":11},"1":{"loc":{"start":{"line":16,"column":4},"end":{"line":18,"column":5}},"type":"if","locations":[{"start":{"line":16,"column":4},"end":{"line":18,"column":5}},{"start":{},"end":{}}],"line":16},"2":{"loc":{"start":{"line":16,"column":8},"end":{"line":16,"column":47}},"type":"binary-expr","locations":[{"start":{"line":16,"column":8},"end":{"line":16,"column":26}},{"start":{"line":16,"column":30},"end":{"line":16,"column":47}}],"line":16},"3":{"loc":{"start":{"line":31,"column":4},"end":{"line":33,"column":5}},"type":"if","locations":[{"start":{"line":31,"column":4},"end":{"line":33,"column":5}},{"start":{},"end":{}}],"line":31},"4":{"loc":{"start":{"line":31,"column":8},"end":{"line":31,"column":43}},"type":"binary-expr","locations":[{"start":{"line":31,"column":8},"end":{"line":31,"column":24}},{"start":{"line":31,"column":28},"end":{"line":31,"column":43}}],"line":31},"5":{"loc":{"start":{"line":36,"column":18},"end":{"line":36,"column":35}},"type":"binary-expr","locations":[{"start":{"line":36,"column":18},"end":{"line":36,"column":29}},{"start":{"line":36,"column":33},"end":{"line":36,"column":35}}],"line":36},"6":{"loc":{"start":{"line":50,"column":18},"end":{"line":50,"column":35}},"type":"binary-expr","locations":[{"start":{"line":50,"column":18},"end":{"line":50,"column":29}},{"start":{"line":50,"column":33},"end":{"line":50,"column":35}}],"line":50}},"s":{"0":1,"1":9,"2":9,"3":1,"4":8,"5":2,"6":6,"7":6,"8":0,"9":0,"10":0,"11":0,"12":0,"13":0,"14":0,"15":0,"16":0,"17":0,"18":6,"19":6,"20":6,"21":6,"22":6,"23":6,"24":6,"25":6},"f":{"0":9},"b":{"0":[1,8],"1":[2,6],"2":[8,2],"3":[0,0],"4":[0,0],"5":[0,0],"6":[6,1]},"inputSourceMap":null,"_coverageSchema":"1a1c01bbd47fc00a2c39e90264f33305004495a9","hash":"1b6c86f43a1782f600cdfe57581a3333a2dca153"}
,"/Users/sile/Documents/Status Stock 4.0/bot/src/middleware/error.js": {"path":"/Users/sile/Documents/Status Stock 4.0/bot/src/middleware/error.js","statementMap":{"0":{"start":{"line":7,"column":24},"end":{"line":30,"column":1}},"1":{"start":{"line":8,"column":2},"end":{"line":29,"column":3}},"2":{"start":{"line":9,"column":4},"end":{"line":9,"column":17}},"3":{"start":{"line":11,"column":4},"end":{"line":15,"column":7}},"4":{"start":{"line":18,"column":25},"end":{"line":18,"column":63}},"5":{"start":{"line":20,"column":4},"end":{"line":28,"column":5}},"6":{"start":{"line":21,"column":6},"end":{"line":25,"column":7}},"7":{"start":{"line":22,"column":8},"end":{"line":22,"column":64}},"8":{"start":{"line":24,"column":8},"end":{"line":24,"column":54}},"9":{"start":{"line":27,"column":6},"end":{"line":27,"column":64}}},"fnMap":{"0":{"name":"(anonymous_0)","decl":{"start":{"line":7,"column":24},"end":{"line":7,"column":25}},"loc":{"start":{"line":7,"column":45},"end":{"line":30,"column":1}},"line":7}},"branchMap":{"0":{"loc":{"start":{"line":21,"column":6},"end":{"line":25,"column":7}},"type":"if","locations":[{"start":{"line":21,"column":6},"end":{"line":25,"column":7}},{"start":{"line":23,"column":13},"end":{"line":25,"column":7}}],"line":21}},"s":{"0":0,"1":0,"2":0,"3":0,"4":0,"5":0,"6":0,"7":0,"8":0,"9":0},"f":{"0":0},"b":{"0":[0,0]},"inputSourceMap":null}
,"/Users/sile/Documents/Status Stock 4.0/bot/src/scenes/addProduct.js": {"path":"/Users/sile/Documents/Status Stock 4.0/bot/src/scenes/addProduct.js","statementMap":{"0":{"start":{"line":16,"column":18},"end":{"line":30,"column":1}},"1":{"start":{"line":17,"column":2},"end":{"line":29,"column":3}},"2":{"start":{"line":18,"column":4},"end":{"line":18,"column":66}},"3":{"start":{"line":20,"column":4},"end":{"line":23,"column":6}},"4":{"start":{"line":25,"column":4},"end":{"line":25,"column":29}},"5":{"start":{"line":27,"column":4},"end":{"line":27,"column":52}},"6":{"start":{"line":28,"column":4},"end":{"line":28,"column":16}},"7":{"start":{"line":33,"column":19},"end":{"line":62,"column":1}},"8":{"start":{"line":34,"column":2},"end":{"line":61,"column":3}},"9":{"start":{"line":36,"column":4},"end":{"line":39,"column":5}},"10":{"start":{"line":37,"column":6},"end":{"line":37,"column":65}},"11":{"start":{"line":38,"column":6},"end":{"line":38,"column":13}},"12":{"start":{"line":41,"column":24},"end":{"line":41,"column":47}},"13":{"start":{"line":43,"column":4},"end":{"line":46,"column":5}},"14":{"start":{"line":44,"column":6},"end":{"line":44,"column":57}},"15":{"start":{"line":45,"column":6},"end":{"line":45,"column":13}},"16":{"start":{"line":48,"column":4},"end":{"line":48,"column":40}},"17":{"start":{"line":50,"column":4},"end":{"line":53,"column":7}},"18":{"start":{"line":55,"column":4},"end":{"line":55,"column":47}},"19":{"start":{"line":57,"column":4},"end":{"line":57,"column":29}},"20":{"start":{"line":59,"column":4},"end":{"line":59,"column":53}},"21":{"start":{"line":60,"column":4},"end":{"line":60,"column":16}},"22":{"start":{"line":65,"column":17},"end":{"line":154,"column":1}},"23":{"start":{"line":66,"column":2},"end":{"line":153,"column":3}},"24":{"start":{"line":68,"column":4},"end":{"line":71,"column":5}},"25":{"start":{"line":69,"column":6},"end":{"line":69,"column":61}},"26":{"start":{"line":70,"column":6},"end":{"line":70,"column":13}},"27":{"start":{"line":73,"column":22},"end":{"line":73,"column":63}},"28":{"start":{"line":74,"column":18},"end":{"line":74,"column":39}},"29":{"start":{"line":76,"column":4},"end":{"line":79,"column":5}},"30":{"start":{"line":77,"column":6},"end":{"line":77,"column":85}},"31":{"start":{"line":78,"column":6},"end":{"line":78,"column":13}},"32":{"start":{"line":81,"column":4},"end":{"line":81,"column":35}},"33":{"start":{"line":83,"column":4},"end":{"line":86,"column":7}},"34":{"start":{"line":88,"column":21},"end":{"line":88,"column":37}},"35":{"start":{"line":91,"column":4},"end":{"line":101,"column":5}},"36":{"start":{"line":92,"column":6},"end":{"line":95,"column":9}},"37":{"start":{"line":96,"column":6},"end":{"line":99,"column":8}},"38":{"start":{"line":100,"column":6},"end":{"line":100,"column":37}},"39":{"start":{"line":103,"column":4},"end":{"line":113,"column":5}},"40":{"start":{"line":104,"column":6},"end":{"line":107,"column":9}},"41":{"start":{"line":108,"column":6},"end":{"line":111,"column":8}},"42":{"start":{"line":112,"column":6},"end":{"line":112,"column":37}},"43":{"start":{"line":116,"column":4},"end":{"line":116,"column":36}},"44":{"start":{"line":118,"column":20},"end":{"line":124,"column":25}},"45":{"start":{"line":127,"column":4},"end":{"line":130,"column":5}},"46":{"start":{"line":128,"column":6},"end":{"line":128,"column":92}},"47":{"start":{"line":129,"column":6},"end":{"line":129,"column":57}},"48":{"start":{"line":132,"column":4},"end":{"line":137,"column":7}},"49":{"start":{"line":139,"column":4},"end":{"line":142,"column":6}},"50":{"start":{"line":145,"column":4},"end":{"line":145,"column":35}},"51":{"start":{"line":147,"column":4},"end":{"line":147,"column":51}},"52":{"start":{"line":148,"column":4},"end":{"line":151,"column":6}},"53":{"start":{"line":152,"column":4},"end":{"line":152,"column":35}},"54":{"start":{"line":157,"column":24},"end":{"line":162,"column":1}},"55":{"start":{"line":165,"column":0},"end":{"line":168,"column":3}},"56":{"start":{"line":166,"column":2},"end":{"line":166,"column":24}},"57":{"start":{"line":167,"column":2},"end":{"line":167,"column":60}},"58":{"start":{"line":171,"column":0},"end":{"line":181,"column":3}},"59":{"start":{"line":172,"column":2},"end":{"line":180,"column":3}},"60":{"start":{"line":173,"column":4},"end":{"line":173,"column":30}},"61":{"start":{"line":174,"column":4},"end":{"line":174,"column":66}},"62":{"start":{"line":175,"column":4},"end":{"line":175,"column":28}},"63":{"start":{"line":176,"column":4},"end":{"line":176,"column":48}},"64":{"start":{"line":178,"column":4},"end":{"line":178,"column":58}},"65":{"start":{"line":179,"column":4},"end":{"line":179,"column":16}}},"fnMap":{"0":{"name":"(anonymous_0)","decl":{"start":{"line":16,"column":18},"end":{"line":16,"column":19}},"loc":{"start":{"line":16,"column":33},"end":{"line":30,"column":1}},"line":16},"1":{"name":"(anonymous_1)","decl":{"start":{"line":33,"column":19},"end":{"line":33,"column":20}},"loc":{"start":{"line":33,"column":34},"end":{"line":62,"column":1}},"line":33},"2":{"name":"(anonymous_2)","decl":{"start":{"line":65,"column":17},"end":{"line":65,"column":18}},"loc":{"start":{"line":65,"column":32},"end":{"line":154,"column":1}},"line":65},"3":{"name":"(anonymous_3)","decl":{"start":{"line":165,"column":22},"end":{"line":165,"column":23}},"loc":{"start":{"line":165,"column":37},"end":{"line":168,"column":1}},"line":165},"4":{"name":"(anonymous_4)","decl":{"start":{"line":171,"column":39},"end":{"line":171,"column":40}},"loc":{"start":{"line":171,"column":54},"end":{"line":181,"column":1}},"line":171}},"branchMap":{"0":{"loc":{"start":{"line":36,"column":4},"end":{"line":39,"column":5}},"type":"if","locations":[{"start":{"line":36,"column":4},"end":{"line":39,"column":5}},{"start":{},"end":{}}],"line":36},"1":{"loc":{"start":{"line":36,"column":8},"end":{"line":36,"column":41}},"type":"binary-expr","locations":[{"start":{"line":36,"column":8},"end":{"line":36,"column":20}},{"start":{"line":36,"column":24},"end":{"line":36,"column":41}}],"line":36},"2":{"loc":{"start":{"line":43,"column":4},"end":{"line":46,"column":5}},"type":"if","locations":[{"start":{"line":43,"column":4},"end":{"line":46,"column":5}},{"start":{},"end":{}}],"line":43},"3":{"loc":{"start":{"line":68,"column":4},"end":{"line":71,"column":5}},"type":"if","locations":[{"start":{"line":68,"column":4},"end":{"line":71,"column":5}},{"start":{},"end":{}}],"line":68},"4":{"loc":{"start":{"line":68,"column":8},"end":{"line":68,"column":41}},"type":"binary-expr","locations":[{"start":{"line":68,"column":8},"end":{"line":68,"column":20}},{"start":{"line":68,"column":24},"end":{"line":68,"column":41}}],"line":68},"5":{"loc":{"start":{"line":76,"column":4},"end":{"line":79,"column":5}},"type":"if","locations":[{"start":{"line":76,"column":4},"end":{"line":79,"column":5}},{"start":{},"end":{}}],"line":76},"6":{"loc":{"start":{"line":76,"column":8},"end":{"line":76,"column":34}},"type":"binary-expr","locations":[{"start":{"line":76,"column":8},"end":{"line":76,"column":20}},{"start":{"line":76,"column":24},"end":{"line":76,"column":34}}],"line":76},"7":{"loc":{"start":{"line":91,"column":4},"end":{"line":101,"column":5}},"type":"if","locations":[{"start":{"line":91,"column":4},"end":{"line":101,"column":5}},{"start":{},"end":{}}],"line":91},"8":{"loc":{"start":{"line":103,"column":4},"end":{"line":113,"column":5}},"type":"if","locations":[{"start":{"line":103,"column":4},"end":{"line":113,"column":5}},{"start":{},"end":{}}],"line":103},"9":{"loc":{"start":{"line":127,"column":4},"end":{"line":130,"column":5}},"type":"if","locations":[{"start":{"line":127,"column":4},"end":{"line":130,"column":5}},{"start":{},"end":{}}],"line":127},"10":{"loc":{"start":{"line":127,"column":8},"end":{"line":127,"column":31}},"type":"binary-expr","locations":[{"start":{"line":127,"column":8},"end":{"line":127,"column":16}},{"start":{"line":127,"column":20},"end":{"line":127,"column":31}}],"line":127}},"s":{"0":0,"1":0,"2":0,"3":0,"4":0,"5":0,"6":0,"7":0,"8":0,"9":0,"10":0,"11":0,"12":0,"13":0,"14":0,"15":0,"16":0,"17":0,"18":0,"19":0,"20":0,"21":0,"22":0,"23":0,"24":0,"25":0,"26":0,"27":0,"28":0,"29":0,"30":0,"31":0,"32":0,"33":0,"34":0,"35":0,"36":0,"37":0,"38":0,"39":0,"40":0,"41":0,"42":0,"43":0,"44":0,"45":0,"46":0,"47":0,"48":0,"49":0,"50":0,"51":0,"52":0,"53":0,"54":0,"55":0,"56":0,"57":0,"58":0,"59":0,"60":0,"61":0,"62":0,"63":0,"64":0,"65":0},"f":{"0":0,"1":0,"2":0,"3":0,"4":0},"b":{"0":[0,0],"1":[0,0],"2":[0,0],"3":[0,0],"4":[0,0],"5":[0,0],"6":[0,0],"7":[0,0],"8":[0,0],"9":[0,0],"10":[0,0]},"inputSourceMap":null}
,"/Users/sile/Documents/Status Stock 4.0/bot/src/scenes/createShop.js": {"path":"/Users/sile/Documents/Status Stock 4.0/bot/src/scenes/createShop.js","statementMap":{"0":{"start":{"line":14,"column":22},"end":{"line":28,"column":1}},"1":{"start":{"line":15,"column":2},"end":{"line":27,"column":3}},"2":{"start":{"line":16,"column":4},"end":{"line":16,"column":66}},"3":{"start":{"line":18,"column":4},"end":{"line":21,"column":6}},"4":{"start":{"line":23,"column":4},"end":{"line":23,"column":29}},"5":{"start":{"line":25,"column":4},"end":{"line":25,"column":56}},"6":{"start":{"line":26,"column":4},"end":{"line":26,"column":16}},"7":{"start":{"line":31,"column":23},"end":{"line":114,"column":1}},"8":{"start":{"line":32,"column":2},"end":{"line":113,"column":3}},"9":{"start":{"line":34,"column":4},"end":{"line":37,"column":5}},"10":{"start":{"line":35,"column":6},"end":{"line":35,"column":65}},"11":{"start":{"line":36,"column":6},"end":{"line":36,"column":13}},"12":{"start":{"line":39,"column":21},"end":{"line":39,"column":44}},"13":{"start":{"line":41,"column":4},"end":{"line":44,"column":5}},"14":{"start":{"line":42,"column":6},"end":{"line":42,"column":57}},"15":{"start":{"line":43,"column":6},"end":{"line":43,"column":13}},"16":{"start":{"line":46,"column":4},"end":{"line":49,"column":5}},"17":{"start":{"line":47,"column":6},"end":{"line":47,"column":57}},"18":{"start":{"line":48,"column":6},"end":{"line":48,"column":13}},"19":{"start":{"line":51,"column":4},"end":{"line":54,"column":7}},"20":{"start":{"line":56,"column":4},"end":{"line":56,"column":36}},"21":{"start":{"line":58,"column":4},"end":{"line":68,"column":5}},"22":{"start":{"line":59,"column":6},"end":{"line":62,"column":9}},"23":{"start":{"line":63,"column":6},"end":{"line":66,"column":8}},"24":{"start":{"line":67,"column":6},"end":{"line":67,"column":37}},"25":{"start":{"line":71,"column":17},"end":{"line":74,"column":25}},"26":{"start":{"line":77,"column":4},"end":{"line":80,"column":5}},"27":{"start":{"line":78,"column":6},"end":{"line":78,"column":83}},"28":{"start":{"line":79,"column":6},"end":{"line":79,"column":54}},"29":{"start":{"line":83,"column":4},"end":{"line":83,"column":33}},"30":{"start":{"line":84,"column":4},"end":{"line":84,"column":37}},"31":{"start":{"line":87,"column":4},"end":{"line":90,"column":5}},"32":{"start":{"line":88,"column":6},"end":{"line":88,"column":88}},"33":{"start":{"line":89,"column":6},"end":{"line":89,"column":45}},"34":{"start":{"line":92,"column":4},"end":{"line":97,"column":7}},"35":{"start":{"line":99,"column":4},"end":{"line":102,"column":6}},"36":{"start":{"line":105,"column":4},"end":{"line":105,"column":35}},"37":{"start":{"line":107,"column":4},"end":{"line":107,"column":48}},"38":{"start":{"line":108,"column":4},"end":{"line":111,"column":6}},"39":{"start":{"line":112,"column":4},"end":{"line":112,"column":35}},"40":{"start":{"line":117,"column":24},"end":{"line":121,"column":1}},"41":{"start":{"line":124,"column":0},"end":{"line":127,"column":3}},"42":{"start":{"line":125,"column":2},"end":{"line":125,"column":24}},"43":{"start":{"line":126,"column":2},"end":{"line":126,"column":60}},"44":{"start":{"line":130,"column":0},"end":{"line":140,"column":3}},"45":{"start":{"line":131,"column":2},"end":{"line":139,"column":3}},"46":{"start":{"line":132,"column":4},"end":{"line":132,"column":30}},"47":{"start":{"line":133,"column":4},"end":{"line":133,"column":66}},"48":{"start":{"line":134,"column":4},"end":{"line":134,"column":28}},"49":{"start":{"line":135,"column":4},"end":{"line":135,"column":48}},"50":{"start":{"line":137,"column":4},"end":{"line":137,"column":58}},"51":{"start":{"line":138,"column":4},"end":{"line":138,"column":16}}},"fnMap":{"0":{"name":"(anonymous_0)","decl":{"start":{"line":14,"column":22},"end":{"line":14,"column":23}},"loc":{"start":{"line":14,"column":37},"end":{"line":28,"column":1}},"line":14},"1":{"name":"(anonymous_1)","decl":{"start":{"line":31,"column":23},"end":{"line":31,"column":24}},"loc":{"start":{"line":31,"column":38},"end":{"line":114,"column":1}},"line":31},"2":{"name":"(anonymous_2)","decl":{"start":{"line":124,"column":22},"end":{"line":124,"column":23}},"loc":{"start":{"line":124,"column":37},"end":{"line":127,"column":1}},"line":124},"3":{"name":"(anonymous_3)","decl":{"start":{"line":130,"column":39},"end":{"line":130,"column":40}},"loc":{"start":{"line":130,"column":54},"end":{"line":140,"column":1}},"line":130}},"branchMap":{"0":{"loc":{"start":{"line":34,"column":4},"end":{"line":37,"column":5}},"type":"if","locations":[{"start":{"line":34,"column":4},"end":{"line":37,"column":5}},{"start":{},"end":{}}],"line":34},"1":{"loc":{"start":{"line":34,"column":8},"end":{"line":34,"column":41}},"type":"binary-expr","locations":[{"start":{"line":34,"column":8},"end":{"line":34,"column":20}},{"start":{"line":34,"column":24},"end":{"line":34,"column":41}}],"line":34},"2":{"loc":{"start":{"line":41,"column":4},"end":{"line":44,"column":5}},"type":"if","locations":[{"start":{"line":41,"column":4},"end":{"line":44,"column":5}},{"start":{},"end":{}}],"line":41},"3":{"loc":{"start":{"line":46,"column":4},"end":{"line":49,"column":5}},"type":"if","locations":[{"start":{"line":46,"column":4},"end":{"line":49,"column":5}},{"start":{},"end":{}}],"line":46},"4":{"loc":{"start":{"line":58,"column":4},"end":{"line":68,"column":5}},"type":"if","locations":[{"start":{"line":58,"column":4},"end":{"line":68,"column":5}},{"start":{},"end":{}}],"line":58},"5":{"loc":{"start":{"line":77,"column":4},"end":{"line":80,"column":5}},"type":"if","locations":[{"start":{"line":77,"column":4},"end":{"line":80,"column":5}},{"start":{},"end":{}}],"line":77},"6":{"loc":{"start":{"line":77,"column":8},"end":{"line":77,"column":25}},"type":"binary-expr","locations":[{"start":{"line":77,"column":8},"end":{"line":77,"column":13}},{"start":{"line":77,"column":17},"end":{"line":77,"column":25}}],"line":77},"7":{"loc":{"start":{"line":87,"column":4},"end":{"line":90,"column":5}},"type":"if","locations":[{"start":{"line":87,"column":4},"end":{"line":90,"column":5}},{"start":{},"end":{}}],"line":87}},"s":{"0":1,"1":0,"2":0,"3":0,"4":0,"5":0,"6":0,"7":1,"8":0,"9":0,"10":0,"11":0,"12":0,"13":0,"14":0,"15":0,"16":0,"17":0,"18":0,"19":0,"20":0,"21":0,"22":0,"23":0,"24":0,"25":0,"26":0,"27":0,"28":0,"29":0,"30":0,"31":0,"32":0,"33":0,"34":0,"35":0,"36":0,"37":0,"38":0,"39":0,"40":1,"41":1,"42":0,"43":0,"44":1,"45":0,"46":0,"47":0,"48":0,"49":0,"50":0,"51":0},"f":{"0":0,"1":0,"2":0,"3":0},"b":{"0":[0,0],"1":[0,0],"2":[0,0],"3":[0,0],"4":[0,0],"5":[0,0],"6":[0,0],"7":[0,0]},"inputSourceMap":null,"_coverageSchema":"1a1c01bbd47fc00a2c39e90264f33305004495a9","hash":"7c77e82c04f41f7972fa2b740b23462872fecc66"}
,"/Users/sile/Documents/Status Stock 4.0/bot/src/scenes/manageWallets.js": {"path":"/Users/sile/Documents/Status Stock 4.0/bot/src/scenes/manageWallets.js","statementMap":{"0":{"start":{"line":16,"column":23},"end":{"line":26,"column":2}},"1":{"start":{"line":29,"column":20},"end":{"line":78,"column":1}},"2":{"start":{"line":30,"column":2},"end":{"line":77,"column":3}},"3":{"start":{"line":31,"column":4},"end":{"line":31,"column":68}},"4":{"start":{"line":34,"column":4},"end":{"line":40,"column":5}},"5":{"start":{"line":35,"column":6},"end":{"line":38,"column":8}},"6":{"start":{"line":39,"column":6},"end":{"line":39,"column":37}},"7":{"start":{"line":42,"column":4},"end":{"line":48,"column":5}},"8":{"start":{"line":43,"column":6},"end":{"line":46,"column":8}},"9":{"start":{"line":47,"column":6},"end":{"line":47,"column":37}},"10":{"start":{"line":51,"column":17},"end":{"line":51,"column":82}},"11":{"start":{"line":54,"column":16},"end":{"line":54,"column":46}},"12":{"start":{"line":55,"column":16},"end":{"line":55,"column":46}},"13":{"start":{"line":56,"column":17},"end":{"line":56,"column":48}},"14":{"start":{"line":57,"column":16},"end":{"line":57,"column":46}},"15":{"start":{"line":59,"column":4},"end":{"line":67,"column":6}},"16":{"start":{"line":69,"column":4},"end":{"line":69,"column":29}},"17":{"start":{"line":71,"column":4},"end":{"line":71,"column":50}},"18":{"start":{"line":72,"column":4},"end":{"line":75,"column":6}},"19":{"start":{"line":76,"column":4},"end":{"line":76,"column":35}},"20":{"start":{"line":81,"column":21},"end":{"line":133,"column":1}},"21":{"start":{"line":82,"column":2},"end":{"line":132,"column":3}},"22":{"start":{"line":84,"column":4},"end":{"line":128,"column":5}},"23":{"start":{"line":85,"column":21},"end":{"line":85,"column":43}},"24":{"start":{"line":87,"column":6},"end":{"line":90,"column":7}},"25":{"start":{"line":88,"column":8},"end":{"line":88,"column":34}},"26":{"start":{"line":89,"column":8},"end":{"line":89,"column":39}},"27":{"start":{"line":93,"column":24},"end":{"line":98,"column":7}},"28":{"start":{"line":100,"column":21},"end":{"line":100,"column":38}},"29":{"start":{"line":102,"column":6},"end":{"line":105,"column":7}},"30":{"start":{"line":103,"column":8},"end":{"line":103,"column":60}},"31":{"start":{"line":104,"column":8},"end":{"line":104,"column":15}},"32":{"start":{"line":107,"column":6},"end":{"line":107,"column":32}},"33":{"start":{"line":108,"column":6},"end":{"line":108,"column":39}},"34":{"start":{"line":110,"column":6},"end":{"line":113,"column":9}},"35":{"start":{"line":115,"column":22},"end":{"line":120,"column":7}},"36":{"start":{"line":122,"column":6},"end":{"line":125,"column":8}},"37":{"start":{"line":127,"column":6},"end":{"line":127,"column":31}},"38":{"start":{"line":130,"column":4},"e
[...]
,"11":{"name":"(anonymous_11)","decl":{"start":{"line":147,"column":2},"end":{"line":147,"column":3}},"loc":{"start":{"line":147,"column":32},"end":{"line":153,"column":3}},"line":147},"12":{"name":"(anonymous_12)","decl":{"start":{"line":158,"column":2},"end":{"line":158,"column":3}},"loc":{"start":{"line":158,"column":27},"end":{"line":165,"column":3}},"line":158},"13":{"name":"(anonymous_13)","decl":{"start":{"line":168,"column":2},"end":{"line":168,"column":3}},"loc":{"start":{"line":168,"column":37},"end":{"line":176,"column":3}},"line":168},"14":{"name":"(anonymous_14)","decl":{"start":{"line":181,"column":2},"end":{"line":181,"column":3}},"loc":{"start":{"line":181,"column":42},"end":{"line":187,"column":3}},"line":181},"15":{"name":"(anonymous_15)","decl":{"start":{"line":190,"column":2},"end":{"line":190,"column":3}},"loc":{"start":{"line":190,"column":41},"end":{"line":197,"column":3}},"line":190},"16":{"name":"(anonymous_16)","decl":{"start":{"line":202,"column":2},"end":{"line":202,"column":3}},"loc":{"start":{"line":202,"column":41},"end":{"line":208,"column":3}},"line":202},"17":{"name":"(anonymous_17)","decl":{"start":{"line":211,"column":2},"end":{"line":211,"column":3}},"loc":{"start":{"line":211,"column":33},"end":{"line":221,"column":3}},"line":211},"18":{"name":"(anonymous_18)","decl":{"start":{"line":224,"column":2},"end":{"line":224,"column":3}},"loc":{"start":{"line":224,"column":34},"end":{"line":230,"column":3}},"line":224},"19":{"name":"(anonymous_19)","decl":{"start":{"line":233,"column":2},"end":{"line":233,"column":3}},"loc":{"start":{"line":233,"column":35},"end":{"line":239,"column":3}},"line":233},"20":{"name":"(anonymous_20)","decl":{"start":{"line":244,"column":2},"end":{"line":244,"column":3}},"loc":{"start":{"line":244,"column":34},"end":{"line":249,"column":3}},"line":244},"21":{"name":"(anonymous_21)","decl":{"start":{"line":252,"column":2},"end":{"line":252,"column":3}},"loc":{"start":{"line":252,"column":46},"end":{"line":261,"column":3}},"line":252}},"branchMap":{"0":{"loc":{"start":{"line":33,"column":4},"end":{"line":57,"column":5}},"type":"if","locations":[{"start":{"line":33,"column":4},"end":{"line":57,"column":5}},{"start":{"line":53,"column":11},"end":{"line":57,"column":5}}],"line":33},"1":{"loc":{"start":{"line":36,"column":6},"end":{"line":46,"column":7}},"type":"if","locations":[{"start":{"line":36,"column":6},"end":{"line":46,"column":7}},{"start":{},"end":{}}],"line":36},"2":{"loc":{"start":{"line":37,"column":8},"end":{"line":45,"column":9}},"type":"if","locations":[{"start":{"line":37,"column":8},"end":{"line":45,"column":9}},{"start":{"line":43,"column":15},"end":{"line":45,"column":9}}],"line":37},"3":{"loc":{"start":{"line":51,"column":26},"end":{"line":51,"column":62}},"type":"binary-expr","locations":[{"start":{"line":51,"column":26},"end":{"line":51,"column":54}},{"start":{"line":51,"column":58},"end":{"line":51,"column":62}}],"line":51},"4":{"loc":{"start":{"line":53,"column":11},"end":{"line":57,"column":5}},"type":"if","locations":[{"start":{"line":53,"column":11},"end":{"line":57,"column":5}},{"start":{"line":55,"column":11},"end":{"line":57,"column":5}}],"line":53},"5":{"loc":{"start":{"line":69,"column":17},"end":{"line":69,"column":58}},"type":"binary-expr","locations":[{"start":{"line":69,"column":17},"end":{"line":69,"column":35}},{"start":{"line":69,"column":39},"end":{"line":69,"column":58}}],"line":69},"6":{"loc":{"start":{"line":70,"column":16},"end":{"line":70,"column":61}},"type":"binary-expr","locations":[{"start":{"line":70,"column":16},"end":{"line":70,"column":33}},{"start":{"line":70,"column":37},"end":{"line":70,"column":55}},{"start":{"line":70,"column":59},"end":{"line":70,"column":61}}],"line":70},"7":{"loc":{"start":{"line":79,"column":11},"end":{"line":79,"column":28}},"type":"binary-expr","locations":[{"start":{"line":79,"column":11},"end":{"line":79,"column":20}},{"start":{"line":79,"column":24},"end":{"line":79,"column":28}}],"line":79},"8":{"loc":{"start":{"line":90,"column":11},"end":{"line":90,"column":28}},"type":"binary-expr","locations":[{"start":{"line":90,"column":11},"end":{"line":90,"column":20}},{"start":{"line":90,"column":24},"end":{"line":90,"column":28}}],"line":90},"9":{"loc":{"start":{"line":100,"column":18},"end":{"line":100,"column":35}},"type":"binary-expr","locations":[{"start":{"line":100,"column":18},"end":{"line":100,"column":27}},{"start":{"line":100,"column":31},"end":{"line":100,"column":35}}],"line":100},"10":{"loc":{"start":{"line":101,"column":11},"end":{"line":101,"column":44}},"type":"cond-expr","locations":[{"start":{"line":101,"column":34},"end":{"line":101,"column":39}},{"start":{"line":101,"column":42},"end":{"line":101,"column":44}}],"line":101},"11":{"loc":{"start":{"line":110,"column":11},"end":{"line":110,"column":28}},"type":"binary-expr","locations":[{"start":{"line":110,"column":11},"end":{"line":110,"column":20}},{"start":{"line":110,"column":24},"end":{"line":110,"column":28}}],"line":110},"12":{"loc":{"start":{"line":114,"column":27},"end":{"line":114,"column":39}},"type":"default-arg","locations":[{"start":{"line":114,"column":35},"end":{"line":114,"column":39}}],"line":114},"13":{"loc":{"start":{"line":119,"column":4},"end":{"line":121,"column":5}},"type":"if","locations":[{"start":{"line":119,"column":4},"end":{"line":121,"column":5}},{"start":{},"end":{}}],"line":119},"14":{"loc":{"start":{"line":124,"column":18},"end":{"line":124,"column":35}},"type":"binary-expr","locations":[{"start":{"line":124,"column":18},"end":{"line":124,"column":27}},{"start":{"line":124,"column":31},"end":{"line":124,"column":35}}],"line":124},"15":{"loc":{"start":{"line":125,"column":11},"end":{"line":125,"column":44}},"type":"cond-expr","locations":[{"start":{"line":125,"column":34},"end":{"line":125,"column":39}},{"start":{"line":125,"column":42},"end":{"line":125,"column":44}}],"line":125},"16":{"loc":{"start":{"line":132,"column":11},"end":{"line":132,"column":28}},"type":"binary-expr","locations":[{"start":{"line":132,"column":11},"end":{"line":132,"column":20}},{"start":{"line":132,"column":24},"end":{"line":132,"column":28}}],"line":132},"17":{"loc":{"start":{"line":143,"column":11},"end":{"line":143,"column":28}},"type":"binary-expr","locations":[{"start":{"line":143,"column":11},"end":{"line":143,"column":20}},{"start":{"line":143,"column":24},"end":{"line":143,"column":28}}],"line":143},"18":{"loc":{"start":{"line":152,"column":11},"end":{"line":152,"column":28}},"type":"binary-expr","locations":[{"start":{"line":152,"column":11},"end":{"line":152,"column":20}},{"start":{"line":152,"column":24},"end":{"line":152,"column":28}}],"line":152},"19":{"loc":{"start":{"line":163,"column":19},"end":{"line":163,"column":36}},"type":"binary-expr","locations":[{"start":{"line":163,"column":19},"end":{"line":163,"column":28}},{"start":{"line":163,"column":32},"end":{"line":163,"column":36}}],"line":163},"20":{"loc":{"start":{"line":164,"column":11},"end":{"line":164,"column":46}},"type":"cond-expr","locations":[{"start":{"line":164,"column":35},"end":{"line":164,"column":41}},{"start":{"line":164,"column":44},"end":{"line":164,"column":46}}],"line":164},"21":{"loc":{"start":{"line":174,"column":19},"end":{"line":174,"column":36}},"type":"binary-expr","locations":[{"start":{"line":174,"column":19},"end":{"line":174,"column":28}},{"start":{"line":174,"column":32},"end":{"line":174,"column":36}}],"line":174},"22":{"loc":{"start":{"line":175,"column":11},"end":{"line":175,"column":46}},"type":"cond-expr","locations":[{"start":{"line":175,"column":35},"end":{"line":175,"column":41}},{"start":{"line":175,"column":44},"end":{"line":175,"column":46}}],"line":175},"23":{"loc":{"start":{"line":186,"column":11},"end":{"line":186,"column":28}},"type":"binary-expr","locations":[{"start":{"line":186,"column":11},"end":{"line":186,"column":20}},{"start":{"line":186,"column":24},"end":{"line":186,"column":28}}],"line":186},"24":{"loc":{"start":{"line":196,"column":11},"end":{"line":196,"column":28}},"type":"binary-expr","locations":[{"start":{"line":196,"column":11},"end":{"line":196,"column":20}},{"start":{"line":196,"column":24},"end":{"line":196,"column":28}}],"line":196},"25":{"loc":{"start":{"line":207,"column":11},"end":{"line":207,"column":28}},"type":"binary-expr","locations":[{"start":{"line":207,"column":11},"end":{"line":207,"column":20}},{"start":{"line":207,"column":24},"end":{"line":207,"column":28}}],"line":207},"26":{"loc":{"start":{"line":220,"column":11},"end":{"line":220,"column":28}},"type":"binary-expr","locations":[{"start":{"line":220,"column":11},"end":{"line":220,"column":20}},{"start":{"line":220,"column":24},"end":{"line":220,"column":28}}],"line":220},"27":{"loc":{"start":{"line":229,"column":11},"end":{"line":229,"column":28}},"type":"binary-expr","locations":[{"start":{"line":229,"column":11},"end":{"line":229,"column":20}},{"start":{"line":229,"column":24},"end":{"line":229,"column":28}}],"line":229},"28":{"loc":{"start":{"line":238,"column":11},"end":{"line":238,"column":28}},"type":"binary-expr","locations":[{"start":{"line":238,"column":11},"end":{"line":238,"column":20}},{"start":{"line":238,"column":24},"end":{"line":238,"column":28}}],"line":238},"29":{"loc":{"start":{"line":248,"column":11},"end":{"line":248,"column":28}},"type":"binary-expr","locations":[{"start":{"line":248,"column":11},"end":{"line":248,"column":20}},{"start":{"line":248,"column":24},"end":{"line":248,"column":28}}],"line":248},"30":{"loc":{"start":{"line":260,"column":11},"end":{"line":260,"column":28}},"type":"binary-expr","locations":[{"start":{"line":260,"column":11},"end":{"line":260,"column":20}},{"start":{"line":260,"column":24},"end":{"line":260,"column":28}}],"line":260}},"s":{"0":2,"1":2,"2":6,"3":6,"4":0,"5":0,"6":2,"7":0,"8":0,"9":6,"10":0,"11":0,"12":0,"13":0,"14":0,"15":0,"16":0,"17":0,"18":6,"19":6,"20":0,"21":6,"22":2,"23":6,"24":6,"25":0,"26":0,"27":0,"28":2,"29":0,"30":0,"31":0,"32":0,"33":0,"34":0,"35":0,"36":0,"37":0,"38":0,"39":0,"40":0,"41":0,"42":2,"43":0,"44":0,"45":0,"46":0,"47":2,"48":0,"49":0,"50":0,"51":0,"52":0,"53":0,"54":2,"55":0,"56":0,"57":0,"58":0,"59":2,"60":0,"61":0,"62":0,"63":0,"64":0,"65":0,"66":0,"67":0,"68":2,"69":0,"70":0,"71":0,"72":0},"f":{"0":6,"1":0,"2":0,"3":6,"4":6,"5":0,"6":0,"7":0,"8":0,"9":0,"10":0,"11":0,"12":0,"13":0,"14":0,"15":0,"16":0,"17":0,"18":0,"19":0,"20":0,"21":0},"b":{"0":[0,6],"1":[0,0],"2":[0,0],"3":[0,0],"4":[6,0],"5":[6,1],"6":[6,3,3],"7":[0,0],"8":[0,0],"9":[0,0],"10":[0,0],"11":[0,0],"12":[0],"13":[0,0],"14":[0,0],"15":[0,0],"16":[0,0],"17":[0,0],"18":[0,0],"19":[0,0],"20":[0,0],"21":[0,0],"22":[0,0],"23":[0,0],"24":[0,0],"25":[0,0],"26":[0,0],"27":[0,0],"28":[0,0],"29":[0,0],"30":[0,0]},"inputSourceMap":null,"_coverageSchema":"1a1c01bbd47fc00a2c39e90264f33305004495a9","hash":"77c902990ac31ee8a63212010dcb9be43bb643a8"}
,"/Users/sile/Documents/Status Stock 4.0/bot/src/utils/format.js": {"path":"/Users/sile/Documents/Status Stock 4.0/bot/src/utils/format.js","statementMap":{"0":{"start":{"line":10,"column":27},"end":{"line":27,"column":1}},"1":{"start":{"line":11,"column":14},"end":{"line":11,"column":31}},"2":{"start":{"line":13,"column":2},"end":{"line":15,"column":3}},"3":{"start":{"line":14,"column":4},"end":{"line":14,"column":16}},"4":{"start":{"line":18,"column":20},"end":{"line":18,"column":34}},"5":{"start":{"line":21,"column":2},"end":{"line":23,"column":3}},"6":{"start":{"line":22,"column":4},"end":{"line":22,"column":31}},"7":{"start":{"line":26,"column":2},"end":{"line":26,"column":37}},"8":{"start":{"line":34,"column":32},"end":{"line":42,"column":1}},"9":{"start":{"line":35,"column":14},"end":{"line":35,"column":31}},"10":{"start":{"line":37,"column":2},"end":{"line":39,"column":3}},"11":{"start":{"line":38,"column":4},"end":{"line":38,"column":19}},"12":{"start":{"line":41,"column":2},"end":{"line":41,"column":30}},"13":{"start":{"line":50,"column":28},"end":{"line":58,"column":1}},"14":{"start":{"line":51,"column":14},"end":{"line":51,"column":31}},"15":{"start":{"line":53,"column":2},"end":{"line":55,"column":3}},"16":{"start":{"line":54,"column":4},"end":{"line":54,"column":15}},"17":{"start":{"line":57,"column":2},"end":{"line":57,"column":57}},"18":{"start":{"line":65,"column":33},"end":{"line":74,"column":1}},"19":{"start":{"line":66,"column":20},"end":{"line":71,"column":3}},"20":{"start":{"line":73,"column":2},"end":{"line":73,"column":35}}},"fnMap":{"0":{"name":"(anonymous_0)","decl":{"start":{"line":10,"column":27},"end":{"line":10,"column":28}},"loc":{"start":{"line":10,"column":38},"end":{"line":27,"column":1}},"line":10},"1":{"name":"(anonymous_1)","decl":{"start":{"line":34,"column":32},"end":{"line":34,"column":33}},"loc":{"start":{"line":34,"column":43},"end":{"line":42,"column":1}},"line":34},"2":{"name":"(anonymous_2)","decl":{"start":{"line":50,"column":28},"end":{"line":50,"column":29}},"loc":{"start":{"line":50,"column":56},"end":{"line":58,"column":1}},"line":50},"3":{"name":"(anonymous_3)","decl":{"start":{"line":65,"column":33},"end":{"line":65,"column":34}},"loc":{"start":{"line":65,"column":45},"end":{"line":74,"column":1}},"line":65}},"branchMap":{"0":{"loc":{"start":{"line":13,"column":2},"end":{"line":15,"column":3}},"type":"if","locations":[{"start":{"line":13,"column":2},"end":{"line":15,"column":3}},{"start":{},"end":{}}],"line":13},"1":{"loc":{"start":{"line":13,"column":6},"end":{"line":13,"column":27}},"type":"binary-expr","locations":[{"start":{"line":13,"column":6},"end":{"line":13,"column":16}},{"start":{"line":13,"column":20},"end":{"line":13,"column":27}}],"line":13},"2":{"loc":{"start":{"line":21,"column":2},"end":{"line":23,"column":3}},"type":"if","locations":[{"start":{"line":21,"column":2},"end":{"line":23,"column":3}},{"start":{},"end":{}}],"line":21},"3":{"loc":{"start":{"line":37,"column":2},"end":{"line":39,"column":3}},"type":"if","locations":[{"start":{"line":37,"column":2},"end":{"line":39,"column":3}},{"start":{},"end":{}}],"line":37},"4":{"loc":{"start":{"line":37,"column":6},"end":{"line":37,"column":27}},"type":"binary-expr","locations":[{"start":{"line":37,"column":6},"end":{"line":37,"column":16}},{"start":{"line":37,"column":20},"end":{"line":37,"column":27}}],"line":37},"5":{"loc":{"start":{"line":50,"column":36},"end":{"line":50,"column":51}},"type":"default-arg","locations":[{"start":{"line":50,"column":50},"end":{"line":50,"column":51}}],"line":50},"6":{"loc":{"start":{"line":53,"column":2},"end":{"line":55,"column":3}},"type":"if","locations":[{"start":{"line":53,"column":2},"end":{"line":55,"column":3}},{"start":{},"end":{}}],"line":53},"7":{"loc":{"start":{"line":73,"column":9},"end":{"line":73,"column":34}},"type":"binary-expr","locations":[{"start":{"line":73,"column":9},"end":{"line":73,"column":26}},{"start":{"line":73,"column":30},"end":{"line":73,"column":34}}],"line":73}},"s":{"0":1,"1":20,"2":20,"3":5,"4":15,"5":15,"6":7,"7":8,"8":1,"9":18,"10":18,"11":5,"12":13,"13":1,"14":23,"15":23,"16":3,"17":20,"18":1,"19":9,"20":9},"f":{"0":20,"1":18,"2":23,"3":9},"b":{"0":[5,15],"1":[20,17],"2":[7,8],"3":[5,13],"4":[18,15],"5":[19],"6":[3,20],"7":[9,5]},"inputSourceMap":null,"_coverageSchema":"1a1c01bbd47fc00a2c39e90264f33305004495a9","hash":"32fc714d6fa72f3b6ebb6e3426517792e949e591"}
,"/Users/sile/Documents/Status Stock 4.0/bot/src/utils/logger.js": {"path":"/Users/sile/Documents/Status Stock 4.0/bot/src/utils/logger.js","statementMap":{"0":{"start":{"line":5,"column":19},"end":{"line":5,"column":49}},"1":{"start":{"line":6,"column":18},"end":{"line":6,"column":42}},"2":{"start":{"line":8,"column":57},"end":{"line":8,"column":71}},"3":{"start":{"line":11,"column":18},"end":{"line":16,"column":2}},"4":{"start":{"line":12,"column":2},"end":{"line":14,"column":3}},"5":{"start":{"line":13,"column":4},"end":{"line":13,"column":59}},"6":{"start":{"line":15,"column":2},"end":{"line":15,"column":47}},"7":{"start":{"line":19,"column":15},"end":{"line":47,"column":2}},"8":{"start":{"line":51,"column":16},"end":{"line":51,"column":50}},"9":{"start":{"line":52,"column":0},"end":{"line":54,"column":1}},"10":{"start":{"line":53,"column":2},"end":{"line":53,"column":45}}},"fnMap":{"0":{"name":"(anonymous_0)","decl":{"start":{"line":11,"column":25},"end":{"line":11,"column":26}},"loc":{"start":{"line":11,"column":67},"end":{"line":16,"column":1}},"line":11}},"branchMap":{"0":{"loc":{"start":{"line":12,"column":2},"end":{"line":14,"column":3}},"type":"if","locations":[{"start":{"line":12,"column":2},"end":{"line":14,"column":3}},{"start":{},"end":{}}],"line":12},"1":{"loc":{"start":{"line":20,"column":9},"end":{"line":20,"column":40}},"type":"binary-expr","locations":[{"start":{"line":20,"column":9},"end":{"line":20,"column":30}},{"start":{"line":20,"column":34},"end":{"line":20,"column":40}}],"line":20},"2":{"loc":{"start":{"line":52,"column":0},"end":{"line":54,"column":1}},"type":"if","locations":[{"start":{"line":52,"column":0},"end":{"line":54,"column":1}},{"start":{},"end":{}}],"line":52}},"s":{"0":3,"1":3,"2":3,"3":3,"4":44,"5":12,"6":32,"7":3,"8":3,"9":3,"10":0},"f":{"0":44},"b":{"0":[12,32],"1":[3,1],"2":[0,3]},"inputSourceMap":null,"_coverageSchema":"1a1c01bbd47fc00a2c39e90264f33305004495a9","hash":"1e8729c4349be02d68d9db466c8aabefa4a76d5c"}
,"/Users/sile/Documents/Status Stock 4.0/bot/src/utils/validation.js": {"path":"/Users/sile/Documents/Status Stock 4.0/bot/src/utils/validation.js","statementMap":{"0":{"start":{"line":17,"column":2},"end":{"line":46,"column":3}},"1":{"start":{"line":18,"column":21},"end":{"line":18,"column":41}},"2":{"start":{"line":21,"column":4},"end":{"line":25,"column":5}},"3":{"start":{"line":23,"column":23},"end":{"line":23,"column":54}},"4":{"start":{"line":24,"column":6},"end":{"line":24,"column":36}},"5":{"start":{"line":28,"column":34},"end":{"line":28,"column":77}},"6":{"start":{"line":31,"column":24},"end":{"line":34,"column":5}},"7":{"start":{"line":36,"column":30},"end":{"line":36,"column":89}},"8":{"start":{"line":38,"column":4},"end":{"line":38,"column":60}},"9":{"start":{"line":40,"column":4},"end":{"line":44,"column":7}},"10":{"start":{"line":45,"column":4},"end":{"line":45,"column":17}},"11":{"start":{"line":55,"column":19},"end":{"line":60,"column":3}},"12":{"start":{"line":62,"column":2},"end":{"line":62,"column":107}}},"fnMap":{"0":{"name":"validateCryptoAddress","decl":{"start":{"line":16,"column":16},"end":{"line":16,"column":37}},"loc":{"start":{"line":16,"column":55},"end":{"line":47,"column":1}},"line":16},"1":{"name":"getCryptoValidationError","decl":{"start":{"line":54,"column":16},"end":{"line":54,"column":40}},"loc":{"start":{"line":54,"column":49},"end":{"line":63,"column":1}},"line":54}},"branchMap":{"0":{"loc":{"start":{"line":21,"column":4},"end":{"line":25,"column":5}},"type":"if","locations":[{"start":{"line":21,"column":4},"end":{"line":25,"column":5}},{"start":{},"end":{}}],"line":21},"1":{"loc":{"start":{"line":28,"column":34},"end":{"line":28,"column":77}},"type":"cond-expr","locations":[{"start":{"line":28,"column":56},"end":{"line":28,"column":66}},{"start":{"line":28,"column":69},"end":{"line":28,"column":77}}],"line":28},"2":{"loc":{"start":{"line":36,"column":30},"end":{"line":36,"column":89}},"type":"binary-expr","locations":[{"start":{"line":36,"column":30},"end":{"line":36,"column":64}},{"start":{"line":36,"column":68},"end":{"line":36,"column":89}}],"line":36},"3":{"loc":{"start":{"line":62,"column":59},"end":{"line":62,"column":104}},"type":"binary-expr","locations":[{"start":{"line":62,"column":59},"end":{"line":62,"column":75}},{"start":{"line":62,"column":79},"end":{"line":62,"column":104}}],"line":62}},"s":{"0":21,"1":21,"2":21,"3":4,"4":4,"5":17,"6":17,"7":17,"8":17,"9":1,"10":1,"11":5,"12":5},"f":{"0":21,"1":5},"b":{"0":[4,17],"1":[4,13],"2":[17,5],"3":[5,1]},"inputSourceMap":null,"_coverageSchema":"1a1c01bbd47fc00a2c39e90264f33305004495a9","hash":"e62d276c77ee28c5102cc3509dc42d27e6883a0f"}
}
