{"/Users/sile/Documents/Status Stock 4.0/bot/src/config/index.js": {"path":"/Users/sile/Documents/Status Stock 4.0/bot/src/config/index.js","statementMap":{"0":{"start":{"line":3,"column":0},"end":{"line":3,"column":16}},"1":{"start":{"line":5,"column":15},"end":{"line":41,"column":1}}},"fnMap":{},"branchMap":{"0":{"loc":{"start":{"line":10,"column":14},"end":{"line":10,"column":64}},"type":"binary-expr","locations":[{"start":{"line":10,"column":14},"end":{"line":10,"column":37}},{"start":{"line":10,"column":41},"end":{"line":10,"column":64}}],"line":10},"1":{"loc":{"start":{"line":11,"column":13},"end":{"line":11,"column":64}},"type":"binary-expr","locations":[{"start":{"line":11,"column":13},"end":{"line":11,"column":35}},{"start":{"line":11,"column":39},"end":{"line":11,"column":64}}],"line":11},"2":{"loc":{"start":{"line":14,"column":11},"end":{"line":14,"column":48}},"type":"binary-expr","locations":[{"start":{"line":14,"column":11},"end":{"line":14,"column":31}},{"start":{"line":14,"column":35},"end":{"line":14,"column":48}}],"line":14},"3":{"loc":{"start":{"line":17,"column":12},"end":{"line":17,"column":43}},"type":"binary-expr","locations":[{"start":{"line":17,"column":12},"end":{"line":17,"column":33}},{"start":{"line":17,"column":37},"end":{"line":17,"column":43}}],"line":17}},"s":{"0":14,"1":14},"f":{},"b":{"0":[14,0],"1":[14,0],"2":[14,0],"3":[14,0]},"inputSourceMap":null,"_coverageSchema":"1a1c01bbd47fc00a2c39e90264f33305004495a9","hash":"817cc412ac2324dfd69684a4a5aa76fa2ce0a1a8"}
,"/Users/sile/Documents/Status Stock 4.0/bot/src/handlers/common.js": {"path":"/Users/sile/Documents/Status Stock 4.0/bot/src/handlers/common.js","statementMap":{"0":{"start":{"line":13,"column":35},"end":{"line":25,"column":1}},"1":{"start":{"line":15,"column":2},"end":{"line":15,"column":42}},"2":{"start":{"line":18,"column":2},"end":{"line":18,"column":48}},"3":{"start":{"line":21,"column":2},"end":{"line":21,"column":33}},"4":{"start":{"line":24,"column":2},"end":{"line":24,"column":46}},"5":{"start":{"line":30,"column":23},"end":{"line":64,"column":1}},"6":{"start":{"line":31,"column":2},"end":{"line":63,"column":3}},"7":{"start":{"line":32,"column":4},"end":{"line":32,"column":30}},"8":{"start":{"line":35,"column":22},"end":{"line":35,"column":52}},"9":{"start":{"line":37,"column":4},"end":{"line":43,"column":5}},"10":{"start":{"line":38,"column":6},"end":{"line":38,"column":97}},"11":{"start":{"line":39,"column":6},"end":{"line":39,"column":41}},"12":{"start":{"line":40,"column":11},"end":{"line":43,"column":5}},"13":{"start":{"line":41,"column":6},"end":{"line":41,"column":95}},"14":{"start":{"line":42,"column":6},"end":{"line":42,"column":40}},"15":{"start":{"line":46,"column":4},"end":{"line":46,"column":28}},"16":{"start":{"line":48,"column":4},"end":{"line":51,"column":7}},"17":{"start":{"line":53,"column":4},"end":{"line":53,"column":55}},"18":{"start":{"line":55,"column":4},"end":{"line":62,"column":5}},"19":{"start":{"line":56,"column":6},"end":{"line":59,"column":9}},"20":{"start":{"line":61,"column":6},"end":{"line":61,"column":64}},"21":{"start":{"line":69,"column":26},"end":{"line":93,"column":1}},"22":{"start":{"line":70,"column":2},"end":{"line":92,"column":3}},"23":{"start":{"line":71,"column":4},"end":{"line":71,"column":30}},"24":{"start":{"line":74,"column":4},"end":{"line":74,"column":28}},"25":{"start":{"line":77,"column":4},"end":{"line":80,"column":7}},"26":{"start":{"line":82,"column":4},"end":{"line":82,"column":50}},"27":{"start":{"line":84,"column":4},"end":{"line":91,"column":5}},"28":{"start":{"line":85,"column":6},"end":{"line":88,"column":9}},"29":{"start":{"line":90,"column":6},"end":{"line":90,"column":64}},"30":{"start":{"line":98,"column":19},"end":{"line":131,"column":1}},"31":{"start":{"line":99,"column":2},"end":{"line":130,"column":3}},"32":{"start":{"line":100,"column":4},"end":{"line":100,"column":30}},"33":{"start":{"line":103,"column":4},"end":{"line":118,"column":5}},"34":{"start":{"line":104,"column":6},"end":{"line":107,"column":9}},"35":{"start":{"line":108,"column":11},"end":{"line":118,"column":5}},"36":{"start":{"line":109,"column":6},"end":{"line":112,"column":9}},"37":{"start":{"line":114,"column":6},"end":{"line":117,"column":9}},"38":{"start":{"line":120,"column":4},"end":{"line":120,"column":50}},"39":{"start":{"line":122,"column":4},"end":{"line":129,"column":5}},"40":{"start":{"line":123,"column":6},"end":{"line":126,"column":9}},"41":{"start":{"line":128,"column":6},"end":{"line":128,"column":64}},"42":{"start":{"line":136,"column":25},"end":{"line":193,"column":1}},"43":{"start":{"line":137,"column":2},"end":{"line":192,"column":3}},"44":{"start":{"line":138,"column":4},"end":{"line":138,"column":30}},"45":{"start":{"line":141,"column":24},"end":{"line":141,"column":74}},"46":{"start":{"line":143,"column":4},"end":{"line":150,"column":5}},"47":{"start":{"line":144,"column":6},"end":{"line":144,"column":83}},"48":{"start":{"line":145,"column":6},"end":{"line":148,"column":9}},"49":{"start":{"line":149,"column":6},"end":{"line":149,"column":13}},"50":{"start":{"line":153,"column":20},"end":{"line":153,"column":65}},"51":{"start":{"line":154,"column":4},"end":{"line":154,"column":87}},"52":{"start":{"line":157,"column":4},"end":{"line":173,"column":5}},"53":{"start":{"line":158,"column":6},"end":{"line":168,"column":7}},"54":{"start":{"line":159,"column":8},"end":{"line":159,"column":61}},"55":{"start":{"line":160,"column":8},"end":{"line":160,"column":35}},"56":{"start":{"line":161,"column":8},"end":{"line":163,"column":9}},"57":{"start":{"line":162,"column":10},"end":{"line":162,"column":50}},"58":{"start":{"line":164,"column":8},"end":{"line":164,"column":69}},"59":{"start":{"line":166,"column":8},"end":{"line":166,"column":74}},"60":{"start":{"line":167,"column":8},"end":{"line":167,"column":35}},"61":{"start":{"line":170,"column":6},"end":{"line":170,"column":58}},"62":{"start":{"line":172,"column":6},"end":{"line":172,"column":33}},"63":{"start":{"line":176,"column":4},"end":{"line":180,"column":5}},"64":{"start":{"line":177,"column":6},"end":{"line":177,"column":34}},"65":{"start":{"line":179,"column":6},"end":{"line":179,"column":33}},"66":{"start":{"line":182,"column":4},"end":{"line":182,"column":57}},"67":{"start":{"line":184,"column":4},"end":{"line":191,"column":5}},"68":{"start":{"line":185,"column":6},"end":{"line":188,"column":9}},"69":{"start":{"line":190,"column":6},"end":{"line":190,"column":64}}},"fnMap":{"0":{"name":"(anonymous_0)","decl":{"start":{"line":13,"column":35},"end":{"line":13,"column":36}},"loc":{"start":{"line":13,"column":44},"end":{"line":25,"column":1}},"line":13},"1":{"name":"(anonymous_1)","decl":{"start":{"line":30,"column":23},"end":{"line":30,"column":24}},"loc":{"start":{"line":30,"column":38},"end":{"line":64,"column":1}},"line":30},"2":{"name":"(anonymous_2)","decl":{"start":{"line":69,"column":26},"end":{"line":69,"column":27}},"loc":{"start":{"line":69,"column":41},"end":{"line":93,"column":1}},"line":69},"3":{"name":"(anonymous_3)","decl":{"start":{"line":98,"column":19},"end":{"line":98,"column":20}},"loc":{"start":{"line":98,"column":34},"end":{"line":131,"column":1}},"line":98},"4":{"name":"(anonymous_4)","decl":{"start":{"line":136,"column":25},"end":{"line":136,"column":26}},"loc":{"start":{"line":136,"column":40},"end":{"line":193,"column":1}},"line":136}},"branchMap":{"0":{"loc":{"start":{"line":37,"column":4},"end":{"line":43,"column":5}},"type":"if","locations":[{"start":{"line":37,"column":4},"end":{"line":43,"column":5}},{"start":{"line":40,"column":11},"end":{"line":43,"column":5}}],"line":37},"1":{"loc":{"start":{"line":40,"column":11},"end":{"line":43,"column":5}},"type":"if","locations":[{"start":{"line":40,"column":11},"end":{"line":43,"column":5}},{"start":{},"end":{}}],"line":40},"2":{"loc":{"start":{"line":103,"column":4},"end":{"line":118,"column":5}},"type":"if","locations":[{"start":{"line":103,"column":4},"end":{"line":118,"column":5}},{"start":{"line":108,"column":11},"end":{"line":118,"column":5}}],"line":103},"3":{"loc":{"start":{"line":108,"column":11},"end":{"line":118,"column":5}},"type":"if","locations":[{"start":{"line":108,"column":11},"end":{"line":118,"column":5}},{"start":{"line":113,"column":11},"end":{"line":118,"column":5}}],"line":108},"4":{"loc":{"start":{"line":141,"column":24},"end":{"line":141,"column":74}},"type":"binary-expr","locations":[{"start":{"line":141,"column":24},"end":{"line":141,"column":40}},{"start":{"line":141,"column":44},"end":{"line":141,"column":74}}],"line":141},"5":{"loc":{"start":{"line":143,"column":4},"end":{"line":150,"column":5}},"type":"if","locations":[{"start":{"line":143,"column":4},"end":{"line":150,"column":5}},{"start":{},"end":{}}],"line":143},"6":{"loc":{"start":{"line":153,"column":20},"end":{"line":153,"column":65}},"type":"cond-expr","locations":[{"start":{"line":153,"column":47},"end":{"line":153,"column":54}},{"start":{"line":153,"column":57},"end":{"line":153,"column":65}}],"line":153},"7":{"loc":{"start":{"line":158,"column":6},"end":{"line":168,"column":7}},"type":"if","locations":[{"start":{"line":158,"column":6},"end":{"line":168,"column":7}},{"start":{"line":165,"column":13},"end":{"line":168,"column":7}}],"line":158},"8":{"loc":{"start":{"line":161,"column":8},"end":{"line":163,"column":9}},"type":"if","locations":[{"start":{"line":161,"column":8},"end":{"line":163,"column":9}},{"start":{},"end":{}}],"line":161},"9":{"loc":{"start":{"line":176,"column":4},"end":{"line":180,"column":5}},"type":"if","locations":[{"start":{"line":176,"column":4},"end":{"line":180,"column":5}},{"start":{"line":178,"column":11},"end":{"line":180,"column":5}}],"line":176}},"s":{"0":11,"1":71,"2":71,"3":71,"4":71,"5":11,"6":0,"7":0,"8":0,"9":0,"10":0,"11":0,"12":0,"13":0,"14":0,"15":0,"16":0,"17":0,"18":0,"19":0,"20":0,"21":11,"22":0,"23":0,"24":0,"25":0,"26":0,"27":0,"28":0,"29":0,"30":11,"31":0,"32":0,"33":0,"34":0,"35":0,"36":0,"37":0,"38":0,"39":0,"40":0,"41":0,"42":11,"43":1,"44":1,"45":1,"46":1,"47":0,"48":0,"49":0,"50":1,"51":1,"52":1,"53":1,"54":1,"55":0,"56":0,"57":0,"58":0,"59":0,"60":0,"61":1,"62":1,"63":1,"64":0,"65":1,"66":0,"67":0,"68":0,"69":0},"f":{"0":71,"1":0,"2":0,"3":0,"4":1},"b":{"0":[0,0],"1":[0,0],"2":[0,0],"3":[0,0],"4":[1,0],"5":[0,1],"6":[1,0],"7":[1,0],"8":[0,0],"9":[0,1]},"inputSourceMap":null,"_coverageSchema":"1a1c01bbd47fc00a2c39e90264f33305004495a9","hash":"574f2cc0f77dd3ba25493860d70a69aff53964fa"}
,"/Users/sile/Documents/Status Stock 4.0/bot/src/handlers/start.js": {"path":"/Users/sile/Documents/Status Stock 4.0/bot/src/handlers/start.js","statementMap":{"0":{"start":{"line":11,"column":27},"end":{"line":86,"column":1}},"1":{"start":{"line":12,"column":2},"end":{"line":85,"column":3}},"2":{"start":{"line":13,"column":4},"end":{"line":13,"column":59}},"3":{"start":{"line":16,"column":4},"end":{"line":16,"column":38}},"4":{"start":{"line":17,"column":4},"end":{"line":17,"column":33}},"5":{"start":{"line":20,"column":22},"end":{"line":20,"column":52}},"6":{"start":{"line":22,"column":4},"end":{"line":54,"column":5}},"7":{"start":{"line":23,"column":6},"end":{"line":23,"column":49}},"8":{"start":{"line":24,"column":6},"end":{"line":24,"column":34}},"9":{"start":{"line":28,"column":22},"end":{"line":34,"column":7}},"10":{"start":{"line":32,"column":10},"end":{"line":32,"column":46}},"11":{"start":{"line":36,"column":6},"end":{"line":36,"column":38}},"12":{"start":{"line":37,"column":6},"end":{"line":37,"column":13}},"13":{"start":{"line":38,"column":11},"end":{"line":54,"column":5}},"14":{"start":{"line":39,"column":6},"end":{"line":39,"column":48}},"15":{"start":{"line":40,"column":6},"end":{"line":40,"column":33}},"16":{"start":{"line":44,"column":22},"end":{"line":50,"column":7}},"17":{"start":{"line":48,"column":10},"end":{"line":48,"column":46}},"18":{"start":{"line":52,"column":6},"end":{"line":52,"column":37}},"19":{"start":{"line":53,"column":6},"end":{"line":53,"column":13}},"20":{"start":{"line":57,"column":4},"end":{"line":57,"column":57}},"21":{"start":{"line":58,"column":4},"end":{"line":58,"column":28}},"22":{"start":{"line":61,"column":24},"end":{"line":61,"column":29}},"23":{"start":{"line":62,"column":4},"end":{"line":75,"column":5}},"24":{"start":{"line":63,"column":6},"end":{"line":74,"column":7}},"25":{"start":{"line":64,"column":28},"end":{"line":64,"column":75}},"26":{"start":{"line":65,"column":8},"end":{"line":65,"column":62}},"27":{"start":{"line":66,"column":8},"end":{"line":66,"column":82}},"28":{"start":{"line":69,"column":8},"end":{"line":72,"column":11}},"29":{"start":{"line":78,"column":4},"end":{"line":81,"column":7}},"30":{"start":{"line":83,"column":4},"end":{"line":83,"column":52}},"31":{"start":{"line":84,"column":4},"end":{"line":84,"column":16}}},"fnMap":{"0":{"name":"(anonymous_0)","decl":{"start":{"line":11,"column":27},"end":{"line":11,"column":28}},"loc":{"start":{"line":11,"column":42},"end":{"line":86,"column":1}},"line":11},"1":{"name":"(anonymous_1)","decl":{"start":{"line":30,"column":23},"end":{"line":30,"column":24}},"loc":{"start":{"line":30,"column":35},"end":{"line":30,"column":37}},"line":30},"2":{"name":"(anonymous_2)","decl":{"start":{"line":31,"column":25},"end":{"line":31,"column":26}},"loc":{"start":{"line":31,"column":48},"end":{"line":33,"column":9}},"line":31},"3":{"name":"(anonymous_3)","decl":{"start":{"line":46,"column":23},"end":{"line":46,"column":24}},"loc":{"start":{"line":46,"column":35},"end":{"line":46,"column":37}},"line":46},"4":{"name":"(anonymous_4)","decl":{"start":{"line":47,"column":25},"end":{"line":47,"column":26}},"loc":{"start":{"line":47,"column":48},"end":{"line":49,"column":9}},"line":47}},"branchMap":{"0":{"loc":{"start":{"line":22,"column":4},"end":{"line":54,"column":5}},"type":"if","locations":[{"start":{"line":22,"column":4},"end":{"line":54,"column":5}},{"start":{"line":38,"column":11},"end":{"line":54,"column":5}}],"line":22},"1":{"loc":{"start":{"line":38,"column":11},"end":{"line":54,"column":5}},"type":"if","locations":[{"start":{"line":38,"column":11},"end":{"line":54,"column":5}},{"start":{},"end":{}}],"line":38},"2":{"loc":{"start":{"line":62,"column":4},"end":{"line":75,"column":5}},"type":"if","locations":[{"start":{"line":62,"column":4},"end":{"line":75,"column":5}},{"start":{},"end":{}}],"line":62},"3":{"loc":{"start":{"line":65,"column":24},"end":{"line":65,"column":61}},"type":"binary-expr","locations":[{"start":{"line":65,"column":24},"end":{"line":65,"column":35}},{"start":{"line":65,"column":39},"end":{"line":65,"column":61}}],"line":65}},"s":{"0":11,"1":2,"2":2,"3":2,"4":2,"5":2,"6":2,"7":0,"8":0,"9":0,"10":0,"11":0,"12":0,"13":2,"14":0,"15":0,"16":0,"17":0,"18":0,"19":0,"20":2,"21":2,"22":2,"23":2,"24":2,"25":2,"26":0,"27":0,"28":2,"29":2,"30":0,"31":0},"f":{"0":2,"1":0,"2":0,"3":0,"4":0},"b":{"0":[0,2],"1":[0,2],"2":[2,0],"3":[0,0]},"inputSourceMap":null,"_coverageSchema":"1a1c01bbd47fc00a2c39e90264f33305004495a9","hash":"8a900fedd0be56fecc600c6404715128ad7a3a27"}
,"/Users/sile/Documents/Status Stock 4.0/bot/src/handlers/buyer/index.js": {"path":"/Users/sile/Documents/Status Stock 4.0/bot/src/handlers/buyer/index.js","statementMap":{"0":{"start":{"line":11,"column":34},"end":{"line":38,"column":1}},"1":{"start":{"line":13,"column":2},"end":{"line":13,"column":44}},"2":{"start":{"line":16,"column":2},"end":{"line":16,"column":48}},"3":{"start":{"line":19,"column":2},"end":{"line":19,"column":57}},"4":{"start":{"line":22,"column":2},"end":{"line":22,"column":50}},"5":{"start":{"line":25,"column":2},"end":{"line":25,"column":54}},"6":{"start":{"line":28,"column":2},"end":{"line":28,"column":35}},"7":{"start":{"line":31,"column":2},"end":{"line":31,"column":44}},"8":{"start":{"line":34,"column":2},"end":{"line":34,"column":43}},"9":{"start":{"line":37,"column":2},"end":{"line":37,"column":49}},"10":{"start":{"line":43,"column":31},"end":{"line":100,"column":1}},"11":{"start":{"line":44,"column":2},"end":{"line":99,"column":3}},"12":{"start":{"line":45,"column":4},"end":{"line":45,"column":30}},"13":{"start":{"line":47,"column":4},"end":{"line":47,"column":31}},"14":{"start":{"line":48,"column":4},"end":{"line":48,"column":59}},"15":{"start":{"line":51,"column":4},"end":{"line":61,"column":5}},"16":{"start":{"line":52,"column":6},"end":{"line":58,"column":7}},"17":{"start":{"line":53,"column":8},"end":{"line":53,"column":61}},"18":{"start":{"line":54,"column":8},"end":{"line":56,"column":9}},"19":{"start":{"line":55,"column":10},"end":{"line":55,"column":50}},"20":{"start":{"line":57,"column":8},"end":{"line":57,"column":64}},"21":{"start":{"line":60,"column":6},"end":{"line":60,"column":50}},"22":{"start":{"line":64,"column":4},"end":{"line":82,"column":5}},"23":{"start":{"line":66,"column":6},"end":{"line":78,"column":7}},"24":{"start":{"line":67,"column":22},"end":{"line":67,"column":64}},"25":{"start":{"line":69,"column":8},"end":{"line":77,"column":9}},"26":{"start":{"line":71,"column":10},"end":{"line":74,"column":13}},"27":{"start":{"line":75,"column":10},"end":{"line":75,"column":71}},"28":{"start":{"line":76,"column":10},"end":{"line":76,"column":17}},"29":{"start":{"line":80,"column":6},"end":{"line":80,"column":61}},"30":{"start":{"line":84,"column":4},"end":{"line":87,"column":7}},"31":{"start":{"line":89,"column":4},"end":{"line":89,"column":56}},"32":{"start":{"line":91,"column":4},"end":{"line":98,"column":5}},"33":{"start":{"line":92,"column":6},"end":{"line":95,"column":9}},"34":{"start":{"line":97,"column":6},"end":{"line":97,"column":64}},"35":{"start":{"line":105,"column":26},"end":{"line":123,"column":1}},"36":{"start":{"line":106,"column":2},"end":{"line":122,"column":3}},"37":{"start":{"line":107,"column":4},"end":{"line":107,"column":30}},"38":{"start":{"line":110,"column":4},"end":{"line":110,"column":40}},"39":{"start":{"line":112,"column":4},"end":{"line":112,"column":60}},"40":{"start":{"line":114,"column":4},"end":{"line":121,"column":5}},"41":{"start":{"line":115,"column":6},"end":{"line":118,"column":9}},"42":{"start":{"line":120,"column":6},"end":{"line":120,"column":64}},"43":{"start":{"line":128,"column":28},"end":{"line":157,"column":1}},"44":{"start":{"line":129,"column":2},"end":{"line":156,"column":3}},"45":{"start":{"line":130,"column":4},"end":{"line":130,"column":30}},"46":{"start":{"line":133,"column":4},"end":{"line":139,"column":5}},"47":{"start":{"line":134,"column":6},"end":{"line":137,"column":9}},"48":{"start":{"line":138,"column":6},"end":{"line":138,"column":13}},"49":{"start":{"line":141,"column":26},"end":{"line":141,"column":85}},"50":{"start":{"line":144,"column":20},"end":{"line":144,"column":54}},"51":{"start":{"line":146,"column":4},"end":{"line":149,"column":7}},"52":{"start":{"line":151,"column":4},"end":{"line":151,"column":57}},"53":{"start":{"line":152,"column":4},"end":{"line":155,"column":7}},"54":{"start":{"line":162,"column":24},"end":{"line":221,"column":1}},"55":{"start":{"line":163,"column":2},"end":{"line":220,"column":3}},"56":{"start":{"line":164,"column":19},"end":{"line":164,"column":31}},"57":{"start":{"line":167,"column":4},"end":{"line":170,"column":5}},"58":{"start":{"line":168,"column":6},"end":{"line":168,"column":78}},"59":{"start":{"line":169,"column":6},"end":{"line":169,"column":13}},"60":{"start":{"line":173,"column":24},"end":{"line":173,"column":90}},"61":{"start":{"line":175,"column":4},"end":{"line":190,"column":5}},"62":{"start":{"line":177,"column":6},"end":{"line":177,"column":69}},"63":{"start":{"line":180,"column":19},"end":{"line":180,"column":48}},"64":{"start":{"line":183,"column":6},"end":{"line":186,"column":9}},"65":{"start":{"line":188,"column":6},"end":{"line":188,"column":78}},"66":{"start":{"line":189,"column":6},"end":{"line":189,"column":13}},"67":{"start":{"line":193,"column":4},"end":{"line":193,"column":76}},"68":{"start":{"line":196,"column":17},"end":{"line":196,"column":46}},"69":{"start":{"line":199,"column":4},"end":{"line":199,"column":46}},"70":{"start":{"line":201,"column":4},"end":{"line":204,"column":7}},"71":{"start":{"line":206,"column":4},"end":{"line":206,"column":68}},"72":{"start":{"line":208,"column":4},"end":{"line":208,"column":54}},"73":{"start":{"line":211,"column":21},"end":{"line":211,"column":48}},"74":{"start":{"line":213,"column":4},"end":{"line":219,"column":5}},"75":{"start":{"line":214,"column":6},"end":{"line":214,"column":92}},"76":{"start":{"line":215,"column":11},"end":{"line":219,"column":5}},"77":{"start":{"line":216,"column":6},"end":{"line":216,"column":75}},"78":{"start":{"line":218,"column":6},"end":{"line":218,"column":73}},"79":{"start":{"line":226,"column":26},"end":{"line":255,"column":1}},"80":{"start":{"line":227,"column":2},"end":{"line":254,"column":3}},"81":{"start":{"line":228,"column":19},"end":{"line":228,"column":31}},"82":{"start":{"line":231,"column":4},"end":{"line":234,"column":5}},"83":{"start":{"line":232,"column":6},"end":{"line":232,"column":78}},"84":{"start":{"line":233,"column":6},"end":{"line":233,"column":13}},"85":{"start":{"line":237,"column":4},"end":{"line":237,"column":65}},"86":{"start":{"line":240,"column":17},"end":{"line":240,"column":46}},"87":{"start":{"line":243,"column":4},"end":{"line":243,"column":44}},"88":{"start":{"line":245,"column":4},"end":{"line":248,"column":7}},"89":{"start":{"line":250,"column":4},"end":{"line":250,"column":72}},"90":{"start":{"line":252,"column":4},"end":{"line":252,"column":58}},"91":{"start":{"line":253,"column":4},"end":{"line":253,"column":68}},"92":{"start":{"line":260,"column":21},"end":{"line":291,"column":1}},"93":{"start":{"line":261,"column":2},"end":{"line":290,"column":3}},"94":{"start":{"line":262,"column":4},"end":{"line":262,"column":30}},"95":{"start":{"line":265,"column":4},"end":{"line":271,"column":5}},"96":{"start":{"line":266,"column":6},"end":{"line":269,"column":9}},"97":{"start":{"line":270,"column":6},"end":{"line":270,"column":13}},"98":{"start":{"line":274,"column":19},"end":{"line":274,"column":64}},"99":{"start":{"line":277,"column":20},"end":{"line":277,"column":45}},"100":{"start":{"line":279,"column":4},"end":{"line":282,"column":7}},"101":{"start":{"line":283,"column":4},"end":{"line":283,"column":78}},"102":{"start":{"line":285,"column":4},"end":{"line":285,"column":50}},"103":{"start":{"line":286,"column":4},"end":{"line":289,"column":7}},"104":{"start":{"line":296,"column":19},"end":{"line":302,"column":1}},"105":{"start":{"line":297,"column":2},"end":{"line":301,"column":3}},"106":{"start":{"line":298,"column":4},"end":{"line":298,"column":67}},"107":{"start":{"line":300,"column":4},"end":{"line":300,"column":50}},"108":{"start":{"line":307,"column":23},"end":{"line":346,"column":1}},"109":{"start":{"line":308,"column":2},"end":{"line":345,"column":3}},"110":{"start":{"line":309,"column":19},"end":{"line":309,"column":31}},"111":{"start":{"line":310,"column":4},"end":{"line":310,"column":30}},"112":{"start":{"line":313,"column":17},"end":{"line":313,"column":46}},"113":{"start":{"line":316,"column":21},"end":{"line":316,"column":61}},"114":{"start":{"line":319,"column":20},"end":{"line":319,"column":50}},"115":{"start":{"line":322,"column":23},"end":{"line":322,"column":28}},"116":{"start":{"line":323,"column":4},"end":{"line":331,"column":5}},"117":{"start":{"line":324,"column":6},"end":{"line":330,"column":7}},"118":{"start":{"line":325,"column":28},"end":{"line":325,"column":94}},"119":{"start":{"line":326,"column":8},"end":{"line":326,"column":55}},"120":{"start":{"line":328,"column":8},"end":{"line":328,"column":68}},"121":{"start":{"line":333,"column":4},"end":{"line":336,"column":7}},"122":{"start":{"line":338,"column":4},"end":{"line":338,"column":69}},"123":{"start":{"line":340,"column":4},"end":{"line":340,"column":47}},"124":{"start":{"line":341,"column":4},"end":{"line":344,"column":7}}},"fnMap":{"0":{"name":"(anonymous_0)","decl":{"start":{"line":11,"column":34},"end":{"line":11,"column":35}},"loc":{"start":{"line":11,"column":43},"end":{"line":38,"column":1}},"line":11},"1":{"name":"(anonymous_1)","decl":{"start":{"line":43,"column":31},"end":{"line":43,"column":32}},"loc":{"start":{"line":43,"column":46},"end":{"line":100,"column":1}},"line":43},"2":{"name":"(anonymous_2)","decl":{"start":{"line":105,"column":26},"end":{"line":105,"column":27}},"loc":{"start":{"line":105,"column":41},"end":{"line":123,"column":1}},"line":105},"3":{"name":"(anonymous_3)","decl":{"start":{"line":128,"column":28},"end":{"line":128,"column":29}},"loc":{"start":{"line":128,"column":43},"end":{"line":157,"column":1}},"line":128},"4":{"name":"(anonymous_4)","decl":{"start":{"line":162,"column":24},"end":{"line":162,"column":25}},"loc":{"start":{"line":162,"column":39},"end":{"line":221,"column":1}},"line":162},"5":{"name":"(anonymous_5)","decl":{"start":{"line":226,"column":26},"end":{"line":226,"column":27}},"loc":{"start":{"line":226,"column":41},"end":{"line":255,"column":1}},"line":226},"6":{"name":"(anonymous_6)","decl":{"start":{"line":260,"column":21},"end":{"line":260,"column":22}},"loc":{"start":{"line":260,"column":36},"end":{"line":291,"column":1}},"line":260},"7":{"name":"(anonymous_7)","decl":{"start":{"line":296,"column":19},"end":{"line":296,"column":20}},"loc":{"start":{"line":296,"column":34},"end":{"line":302,"column":1}},"line":296},"8":{"name":"(anonymous_8)","decl":{"start":{"line":307,"column":23},"end":{"line":307,"column":24}},"loc":{"start":{"line":307,"column":38},"end":{"line":346,"column":1}},"line":307}},"branchMap":{"0":{"loc":{"start":{"line":52,"column":6},"end":{"line":58,"column":7}},"type":"if","locations":[{"start":{"line":52,"column":6},"end":{"line":58,"column":7}},{"start":{},"end":{}}],"line":52},"1":{"loc":{"start":{"line":54,"column":8},"end":{"line":56,"column":9}},"type":"if","locations":[{"start":{"line":54,"column":8},"end":{"line":56,"column":9}},{"start":{},"end":{}}],"line":54},"2":{"loc":{"start":{"line":66,"column":6},"end":{"line":78,"column":7}},"type":"if","locations":[{"start":{"line":66,"column":6},"end":{"line":78,"column":7}},{"start":{},"end":{}}],"line":66},"3":{"loc":{"start":{"line":69,"column":8},"end":{"line":77,"column":9}},"type":"if","locations":[{"start":{"line":69,"column":8},"end":{"line":77,"column":9}},{"start":{},"end":{}}],"line":69},"4":{"loc":{"start":{"line":69,"column":12},"end":{"line":69,"column":40}},"type":"binary-expr","locations":[{"start":{"line":69,"column":12},"end":{"line":69,"column":18}},{"start":{"line":69,"column":22},"end":{"line":69,"column":40}}],"line":69},"5":{"loc":{"start":{"line":133,"column":4},"end":{"line":139,"column":5}},"type":"if","locations":[{"start":{"line":133,"column":4},"end":{"line":139,"column":5}},{"start":{},"end":{}}],"line":133},"6":{"loc":{"start":{"line":167,"column":4},"end":{"line":170,"column":5}},"type":"if","locations":[{"start":{"line":167,"column":4},"end":{"line":170,"column":5}},{"start":{},"end":{}}],"line":167},"7":{"loc":{"start":{"line":175,"column":4},"end":{"line":190,"column":5}},"type":"if","locations":[{"start":{"line":175,"column":4},"end":{"line":190,"column":5}},{"start":{},"end":{}}],"line":175},"8":{"loc":{"start":{"line":213,"column":4},"end":{"line":219,"column":5}},"type":"if","locations":[{"start":{"line":213,"column":4},"end":{"line":219,"column":5}},{"start":{"line":215,"column":11},"end":{"line":219,"column":5}}],"line":213},"9":{"loc":{"start":{"line":215,"column":11},"end":{"line":219,"column":5}},"type":"if","locations":[{"start":{"line":215,"column":11},"end":{"line":219,"column":5}},{"start":{"line":217,"column":11},"end":{"line":219,"column":5}}],"line":215},"10":{"loc":{"start":{"line":231,"column":4},"end":{"line":234,"column":5}},"type":"if","locations":[{"start":{"line":231,"column":4},"end":{"line":234,"column":5}},{"start":{},"end":{}}],"line":231},"11":{"loc":{"start":{"line":265,"column":4},"end":{"line":271,"column":5}},"type":"if","locations":[{"start":{"line":265,"column":4},"end":{"line":271,"column":5}},{"start":{},"end":{}}],"line":265},"12":{"loc":{"start":{"line":323,"column":4},"end":{"line":331,"column":5}},"type":"if","locations":[{"start":{"line":323,"column":4},"end":{"line":331,"column":5}},{"start":{},"end":{}}],"line":323},"13":{"loc":{"start":{"line":326,"column":23},"end":{"line":326,"column":54}},"type":"binary-expr","locations":[{"start":{"line":326,"column":23},"end":{"line":326,"column":45}},{"start":{"line":326,"column":49},"end":{"line":326,"column":54}}],"line":326}},"s":{"0":11,"1":71,"2":71,"3":71,"4":71,"5":71,"6":71,"7":71,"8":71,"9":71,"10":11,"11":2,"12":2,"13":2,"14":2,"15":2,"16":2,"17":2,"18":0,"19":0,"20":0,"21":2,"22":2,"23":2,"24":2,"25":2,"26":2,"27":2,"28":2,"29":0,"30":0,"31":0,"32":0,"33":0,"34":0,"35":11,"36":3,"37":3,"38":3,"39":0,"40":0,"41":0,"42":0,"43":11,"44":0,"45":0,"46":0,"47":0,"48":0,"49":0,"50":0,"51":0,"52":0,"53":0,"54":11,"55":3,"56":3,"57":3,"58":0,"59":0,"60":3,"61":3,"62":1,"63":1,"64":1,"65":1,"66":1,"67":2,"68":1,"69":1,"70":1,"71":1,"72":1,"73":1,"74":1,"75":1,"76":0,"77":0,"78":0,"79":11,"80":2,"81":2,"82":2,"83":1,"84":1,"85":1,"86":1,"87":1,"88":1,"89":1,"90":0,"91":0,"92":11,"93":0,"94":0,"95":0,"96":0,"97":0,"98":0,"99":0,"100":0,"101":0,"102":0,"103":0,"104":11,"105":0,"106":0,"107":0,"108":11,"109":1,"110":1,"111":1,"112":1,"113":1,"114":1,"115":1,"116":1,"117":1,"118":1,"119":1,"120":0,"121":1,"122":1,"123":0,"124":0},"f":{"0":71,"1":2,"2":3,"3":0,"4":3,"5":2,"6":0,"7":0,"8":1},"b":{"0":[2,0],"1":[0,0],"2":[2,0],"3":[2,0],"4":[2,2],"5":[0,0],"6":[0,3],"7":[1,2],"8":[1,0],"9":[0,0],"10":[1,1],"11":[0,0],"12":[1,0],"13":[1,1]},"inputSourceMap":null,"_coverageSchema":"1a1c01bbd47fc00a2c39e90264f33305004495a9","hash":"19757dd281aea83c8184b3453e3357dbb658be7c"}
,"/Users/sile/Documents/Status Stock 4.0/bot/src/handlers/seller/aiProducts.js": {"path":"/Users/sile/Documents/Status Stock 4.0/bot/src/handlers/seller/aiProducts.js","statementMap":{"0":{"start":{"line":19,"column":2},"end":{"line":180,"column":3}},"1":{"start":{"line":22,"column":4},"end":{"line":28,"column":5}},"2":{"start":{"line":24,"column":6},"end":{"line":26,"column":9}},"3":{"start":{"line":25,"column":8},"end":{"line":25,"column":69}},"4":{"start":{"line":27,"column":6},"end":{"line":27,"column":13}},"5":{"start":{"line":31,"column":4},"end":{"line":33,"column":5}},"6":{"start":{"line":32,"column":6},"end":{"line":32,"column":13}},"7":{"start":{"line":36,"column":4},"end":{"line":38,"column":5}},"8":{"start":{"line":37,"column":6},"end":{"line":37,"column":13}},"9":{"start":{"line":41,"column":24},"end":{"line":41,"column":41}},"10":{"start":{"line":42,"column":4},"end":{"line":44,"column":5}},"11":{"start":{"line":43,"column":6},"end":{"line":43,"column":13}},"12":{"start":{"line":47,"column":4},"end":{"line":54,"column":5}},"13":{"start":{"line":49,"column":6},"end":{"line":52,"column":9}},"14":{"start":{"line":53,"column":6},"end":{"line":53,"column":13}},"15":{"start":{"line":57,"column":4},"end":{"line":64,"column":5}},"16":{"start":{"line":58,"column":6},"end":{"line":61,"column":9}},"17":{"start":{"line":62,"column":6},"end":{"line":62,"column":95}},"18":{"start":{"line":63,"column":6},"end":{"line":63,"column":13}},"19":{"start":{"line":67,"column":4},"end":{"line":67,"column":36}},"20":{"start":{"line":70,"column":4},"end":{"line":72,"column":5}},"21":{"start":{"line":71,"column":6},"end":{"line":71,"column":34}},"22":{"start":{"line":75,"column":4},"end":{"line":77,"column":6}},"23":{"start":{"line":76,"column":19},"end":{"line":76,"column":49}},"24":{"start":{"line":80,"column":4},"end":{"line":83,"column":5}},"25":{"start":{"line":81,"column":6},"end":{"line":81,"column":90}},"26":{"start":{"line":82,"column":6},"end":{"line":82,"column":13}},"27":{"start":{"line":86,"column":4},"end":{"line":86,"column":44}},"28":{"start":{"line":89,"column":4},"end":{"line":89,"column":39}},"29":{"start":{"line":92,"column":21},"end":{"line":92,"column":73}},"30":{"start":{"line":95,"column":19},"end":{"line":101,"column":6}},"31":{"start":{"line":104,"column":4},"end":{"line":111,"column":5}},"32":{"start":{"line":106,"column":6},"end":{"line":109,"column":9}},"33":{"start":{"line":110,"column":6},"end":{"line":110,"column":13}},"34":{"start":{"line":113,"column":4},"end":{"line":117,"column":5}},"35":{"start":{"line":115,"column":6},"end":{"line":115,"column":45}},"36":{"start":{"line":116,"column":6},"end":{"line":116,"column":13}},"37":{"start":{"line":119,"column":4},"end":{"line":127,"column":5}},"38":{"start":{"line":121,"column":23},"end":{"line":121,"column":56}},"39":{"start":{"line":122,"column":6},"end":{"line":125,"column":9}},"40":{"start":{"line":126,"column":6},"end":{"line":126,"column":13}},"41":{"start":{"line":129,"column":4},"end":{"line":133,"column":5}},"42":{"start":{"line":131,"column":6},"end":{"line":131,"column":61}},"43":{"start":{"line":132,"column":6},"end":{"line":132,"column":13}},"44":{"start":{"line":138,"column":4},"end":{"line":141,"column":5}},"45":{"start":{"line":140,"column":6},"end":{"line":140,"column":44}},"46":{"start":{"line":145,"column":4},"end":{"line":147,"column":7}},"47":{"start":{"line":146,"column":6},"end":{"line":146,"column":69}},"48":{"start":{"line":150,"column":4},"end":{"line":156,"column":7}},"49":{"start":{"line":159,"column":4},"end":{"line":163,"column":7}},"50":{"start":{"line":166,"column":4},"end":{"line":174,"column":5}},"51":{"start":{"line":167,"column":23},"end":{"line":167,"column":56}},"52":{"start":{"line":168,"column":6},"end":{"line":171,"column":9}},"53":{"start":{"line":173,"column":6},"end":{"line":173,"column":64}},"54":{"start":{"line":177,"column":4},"end":{"line":179,"column":5}},"55":{"start":{"line":178,"column":6},"end":{"line":178,"column":39}},"56":{"start":{"line":187,"column":42},"end":{"line":187,"column":48}},"57":{"start":{"line":190,"column":2},"end":{"line":194,"column":4}},"58":{"start":{"line":197,"column":19},"end":{"line":208,"column":3}},"59":{"start":{"line":199,"column":28},"end":{"line":202,"column":8}},"60":{"start":{"line":210,"column":2},"end":{"line":212,"column":5}},"61":{"start":{"line":219,"column":2},"end":{"line":268,"column":3}},"62":{"start":{"line":220,"column":4},"end":{"line":220,"column":30}},"63":{"start":{"line":222,"column":22},"end":{"line":222,"column":44}},"64":{"start":{"line":225,"column":4},"end":{"line":228,"column":5}},"65":{"start":{"line":226,"column":6},"end":{"line":226,"column":74}},"66":{"start":{"line":227,"column":6},"end":{"line":227,"column":13}},"67":{"start":{"line":230,"column":35},"end":{"line":230,"column":56}},"68":{"start":{"line":233,"column":28},"end":{"line":233,"column":65}},"69":{"start":{"line":233,"column":46},"end":{"line":233,"column":64}},"70":{"start":{"line":234,"column":4},"end":{"line":238,"column":5}},"71":{"start":{"line":235,"column":6},"end":{"line":235,"column":53}},"72":{"start":{"line":236,"column":6},"end":{"line":236,"column":35}},"73":{"start":{"line":237,"column":6},"end":{"line":237,"column":13}},"74":{"start":{"line":241,"column":4},"end":{"line":256,"column":5}},"75":{"start":{"line":242,"column":6},"end":{"line":255,"column":7}},"76":{"start":{"line":243,"column":8},"end":{"line":243,"column":69}},"77":{"start":{"line":244,"column":8},"end":{"line":244,"column":99}},"78":{"start":{"line":246,"column":8},"end":{"line":251,"column":11}},"79":{"start":{"line":253,"column":8},"end":{"line":253,"column":63}},"80":{"start":{"line":254,"column":8},"end":{"line":254,"column":64}},"81":{"start":{"line":259,"column":4},"end":{"line":259,"column":33}},"82":{"start":{"line":262,"column":4},"end":{"line":262,"column":55}},"83":{"start":{"line":263,"column":4},"end":{"line":267,"column":5}},"84":{"start":{"line":264,"column":6},"end":{"line":264,"column":54}},"85":{"start":{"line":266,"column":6},"end":{"line":266,"column":64}},"86":{"start":{"line":275,"column":2},"end":{"line":281,"column":3}},"87":{"start":{"line":276,"column":4},"end":{"line":276,"column":30}},"88":{"start":{"line":277,"column":4},"end":{"line":277,"column":42}},"89":{"start":{"line":278,"column":4},"end":{"line":278,"column":33}},"90":{"start":{"line":280,"column":4},"end":{"line":280,"column":52}},"91":{"start":{"line":288,"column":2},"end":{"line":315,"column":3}},"92":{"start":{"line":289,"column":4},"end":{"line":289,"column":30}},"93":{"start":{"line":290,"column":4},"end":{"line":290,"column":57}},"94":{"start":{"line":292,"column":19},"end":{"line":296,"column":5}},"95":{"start":{"line":299,"column":4},"end":{"line":301,"column":5}},"96":{"start":{"line":300,"column":6},"end":{"line":300,"column":44}},"97":{"start":{"line":303,"column":4},"end":{"line":307,"column":7}},"98":{"start":{"line":309,"column":4},"end":{"line":309,"column":62}},"99":{"start":{"line":310,"column":4},"end":{"line":314,"column":5}},"100":{"start":{"line":311,"column":6},"end":{"line":311,"column":59}},"101":{"start":{"line":313,"column":6},"end":{"line":313,"column":64}},"102":{"start":{"line":322,"column":2},"end":{"line":333,"column":3}},"103":{"start":{"line":323,"column":4},"end":{"line":323,"column":30}},"104":{"start":{"line":324,"column":4},"end":{"line":324,"column":58}},"105":{"start":{"line":325,"column":4},"end":{"line":325,"column":41}},"106":{"start":{"line":327,"column":4},"end":{"line":330,"column":7}},"107":{"start":{"line":332,"column":4},"end":{"line":332,"column":61}},"108":{"start":{"line":342,"column":2},"end":{"line":342,"column":41}},"109":{"start":{"line":345,"column":2},"end":{"line":345,"column":53}},"110":{"start":{"line":346,"column":2},"end":{"line":346,"column":42}},"111":{"start":{"line":349,"column":2},"end":{"line":349,"column":61}},"112":{"start":{"line":350,"column":2},"end":{"line":350,"column":59}},"113":{"start":{"line":352,"column":2},"end":{"line":352,"column":48}}},"fnMap":{"0":{"name":"handleAIProductCommand","decl":{"start":{"line":18,"column":22},"end":{"line":18,"column":44}},"loc":{"start":{"line":18,"column":50},"end":{"line":181,"column":1}},"line":18},"1":{"name":"(anonymous_1)","decl":{"start":{"line":24,"column":60},"end":{"line":24,"column":61}},"loc":{"start":{"line":24,"column":69},"end":{"line":26,"column":7}},"line":24},"2":{"name":"(anonymous_2)","decl":{"start":{"line":76,"column":6},"end":{"line":76,"column":7}},"loc":{"start":{"line":76,"column":19},"end":{"line":76,"column":49}},"line":76},"3":{"name":"(anonymous_3)","decl":{"start":{"line":145,"column":58},"end":{"line":145,"column":59}},"loc":{"start":{"line":145,"column":67},"end":{"line":147,"column":5}},"line":145},"4":{"name":"handleClarification","decl":{"start":{"line":186,"column":15},"end":{"line":186,"column":34}},"loc":{"start":{"line":186,"column":48},"end":{"line":213,"column":1}},"line":186},"5":{"name":"(anonymous_5)","decl":{"start":{"line":199,"column":21},"end":{"line":199,"column":22}},"loc":{"start":{"line":199,"column":28},"end":{"line":202,"column":8}},"line":199},"6":{"name":"handleAISelection","decl":{"start":{"line":218,"column":22},"end":{"line":218,"column":39}},"loc":{"start":{"line":218,"column":45},"end":{"line":269,"column":1}},"line":218},"7":{"name":"(anonymous_7)","decl":{"start":{"line":233,"column":41},"end":{"line":233,"column":42}},"loc":{"start":{"line":233,"column":46},"end":{"line":233,"column":64}},"line":233},"8":{"name":"handleAICancel","decl":{"start":{"line":274,"column":22},"end":{"line":274,"column":36}},"loc":{"start":{"line":274,"column":42},"end":{"line":282,"column":1}},"line":274},"9":{"name":"handleBulkPricesConfirm","decl":{"start":{"line":287,"column":22},"end":{"line":287,"column":45}},"loc":{"start":{"line":287,"column":51},"end":{"line":316,"column":1}},"line":287},"10":{"name":"handleBulkPricesCancel","decl":{"start":{"line":321,"column":22},"end":{"line":321,"column":44}},"loc":{"start":{"line":321,"column":50},"end":{"line":334,"column":1}},"line":321},"11":{"name":"setupAIProductHandlers","decl":{"start":{"line":339,"column":16},"end":{"line":339,"column":38}},"loc":{"start":{"line":339,"column":44},"end":{"line":353,"column":1}},"line":339}},"branchMap":{"0":{"loc":{"start":{"line":22,"column":4},"end":{"line":28,"column":5}},"type":"if","locations":[{"start":{"line":22,"column":4},"end":{"line":28,"column":5}},{"start":{},"end":{}}],"line":22},"1":{"loc":{"start":{"line":31,"column":4},"end":{"line":33,"column":5}},"type":"if","locations":[{"start":{"line":31,"column":4},"end":{"line":33,"column":5}},{"start":{},"end":{}}],"line":31},"2":{"loc":{"start":{"line":36,"column":4},"end":{"line":38,"column":5}},"type":"if","locations":[{"start":{"line":36,"column":4},"end":{"line":38,"column":5}},{"start":{},"end":{}}],"line":36},"3":{"loc":{"start":{"line":36,"column":8},"end":{"line":36,"column":60}},"type":"binary-expr","locations":[{"start":{"line":36,"column":8},"end":{"line":36,"column":37}},{"start":{"line":36,"column":41},"end":{"line":36,"column":60}}],"line":36},"4":{"loc":{"start":{"line":42,"column":4},"end":{"line":44,"column":5}},"type":"if","locations":[{"start":{"line":42,"column":4},"end":{"line":44,"column":5}},{"start":{},"end":{}}],"line":42},"5":{"loc":{"start":{"line":42,"column":8},"end":{"line":42,"column":43}},"type":"binary-expr","locations":[{"start":{"line":42,"column":8},"end":{"line":42,"column":20}},{"start":{"line":42,"column":24},"end":{"line":42,"column":43}}],"line":42},"6":{"loc":{"start":{"line":47,"column":4},"end":{"line":54,"column":5}},"type":"if","locations":[{"start":{"line":47,"column":4},"end":{"line":54,"column":5}},{"start":{},"end":{}}],"line":47},"7":{"loc":{"start":{"line":57,"column":4},"end":{"line":64,"column":5}},"type":"if","locations":[{"start":{"line":57,"column":4},"end":{"line":64,"column":5}},{"start":{},"end":{}}],"line":57},"8":{"loc":{"start":{"line":70,"column":4},"end":{"line":72,"column":5}},"type":"if","locations":[{"start":{"line":70,"column":4},"end":{"line":72,"column":5}},{"start":{},"end":{}}],"line":70},"9":{"loc":{"start":{"line":80,"column":4},"end":{"line":83,"column":5}},"type":"if","locations":[{"start":{"line":80,"column":4},"end":{"line":83,"column":5}},{"start":{},"end":{}}],"line":80},"10":{"loc":{"start":{"line":104,"column":4},"end":{"line":111,"column":5}},"type":"if","locations":[{"start":{"line":104,"column":4},"end":{"line":111,"column":5}},{"start":{},"end":{}}],"line":104},"11":{"loc":{"start":{"line":113,"column":4},"end":{"line":117,"column":5}},"type":"if","locations":[{"start":{"line":113,"column":4},"end":{"line":117,"column":5}},{"start":{},"end":{}}],"line":113},"12":{"loc":{"start":{"line":119,"column":4},"end":{"line":127,"column":5}},"type":"if","locations":[{"start":{"line":119,"column":4},"end":{"line":127,"column":5}},{"start":{},"end":{}}],"line":119},"13":{"loc":{"start":{"line":121,"column":23},"end":{"line":121,"column":56}},"type":"binary-expr","locations":[{"start":{"line":121,"column":23},"end":{"line":121,"column":43}},{"start":{"line":121,"column":47},"end":{"line":121,"column":56}}],"line":121},"14":{"loc":{"start":{"line":129,"column":4},"end":{"line":133,"column":5}},"type":"if","locations":[{"start":{"line":129,"column":4},"end":{"line":133,"column":5}},{"start":{},"end":{}}],"line":129},"15":{"loc":{"start":{"line":138,"column":4},"end":{"line":141,"column":5}},"type":"if","locations":[{"start":{"line":138,"column":4},"end":{"line":141,"column":5}},{"start":{},"end":{}}],"line":138},"16":{"loc":{"start":{"line":138,"column":8},"end":{"line":138,"column":63}},"type":"binary-expr","locations":[{"start":{"line":138,"column":8},"end":{"line":138,"column":24}},{"start":{"line":138,"column":29},"end":{"line":138,"column":44}},{"start":{"line":138,"column":48},"end":{"line":138,"column":62}}],"line":138},"17":{"loc":{"start":{"line":154,"column":17},"end":{"line":154,"column":46}},"type":"binary-expr","locations":[{"start":{"line":154,"column":17},"end":{"line":154,"column":33}},{"start":{"line":154,"column":37},"end":{"line":154,"column":46}}],"line":154},"18":{"loc":{"start":{"line":167,"column":23},"end":{"line":167,"column":56}},"type":"binary-expr","locations":[{"start":{"line":167,"column":23},"end":{"line":167,"column":43}},{"start":{"line":167,"column":47},"end":{"line":167,"column":56}}],"line":167},"19":{"loc":{"start":{"line":177,"column":4},"end":{"line":179,"column":5}},"type":"if","locations":[{"start":{"line":177,"column":4},"end":{"line":179,"column":5}},{"start":{},"end":{}}],"line":177},"20":{"loc":{"start":{"line":225,"column":4},"end":{"line":228,"column":5}},"type":"if","locations":[{"start":{"line":225,"column":4},"end":{"line":228,"column":5}},{"start":{},"end":{}}],"line":225},"21":{"loc":{"start":{"line":234,"column":4},"end":{"line":238,"column":5}},"type":"if","locations":[{"start":{"line":234,"column":4},"end":{"line":238,"column":5}},{"start":{},"end":{}}],"line":234},"22":{"loc":{"start":{"line":241,"column":4},"end":{"line":256,"column":5}},"type":"if","locations":[{"start":{"line":241,"column":4},"end":{"line":256,"column":5}},{"start":{},"end":{}}],"line":241},"23":{"loc":{"start":{"line":299,"column":4},"end":{"line":301,"column":5}},"type":"if","locations":[{"start":{"line":299,"column":4},"end":{"line":301,"column":5}},{"start":{},"end":{}}],"line":299},"24":{"loc":{"start":{"line":299,"column":8},"end":{"line":299,"column":41}},"type":"binary-expr","locations":[{"start":{"line":299,"column":8},"end":{"line":299,"column":23}},{"start":{"line":299,"column":27},"end":{"line":299,"column":41}}],"line":299}},"s":{"0":2,"1":2,"2":0,"3":0,"4":0,"5":2,"6":0,"7":2,"8":2,"9":0,"10":0,"11":0,"12":0,"13":0,"14":0,"15":0,"16":0,"17":0,"18":0,"19":0,"20":0,"21":0,"22":0,"23":0,"24":0,"25":0,"26":0,"27":0,"28":0,"29":0,"30":0,"31":0,"32":0,"33":0,"34":0,"35":0,"36":0,"37":0,"38":0,"39":0,"40":0,"41":0,"42":0,"43":0,"44":0,"45":0,"46":0,"47":0,"48":0,"49":0,"50":0,"51":0,"52":0,"53":0,"54":2,"55":2,"56":0,"57":0,"58":0,"59":0,"60":0,"61":0,"62":0,"63":0,"64":0,"65":0,"66":0,"67":0,"68":0,"69":0,"70":0,"71":0,"72":0,"73":0,"74":0,"75":0,"76":0,"77":0,"78":0,"79":0,"80":0,"81":0,"82":0,"83":0,"84":0,"85":0,"86":0,"87":0,"88":0,"89":0,"90":0,"91":0,"92":0,"93":0,"94":0,"95":0,"96":0,"97":0,"98":0,"99":0,"100":0,"101":0,"102":0,"103":0,"104":0,"105":0,"106":0,"107":0,"108":71,"109":71,"110":71,"111":71,"112":71,"113":71},"f":{"0":2,"1":0,"2":0,"3":0,"4":0,"5":0,"6":0,"7":0,"8":0,"9":0,"10":0,"11":71},"b":{"0":[0,2],"1":[0,2],"2":[2,0],"3":[2,0],"4":[0,0],"5":[0,0],"6":[0,0],"7":[0,0],"8":[0,0],"9":[0,0],"10":[0,0],"11":[0,0],"12":[0,0],"13":[0,0],"14":[0,0],"15":[0,0],"16":[0,0,0],"17":[0,0],"18":[0,0],"19":[2,0],"20":[0,0],"21":[0,0],"22":[0,0],"23":[0,0],"24":[0,0]},"inputSourceMap":null,"_coverageSchema":"1a1c01bbd47fc00a2c39e90264f33305004495a9","hash":"044b354f8f66055f6a42cf8b6586addad6da4c43"}
,"/Users/sile/Documents/Status Stock 4.0/bot/src/handlers/seller/follows.js": {"path":"/Users/sile/Documents/Status Stock 4.0/bot/src/handlers/seller/follows.js","statementMap":{"0":{"start":{"line":9,"column":33},"end":{"line":44,"column":1}},"1":{"start":{"line":10,"column":2},"end":{"line":43,"column":3}},"2":{"start":{"line":11,"column":4},"end":{"line":11,"column":30}},"3":{"start":{"line":13,"column":4},"end":{"line":19,"column":5}},"4":{"start":{"line":14,"column":6},"end":{"line":17,"column":8}},"5":{"start":{"line":18,"column":6},"end":{"line":18,"column":13}},"6":{"start":{"line":21,"column":4},"end":{"line":27,"column":5}},"7":{"start":{"line":22,"column":6},"end":{"line":25,"column":8}},"8":{"start":{"line":26,"column":6},"end":{"line":26,"column":13}},"9":{"start":{"line":29,"column":20},"end":{"line":29,"column":87}},"10":{"start":{"line":30,"column":21},"end":{"line":30,"column":54}},"11":{"start":{"line":32,"column":20},"end":{"line":32,"column":56}},"12":{"start":{"line":34,"column":4},"end":{"line":34,"column":62}},"13":{"start":{"line":35,"column":4},"end":{"line":35,"column":80}},"14":{"start":{"line":37,"column":4},"end":{"line":37,"column":51}},"15":{"start":{"line":38,"column":21},"end":{"line":38,"column":54}},"16":{"start":{"line":39,"column":4},"end":{"line":42,"column":6}},"17":{"start":{"line":49,"column":34},"end":{"line":70,"column":1}},"18":{"start":{"line":50,"column":2},"end":{"line":69,"column":3}},"19":{"start":{"line":51,"column":4},"end":{"line":51,"column":30}},"20":{"start":{"line":53,"column":4},"end":{"line":59,"column":5}},"21":{"start":{"line":54,"column":6},"end":{"line":57,"column":8}},"22":{"start":{"line":58,"column":6},"end":{"line":58,"column":13}},"23":{"start":{"line":61,"column":4},"end":{"line":61,"column":42}},"24":{"start":{"line":63,"column":4},"end":{"line":63,"column":62}},"25":{"start":{"line":64,"column":21},"end":{"line":64,"column":54}},"26":{"start":{"line":65,"column":4},"end":{"line":68,"column":6}},"27":{"start":{"line":75,"column":34},"end":{"line":113,"column":1}},"28":{"start":{"line":76,"column":2},"end":{"line":112,"column":3}},"29":{"start":{"line":77,"column":4},"end":{"line":77,"column":30}},"30":{"start":{"line":79,"column":21},"end":{"line":79,"column":43}},"31":{"start":{"line":81,"column":4},"end":{"line":84,"column":5}},"32":{"start":{"line":82,"column":6},"end":{"line":82,"column":58}},"33":{"start":{"line":83,"column":6},"end":{"line":83,"column":13}},"34":{"start":{"line":87,"column":20},"end":{"line":87,"column":87}},"35":{"start":{"line":88,"column":19},"end":{"line":88,"column":55}},"36":{"start":{"line":88,"column":37},"end":{"line":88,"column":54}},"37":{"start":{"line":90,"column":4},"end":{"line":93,"column":5}},"38":{"start":{"line":91,"column":6},"end":{"line":91,"column":55}},"39":{"start":{"line":92,"column":6},"end":{"line":92,"column":13}},"40":{"start":{"line":95,"column":20},"end":{"line":95,"column":46}},"41":{"start":{"line":97,"column":4},"end":{"line":97,"column":67}},"42":{"start":{"line":98,"column":4},"end":{"line":98,"column":72}},"43":{"start":{"line":100,"column":4},"end":{"line":100,"column":56}},"44":{"start":{"line":103,"column":21},"end":{"line":103,"column":48}},"45":{"start":{"line":105,"column":4},"end":{"line":111,"column":5}},"46":{"start":{"line":106,"column":6},"end":{"line":106,"column":57}},"47":{"start":{"line":107,"column":11},"end":{"line":111,"column":5}},"48":{"start":{"line":108,"column":6},"end":{"line":108,"column":53}},"49":{"start":{"line":110,"column":6},"end":{"line":110,"column":53}},"50":{"start":{"line":118,"column":34},"end":{"line":137,"column":1}},"51":{"start":{"line":119,"column":2},"end":{"line":136,"column":3}},"52":{"start":{"line":120,"column":4},"end":{"line":120,"column":30}},"53":{"start":{"line":122,"column":21},"end":{"line":122,"column":43}},"54":{"start":{"line":124,"column":4},"end":{"line":127,"column":5}},"55":{"start":{"line":125,"column":6},"end":{"line":125,"column":58}},"56":{"start":{"line":126,"column":6},"end":{"line":126,"column":13}},"57":{"start":{"line":129,"column":4},"end":{"line":129,"column":62}},"58":{"start":{"line":131,"column":4},"end":{"line":131,"column":52}},"59":{"start":{"line":132,"column":4},"end":{"line":132,"column":66}},"60":{"start":{"line":134,"column":4},"end":{"line":134,"column":50}},"61":{"start":{"line":135,"column":4},"end":{"line":135,"column":49}},"62":{"start":{"line":142,"column":32},"end":{"line":195,"column":1}},"63":{"start":{"line":143,"column":2},"end":{"line":194,"column":3}},"64":{"start":{"line":144,"column":4},"end":{"line":144,"column":30}},"65":{"start":{"line":146,"column":21},"end":{"line":146,"column":43}},"66":{"start":{"line":148,"column":4},"end":{"line":151,"column":5}},"67":{"start":{"line":149,"column":6},"end":{"line":149,"column":58}},"68":{"start":{"line":150,"column":6},"end":{"line":150,"column":13}},"69":{"start":{"line":154,"column":20},"end":{"line":154,"column":87}},"70":{"start":{"line":155,"column":19},"end":{"line":155,"column":55}},"71":{"start":{"line":155,"column":37},"end":{"line":155,"column":54}},"72":{"start":{"line":157,"column":4},"end":{"line":160,"column":5}},"73":{"start":{"line":158,"column":6},"end":{"line":158,"column":55}},"74":{"start":{"line":159,"column":6},"end":{"line":159,"column":13}},"75":{"start":{"line":162,"column":20},"end":{"line":162,"column":68}},"76":{"start":{"line":165,"column":4},"end":{"line":173,"column":5}},"77":{"start":{"line":167,"column":6},"end":{"line":167,"column":45}},"78":{"start":{"line":168,"column":6},"end":{"line":168,"column":47}},"79":{"start":{"line":170,"column":24},"end":{"line":170,"column":80}},"80":{"start":{"line":171,"column":6},"end":{"line":171,"column":58}},"81":{"start":{"line":172,"column":6},"end":{"line":172,"column":13}},"82":{"start":{"line":176,"column":4},"end":{"line":176,"column":69}},"83":{"start":{"line":178,"column":4},"end":{"line":178,"column":49}},"84":{"start":{"line":179,"column":4},"end":{"line":179,"column":81}},"85":{"start":{"line":181,"column":4},"end":{"line":181,"column":49}},"86":{"start":{"line":183,"column":21},"end":{"line":183,"column":48}},"87":{"start":{"line":185,"column":4},"end":{"line":193,"column":5}},"88":{"start":{"line":186,"column":6},"end":{"line":186,"column":76}},"89":{"start":{"line":187,"column":11},"end":{"line":193,"column":5}},"90":{"start":{"line":188,"column":6},"end":{"line":188,"column":57}},"91":{"start":{"line":189,"column":11},"end":{"line":193,"column":5}},"92":{"start":{"line":190,"column":6},"end":{"line":190,"column":69}},"93":{"start":{"line":192,"column":6},"end":{"line":192,"column":61}},"94":{"start":{"line":200,"column":32},"end":{"line":223,"column":1}},"95":{"start":{"line":201,"column":2},"end":{"line":222,"column":3}},"96":{"start":{"line":202,"column":4},"end":{"line":202,"column":30}},"97":{"start":{"line":204,"column":21},"end":{"line":204,"column":43}},"98":{"start":{"line":206,"column":4},"end":{"line":209,"column":5}},"99":{"start":{"line":207,"column":6},"end":{"line":207,"column":58}},"100":{"start":{"line":208,"column":6},"end":{"line":208,"column":13}},"101":{"start":{"line":212,"column":4},"end":{"line":212,"column":43}},"102":{"start":{"line":214,"column":22},"end":{"line":214,"column":78}},"103":{"start":{"line":216,"column":4},"end":{"line":216,"column":56}},"104":{"start":{"line":218,"column":4},"end":{"line":218,"column":84}},"105":{"start":{"line":220,"column":4},"end":{"line":220,"column":57}},"106":{"start":{"line":221,"column":4},"end":{"line":221,"column":42}},"107":{"start":{"line":228,"column":34},"end":{"line":319,"column":1}},"108":{"start":{"line":230,"column":2},"end":{"line":232,"column":3}},"109":{"start":{"line":231,"column":4},"end":{"line":231,"column":11}},"110":{"start":{"line":234,"column":2},"end":{"line":318,"column":3}},"111":{"start":{"line":235,"column":21},"end":{"line":235,"column":48}},"112":{"start":{"line":236,"column":29},"end":{"line":236,"column":57}},"113":{"start":{"line":239,"column":22},"end":{"line":239,"column":44}},"114":{"start":{"line":240,"column":23},"end":{"line":240,"column":64}},"115":{"start":{"line":241,"column":19},"end":{"line":241,"column":41}},"116":{"start":{"line":243,"column":4},"end":{"line":254,"column":5}},"117":{"start":{"line":245,"column":6},"end":{"line":250,"column":8}},"118":{"start":{"line":252,"column":6},"end":{"line":252,"column":57}},"119":{"start":{"line":253,"column":6},"end":{"line":253,"column":13}},"120":{"start":{"line":257,"column":4},"end":{"line":259,"column":7}},"121":{"start":{"line":258,"column":6},"end":{"line":258,"column":79}},"122":{"start":{"line":262,"column":4},"end":{"line":283,"column":5}},"123":{"start":{"line":264,"column":6},"end":{"line":264,"column":101}},"124":{"start":{"line":265,"column":6},"end":{"line":265,"column":43}},"125":{"start":{"line":267,"column":6},"end":{"line":272,"column":8}},"126":{"start":{"line":275,"column":6},"end":{"line":275,"column":72}},"127":{"start":{"line":277,"column":6},"end":{"line":282,"column":8}},"128":{"start":{"line":285,"column":4},"end":{"line":285,"column":39}},"129":{"start":{"line":286,"column":4},"end":{"line":286,"column":40}},"130":{"start":{"line":288,"column":4},"end":{"line":288,"column":91}},"131":{"start":{"line":290,"column":4},"end":{"line":290,"column":50}},"132":{"start":{"line":292,"column":21},"end":{"line":292,"column":48}},"133":{"start":{"line":293,"column":29},"end":{"line":293,"column":57}},"134":{"start":{"line":295,"column":18},"end":{"line":295,"column":46}},"135":{"start":{"line":296,"column":4},"end":{"line":302,"column":5}},"136":{"start":{"line":297,"column":6},"end":{"line":297,"column":59}},"137":{"start":{"line":298,"column":11},"end":{"line":302,"column":5}},"138":{"start":{"line":299,"column":6},"end":{"line":299,"column":40}},"139":{"start":{"line":300,"column":11},"end":{"line":302,"column":5}},"140":{"start":{"line":301,"column":6},"end":{"line":301,"column":50}},"141":{"start":{"line":305,"column":4},"end":{"line":314,"column":5}},"142":{"start":{"line":306,"column":6},"end":{"line":313,"column":9}},"143":{"start":{"line":312,"column":8},"end":{"line":312,"column":67}},"144":{"start":{"line":316,"column":4},"end":{"line":316,"column":39}},"145":{"start":{"line":317,"column":4},"end":{"line":317,"column":40}},"146":{"start":{"line":324,"column":35},"end":{"line":358,"column":1}},"147":{"start":{"line":326,"column":2},"end":{"line":326,"column":48}},"148":{"start":{"line":327,"column":2},"end":{"line":327,"column":50}},"149":{"start":{"line":330,"column":2},"end":{"line":330,"column":51}},"150":{"start":{"line":333,"column":2},"end":{"line":333,"column":58}},"151":{"start":{"line":336,"column":2},"end":{"line":336,"column":58}},"152":{"start":{"line":339,"column":2},"end":{"line":339,"column":54}},"153":{"start":{"line":342,"column":2},"end":{"line":342,"column":54}},"154":{"start":{"line":345,"column":2},"end":{"line":355,"column":5}},"155":{"start":{"line":347,"column":4},"end":{"line":352,"column":5}},"156":{"start":{"line":348,"column":6},"end":{"line":348,"column":36}},"157":{"start":{"line":350,"column":6},"end":{"line":350,"column":71}},"158":{"start":{"line":351,"column":6},"end":{"line":351,"column":13}},"159":{"start":{"line":354,"column":4},"end":{"line":354,"column":17}},"160":{"start":{"line":357,"column":2},"end":{"line":357,"column":44}}},"fnMap":{"0":{"name":"(anonymous_0)","decl":{"start":{"line":9,"column":33},"end":{"line":9,"column":34}},"loc":{"start":{"line":9,"column":48},"end":{"line":44,"column":1}},"line":9},"1":{"name":"(anonymous_1)","decl":{"start":{"line":49,"column":34},"end":{"line":49,"column":35}},"loc":{"start":{"line":49,"column":49},"end":{"line":70,"column":1}},"line":49},"2":{"name":"(anonymous_2)","decl":{"start":{"line":75,"column":34},"end":{"line":75,"column":35}},"loc":{"start":{"line":75,"column":49},"end":{"line":113,"column":1}},"line":75},"3":{"name":"(anonymous_3)","decl":{"start":{"line":88,"column":32},"end":{"line":88,"column":33}},"loc":{"start":{"line":88,"column":37},"end":{"line":88,"column":54}},"line":88},"4":{"name":"(anonymous_4)","decl":{"start":{"line":118,"column":34},"end":{"line":118,"column":35}},"loc":{"start":{"line":118,"column":49},"end":{"line":137,"column":1}},"line":118},"5":{"name":"(anonymous_5)","decl":{"start":{"line":142,"column":32},"end":{"line":142,"column":33}},"loc":{"start":{"line":142,"column":47},"end":{"line":195,"column":1}},"line":142},"6":{"name":"(anonymous_6)","decl":{"start":{"line":155,"column":32},"end":{"line":155,"column":33}},"loc":{"start":{"line":155,"column":37},"end":{"line":155,"column":54}},"line":155},"7":{"name":"(anonymous_7)","decl":{"start":{"line":200,"column":32},"end":{"line":200,"column":33}},"loc":{"start":{"line":200,"column":47},"end":{"line":223,"column":1}},"line":200},"8":{"name":"(anonymous_8)","decl":{"start":{"line":228,"column":34},"end":{"line":228,"column":35}},"loc":{"start":{"line":228,"column":49},"end":{"line":319,"column":1}},"line":228},"9":{"name":"(anonymous_9)","decl":{"start":{"line":252,"column":47},"end":{"line":252,"column":48}},"loc":{"start":{"line":252,"column":53},"end":{"line":252,"column":55}},"line":252},"10":{"name":"(anonymous_10)","decl":{"start":{"line":257,"column":45},"end":{"line":257,"column":46}},"loc":{"start":{"line":257,"column":54},"end":{"line":259,"column":5}},"line":257},"11":{"name":"(anonymous_11)","decl":{"start":{"line":311,"column":14},"end":{"line":311,"column":15}},"loc":{"start":{"line":311,"column":23},"end":{"line":313,"column":7}},"line":311},"12":{"name":"(anonymous_12)","decl":{"start":{"line":324,"column":35},"end":{"line":324,"column":36}},"loc":{"start":{"line":324,"column":44},"end":{"line":358,"column":1}},"line":324},"13":{"name":"(anonymous_13)","decl":{"start":{"line":345,"column":17},"end":{"line":345,"column":18}},"loc":{"start":{"line":345,"column":38},"end":{"line":355,"column":3}},"line":345},"14":{"name":"(anonymous_14)","decl":{"start":{"line":350,"column":61},"end":{"line":350,"column":62}},"loc":{"start":{"line":350,"column":67},"end":{"line":350,"column":69}},"line":350}},"branchMap":{"0":{"loc":{"start":{"line":13,"column":4},"end":{"line":19,"column":5}},"type":"if","locations":[{"start":{"line":13,"column":4},"end":{"line":19,"column":5}},{"start":{},"end":{}}],"line":13},"1":{"loc":{"start":{"line":21,"column":4},"end":{"line":27,"column":5}},"type":"if","locations":[{"start":{"line":21,"column":4},"end":{"line":27,"column":5}},{"start":{},"end":{}}],"line":21},"2":{"loc":{"start":{"line":24,"column":19},"end":{"line":24,"column":52}},"type":"binary-expr","locations":[{"start":{"line":24,"column":19},"end":{"line":24,"column":39}},{"start":{"line":24,"column":43},"end":{"line":24,"column":52}}],"line":24},"3":{"loc":{"start":{"line":30,"column":21},"end":{"line":30,"column":54}},"type":"binary-expr","locations":[{"start":{"line":30,"column":21},"end":{"line":30,"column":41}},{"start":{"line":30,"column":45},"end":{"line":30,"column":54}}],"line":30},"4":{"loc":{"start":{"line":38,"column":21},"end":{"line":38,"column":54}},"type":"binary-expr","locations":[{"start":{"line":38,"column":21},"end":{"line":38,"column":41}},{"start":{"line":38,"column":45},"end":{"line":38,"column":54}}],"line":38},"5":{"loc":{"start":{"line":53,"column":4},"end":{"line":59,"column":5}},"type":"if","locations":[{"start":{"line":53,"column":4},"end":{"line":59,"column":5}},{"start":{},"end":{}}],"line":53},"6":{"loc":{"start":{"line":64,"column":21},"end":{"line":64,"column":54}},"type":"binary-expr","locations":[{"start":{"line":64,"column":21},"end":{"line":64,"column":41}},{"start":{"line":64,"column":45},"end":{"line":64,"column":54}}],"line":64},"7":{"loc":{"start":{"line":81,"column":4},"end":{"line":84,"column":5}},"type":"if","locations":[{"start":{"line":81,"column":4},"end":{"line":84,"column":5}},{"start":{},"end":{}}],"line":81},"8":{"loc":{"start":{"line":90,"column":4},"end":{"line":93,"column":5}},"type":"if","locations":[{"start":{"line":90,"column":4},"end":{"line":93,"column":5}},{"start":{},"end":{}}],"line":90},"9":{"loc":{"start":{"line":105,"column":4},"end":{"line":111,"column":5}},"type":"if","locations":[{"start":{"line":105,"column":4},"end":{"line":111,"column":5}},{"start":{"line":107,"column":11},"end":{"line":111,"column":5}}],"line":105},"10":{"loc":{"start":{"line":107,"column":11},"end":{"line":111,"column":5}},"type":"if","locations":[{"start":{"line":107,"column":11},"end":{"line":111,"column":5}},{"start":{"line":109,"column":11},"end":{"line":111,"column":5}}],"line":107},"11":{"loc":{"start":{"line":124,"column":4},"end":{"line":127,"column":5}},"type":"if","locations":[{"start":{"line":124,"column":4},"end":{"line":127,"column":5}},{"start":{},"end":{}}],"line":124},"12":{"loc":{"start":{"line":148,"column":4},"end":{"line":151,"column":5}},"type":"if","locations":[{"start":{"line":148,"column":4},"end":{"line":151,"column":5}},{"start":{},"end":{}}],"line":148},"13":{"loc":{"start":{"line":157,"column":4},"end":{"line":160,"column":5}},"type":"if","locations":[{"start":{"line":157,"column":4},"end":{"line":160,"column":5}},{"start":{},"end":{}}],"line":157},"14":{"loc":{"start":{"line":162,"column":20},"end":{"line":162,"column":68}},"type":"cond-expr","locations":[{"start":{"line":162,"column":48},"end":{"line":162,"column":56}},{"start":{"line":162,"column":59},"end":{"line":162,"column":68}}],"line":162},"15":{"loc":{"start":{"line":165,"column":4},"end":{"line":173,"column":5}},"type":"if","locations":[{"start":{"line":165,"column":4},"end":{"line":173,"column":5}},{"start":{},"end":{}}],"line":165},"16":{"loc":{"start":{"line":185,"column":4},"end":{"line":193,"column":5}},"type":"if","locations":[{"start":{"line":185,"column":4},"end":{"line":193,"column":5}},{"start":{"line":187,"column":11},"end":{"line":193,"column":5}}],"line":185},"17":{"loc":{"start":{"line":187,"column":11},"end":{"line":193,"column":5}},"type":"if","locations":[{"start":{"line":187,"column":11},"end":{"line":193,"column":5}},{"start":{"line":189,"column":11},"end":{"line":193,"column":5}}],"line":187},"18":{"loc":{"start":{"line":189,"column":11},"end":{"line":193,"column":5}},"type":"if","locations":[{"start":{"line":189,"column":11},"end":{"line":193,"column":5}},{"start":{"line":191,"column":11},"end":{"line":193,"column":5}}],"line":189},"19":{"loc":{"start":{"line":206,"column":4},"end":{"line":209,"column":5}},"type":"if","locations":[{"start":{"line":206,"column":4},"end":{"line":209,"column":5}},{"start":{},"end":{}}],"line":206},"20":{"loc":{"start":{"line":230,"column":2},"end":{"line":232,"column":3}},"type":"if","locations":[{"start":{"line":230,"column":2},"end":{"line":232,"column":3}},{"start":{},"end":{}}],"line":230},"21":{"loc":{"start":{"line":243,"column":4},"end":{"line":254,"column":5}},"type":"if","locations":[{"start":{"line":243,"column":4},"end":{"line":254,"column":5}},{"start":{},"end":{}}],"line":243},"22":{"loc":{"start":{"line":243,"column":8},"end":{"line":243,"column":51}},"type":"binary-expr","locations":[{"start":{"line":243,"column":8},"end":{"line":243,"column":21}},{"start":{"line":243,"column":25},"end":{"line":243,"column":35}},{"start":{"line":243,"column":39},"end":{"line":243,"column":51}}],"line":243},"23":{"loc":{"start":{"line":262,"column":4},"end":{"line":283,"column":5}},"type":"if","locations":[{"start":{"line":262,"column":4},"end":{"line":283,"column":5}},{"start":{"line":273,"column":11},"end":{"line":283,"column":5}}],"line":262},"24":{"loc":{"start":{"line":296,"column":4},"end":{"line":302,"column":5}},"type":"if","locations":[{"start":{"line":296,"column":4},"end":{"line":302,"column":5}},{"start":{"line":298,"column":11},"end":{"line":302,"column":5}}],"line":296},"25":{"loc":{"start":{"line":298,"column":11},"end":{"line":302,"column":5}},"type":"if","locations":[{"start":{"line":298,"column":11},"end":{"line":302,"column":5}},{"start":{"line":300,"column":11},"end":{"line":302,"column":5}}],"line":298},"26":{"loc":{"start":{"line":300,"column":11},"end":{"line":302,"column":5}},"type":"if","locations":[{"start":{"line":300,"column":11},"end":{"line":302,"column":5}},{"start":{},"end":{}}],"line":300},"27":{"loc":{"start":{"line":305,"column":4},"end":{"line":314,"column":5}},"type":"if","locations":[{"start":{"line":305,"column":4},"end":{"line":314,"column":5}},{"start":{},"end":{}}],"line":305},"28":{"loc":{"start":{"line":347,"column":4},"end":{"line":352,"column":5}},"type":"if","locations":[{"start":{"line":347,"column":4},"end":{"line":352,"column":5}},{"start":{},"end":{}}],"line":347}},"s":{"0":11,"1":4,"2":4,"3":4,"4":0,"5":0,"6":4,"7":0,"8":0,"9":4,"10":4,"11":4,"12":4,"13":4,"14":0,"15":0,"16":0,"17":11,"18":18,"19":18,"20":18,"21":1,"22":1,"23":17,"24":0,"25":0,"26":0,"27":11,"28":5,"29":5,"30":5,"31":5,"32":1,"33":1,"34":4,"35":4,"36":3,"37":4,"38":1,"39":1,"40":3,"41":3,"42":3,"43":0,"44":0,"45":0,"46":0,"47":0,"48":0,"49":0,"50":11,"51":3,"52":3,"53":3,"54":3,"55":0,"56":0,"57":3,"58":2,"59":2,"60":1,"61":1,"62":11,"63":3,"64":3,"65":3,"66":3,"67":0,"68":0,"69":3,"70":3,"71":3,"72":3,"73":0,"74":0,"75":3,"76":3,"77":2,"78":2,"79":2,"80":2,"81":2,"82":1,"83":1,"84":1,"85":0,"86":0,"87":0,"88":0,"89":0,"90":0,"91":0,"92":0,"93":0,"94":11,"95":0,"96":0,"97":0,"98":0,"99":0,"100":0,"101":0,"102":0,"103":0,"104":0,"105":0,"106":0,"107":11,"108":7,"109":0,"110":7,"111":7,"112":7,"113":7,"114":7,"115":7,"116":7,"117":2,"118":2,"119":2,"120":5,"121":0,"122":5,"123":2,"124":1,"125":1,"126":3,"127":3,"128":4,"129":4,"130":4,"131":1,"132":1,"133":1,"134":1,"135":1,"136":0,"137":1,"138":0,"139":1,"140":0,"141":1,"142":1,"143":0,"144":1,"145":1,"146":11,"147":71,"148":71,"149":71,"150":71,"151":71,"152":71,"153":71,"154":71,"155":9,"156":7,"157":7,"158":7,"159":2,"160":71},"f":{"0":4,"1":18,"2":5,"3":3,"4":3,"5":3,"6":3,"7":0,"8":7,"9":0,"10":0,"11":0,"12":71,"13":9,"14":0},"b":{"0":[0,4],"1":[0,4],"2":[0,0],"3":[4,0],"4":[0,0],"5":[1,17],"6":[0,0],"7":[1,4],"8":[1,3],"9":[0,0],"10":[0,0],"11":[0,3],"12":[0,3],"13":[0,3],"14":[2,1],"15":[2,1],"16":[0,0],"17":[0,0],"18":[0,0],"19":[0,0],"20":[0,7],"21":[2,5],"22":[7,7,6],"23":[2,3],"24":[0,1],"25":[0,1],"26":[0,1],"27":[1,0],"28":[7,2]},"inputSourceMap":null,"_coverageSchema":"1a1c01bbd47fc00a2c39e90264f33305004495a9","hash":"11613ea57284b3c1028376f5f22f7c9fd2f4c9b5"}
,"/Users/sile/Documents/Status Stock 4.0/bot/src/handlers/seller/index.js": {"path":"/Users/sile/Documents/Status Stock 4.0/bot/src/handlers/seller/index.js","statementMap":{"0":{"start":{"line":7,"column":20},"end":{"line":36,"column":1}},"1":{"start":{"line":8,"column":18},"end":{"line":8,"column":30}},"2":{"start":{"line":10,"column":2},"end":{"line":16,"column":3}},"3":{"start":{"line":11,"column":4},"end":{"line":15,"column":5}},"4":{"start":{"line":12,"column":6},"end":{"line":12,"column":49}},"5":{"start":{"line":14,"column":6},"end":{"line":14,"column":37}},"6":{"start":{"line":18,"column":2},"end":{"line":35,"column":3}},"7":{"start":{"line":19,"column":19},"end":{"line":19,"column":59}},"8":{"start":{"line":20,"column":4},"end":{"line":20,"column":18}},"9":{"start":{"line":22,"column":24},"end":{"line":22,"column":58}},"10":{"start":{"line":24,"column":4},"end":{"line":26,"column":5}},"11":{"start":{"line":25,"column":6},"end":{"line":25,"column":18}},"12":{"start":{"line":28,"column":4},"end":{"line":31,"column":7}},"13":{"start":{"line":33,"column":17},"end":{"line":33,"column":47}},"14":{"start":{"line":34,"column":4},"end":{"line":34,"column":16}},"15":{"start":{"line":44,"column":32},"end":{"line":128,"column":1}},"16":{"start":{"line":45,"column":2},"end":{"line":127,"column":3}},"17":{"start":{"line":46,"column":4},"end":{"line":46,"column":30}},"18":{"start":{"line":48,"column":4},"end":{"line":48,"column":32}},"19":{"start":{"line":49,"column":4},"end":{"line":49,"column":60}},"20":{"start":{"line":52,"column":4},"end":{"line":62,"column":5}},"21":{"start":{"line":53,"column":6},"end":{"line":59,"column":7}},"22":{"start":{"line":54,"column":8},"end":{"line":54,"column":62}},"23":{"start":{"line":55,"column":8},"end":{"line":57,"column":9}},"24":{"start":{"line":56,"column":10},"end":{"line":56,"column":51}},"25":{"start":{"line":58,"column":8},"end":{"line":58,"column":65}},"26":{"start":{"line":61,"column":6},"end":{"line":61,"column":50}},"27":{"start":{"line":65,"column":4},"end":{"line":118,"column":5}},"28":{"start":{"line":67,"column":4},"end":{"line":73,"column":7}},"29":{"start":{"line":68,"column":6},"end":{"line":68,"column":73}},"30":{"start":{"line":69,"column":6},"end":{"line":69,"column":32}},"31":{"start":{"line":70,"column":6},"end":{"line":70,"column":34}},"32":{"start":{"line":71,"column":6},"end":{"line":71,"column":72}},"33":{"start":{"line":72,"column":6},"end":{"line":72,"column":13}},"34":{"start":{"line":76,"column":20},"end":{"line":76,"column":62}},"35":{"start":{"line":78,"column":6},"end":{"line":83,"column":9}},"36":{"start":{"line":85,"column":6},"end":{"line":103,"column":7}},"37":{"start":{"line":86,"column":21},"end":{"line":86,"column":29}},"38":{"start":{"line":87,"column":8},"end":{"line":87,"column":37}},"39":{"start":{"line":88,"column":8},"end":{"line":88,"column":41}},"40":{"start":{"line":90,"column":8},"end":{"line":95,"column":11}},"41":{"start":{"line":97,"column":8},"end":{"line":97,"column":87}},"42":{"start":{"line":99,"column":8},"end":{"line":99,"column":82}},"43":{"start":{"line":100,"column":8},"end":{"line":100,"column":34}},"44":{"start":{"line":101,"column":8},"end":{"line":101,"column":36}},"45":{"start":{"line":102,"column":8},"end":{"line":102,"column":74}},"46":{"start":{"line":105,"column":6},"end":{"line":105,"column":50}},"47":{"start":{"line":107,"column":6},"end":{"line":117,"column":7}},"48":{"start":{"line":109,"column":8},"end":{"line":109,"column":34}},"49":{"start":{"line":110,"column":8},"end":{"line":110,"column":36}},"50":{"start":{"line":111,"column":8},"end":{"line":111,"column":74}},"51":{"start":{"line":114,"column":8},"end":{"line":114,"column":34}},"52":{"start":{"line":115,"column":8},"end":{"line":115,"column":36}},"53":{"start":{"line":116,"column":8},"end":{"line":116,"column":68}},"54":{"start":{"line":120,"column":4},"end":{"line":120,"column":57}},"55":{"start":{"line":122,"column":4},"end":{"line":126,"column":5}},"56":{"start":{"line":123,"column":6},"end":{"line":123,"column":87}},"57":{"start":{"line":125,"column":6},"end":{"line":125,"column":64}},"58":{"start":{"line":133,"column":25},"end":{"line":148,"column":1}},"59":{"start":{"line":134,"column":2},"end":{"line":147,"column":3}},"60":{"start":{"line":135,"column":4},"end":{"line":135,"column":30}},"61":{"start":{"line":138,"column":4},"end":{"line":138,"column":40}},"62":{"start":{"line":140,"column":4},"end":{"line":140,"column":60}},"63":{"start":{"line":142,"column":4},"end":{"line":146,"column":5}},"64":{"start":{"line":143,"column":6},"end":{"line":143,"column":87}},"65":{"start":{"line":145,"column":6},"end":{"line":145,"column":64}},"66":{"start":{"line":153,"column":25},"end":{"line":175,"column":1}},"67":{"start":{"line":154,"column":2},"end":{"line":174,"column":3}},"68":{"start":{"line":155,"column":4},"end":{"line":155,"column":30}},"69":{"start":{"line":158,"column":4},"end":{"line":161,"column":5}},"70":{"start":{"line":159,"column":6},"end":{"line":159,"column":75}},"71":{"start":{"line":160,"column":6},"end":{"line":160,"column":13}},"72":{"start":{"line":164,"column":4},"end":{"line":164,"column":40}},"73":{"start":{"line":166,"column":4},"end":{"line":166,"column":60}},"74":{"start":{"line":168,"column":4},"end":{"line":173,"column":5}},"75":{"start":{"line":169,"column":23},"end":{"line":169,"column":56}},"76":{"start":{"line":170,"column":6},"end":{"line":170,"column":91}},"77":{"start":{"line":172,"column":6},"end":{"line":172,"column":64}},"78":{"start":{"line":180,"column":20},"end":{"line":211,"column":1}},"79":{"start":{"line":181,"column":2},"end":{"line":210,"column":3}},"80":{"start":{"line":182,"column":4},"end":{"line":182,"column":30}},"81":{"start":{"line":185,"column":4},"end":{"line":188,"column":5}},"82":{"start":{"line":186,"column":6},"end":{"line":186,"column":75}},"83":{"start":{"line":187,"column":6},"end":{"line":187,"column":13}},"84":{"start":{"line":191,"column":4},"end":{"line":195,"column":5}},"85":{"start":{"line":192,"column":23},"end":{"line":192,"column":56}},"86":{"start":{"line":193,"column":6},"end":{"line":193,"column":113}},"87":{"start":{"line":194,"column":6},"end":{"line":194,"column":13}},"88":{"start":{"line":198,"column":19},"end":{"line":198,"column":86}},"89":{"start":{"line":199,"column":21},"end":{"line":199,"column":54}},"90":{"start":{"line":202,"column":20},"end":{"line":202,"column":53}},"91":{"start":{"line":204,"column":4},"end":{"line":204,"column":58}},"92":{"start":{"line":205,"column":4},"end":{"line":205,"column":77}},"93":{"start":{"line":207,"column":4},"end":{"line":207,"column":49}},"94":{"start":{"line":208,"column":21},"end":{"line":208,"column":54}},"95":{"start":{"line":209,"column":4},"end":{"line":209,"column":68}},"96":{"start":{"line":216,"column":22},"end":{"line":238,"column":1}},"97":{"start":{"line":217,"column":2},"end":{"line":237,"column":3}},"98":{"start":{"line":218,"column":4},"end":{"line":218,"column":30}},"99":{"start":{"line":221,"column":4},"end":{"line":224,"column":5}},"100":{"start":{"line":222,"column":6},"end":{"line":222,"column":75}},"101":{"start":{"line":223,"column":6},"end":{"line":223,"column":13}},"102":{"start":{"line":227,"column":4},"end":{"line":227,"column":43}},"103":{"start":{"line":229,"column":4},"end":{"line":229,"column":63}},"104":{"start":{"line":231,"column":4},"end":{"line":236,"column":5}},"105":{"start":{"line":232,"column":23},"end":{"line":232,"column":56}},"106":{"start":{"line":233,"column":6},"end":{"line":233,"column":91}},"107":{"start":{"line":235,"column":6},"end":{"line":235,"column":64}},"108":{"start":{"line":243,"column":35},"end":{"line":522,"column":1}},"109":{"start":{"line":245,"column":2},"end":{"line":245,"column":46}},"110":{"start":{"line":248,"column":2},"end":{"line":248,"column":53}},"111":{"start":{"line":251,"column":2},"end":{"line":251,"column":53}},"112":{"start":{"line":254,"column":2},"end":{"line":254,"column":42}},"113":{"start":{"line":257,"column":2},"end":{"line":257,"column":46}},"114":{"start":{"line":260,"column":2},"end":{"line":260,"column":46}},"115":{"start":{"line":261,"column":2},"end":{"line":261,"column":46}},"116":{"start":{"line":262,"column":2},"end":{"line":262,"column":48}},"117":{"start":{"line":263,"column":2},"end":{"line":263,"column":59}},"118":{"start":{"line":264,"column":2},"end":{"line":264,"column":74}},"119":{"start":{"line":267,"column":2},"end":{"line":275,"column":5}},"120":{"start":{"line":268,"column":4},"end":{"line":274,"column":5}},"121":{"start":{"line":269,"column":6},"end":{"line":269,"column":32}},"122":{"start":{"line":270,"column":6},"end":{"line":270,"column":47}},"123":{"start":{"line":272,"column":6},"end":{"line":272,"column":67}},"124":{"start":{"line":273,"column":6},"end":{"line":273,"column":64}},"125":{"start":{"line":278,"column":2},"end":{"line":286,"column":5}},"126":{"start":{"line":279,"column":4},"end":{"line":285,"column":5}},"127":{"start":{"line":280,"column":6},"end":{"line":280,"column":32}},"128":{"start":{"line":281,"column":6},"end":{"line":281,"column":48}},"129":{"start":{"line":283,"column":6},"end":{"line":283,"column":68}},"130":{"start":{"line":284,"column":6},"end":{"line":284,"column":64}},"131":{"start":{"line":288,"column":2},"end":{"line":296,"column":5}},"132":{"start":{"line":289,"column":4},"end":{"line":295,"column":5}},"133":{"start":{"line":290,"column":6},"end":{"line":290,"column":32}},"134":{"start":{"line":291,"column":6},"end":{"line":291,"column":44}},"135":{"start":{"line":293,"column":6},"end":{"line":293,"column":64}},"136":{"start":{"line":294,"column":6},"end":{"line":294,"column":64}},"137":{"start":{"line":298,"column":2},"end":{"line":385,"column":5}},"138":{"start":{"line":299,"column":4},"end":{"line":384,"column":5}},"139":{"start":{"line":300,"column":6},"end":{"line":300,"column":32}},"140":{"start":{"line":302,"column":6},"end":{"line":305,"column":7}},"141":{"start":{"line":303,"column":8},"end":{"line":303,"column":77}},"142":{"start":{"line":304,"column":8},"end":{"line":304,"column":15}},"143":{"start":{"line":307,"column":6},"end":{"line":314,"column":7}},"144":{"start":{"line":308,"column":8},"end":{"line":312,"column":10}},"145":{"start":{"line":313,"column":8},"end":{"line":313,"column":15}},"146":{"start":{"line":317,"column":18},"end":{"line":317,"column":52}},"147":{"start":{"line":318,"column":23},"end":{"line":321,"column":7}},"148":{"start":{"line":324,"column":21},"end":{"line":324,"column":34}},"149":{"start":{"line":326,"column":20},"end":{"line":326,"column":51}},"150":{"start":{"line":328,"column":23},"end":{"line":328,"column":56}},"151":{"start":{"line":329,"column
[...]
,"/Users/sile/Documents/Status Stock 4.0/bot/src/utils/smartMessage.js": {"path":"/Users/sile/Documents/Status Stock 4.0/bot/src/utils/smartMessage.js","statementMap":{"0":{"start":{"line":9,"column":27},"end":{"line":9,"column":31}},"1":{"start":{"line":18,"column":57},"end":{"line":18,"column":64}},"2":{"start":{"line":19,"column":19},"end":{"line":19,"column":37}},"3":{"start":{"line":24,"column":2},"end":{"line":35,"column":3}},"4":{"start":{"line":25,"column":4},"end":{"line":29,"column":7}},"5":{"start":{"line":31,"column":4},"end":{"line":34,"column":7}},"6":{"start":{"line":42,"column":2},"end":{"line":44,"column":3}},"7":{"start":{"line":43,"column":4},"end":{"line":43,"column":16}},"8":{"start":{"line":46,"column":20},"end":{"line":46,"column":49}},"9":{"start":{"line":47,"column":22},"end":{"line":47,"column":49}},"10":{"start":{"line":48,"column":19},"end":{"line":48,"column":81}},"11":{"start":{"line":50,"column":2},"end":{"line":50,"column":68}},"12":{"start":{"line":57,"column":2},"end":{"line":64,"column":3}},"13":{"start":{"line":58,"column":4},"end":{"line":58,"column":61}},"14":{"start":{"line":60,"column":4},"end":{"line":63,"column":7}}},"fnMap":{"0":{"name":"send","decl":{"start":{"line":17,"column":22},"end":{"line":17,"column":26}},"loc":{"start":{"line":17,"column":41},"end":{"line":36,"column":1}},"line":17},"1":{"name":"truncateText","decl":{"start":{"line":41,"column":9},"end":{"line":41,"column":21}},"loc":{"start":{"line":41,"column":60},"end":{"line":51,"column":1}},"line":41},"2":{"name":"answerCallback","decl":{"start":{"line":56,"column":22},"end":{"line":56,"column":36}},"loc":{"start":{"line":56,"column":72},"end":{"line":65,"column":1}},"line":56}},"branchMap":{"0":{"loc":{"start":{"line":18,"column":33},"end":{"line":18,"column":52}},"type":"default-arg","locations":[{"start":{"line":18,"column":46},"end":{"line":18,"column":52}}],"line":18},"1":{"loc":{"start":{"line":24,"column":2},"end":{"line":35,"column":3}},"type":"if","locations":[{"start":{"line":24,"column":2},"end":{"line":35,"column":3}},{"start":{"line":30,"column":9},"end":{"line":35,"column":3}}],"line":24},"2":{"loc":{"start":{"line":41,"column":28},"end":{"line":41,"column":58}},"type":"default-arg","locations":[{"start":{"line":41,"column":40},"end":{"line":41,"column":58}}],"line":41},"3":{"loc":{"start":{"line":42,"column":2},"end":{"line":44,"column":3}},"type":"if","locations":[{"start":{"line":42,"column":2},"end":{"line":44,"column":3}},{"start":{},"end":{}}],"line":42},"4":{"loc":{"start":{"line":42,"column":6},"end":{"line":42,"column":39}},"type":"binary-expr","locations":[{"start":{"line":42,"column":6},"end":{"line":42,"column":11}},{"start":{"line":42,"column":15},"end":{"line":42,"column":39}}],"line":42},"5":{"loc":{"start":{"line":48,"column":19},"end":{"line":48,"column":81}},"type":"cond-expr","locations":[{"start":{"line":48,"column":51},"end":{"line":48,"column":62}},{"start":{"line":48,"column":65},"end":{"line":48,"column":81}}],"line":48},"6":{"loc":{"start":{"line":56,"column":42},"end":{"line":56,"column":51}},"type":"default-arg","locations":[{"start":{"line":56,"column":49},"end":{"line":56,"column":51}}],"line":56},"7":{"loc":{"start":{"line":56,"column":53},"end":{"line":56,"column":70}},"type":"default-arg","locations":[{"start":{"line":56,"column":65},"end":{"line":56,"column":70}}],"line":56}},"s":{"0":12,"1":73,"2":73,"3":73,"4":0,"5":73,"6":73,"7":73,"8":0,"9":0,"10":0,"11":0,"12":0,"13":0,"14":0},"f":{"0":73,"1":73,"2":0},"b":{"0":[73],"1":[0,73],"2":[73],"3":[73,0],"4":[73,73],"5":[0,0],"6":[0],"7":[0]},"inputSourceMap":null,"_coverageSchema":"1a1c01bbd47fc00a2c39e90264f33305004495a9","hash":"fd0ea15dff39b65886458d8e8535d6996c7d658f"}
,"/Users/sile/Documents/Status Stock 4.0/bot/src/utils/systemPrompts.js": {"path":"/Users/sile/Documents/Status Stock 4.0/bot/src/utils/systemPrompts.js","statementMap":{"0":{"start":{"line":17,"column":25},"end":{"line":17,"column":44}},"1":{"start":{"line":18,"column":21},"end":{"line":18,"column":36}},"2":{"start":{"line":21,"column":22},"end":{"line":25,"column":3}},"3":{"start":{"line":22,"column":16},"end":{"line":22,"column":33}},"4":{"start":{"line":23,"column":4},"end":{"line":23,"column":31}},"5":{"start":{"line":23,"column":20},"end":{"line":23,"column":31}},"6":{"start":{"line":24,"column":4},"end":{"line":24,"column":81}},"7":{"start":{"line":27,"column":23},"end":{"line":31,"column":24}},"8":{"start":{"line":29,"column":8},"end":{"line":29,"column":90}},"9":{"start":{"line":33,"column":18},"end":{"line":35,"column":8}},"10":{"start":{"line":38,"column":2},"end":{"line":194,"column":40}},"11":{"start":{"line":203,"column":2},"end":{"line":203,"column":51}},"12":{"start":{"line":203,"column":41},"end":{"line":203,"column":51}},"13":{"start":{"line":205,"column":2},"end":{"line":214,"column":12}}},"fnMap":{"0":{"name":"generateProductAIPrompt","decl":{"start":{"line":15,"column":16},"end":{"line":15,"column":39}},"loc":{"start":{"line":15,"column":65},"end":{"line":195,"column":1}},"line":15},"1":{"name":"(anonymous_1)","decl":{"start":{"line":21,"column":22},"end":{"line":21,"column":23}},"loc":{"start":{"line":21,"column":33},"end":{"line":25,"column":3}},"line":21},"2":{"name":"(anonymous_2)","decl":{"start":{"line":28,"column":25},"end":{"line":28,"column":26}},"loc":{"start":{"line":29,"column":8},"end":{"line":29,"column":90}},"line":29},"3":{"name":"sanitizeUserInput","decl":{"start":{"line":202,"column":16},"end":{"line":202,"column":33}},"loc":{"start":{"line":202,"column":40},"end":{"line":215,"column":1}},"line":202}},"branchMap":{"0":{"loc":{"start":{"line":15,"column":50},"end":{"line":15,"column":63}},"type":"default-arg","locations":[{"start":{"line":15,"column":61},"end":{"line":15,"column":63}}],"line":15},"1":{"loc":{"start":{"line":23,"column":4},"end":{"line":23,"column":31}},"type":"if","locations":[{"start":{"line":23,"column":4},"end":{"line":23,"column":31}},{"start":{},"end":{}}],"line":23},"2":{"loc":{"start":{"line":24,"column":11},"end":{"line":24,"column":80}},"type":"cond-expr","locations":[{"start":{"line":24,"column":27},"end":{"line":24,"column":41}},{"start":{"line":24,"column":44},"end":{"line":24,"column":80}}],"line":24},"3":{"loc":{"start":{"line":27,"column":23},"end":{"line":31,"column":24}},"type":"cond-expr","locations":[{"start":{"line":28,"column":6},"end":{"line":30,"column":18}},{"start":{"line":31,"column":6},"end":{"line":31,"column":24}}],"line":27},"4":{"loc":{"start":{"line":29,"column":66},"end":{"line":29,"column":87}},"type":"binary-expr","locations":[{"start":{"line":29,"column":66},"end":{"line":29,"column":82}},{"start":{"line":29,"column":86},"end":{"line":29,"column":87}}],"line":29},"5":{"loc":{"start":{"line":33,"column":18},"end":{"line":35,"column":8}},"type":"cond-expr","locations":[{"start":{"line":34,"column":6},"end":{"line":34,"column":67}},{"start":{"line":35,"column":6},"end":{"line":35,"column":8}}],"line":33},"6":{"loc":{"start":{"line":203,"column":2},"end":{"line":203,"column":51}},"type":"if","locations":[{"start":{"line":203,"column":2},"end":{"line":203,"column":51}},{"start":{},"end":{}}],"line":203},"7":{"loc":{"start":{"line":203,"column":6},"end":{"line":203,"column":39}},"type":"binary-expr","locations":[{"start":{"line":203,"column":6},"end":{"line":203,"column":11}},{"start":{"line":203,"column":15},"end":{"line":203,"column":39}}],"line":203}},"s":{"0":0,"1":0,"2":0,"3":0,"4":0,"5":0,"6":0,"7":0,"8":0,"9":0,"10":0,"11":0,"12":0,"13":0},"f":{"0":0,"1":0,"2":0,"3":0},"b":{"0":[0],"1":[0,0],"2":[0,0],"3":[0,0],"4":[0,0],"5":[0,0],"6":[0,0],"7":[0,0]},"inputSourceMap":null,"_coverageSchema":"1a1c01bbd47fc00a2c39e90264f33305004495a9","hash":"bd358e248aaca467fa9b2e4c84b69712054562b0"}
,"/Users/sile/Documents/Status Stock 4.0/bot/src/utils/transliterate.js": {"path":"/Users/sile/Documents/Status Stock 4.0/bot/src/utils/transliterate.js","statementMap":{"0":{"start":{"line":7,"column":20},"end":{"line":24,"column":1}},"1":{"start":{"line":32,"column":2},"end":{"line":32,"column":54}},"2":{"start":{"line":32,"column":41},"end":{"line":32,"column":54}},"3":{"start":{"line":33,"column":2},"end":{"line":33,"column":33}},"4":{"start":{"line":42,"column":2},"end":{"line":42,"column":53}},"5":{"start":{"line":42,"column":41},"end":{"line":42,"column":53}},"6":{"start":{"line":44,"column":15},"end":{"line":44,"column":17}},"7":{"start":{"line":46,"column":2},"end":{"line":56,"column":3}},"8":{"start":{"line":46,"column":15},"end":{"line":46,"column":16}},"9":{"start":{"line":47,"column":17},"end":{"line":47,"column":24}},"10":{"start":{"line":50,"column":4},"end":{"line":55,"column":5}},"11":{"start":{"line":51,"column":6},"end":{"line":51,"column":34}},"12":{"start":{"line":54,"column":6},"end":{"line":54,"column":21}},"13":{"start":{"line":58,"column":2},"end":{"line":58,"column":16}},"14":{"start":{"line":69,"column":2},"end":{"line":69,"column":53}},"15":{"start":{"line":69,"column":41},"end":{"line":69,"column":53}},"16":{"start":{"line":72,"column":2},"end":{"line":74,"column":3}},"17":{"start":{"line":73,"column":4},"end":{"line":73,"column":16}},"18":{"start":{"line":77,"column":19},"end":{"line":77,"column":40}},"19":{"start":{"line":80,"column":23},"end":{"line":80,"column":42}},"20":{"start":{"line":83,"column":2},"end":{"line":92,"column":3}},"21":{"start":{"line":85,"column":4},"end":{"line":91,"column":17}},"22":{"start":{"line":88,"column":8},"end":{"line":88,"column":43}},"23":{"start":{"line":88,"column":31},"end":{"line":88,"column":43}},"24":{"start":{"line":89,"column":8},"end":{"line":89,"column":74}},"25":{"start":{"line":95,"column":2},"end":{"line":95,"column":24}},"26":{"start":{"line":105,"column":2},"end":{"line":110,"column":4}}},"fnMap":{"0":{"name":"hasCyrillic","decl":{"start":{"line":31,"column":16},"end":{"line":31,"column":27}},"loc":{"start":{"line":31,"column":34},"end":{"line":34,"column":1}},"line":31},"1":{"name":"transliterate","decl":{"start":{"line":41,"column":16},"end":{"line":41,"column":29}},"loc":{"start":{"line":41,"column":36},"end":{"line":59,"column":1}},"line":41},"2":{"name":"autoTransliterateProductName","decl":{"start":{"line":68,"column":16},"end":{"line":68,"column":44}},"loc":{"start":{"line":68,"column":51},"end":{"line":96,"column":1}},"line":68},"3":{"name":"(anonymous_3)","decl":{"start":{"line":87,"column":11},"end":{"line":87,"column":12}},"loc":{"start":{"line":87,"column":19},"end":{"line":90,"column":7}},"line":87},"4":{"name":"getTransliterationInfo","decl":{"start":{"line":104,"column":16},"end":{"line":104,"column":38}},"loc":{"start":{"line":104,"column":65},"end":{"line":111,"column":1}},"line":104}},"branchMap":{"0":{"loc":{"start":{"line":32,"column":2},"end":{"line":32,"column":54}},"type":"if","locations":[{"start":{"line":32,"column":2},"end":{"line":32,"column":54}},{"start":{},"end":{}}],"line":32},"1":{"loc":{"start":{"line":32,"column":6},"end":{"line":32,"column":39}},"type":"binary-expr","locations":[{"start":{"line":32,"column":6},"end":{"line":32,"column":11}},{"start":{"line":32,"column":15},"end":{"line":32,"column":39}}],"line":32},"2":{"loc":{"start":{"line":42,"column":2},"end":{"line":42,"column":53}},"type":"if","locations":[{"start":{"line":42,"column":2},"end":{"line":42,"column":53}},{"start":{},"end":{}}],"line":42},"3":{"loc":{"start":{"line":42,"column":6},"end":{"line":42,"column":39}},"type":"binary-expr","locations":[{"start":{"line":42,"column":6},"end":{"line":42,"column":11}},{"start":{"line":42,"column":15},"end":{"line":42,"column":39}}],"line":42},"4":{"loc":{"start":{"line":50,"column":4},"end":{"line":55,"column":5}},"type":"if","locations":[{"start":{"line":50,"column":4},"end":{"line":55,"column":5}},{"start":{"line":52,"column":11},"end":{"line":55,"column":5}}],"line":50},"5":{"loc":{"start":{"line":69,"column":2},"end":{"line":69,"column":53}},"type":"if","locations":[{"start":{"line":69,"column":2},"end":{"line":69,"column":53}},{"start":{},"end":{}}],"line":69},"6":{"loc":{"start":{"line":69,"column":6},"end":{"line":69,"column":39}},"type":"binary-expr","locations":[{"start":{"line":69,"column":6},"end":{"line":69,"column":11}},{"start":{"line":69,"column":15},"end":{"line":69,"column":39}}],"line":69},"7":{"loc":{"start":{"line":72,"column":2},"end":{"line":74,"column":3}},"type":"if","locations":[{"start":{"line":72,"column":2},"end":{"line":74,"column":3}},{"start":{},"end":{}}],"line":72},"8":{"loc":{"start":{"line":83,"column":2},"end":{"line":92,"column":3}},"type":"if","locations":[{"start":{"line":83,"column":2},"end":{"line":92,"column":3}},{"start":{},"end":{}}],"line":83},"9":{"loc":{"start":{"line":88,"column":8},"end":{"line":88,"column":43}},"type":"if","locations":[{"start":{"line":88,"column":8},"end":{"line":88,"column":43}},{"start":{},"end":{}}],"line":88}},"s":{"0":11,"1":0,"2":0,"3":0,"4":0,"5":0,"6":0,"7":0,"8":0,"9":0,"10":0,"11":0,"12":0,"13":0,"14":0,"15":0,"16":0,"17":0,"18":0,"19":0,"20":0,"21":0,"22":0,"23":0,"24":0,"25":0,"26":0},"f":{"0":0,"1":0,"2":0,"3":0,"4":0},"b":{"0":[0,0],"1":[0,0],"2":[0,0],"3":[0,0],"4":[0,0],"5":[0,0],"6":[0,0],"7":[0,0],"8":[0,0],"9":[0,0]},"inputSourceMap":null,"_coverageSchema":"1a1c01bbd47fc00a2c39e90264f33305004495a9","hash":"112a16a8b82ba1c05817e8f33a6a870188b70895"}
,"/Users/sile/Documents/Status Stock 4.0/bot/src/utils/validation.js": {"path":"/Users/sile/Documents/Status Stock 4.0/bot/src/utils/validation.js","statementMap":{"0":{"start":{"line":17,"column":2},"end":{"line":43,"column":3}},"1":{"start":{"line":18,"column":21},"end":{"line":18,"column":41}},"2":{"start":{"line":21,"column":24},"end":{"line":26,"column":5}},"3":{"start":{"line":28,"column":30},"end":{"line":28,"column":51}},"4":{"start":{"line":30,"column":4},"end":{"line":33,"column":5}},"5":{"start":{"line":31,"column":6},"end":{"line":31,"column":62}},"6":{"start":{"line":32,"column":6},"end":{"line":32,"column":19}},"7":{"start":{"line":35,"column":4},"end":{"line":35,"column":60}},"8":{"start":{"line":37,"column":4},"end":{"line":41,"column":7}},"9":{"start":{"line":42,"column":4},"end":{"line":42,"column":17}},"10":{"start":{"line":52,"column":2},"end":{"line":54,"column":3}},"11":{"start":{"line":53,"column":4},"end":{"line":53,"column":16}},"12":{"start":{"line":56,"column":18},"end":{"line":56,"column":32}},"13":{"start":{"line":59,"column":2},"end":{"line":61,"column":3}},"14":{"start":{"line":60,"column":4},"end":{"line":60,"column":17}},"15":{"start":{"line":64,"column":2},"end":{"line":66,"column":3}},"16":{"start":{"line":65,"column":4},"end":{"line":65,"column":17}},"17":{"start":{"line":69,"column":2},"end":{"line":71,"column":3}},"18":{"start":{"line":70,"column":4},"end":{"line":70,"column":18}},"19":{"start":{"line":74,"column":2},"end":{"line":76,"column":3}},"20":{"start":{"line":75,"column":4},"end":{"line":75,"column":17}},"21":{"start":{"line":78,"column":2},"end":{"line":78,"column":14}},"22":{"start":{"line":87,"column":19},"end":{"line":92,"column":3}},"23":{"start":{"line":94,"column":2},"end":{"line":94,"column":107}}},"fnMap":{"0":{"name":"validateCryptoAddress","decl":{"start":{"line":16,"column":16},"end":{"line":16,"column":37}},"loc":{"start":{"line":16,"column":55},"end":{"line":44,"column":1}},"line":16},"1":{"name":"detectCryptoType","decl":{"start":{"line":51,"column":16},"end":{"line":51,"column":32}},"loc":{"start":{"line":51,"column":42},"end":{"line":79,"column":1}},"line":51},"2":{"name":"getCryptoValidationError","decl":{"start":{"line":86,"column":16},"end":{"line":86,"column":40}},"loc":{"start":{"line":86,"column":49},"end":{"line":95,"column":1}},"line":86}},"branchMap":{"0":{"loc":{"start":{"line":30,"column":4},"end":{"line":33,"column":5}},"type":"if","locations":[{"start":{"line":30,"column":4},"end":{"line":33,"column":5}},{"start":{},"end":{}}],"line":30},"1":{"loc":{"start":{"line":52,"column":2},"end":{"line":54,"column":3}},"type":"if","locations":[{"start":{"line":52,"column":2},"end":{"line":54,"column":3}},{"start":{},"end":{}}],"line":52},"2":{"loc":{"start":{"line":52,"column":6},"end":{"line":52,"column":45}},"type":"binary-expr","locations":[{"start":{"line":52,"column":6},"end":{"line":52,"column":14}},{"start":{"line":52,"column":18},"end":{"line":52,"column":45}}],"line":52},"3":{"loc":{"start":{"line":59,"column":2},"end":{"line":61,"column":3}},"type":"if","locations":[{"start":{"line":59,"column":2},"end":{"line":61,"column":3}},{"start":{},"end":{}}],"line":59},"4":{"loc":{"start":{"line":64,"column":2},"end":{"line":66,"column":3}},"type":"if","locations":[{"start":{"line":64,"column":2},"end":{"line":66,"column":3}},{"start":{},"end":{}}],"line":64},"5":{"loc":{"start":{"line":69,"column":2},"end":{"line":71,"column":3}},"type":"if","locations":[{"start":{"line":69,"column":2},"end":{"line":71,"column":3}},{"start":{},"end":{}}],"line":69},"6":{"loc":{"start":{"line":74,"column":2},"end":{"line":76,"column":3}},"type":"if","locations":[{"start":{"line":74,"column":2},"end":{"line":76,"column":3}},{"start":{},"end":{}}],"line":74},"7":{"loc":{"start":{"line":74,"column":6},"end":{"line":74,"column":97}},"type":"binary-expr","locations":[{"start":{"line":74,"column":6},"end":{"line":74,"column":56}},{"start":{"line":74,"column":60},"end":{"line":74,"column":97}}],"line":74},"8":{"loc":{"start":{"line":94,"column":59},"end":{"line":94,"column":104}},"type":"binary-expr","locations":[{"start":{"line":94,"column":59},"end":{"line":94,"column":75}},{"start":{"line":94,"column":79},"end":{"line":94,"column":104}}],"line":94}},"s":{"0":18,"1":18,"2":18,"3":18,"4":18,"5":1,"6":1,"7":17,"8":0,"9":0,"10":16,"11":4,"12":12,"13":12,"14":4,"15":8,"16":2,"17":6,"18":2,"19":4,"20":0,"21":4,"22":4,"23":4},"f":{"0":18,"1":16,"2":4},"b":{"0":[1,17],"1":[4,12],"2":[16,13],"3":[4,8],"4":[2,6],"5":[2,4],"6":[0,4],"7":[4,4],"8":[4,1]},"inputSourceMap":null,"_coverageSchema":"1a1c01bbd47fc00a2c39e90264f33305004495a9","hash":"704245ef9d42d17c3aa0757b8b802db2495209bf"}
}
