TN:
SF:src/config/index.js
FNF:0
FNH:0
DA:3,14
DA:5,14
LF:2
LH:2
BRDA:10,0,0,14
BRDA:10,0,1,0
BRDA:11,1,0,14
BRDA:11,1,1,0
BRDA:14,2,0,14
BRDA:14,2,1,0
BRDA:17,3,0,14
BRDA:17,3,1,0
BRF:8
BRH:4
end_of_record
TN:
SF:src/handlers/common.js
FN:13,(anonymous_0)
FN:30,(anonymous_1)
FN:69,(anonymous_2)
FN:98,(anonymous_3)
FN:136,(anonymous_4)
FNF:5
FNH:2
FNDA:71,(anonymous_0)
FNDA:0,(anonymous_1)
FNDA:0,(anonymous_2)
FNDA:0,(anonymous_3)
FNDA:1,(anonymous_4)
DA:13,11
DA:15,71
DA:18,71
DA:21,71
DA:24,71
DA:30,11
DA:31,0
DA:32,0
DA:35,0
DA:37,0
DA:38,0
DA:39,0
DA:40,0
DA:41,0
DA:42,0
DA:46,0
DA:48,0
DA:53,0
DA:55,0
DA:56,0
DA:61,0
DA:69,11
DA:70,0
DA:71,0
DA:74,0
DA:77,0
DA:82,0
DA:84,0
DA:85,0
DA:90,0
DA:98,11
DA:99,0
DA:100,0
DA:103,0
DA:104,0
DA:108,0
DA:109,0
DA:114,0
DA:120,0
DA:122,0
DA:123,0
DA:128,0
DA:136,11
DA:137,1
DA:138,1
DA:141,1
DA:143,1
DA:144,0
DA:145,0
DA:149,0
DA:153,1
DA:154,1
DA:157,1
DA:158,1
DA:159,1
DA:160,0
DA:161,0
DA:162,0
DA:164,0
DA:166,0
DA:167,0
DA:170,1
DA:172,1
DA:176,1
DA:177,0
DA:179,1
DA:182,0
DA:184,0
DA:185,0
DA:190,0
LF:70
LH:22
BRDA:37,0,0,0
BRDA:37,0,1,0
BRDA:40,1,0,0
BRDA:40,1,1,0
BRDA:103,2,0,0
BRDA:103,2,1,0
BRDA:108,3,0,0
BRDA:108,3,1,0
BRDA:141,4,0,1
BRDA:141,4,1,0
BRDA:143,5,0,0
BRDA:143,5,1,1
BRDA:153,6,0,1
BRDA:153,6,1,0
BRDA:158,7,0,1
BRDA:158,7,1,0
BRDA:161,8,0,0
BRDA:161,8,1,0
BRDA:176,9,0,0
BRDA:176,9,1,1
BRF:20
BRH:5
end_of_record
TN:
SF:src/handlers/start.js
FN:11,(anonymous_0)
FN:30,(anonymous_1)
FN:31,(anonymous_2)
FN:46,(anonymous_3)
FN:47,(anonymous_4)
FNF:5
FNH:1
FNDA:2,(anonymous_0)
FNDA:0,(anonymous_1)
FNDA:0,(anonymous_2)
FNDA:0,(anonymous_3)
FNDA:0,(anonymous_4)
DA:11,11
DA:12,2
DA:13,2
DA:16,2
DA:17,2
DA:20,2
DA:22,2
DA:23,0
DA:24,0
DA:28,0
DA:32,0
DA:36,0
DA:37,0
DA:38,2
DA:39,0
DA:40,0
DA:44,0
DA:48,0
DA:52,0
DA:53,0
DA:57,2
DA:58,2
DA:61,2
DA:62,2
DA:63,2
DA:64,2
DA:65,0
DA:66,0
DA:69,2
DA:78,2
DA:83,0
DA:84,0
LF:32
LH:16
BRDA:22,0,0,0
BRDA:22,0,1,2
BRDA:38,1,0,0
BRDA:38,1,1,2
BRDA:62,2,0,2
BRDA:62,2,1,0
BRDA:65,3,0,0
BRDA:65,3,1,0
BRF:8
BRH:3
end_of_record
TN:
SF:src/handlers/buyer/index.js
FN:11,(anonymous_0)
FN:43,(anonymous_1)
FN:105,(anonymous_2)
FN:128,(anonymous_3)
FN:162,(anonymous_4)
FN:226,(anonymous_5)
FN:260,(anonymous_6)
FN:296,(anonymous_7)
FN:307,(anonymous_8)
FNF:9
FNH:6
FNDA:71,(anonymous_0)
FNDA:2,(anonymous_1)
FNDA:3,(anonymous_2)
FNDA:0,(anonymous_3)
FNDA:3,(anonymous_4)
FNDA:2,(anonymous_5)
FNDA:0,(anonymous_6)
FNDA:0,(anonymous_7)
FNDA:1,(anonymous_8)
DA:11,11
DA:13,71
DA:16,71
DA:19,71
DA:22,71
DA:25,71
DA:28,71
DA:31,71
DA:34,71
DA:37,71
DA:43,11
DA:44,2
DA:45,2
DA:47,2
DA:48,2
DA:51,2
DA:52,2
DA:53,2
DA:54,0
DA:55,0
DA:57,0
DA:60,2
DA:64,2
DA:66,2
DA:67,2
DA:69,2
DA:71,2
DA:75,2
DA:76,2
DA:80,0
DA:84,0
DA:89,0
DA:91,0
DA:92,0
DA:97,0
DA:105,11
DA:106,3
DA:107,3
DA:110,3
DA:112,0
DA:114,0
DA:115,0
DA:120,0
DA:128,11
DA:129,0
DA:130,0
DA:133,0
DA:134,0
DA:138,0
DA:141,0
DA:144,0
DA:146,0
DA:151,0
DA:152,0
DA:162,11
DA:163,3
DA:164,3
DA:167,3
DA:168,0
DA:169,0
DA:173,3
DA:175,3
DA:177,1
DA:180,1
DA:183,1
DA:188,1
DA:189,1
DA:193,2
DA:196,1
DA:199,1
DA:201,1
DA:206,1
DA:208,1
DA:211,1
DA:213,1
DA:214,1
DA:215,0
DA:216,0
DA:218,0
DA:226,11
DA:227,2
DA:228,2
DA:231,2
DA:232,1
DA:233,1
DA:237,1
DA:240,1
DA:243,1
DA:245,1
DA:250,1
DA:252,0
DA:253,0
DA:260,11
DA:261,0
DA:262,0
DA:265,0
DA:266,0
DA:270,0
DA:274,0
DA:277,0
DA:279,0
DA:283,0
DA:285,0
DA:286,0
DA:296,11
DA:297,0
DA:298,0
DA:300,0
DA:307,11
DA:308,1
DA:309,1
DA:310,1
DA:313,1
DA:316,1
DA:319,1
DA:322,1
DA:323,1
DA:324,1
DA:325,1
DA:326,1
DA:328,0
DA:333,1
DA:338,1
DA:340,0
DA:341,0
LF:125
LH:78
BRDA:52,0,0,2
BRDA:52,0,1,0
BRDA:54,1,0,0
BRDA:54,1,1,0
BRDA:66,2,0,2
BRDA:66,2,1,0
BRDA:69,3,0,2
BRDA:69,3,1,0
BRDA:69,4,0,2
BRDA:69,4,1,2
BRDA:133,5,0,0
BRDA:133,5,1,0
BRDA:167,6,0,0
BRDA:167,6,1,3
BRDA:175,7,0,1
BRDA:175,7,1,2
BRDA:213,8,0,1
BRDA:213,8,1,0
BRDA:215,9,0,0
BRDA:215,9,1,0
BRDA:231,10,0,1
BRDA:231,10,1,1
BRDA:265,11,0,0
BRDA:265,11,1,0
BRDA:323,12,0,1
BRDA:323,12,1,0
BRDA:326,13,0,1
BRDA:326,13,1,1
BRF:28
BRH:14
end_of_record
TN:
SF:src/handlers/seller/aiProducts.js
FN:18,handleAIProductCommand
FN:24,(anonymous_1)
FN:76,(anonymous_2)
FN:145,(anonymous_3)
FN:186,handleClarification
FN:199,(anonymous_5)
FN:218,handleAISelection
FN:233,(anonymous_7)
FN:274,handleAICancel
FN:287,handleBulkPricesConfirm
FN:321,handleBulkPricesCancel
FN:339,setupAIProductHandlers
FNF:12
FNH:2
FNDA:2,handleAIProductCommand
FNDA:0,(anonymous_1)
FNDA:0,(anonymous_2)
FNDA:0,(anonymous_3)
FNDA:0,handleClarification
FNDA:0,(anonymous_5)
FNDA:0,handleAISelection
FNDA:0,(anonymous_7)
FNDA:0,handleAICancel
FNDA:0,handleBulkPricesConfirm
FNDA:0,handleBulkPricesCancel
FNDA:71,setupAIProductHandlers
DA:19,2
DA:22,2
DA:24,0
DA:25,0
DA:27,0
DA:31,2
DA:32,0
DA:36,2
DA:37,2
DA:41,0
DA:42,0
DA:43,0
DA:47,0
DA:49,0
DA:53,0
DA:57,0
DA:58,0
DA:62,0
DA:63,0
DA:67,0
DA:70,0
DA:71,0
DA:75,0
DA:76,0
DA:80,0
DA:81,0
DA:82,0
DA:86,0
DA:89,0
DA:92,0
DA:95,0
DA:104,0
DA:106,0
DA:110,0
DA:113,0
DA:115,0
DA:116,0
DA:119,0
DA:121,0
DA:122,0
DA:126,0
DA:129,0
DA:131,0
DA:132,0
DA:138,0
DA:140,0
DA:145,0
DA:146,0
DA:150,0
DA:159,0
DA:166,0
DA:167,0
DA:168,0
DA:173,0
DA:177,2
DA:178,2
DA:187,0
DA:190,0
DA:197,0
DA:199,0
DA:210,0
DA:219,0
DA:220,0
DA:222,0
DA:225,0
DA:226,0
DA:227,0
DA:230,0
DA:233,0
DA:234,0
DA:235,0
DA:236,0
DA:237,0
DA:241,0
DA:242,0
DA:243,0
DA:244,0
DA:246,0
DA:253,0
DA:254,0
DA:259,0
DA:262,0
DA:263,0
DA:264,0
DA:266,0
DA:275,0
DA:276,0
DA:277,0
DA:278,0
DA:280,0
DA:288,0
DA:289,0
DA:290,0
DA:292,0
DA:299,0
DA:300,0
DA:303,0
DA:309,0
DA:310,0
DA:311,0
DA:313,0
DA:322,0
DA:323,0
DA:324,0
DA:325,0
DA:327,0
DA:332,0
DA:342,71
DA:345,71
DA:346,71
DA:349,71
DA:350,71
DA:352,71
LF:113
LH:13
BRDA:22,0,0,0
BRDA:22,0,1,2
BRDA:31,1,0,0
BRDA:31,1,1,2
BRDA:36,2,0,2
BRDA:36,2,1,0
BRDA:36,3,0,2
BRDA:36,3,1,0
BRDA:42,4,0,0
BRDA:42,4,1,0
BRDA:42,5,0,0
BRDA:42,5,1,0
BRDA:47,6,0,0
BRDA:47,6,1,0
BRDA:57,7,0,0
BRDA:57,7,1,0
BRDA:70,8,0,0
BRDA:70,8,1,0
BRDA:80,9,0,0
BRDA:80,9,1,0
BRDA:104,10,0,0
BRDA:104,10,1,0
BRDA:113,11,0,0
BRDA:113,11,1,0
BRDA:119,12,0,0
BRDA:119,12,1,0
BRDA:121,13,0,0
BRDA:121,13,1,0
BRDA:129,14,0,0
BRDA:129,14,1,0
BRDA:138,15,0,0
BRDA:138,15,1,0
BRDA:138,16,0,0
BRDA:138,16,1,0
BRDA:138,16,2,0
BRDA:154,17,0,0
BRDA:154,17,1,0
BRDA:167,18,0,0
BRDA:167,18,1,0
BRDA:177,19,0,2
BRDA:177,19,1,0
BRDA:225,20,0,0
BRDA:225,20,1,0
BRDA:234,21,0,0
BRDA:234,21,1,0
BRDA:241,22,0,0
BRDA:241,22,1,0
BRDA:299,23,0,0
BRDA:299,23,1,0
BRDA:299,24,0,0
BRDA:299,24,1,0
BRF:51
BRH:5
end_of_record
TN:
SF:src/handlers/seller/follows.js
FN:9,(anonymous_0)
FN:49,(anonymous_1)
FN:75,(anonymous_2)
FN:88,(anonymous_3)
FN:118,(anonymous_4)
FN:142,(anonymous_5)
FN:155,(anonymous_6)
FN:200,(anonymous_7)
FN:228,(anonymous_8)
FN:252,(anonymous_9)
FN:257,(anonymous_10)
FN:311,(anonymous_11)
FN:324,(anonymous_12)
FN:345,(anonymous_13)
FN:350,(anonymous_14)
FNF:15
FNH:10
FNDA:4,(anonymous_0)
FNDA:18,(anonymous_1)
FNDA:5,(anonymous_2)
FNDA:3,(anonymous_3)
FNDA:3,(anonymous_4)
FNDA:3,(anonymous_5)
FNDA:3,(anonymous_6)
FNDA:0,(anonymous_7)
FNDA:7,(anonymous_8)
FNDA:0,(anonymous_9)
FNDA:0,(anonymous_10)
FNDA:0,(anonymous_11)
FNDA:71,(anonymous_12)
FNDA:9,(anonymous_13)
FNDA:0,(anonymous_14)
DA:9,11
DA:10,4
DA:11,4
DA:13,4
DA:14,0
DA:18,0
DA:21,4
DA:22,0
DA:26,0
DA:29,4
DA:30,4
DA:32,4
DA:34,4
DA:35,4
DA:37,0
DA:38,0
DA:39,0
DA:49,11
DA:50,18
DA:51,18
DA:53,18
DA:54,1
DA:58,1
DA:61,17
DA:63,0
DA:64,0
DA:65,0
DA:75,11
DA:76,5
DA:77,5
DA:79,5
DA:81,5
DA:82,1
DA:83,1
DA:87,4
DA:88,4
DA:90,4
DA:91,1
DA:92,1
DA:95,3
DA:97,3
DA:98,3
DA:100,0
DA:103,0
DA:105,0
DA:106,0
DA:107,0
DA:108,0
DA:110,0
DA:118,11
DA:119,3
DA:120,3
DA:122,3
DA:124,3
DA:125,0
DA:126,0
DA:129,3
DA:131,2
DA:132,2
DA:134,1
DA:135,1
DA:142,11
DA:143,3
DA:144,3
DA:146,3
DA:148,3
DA:149,0
DA:150,0
DA:154,3
DA:155,3
DA:157,3
DA:158,0
DA:159,0
DA:162,3
DA:165,3
DA:167,2
DA:168,2
DA:170,2
DA:171,2
DA:172,2
DA:176,1
DA:178,1
DA:179,1
DA:181,0
DA:183,0
DA:185,0
DA:186,0
DA:187,0
DA:188,0
DA:189,0
DA:190,0
DA:192,0
DA:200,11
DA:201,0
DA:202,0
DA:204,0
DA:206,0
DA:207,0
DA:208,0
DA:212,0
DA:214,0
DA:216,0
DA:218,0
DA:220,0
DA:221,0
DA:228,11
DA:230,7
DA:231,0
DA:234,7
DA:235,7
DA:236,7
DA:239,7
DA:240,7
DA:241,7
DA:243,7
DA:245,2
DA:252,2
DA:253,2
DA:257,5
DA:258,0
DA:262,5
DA:264,2
DA:265,1
DA:267,1
DA:275,3
DA:277,3
DA:285,4
DA:286,4
DA:288,4
DA:290,1
DA:292,1
DA:293,1
DA:295,1
DA:296,1
DA:297,0
DA:298,1
DA:299,0
DA:300,1
DA:301,0
DA:305,1
DA:306,1
DA:312,0
DA:316,1
DA:317,1
DA:324,11
DA:326,71
DA:327,71
DA:330,71
DA:333,71
DA:336,71
DA:339,71
DA:342,71
DA:345,71
DA:347,9
DA:348,7
DA:350,7
DA:351,7
DA:354,2
DA:357,71
LF:159
LH:109
BRDA:13,0,0,0
BRDA:13,0,1,4
BRDA:21,1,0,0
BRDA:21,1,1,4
BRDA:24,2,0,0
BRDA:24,2,1,0
BRDA:30,3,0,4
BRDA:30,3,1,0
BRDA:38,4,0,0
BRDA:38,4,1,0
BRDA:53,5,0,1
BRDA:53,5,1,17
BRDA:64,6,0,0
BRDA:64,6,1,0
BRDA:81,7,0,1
BRDA:81,7,1,4
BRDA:90,8,0,1
BRDA:90,8,1,3
BRDA:105,9,0,0
BRDA:105,9,1,0
BRDA:107,10,0,0
BRDA:107,10,1,0
BRDA:124,11,0,0
BRDA:124,11,1,3
BRDA:148,12,0,0
BRDA:148,12,1,3
BRDA:157,13,0,0
BRDA:157,13,1,3
BRDA:162,14,0,2
BRDA:162,14,1,1
BRDA:165,15,0,2
BRDA:165,15,1,1
BRDA:185,16,0,0
BRDA:185,16,1,0
BRDA:187,17,0,0
BRDA:187,17,1,0
BRDA:189,18,0,0
BRDA:189,18,1,0
BRDA:206,19,0,0
BRDA:206,19,1,0
BRDA:230,20,0,0
BRDA:230,20,1,7
BRDA:243,21,0,2
BRDA:243,21,1,5
BRDA:243,22,0,7
BRDA:243,22,1,7
BRDA:243,22,2,6
BRDA:262,23,0,2
BRDA:262,23,1,3
BRDA:296,24,0,0
BRDA:296,24,1,1
BRDA:298,25,0,0
BRDA:298,25,1,1
BRDA:300,26,0,0
BRDA:300,26,1,1
BRDA:305,27,0,1
BRDA:305,27,1,0
BRDA:347,28,0,7
BRDA:347,28,1,2
BRF:59
BRH:30
end_of_record
TN:
SF:src/handlers/seller/index.js
FN:7,(anonymous_0)
FN:44,(anonymous_1)
FN:133,(anonymous_2)
FN:153,(anonymous_3)
FN:180,(anonymous_4)
FN:216,(anonymous_5)
FN:243,(anonymous_6)
FN:267,(anonymous_7)
FN:278,(anonymous_8)
FN:288,(anonymous_9)
FN:298,(anonymous_10)
FN:388,(anonymous_11)
FN:424,(anonymous_12)
FN:527,(anonymous_13)
FN:550,(anonymous_14)
FN:571,(anonymous_15)
FN:604,(anonymous_16)
FN:626,(anonymous_17)
FN:638,(anonymous_18)
FNF:19
FNH:6
FNDA:3,(anonymous_0)
FNDA:2,(anonymous_1)
FNDA:4,(anonymous_2)
FNDA:7,(anonymous_3)
FNDA:0,(anonymous_4)
FNDA:0,(anonymous_5)
FNDA:71,(anonymous_6)
FNDA:10,(anonymous_7)
FNDA:0,(anonymous_8)
FNDA:0,(anonymous_9)
FNDA:0,(anonymous_10)
FNDA:0,(anonymous_11)
FNDA:0,(anonymous_12)
FNDA:0,(anonymous_13)
FNDA:0,(anonymous_14)
FNDA:0,(anonymous_15)
FNDA:0,(anonymous_16)
FNDA:0,(anonymous_17)
FNDA:0,(anonymous_18)
DA:7,11
DA:8,3
DA:10,3
DA:11,3
DA:12,3
DA:14,0
DA:18,3
DA:19,3
DA:20,3
DA:22,0
DA:24,0
DA:25,0
DA:28,0
DA:33,0
DA:34,0
DA:44,11
DA:45,2
DA:46,2
DA:48,2
DA:49,2
DA:52,2
DA:53,2
DA:54,2
DA:55,0
DA:56,0
DA:58,0
DA:61,2
DA:65,2
DA:67,2
DA:68,0
DA:69,0
DA:70,0
DA:71,0
DA:72,0
DA:76,2
DA:78,2
DA:85,2
DA:86,1
DA:87,1
DA:88,1
DA:90,1
DA:97,1
DA:99,1
DA:100,1
DA:101,1
DA:102,1
DA:105,0
DA:107,0
DA:109,0
DA:110,0
DA:111,0
DA:114,0
DA:115,0
DA:116,0
DA:120,0
DA:122,0
DA:123,0
DA:125,0
DA:133,11
DA:134,4
DA:135,4
DA:138,4
DA:140,0
DA:142,0
DA:143,0
DA:145,0
DA:153,11
DA:154,7
DA:155,7
DA:158,7
DA:159,1
DA:160,1
DA:164,6
DA:166,0
DA:168,0
DA:169,0
DA:170,0
DA:172,0
DA:180,11
DA:181,0
DA:182,0
DA:185,0
DA:186,0
DA:187,0
DA:191,0
DA:192,0
DA:193,0
DA:194,0
DA:198,0
DA:199,0
DA:202,0
DA:204,0
DA:205,0
DA:207,0
DA:208,0
DA:209,0
DA:216,11
DA:217,0
DA:218,0
DA:221,0
DA:222,0
DA:223,0
DA:227,0
DA:229,0
DA:231,0
DA:232,0
DA:233,0
DA:235,0
DA:243,11
DA:245,71
DA:248,71
DA:251,71
DA:254,71
DA:257,71
DA:260,71
DA:261,71
DA:262,71
DA:263,71
DA:264,71
DA:267,71
DA:268,10
DA:269,10
DA:270,10
DA:272,0
DA:273,0
DA:278,71
DA:279,0
DA:280,0
DA:281,0
DA:283,0
DA:284,0
DA:288,71
DA:289,0
DA:290,0
DA:291,0
DA:293,0
DA:294,0
DA:298,71
DA:299,0
DA:300,0
DA:302,0
DA:303,0
DA:304,0
DA:307,0
DA:308,0
DA:313,0
DA:317,0
DA:318,0
DA:324,0
DA:326,0
DA:328,0
DA:329,0
DA:332,0
DA:333,0
DA:334,0
DA:337,0
DA:338,0
DA:340,0
DA:341,0
DA:344,0
DA:345,0
DA:346,0
DA:349,0
DA:350,0
DA:351,0
DA:352,0
DA:353,0
DA:355,0
DA:356,0
DA:357,0
DA:358,0
DA:361,0
DA:362,0
DA:363,0
DA:364,0
DA:365,0
DA:368,0
DA:369,0
DA:376,0
DA:378,0
DA:379,0
DA:388,71
DA:389,0
DA:390,0
DA:392,0
DA:393,0
DA:398,0
DA:402,0
DA:403,0
DA:405,0
DA:412,0
DA:414,0
DA:415,0
DA:424,71
DA:425,0
DA:426,0
DA:428,0
DA:429,0
DA:430,0
DA:433,0
DA:434,0
DA:439,0
DA:443,0
DA:444,0
DA:450,0
DA:451,0
DA:454,0
DA:455,0
DA:457,0
DA:459,0
DA:460,0
DA:461,0
DA:464,0
DA:465,0
DA:466,0
DA:469,0
DA:470,0
DA:471,0
DA:472,0
DA:475,0
DA:476,0
DA:477,0
DA:478,0
DA:479,0
DA:480,0
DA:483,0
DA:484,0
DA:485,0
DA:486,0
DA:487,0
DA:488,0
DA:491,0
DA:492,0
DA:493,0
DA:494,0
DA:495,0
DA:496,0
DA:500,0
DA:502,0
DA:509,0
DA:511,0
DA:512,0
DA:521,71
DA:527,11
DA:528,0
DA:529,0
DA:531,0
DA:532,0
DA:533,0
DA:536,0
DA:537,0
DA:539,0
DA:541,0
DA:542,0
DA:543,0
DA:550,11
DA:551,0
DA:552,0
DA:554,0
DA:555,0
DA:556,0
DA:560,0
DA:562,0
DA:563,0
DA:564,0
DA:571,11
DA:572,0
DA:573,0
DA:575,0
DA:576,0
DA:577,0
DA:580,0
DA:581,0
DA:582,0
DA:587,0
DA:591,0
DA:592,0
DA:594,0
DA:595,0
DA:600,0
DA:604,0
DA:605,0
DA:606,0
DA:609,0
DA:615,0
DA:617,0
DA:618,0
DA:619,0
DA:626,11
DA:627,0
DA:628,0
DA:631,0
DA:638,11
DA:639,0
DA:640,0
DA:643,0
LF:296
LH:70
BRDA:7,0,0,3
BRDA:10,1,0,3
BRDA:10,1,1,0
BRDA:11,2,0,3
BRDA:11,2,1,0
BRDA:22,3,0,0
BRDA:22,3,1,0
BRDA:24,4,0,0
BRDA:24,4,1,0
BRDA:53,5,0,2
BRDA:53,5,1,0
BRDA:55,6,0,0
BRDA:55,6,1,0
BRDA:67,7,0,0
BRDA:67,7,1,2
BRDA:81,8,0,2
BRDA:81,8,1,0
BRDA:85,9,0,1
BRDA:85,9,1,1
BRDA:85,10,0,2
BRDA:85,10,1,2
BRDA:85,10,2,2
BRDA:107,11,0,0
BRDA:107,11,1,0
BRDA:107,12,0,0
BRDA:107,12,1,0
BRDA:158,13,0,1
BRDA:158,13,1,6
BRDA:169,14,0,0
BRDA:169,14,1,0
BRDA:185,15,0,0
BRDA:185,15,1,0
BRDA:191,16,0,0
BRDA:191,16,1,0
BRDA:192,17,0,0
BRDA:192,17,1,0
BRDA:199,18,0,0
BRDA:199,18,1,0
BRDA:208,19,0,0
BRDA:208,19,1,0
BRDA:221,20,0,0
BRDA:221,20,1,0
BRDA:232,21,0,0
BRDA:232,21,1,0
BRDA:302,22,0,0
BRDA:302,22,1,0
BRDA:307,23,0,0
BRDA:307,23,1,0
BRDA:311,24,0,0
BRDA:311,24,1,0
BRDA:328,25,0,0
BRDA:328,25,1,0
BRDA:332,26,0,0
BRDA:332,26,1,0
BRDA:333,27,0,0
BRDA:333,27,1,0
BRDA:334,28,0,0
BRDA:334,28,1,0
BRDA:335,29,0,0
BRDA:335,29,1,0
BRDA:340,30,0,0
BRDA:340,30,1,0
BRDA:344,31,0,0
BRDA:344,31,1,0
BRDA:349,32,0,0
BRDA:349,32,1,0
BRDA:368,33,0,0
BRDA:368,33,1,0
BRDA:372,34,0,0
BRDA:372,34,1,0
BRDA:382,35,0,0
BRDA:382,35,1,0
BRDA:392,36,0,0
BRDA:392,36,1,0
BRDA:392,37,0,0
BRDA:392,37,1,0
BRDA:396,38,0,0
BRDA:396,38,1,0
BRDA:418,39,0,0
BRDA:418,39,1,0
BRDA:428,40,0,0
BRDA:428,40,1,0
BRDA:433,41,0,0
BRDA:433,41,1,0
BRDA:437,42,0,0
BRDA:437,42,1,0
BRDA:451,43,0,0
BRDA:451,43,1,0
BRDA:459,44,0,0
BRDA:459,44,1,0
BRDA:460,45,0,0
BRDA:460,45,1,0
BRDA:461,46,0,0
BRDA:461,46,1,0
BRDA:462,47,0,0
BRDA:462,47,1,0
BRDA:466,48,0,0
BRDA:466,48,1,0
BRDA:469,49,0,0
BRDA:469,49,1,0
BRDA:469,50,0,0
BRDA:469,50,1,0
BRDA:475,51,0,0
BRDA:475,51,1,0
BRDA:475,52,0,0
BRDA:475,52,1,0
BRDA:483,53,0,0
BRDA:483,53,1,0
BRDA:515,54,0,0
BRDA:515,54,1,0
BRDA:531,55,0,0
BRDA:531,55,1,0
BRDA:536,56,0,0
BRDA:536,56,1,0
BRDA:542,57,0,0
BRDA:542,57,1,0
BRDA:554,58,0,0
BRDA:554,58,1,0
BRDA:563,59,0,0
BRDA:563,59,1,0
BRDA:575,60,0,0
BRDA:575,60,1,0
BRDA:580,61,0,0
BRDA:580,61,1,0
BRDA:581,62,0,0
BRDA:581,62,1,0
BRDA:592,63,0,0
BRDA:592,63,1,0
BRDA:594,64,0,0
BRDA:594,64,1,0
BRDA:605,65,0,0
BRDA:605,65,1,0
BRDA:605,66,0,0
BRDA:605,66,1,0
BRDA:618,67,0,0
BRDA:618,67,1,0
BRF:136
BRH:13
end_of_record
TN:
SF:src/handlers/workspace/index.js
FN:9,(anonymous_0)
FN:82,(anonymous_1)
FN:89,(anonymous_2)
FN:126,(anonymous_3)
FN:161,(anonymous_4)
FNF:5
FNH:0
FNDA:0,(anonymous_0)
FNDA:0,(anonymous_1)
FNDA:0,(anonymous_2)
FNDA:0,(anonymous_3)
FNDA:0,(anonymous_4)
DA:9,0
DA:10,0
DA:11,0
DA:13,0
DA:14,0
DA:17,0
DA:18,0
DA:19,0
DA:22,0
DA:26,0
DA:27,0
DA:28,0
DA:34,0
DA:35,0
DA:38,0
DA:42,0
DA:44,0
DA:47,0
DA:53,0
DA:55,0
DA:56,0
DA:60,0
DA:67,0
DA:68,0
DA:69,0
DA:73,0
DA:82,0
DA:83,0
DA:84,0
DA:86,0
DA:89,0
DA:90,0
DA:91,0
DA:94,0
DA:98,0
DA:99,0
DA:100,0
DA:102,0
DA:105,0
DA:111,0
DA:112,0
DA:113,0
DA:117,0
DA:126,0
DA:127,0
DA:128,0
DA:131,0
DA:132,0
DA:133,0
DA:136,0
DA:137,0
DA:143,0
DA:147,0
DA:148,0
DA:149,0
DA:153,0
DA:161,0
DA:163,0
DA:166,0
DA:169,0
DA:171,0
LF:61
LH:0
BRDA:17,0,0,0
BRDA:17,0,1,0
BRDA:28,1,0,0
BRDA:28,1,1,0
BRDA:30,2,0,0
BRDA:30,2,1,0
BRDA:34,3,0,0
BRDA:34,3,1,0
BRDA:55,4,0,0
BRDA:55,4,1,0
BRDA:90,5,0,0
BRDA:90,5,1,0
BRDA:136,6,0,0
BRDA:136,6,1,0
BRDA:136,7,0,0
BRDA:136,7,1,0
BRF:16
BRH:0
end_of_record
TN:
SF:src/keyboards/buyer.js
FN:24,(anonymous_0)
FN:45,(anonymous_1)
FNF:2
FNH:2
FNDA:4,(anonymous_0)
FNDA:1,(anonymous_1)
DA:5,11
DA:14,11
DA:24,11
DA:25,4
DA:27,4
DA:28,2
DA:30,2
DA:36,4
DA:41,4
DA:45,11
DA:46,1
DA:49,1
DA:51,1
DA:52,3
DA:58,1
DA:59,0
DA:62,1
DA:64,1
LF:18
LH:17
BRDA:24,0,0,0
BRDA:27,1,0,2
BRDA:27,1,1,2
BRDA:53,2,0,0
BRDA:53,2,1,3
BRDA:58,3,0,0
BRDA:58,3,1,1
BRF:7
BRH:4
end_of_record
TN:
SF:src/keyboards/common.js
FNF:0
FNH:0
DA:4,12
DA:9,12
DA:14,12
DA:19,12
LF:4
LH:4
BRF:0
BRH:0
end_of_record
TN:
SF:src/keyboards/main.js
FN:7,(anonymous_0)
FNF:1
FNH:1
FNDA:2,(anonymous_0)
DA:7,11
DA:8,2
DA:13,2
DA:14,0
DA:17,2
DA:21,11
LF:6
LH:5
BRDA:7,0,0,0
BRDA:13,1,0,0
BRDA:13,1,1,2
BRF:3
BRH:1
end_of_record
TN:
SF:src/keyboards/seller.js
FN:5,(anonymous_0)
FN:25,(anonymous_1)
FN:43,(anonymous_2)
FN:49,(anonymous_3)
FN:55,(anonymous_4)
FN:69,(anonymous_5)
FNF:6
FNH:3
FNDA:2,(anonymous_0)
FNDA:0,(anonymous_1)
FNDA:0,(anonymous_2)
FNDA:4,(anonymous_3)
FNDA:3,(anonymous_4)
FNDA:0,(anonymous_5)
DA:5,11
DA:6,2
DA:25,11
DA:26,0
DA:32,0
DA:33,0
DA:37,0
DA:39,0
DA:43,11
DA:49,11
DA:55,11
DA:63,11
DA:69,11
DA:70,0
DA:72,0
DA:73,0
DA:76,0
DA:81,0
LF:18
LH:8
BRDA:25,0,0,0
BRDA:32,1,0,0
BRDA:32,1,1,0
BRDA:69,2,0,0
BRDA:72,3,0,0
BRDA:72,3,1,0
BRDA:72,4,0,0
BRDA:72,4,1,0
BRF:8
BRH:0
end_of_record
TN:
SF:src/keyboards/workspace.js
FN:9,(anonymous_0)
FN:20,(anonymous_1)
FN:21,(anonymous_2)
FN:31,(anonymous_3)
FN:40,(anonymous_4)
FN:47,(anonymous_5)
FNF:6
FNH:0
FNDA:0,(anonymous_0)
FNDA:0,(anonymous_1)
FNDA:0,(anonymous_2)
FNDA:0,(anonymous_3)
FNDA:0,(anonymous_4)
FNDA:0,(anonymous_5)
DA:9,11
DA:20,11
DA:21,0
DA:22,0
DA:24,0
DA:25,0
DA:31,11
DA:40,11
DA:47,11
LF:9
LH:5
BRF:0
BRH:0
end_of_record
TN:
SF:src/middleware/auth.js
FN:8,(anonymous_0)
FNF:1
FNH:1
FNDA:15,(anonymous_0)
DA:8,12
DA:9,15
DA:11,15
DA:12,1
DA:16,14
DA:17,3
DA:21,11
DA:29,11
DA:31,5
DA:32,0
DA:36,5
DA:37,5
DA:38,5
DA:39,5
DA:40,5
DA:41,5
DA:43,5
DA:45,5
DA:47,6
DA:50,6
DA:51,6
DA:56,6
DA:57,6
DA:58,6
DA:60,6
DA:63,6
LF:26
LH:25
BRDA:11,0,0,1
BRDA:11,0,1,14
BRDA:16,1,0,3
BRDA:16,1,1,11
BRDA:16,2,0,14
BRDA:16,2,1,3
BRDA:31,3,0,0
BRDA:31,3,1,5
BRDA:31,4,0,5
BRDA:31,4,1,5
BRDA:36,5,0,5
BRDA:36,5,1,0
BRDA:50,6,0,6
BRDA:50,6,1,1
BRF:14
BRH:12
end_of_record
TN:
SF:src/middleware/debounce.js
FN:15,(anonymous_0)
FNF:1
FNH:0
FNDA:0,(anonymous_0)
DA:9,0
DA:15,0
DA:17,0
DA:18,0
DA:22,0
DA:23,0
DA:27,0
DA:28,0
DA:29,0
DA:31,0
DA:32,0
DA:39,0
DA:40,0
DA:42,0
DA:48,0
DA:52,0
DA:55,0
LF:17
LH:0
BRDA:17,0,0,0
BRDA:17,0,1,0
BRDA:22,1,0,0
BRDA:22,1,1,0
BRDA:27,2,0,0
BRDA:27,2,1,0
BRDA:31,3,0,0
BRDA:31,3,1,0
BRF:8
BRH:0
end_of_record
TN:
SF:src/middleware/error.js
FN:8,(anonymous_0)
FNF:1
FNH:1
FNDA:79,(anonymous_0)
DA:8,11
DA:9,79
DA:10,79
DA:12,0
DA:19,0
DA:21,0
DA:22,0
DA:23,0
DA:25,0
DA:28,0
LF:10
LH:3
BRDA:22,0,0,0
BRDA:22,0,1,0
BRF:2
BRH:0
end_of_record
TN:
SF:src/middleware/sessionRecovery.js
FN:14,(anonymous_0)
FN:57,checkIfRecoveryNeeded
FN:75,recoverSessionData
FNF:3
FNH:0
FNDA:0,(anonymous_0)
FNDA:0,checkIfRecoveryNeeded
FNDA:0,recoverSessionData
DA:14,0
DA:15,0
DA:17,0
DA:18,0
DA:22,0
DA:23,0
DA:27,0
DA:29,0
DA:30,0
DA:37,0
DA:40,0
DA:42,0
DA:48,0
DA:59,0
DA:60,0
DA:64,0
DA:65,0
DA:68,0
DA:76,0
DA:78,0
DA:79,0
DA:81,0
DA:82,0
DA:83,0
DA:84,0
DA:86,0
DA:92,0
DA:101,0
DA:106,0
DA:113,0
DA:114,0
DA:118,0
DA:119,0
DA:120,0
DA:121,0
DA:124,0
LF:36
LH:0
BRDA:17,0,0,0
BRDA:17,0,1,0
BRDA:22,1,0,0
BRDA:22,1,1,0
BRDA:29,2,0,0
BRDA:29,2,1,0
BRDA:59,3,0,0
BRDA:59,3,1,0
BRDA:59,4,0,0
BRDA:59,4,1,0
BRDA:64,5,0,0
BRDA:64,5,1,0
BRDA:64,6,0,0
BRDA:64,6,1,0
BRDA:78,7,0,0
BRDA:78,7,1,0
BRDA:78,8,0,0
BRDA:78,8,1,0
BRDA:81,9,0,0
BRDA:81,9,1,0
BRDA:81,10,0,0
BRDA:81,10,1,0
BRDA:81,10,2,0
BRDA:113,11,0,0
BRDA:113,11,1,0
BRF:25
BRH:0
end_of_record
TN:
SF:src/scenes/addProduct.js
FN:17,(anonymous_0)
FN:34,(anonymous_1)
FN:72,(anonymous_2)
FN:178,(anonymous_3)
FN:195,(anonymous_4)
FNF:5
FNH:4
FNDA:6,(anonymous_0)
FNDA:6,(anonymous_1)
FNDA:5,(anonymous_2)
FNDA:2,(anonymous_3)
FNDA:0,(anonymous_4)
DA:17,11
DA:18,6
DA:19,6
DA:21,6
DA:26,6
DA:28,0
DA:29,0
DA:34,11
DA:35,6
DA:37,6
DA:38,0
DA:39,0
DA:42,6
DA:44,6
DA:45,1
DA:46,1
DA:50,5
DA:51,5
DA:53,5
DA:55,5
DA:57,5
DA:62,5
DA:64,5
DA:66,0
DA:67,0
DA:72,11
DA:73,5
DA:75,5
DA:76,0
DA:77,0
DA:80,5
DA:81,5
DA:83,5
DA:84,3
DA:85,3
DA:89,2
DA:90,0
DA:92,2
DA:94,2
DA:96,2
DA:101,2
DA:104,2
DA:105,0
DA:109,0
DA:113,0
DA:116,2
DA:117,0
DA:121,0
DA:125,0
DA:129,2
DA:131,2
DA:140,2
DA:141,0
DA:142,0
DA:145,2
DA:152,2
DA:158,2
DA:160,0
DA:161,0
DA:165,0
DA:170,11
DA:178,11
DA:180,2
DA:181,2
DA:182,4
DA:183,4
DA:186,0
DA:190,2
DA:191,2
DA:195,11
DA:196,0
DA:197,0
DA:198,0
DA:199,0
DA:200,0
DA:202,0
DA:204,0
DA:205,0
DA:210,0
LF:79
LH:49
BRDA:37,0,0,0
BRDA:37,0,1,6
BRDA:37,1,0,6
BRDA:37,1,1,6
BRDA:44,2,0,1
BRDA:44,2,1,5
BRDA:50,3,0,5
BRDA:50,3,1,0
BRDA:75,4,0,0
BRDA:75,4,1,5
BRDA:75,5,0,5
BRDA:75,5,1,5
BRDA:83,6,0,3
BRDA:83,6,1,2
BRDA:83,7,0,5
BRDA:83,7,1,4
BRDA:89,8,0,0
BRDA:89,8,1,2
BRDA:104,9,0,0
BRDA:104,9,1,2
BRDA:116,10,0,0
BRDA:116,10,1,2
BRDA:140,11,0,0
BRDA:140,11,1,2
BRDA:140,12,0,2
BRDA:140,12,1,2
BRDA:180,13,0,2
BRDA:180,13,1,0
BRF:28
BRH:20
end_of_record
TN:
SF:src/scenes/createFollow.js
FN:18,(anonymous_0)
FN:36,(anonymous_1)
FN:131,(anonymous_2)
FN:203,(anonymous_3)
FN:318,(anonymous_4)
FN:335,(anonymous_5)
FN:352,(anonymous_6)
FNF:7
FNH:6
FNDA:17,(anonymous_0)
FNDA:16,(anonymous_1)
FNDA:10,(anonymous_2)
FNDA:6,(anonymous_3)
FNDA:14,(anonymous_4)
FNDA:0,(anonymous_5)
FNDA:1,(anonymous_6)
DA:18,11
DA:19,17
DA:20,17
DA:23,17
DA:28,17
DA:30,0
DA:31,0
DA:36,11
DA:37,16
DA:39,16
DA:40,0
DA:41,0
DA:45,16
DA:46,1
DA:47,1
DA:51,15
DA:52,15
DA:54,15
DA:56,15
DA:58,15
DA:60,2
DA:64,2
DA:68,13
DA:69,13
DA:72,1
DA:73,1
DA:78,0
DA:79,0
DA:84,1
DA:88,12
DA:89,1
DA:90,1
DA:94,11
DA:95,11
DA:96,11
DA:97,1
DA:101,1
DA:104,0
DA:108,10
DA:110,10
DA:115,10
DA:123,10
DA:125,0
DA:126,0
DA:131,11
DA:132,10
DA:133,10
DA:134,0
DA:135,0
DA:138,10
DA:140,10
DA:141,10
DA:143,10
DA:148,10
DA:150,4
DA:151,4
DA:153,4
DA:159,2
DA:165,2
DA:166,2
DA:168,2
DA:170,2
DA:171,0
DA:175,2
DA:176,1
DA:177,1
DA:178,1
DA:179,1
DA:180,0
DA:181,0
DA:183,0
DA:186,1
DA:189,2
DA:193,6
DA:194,6
DA:197,0
DA:198,0
DA:203,11
DA:204,6
DA:205,6
DA:206,0
DA:207,0
DA:211,6
DA:212,0
DA:214,6
DA:216,6
DA:217,6
DA:219,6
DA:220,3
DA:221,3
DA:224,3
DA:230,3
DA:231,0
DA:235,0
DA:239,0
DA:242,3
DA:243,0
DA:247,0
DA:251,0
DA:255,3
DA:256,3
DA:258,3
DA:265,3
DA:272,3
DA:276,3
DA:278,0
DA:280,0
DA:281,0
DA:282,0
DA:283,0
DA:284,0
DA:285,0
DA:286,0
DA:287,0
DA:288,0
DA:290,0
DA:293,0
DA:296,0
DA:299,0
DA:300,0
DA:304,0
DA:309,11
DA:318,11
DA:320,14
DA:321,14
DA:322,15
DA:323,15
DA:326,0
DA:330,14
DA:331,14
DA:335,11
DA:336,0
DA:337,0
DA:338,0
DA:339,0
DA:341,0
DA:343,0
DA:344,0
DA:346,0
DA:352,11
DA:353,1
DA:354,1
DA:355,1
DA:356,1
DA:357,1
DA:359,0
DA:361,0
DA:362,0
DA:367,0
LF:149
LH:94
BRDA:39,0,0,0
BRDA:39,0,1,16
BRDA:39,1,0,16
BRDA:39,1,1,16
BRDA:45,2,0,1
BRDA:45,2,1,15
BRDA:51,3,0,15
BRDA:51,3,1,0
BRDA:58,4,0,2
BRDA:58,4,1,13
BRDA:58,5,0,15
BRDA:58,5,1,14
BRDA:72,6,0,1
BRDA:72,6,1,0
BRDA:88,7,0,1
BRDA:88,7,1,11
BRDA:96,8,0,1
BRDA:96,8,1,10
BRDA:133,9,0,0
BRDA:133,9,1,10
BRDA:148,10,0,4
BRDA:148,10,1,6
BRDA:170,11,0,0
BRDA:170,11,1,2
BRDA:175,12,0,1
BRDA:175,12,1,1
BRDA:176,13,0,1
BRDA:176,13,1,0
BRDA:178,14,0,1
BRDA:178,14,1,0
BRDA:180,15,0,0
BRDA:180,15,1,0
BRDA:205,16,0,0
BRDA:205,16,1,6
BRDA:205,17,0,6
BRDA:205,17,1,6
BRDA:211,18,0,0
BRDA:211,18,1,6
BRDA:219,19,0,3
BRDA:219,19,1,3
BRDA:219,20,0,6
BRDA:219,20,1,5
BRDA:219,20,2,4
BRDA:230,21,0,0
BRDA:230,21,1,3
BRDA:242,22,0,0
BRDA:242,22,1,3
BRDA:280,23,0,0
BRDA:280,23,1,0
BRDA:282,24,0,0
BRDA:282,24,1,0
BRDA:283,25,0,0
BRDA:283,25,1,0
BRDA:285,26,0,0
BRDA:285,26,1,0
BRDA:287,27,0,0
BRDA:287,27,1,0
BRDA:320,28,0,14
BRDA:320,28,1,2
BRF:59
BRH:36
end_of_record
TN:
SF:src/scenes/createShop.js
FN:16,(anonymous_0)
FN:33,(anonymous_1)
FN:161,(anonymous_2)
FN:178,(anonymous_3)
FNF:4
FNH:3
FNDA:4,(anonymous_0)
FNDA:5,(anonymous_1)
FNDA:3,(anonymous_2)
FNDA:0,(anonymous_3)
DA:16,12
DA:17,4
DA:18,4
DA:20,4
DA:25,4
DA:27,0
DA:28,0
DA:33,12
DA:34,5
DA:36,5
DA:37,0
DA:38,0
DA:42,5
DA:43,4
DA:45,5
DA:47,5
DA:49,5
DA:50,1
DA:51,1
DA:54,4
DA:55,1
DA:56,1
DA:59,3
DA:65,3
DA:67,3
DA:68,1
DA:74,1
DA:75,1
DA:77,0
DA:80,1
DA:85,1
DA:89,2
DA:95,2
DA:96,0
DA:97,0
DA:101,2
DA:102,2
DA:105,2
DA:106,0
DA:107,0
DA:110,2
DA:118,2
DA:119,2
DA:121,0
DA:125,2
DA:131,2
DA:133,0
DA:136,0
DA:137,0
DA:138,0
DA:140,0
DA:144,0
DA:149,0
DA:154,12
DA:161,12
DA:163,3
DA:164,3
DA:165,4
DA:166,4
DA:169,0
DA:173,3
DA:174,3
DA:178,12
DA:179,0
DA:180,0
DA:181,0
DA:183,0
DA:185,0
DA:190,0
DA:192,0
DA:193,0
DA:198,0
LF:72
LH:45
BRDA:36,0,0,0
BRDA:36,0,1,5
BRDA:36,1,0,5
BRDA:36,1,1,5
BRDA:42,2,0,4
BRDA:42,2,1,1
BRDA:49,3,0,1
BRDA:49,3,1,4
BRDA:54,4,0,1
BRDA:54,4,1,3
BRDA:67,5,0,1
BRDA:67,5,1,2
BRDA:95,6,0,0
BRDA:95,6,1,2
BRDA:95,7,0,2
BRDA:95,7,1,2
BRDA:105,8,0,0
BRDA:105,8,1,2
BRDA:136,9,0,0
BRDA:136,9,1,0
BRDA:163,10,0,3
BRDA:163,10,1,0
BRF:22
BRH:16
end_of_record
TN:
SF:src/scenes/manageWallets.js
FN:25,getEmoji
FN:37,formatAddress
FN:48,formatWalletsList
FN:50,(anonymous_3)
FN:62,hasWallets
FN:63,(anonymous_5)
FN:70,showQRCode
FN:130,(anonymous_7)
FN:171,(anonymous_8)
FN:207,(anonymous_9)
FN:312,(anonymous_10)
FN:337,(anonymous_11)
FN:339,(anonymous_12)
FN:413,(anonymous_13)
FN:445,(anonymous_14)
FN:456,(anonymous_15)
FNF:16
FNH:0
FNDA:0,getEmoji
FNDA:0,formatAddress
FNDA:0,formatWalletsList
FNDA:0,(anonymous_3)
FNDA:0,hasWallets
FNDA:0,(anonymous_5)
FNDA:0,showQRCode
FNDA:0,(anonymous_7)
FNDA:0,(anonymous_8)
FNDA:0,(anonymous_9)
FNDA:0,(anonymous_10)
FNDA:0,(anonymous_11)
FNDA:0,(anonymous_12)
FNDA:0,(anonymous_13)
FNDA:0,(anonymous_14)
FNDA:0,(anonymous_15)
DA:26,0
DA:31,0
DA:38,0
DA:39,0
DA:40,0
DA:42,0
DA:49,0
DA:50,0
DA:51,0
DA:52,0
DA:53,0
DA:56,0
DA:63,0
DA:71,0
DA:72,0
DA:75,0
DA:76,0
DA:78,0
DA:79,0
DA:80,0
DA:83,0
DA:90,0
DA:96,0
DA:97,0
DA:98,0
DA:102,0
DA:103,0
DA:106,0
DA:115,0
DA:121,0
DA:122,0
DA:130,11
DA:131,0
DA:132,0
DA:135,0
DA:136,0
DA:137,0
DA:140,0
DA:141,0
DA:142,0
DA:146,0
DA:148,0
DA:155,0
DA:157,0
DA:168,0
DA:171,0
DA:172,0
DA:173,0
DA:183,0
DA:185,0
DA:195,0
DA:197,0
DA:198,0
DA:199,0
DA:207,11
DA:208,0
DA:210,0
DA:211,0
DA:214,0
DA:215,0
DA:216,0
DA:220,0
DA:221,0
DA:222,0
DA:225,0
DA:226,0
DA:228,0
DA:229,0
DA:230,0
DA:234,0
DA:250,0
DA:254,0
DA:255,0
DA:256,0
DA:257,0
DA:261,0
DA:262,0
DA:263,0
DA:265,0
DA:267,0
DA:273,0
DA:277,0
DA:278,0
DA:279,0
DA:281,0
DA:288,0
DA:292,0
DA:293,0
DA:294,0
DA:297,0
DA:298,0
DA:304,0
DA:309,0
DA:312,0
DA:313,0
DA:314,0
DA:316,0
DA:320,0
DA:321,0
DA:322,0
DA:323,0
DA:324,0
DA:325,0
DA:329,0
DA:330,0
DA:334,0
DA:335,0
DA:336,0
DA:337,0
DA:338,0
DA:339,0
DA:344,0
DA:346,0
DA:347,0
DA:348,0
DA:358,0
DA:361,0
DA:368,0
DA:370,0
DA:371,0
DA:372,0
DA:375,0
DA:379,0
DA:382,0
DA:383,0
DA:386,0
DA:392,0
DA:394,0
DA:401,0
DA:402,0
DA:407,0
DA:409,0
DA:410,0
DA:413,0
DA:414,0
DA:415,0
DA:416,0
DA:418,0
DA:421,0
DA:425,0
DA:428,0
DA:429,0
DA:430,0
DA:438,11
DA:445,11
DA:446,0
DA:447,0
DA:448,0
DA:451,0
DA:452,0
DA:456,11
DA:457,0
DA:458,0
DA:459,0
DA:462,0
DA:467,0
DA:469,0
DA:470,0
DA:471,0
DA:473,0
LF:160
LH:5
BRDA:31,0,0,0
BRDA:31,0,1,0
BRDA:38,1,0,0
BRDA:38,1,1,0
BRDA:38,2,0,0
BRDA:38,2,1,0
BRDA:39,3,0,0
BRDA:39,3,1,0
BRDA:51,4,0,0
BRDA:51,4,1,0
BRDA:56,5,0,0
BRDA:56,5,1,0
BRDA:63,6,0,0
BRDA:63,6,1,0
BRDA:78,7,0,0
BRDA:78,7,1,0
BRDA:96,8,0,0
BRDA:96,8,1,0
BRDA:135,9,0,0
BRDA:135,9,1,0
BRDA:140,10,0,0
BRDA:140,10,1,0
BRDA:149,11,0,0
BRDA:149,11,1,0
BRDA:150,12,0,0
BRDA:150,12,1,0
BRDA:151,13,0,0
BRDA:151,13,1,0
BRDA:155,14,0,0
BRDA:155,14,1,0
BRDA:172,15,0,0
BRDA:172,15,1,0
BRDA:210,16,0,0
BRDA:210,16,1,0
BRDA:214,17,0,0
BRDA:214,17,1,0
BRDA:220,18,0,0
BRDA:220,18,1,0
BRDA:228,19,0,0
BRDA:228,19,1,0
BRDA:254,20,0,0
BRDA:254,20,1,0
BRDA:261,21,0,0
BRDA:261,21,1,0
BRDA:277,22,0,0
BRDA:277,22,1,0
BRDA:292,23,0,0
BRDA:292,23,1,0
BRDA:320,24,0,0
BRDA:320,24,1,0
BRDA:334,25,0,0
BRDA:334,25,1,0
BRDA:334,26,0,0
BRDA:334,26,1,0
BRDA:338,27,0,0
BRDA:338,27,1,0
BRDA:346,28,0,0
BRDA:346,28,1,0
BRDA:370,29,0,0
BRDA:370,29,1,0
BRDA:379,30,0,0
BRDA:379,30,1,0
BRDA:403,31,0,0
BRDA:403,31,1,0
BRDA:409,32,0,0
BRDA:409,32,1,0
BRDA:446,33,0,0
BRDA:446,33,1,0
BRF:68
BRH:0
end_of_record
TN:
SF:src/scenes/manageWorkers.js
FN:14,(anonymous_0)
FN:31,(anonymous_1)
FN:149,(anonymous_2)
FN:155,(anonymous_3)
FNF:4
FNH:0
FNDA:0,(anonymous_0)
FNDA:0,(anonymous_1)
FNDA:0,(anonymous_2)
FNDA:0,(anonymous_3)
DA:14,0
DA:15,0
DA:16,0
DA:18,0
DA:23,0
DA:25,0
DA:26,0
DA:31,0
DA:32,0
DA:34,0
DA:35,0
DA:36,0
DA:39,0
DA:40,0
DA:42,0
DA:43,0
DA:44,0
DA:47,0
DA:49,0
DA:55,0
DA:56,0
DA:60,0
DA:64,0
DA:67,0
DA:68,0
DA:72,0
DA:76,0
DA:80,0
DA:82,0
DA:83,0
DA:89,0
DA:96,0
DA:98,0
DA:104,0
DA:106,0
DA:108,0
DA:109,0
DA:111,0
DA:112,0
DA:113,0
DA:114,0
DA:115,0
DA:116,0
DA:118,0
DA:122,0
DA:129,0
DA:132,0
DA:133,0
DA:137,0
DA:142,0
DA:149,0
DA:150,0
DA:151,0
DA:155,0
DA:156,0
DA:157,0
DA:158,0
DA:159,0
DA:160,0
DA:162,0
DA:163,0
DA:164,0
DA:169,0
LF:63
LH:0
BRDA:34,0,0,0
BRDA:34,0,1,0
BRDA:34,1,0,0
BRDA:34,1,1,0
BRDA:42,2,0,0
BRDA:42,2,1,0
BRDA:42,3,0,0
BRDA:42,3,1,0
BRDA:55,4,0,0
BRDA:55,4,1,0
BRDA:67,5,0,0
BRDA:67,5,1,0
BRDA:96,6,0,0
BRDA:96,6,1,0
BRDA:96,7,0,0
BRDA:96,7,1,0
BRDA:108,8,0,0
BRDA:108,8,1,0
BRDA:111,9,0,0
BRDA:111,9,1,0
BRDA:111,10,0,0
BRDA:111,10,1,0
BRDA:113,11,0,0
BRDA:113,11,1,0
BRDA:115,12,0,0
BRDA:115,12,1,0
BRF:26
BRH:0
end_of_record
TN:
SF:src/scenes/migrateChannel.js
FN:23,(anonymous_0)
FN:107,(anonymous_1)
FN:163,(anonymous_2)
FN:211,(anonymous_3)
FN:247,(anonymous_4)
FNF:5
FNH:4
FNDA:10,(anonymous_0)
FNDA:11,(anonymous_1)
FNDA:1,(anonymous_2)
FNDA:0,(anonymous_3)
FNDA:6,(anonymous_4)
DA:19,11
DA:24,10
DA:25,10
DA:27,10
DA:28,1
DA:29,1
DA:33,9
DA:34,9
DA:38,8
DA:39,2
DA:41,2
DA:43,2
DA:44,1
DA:45,1
DA:46,1
DA:47,1
DA:48,1
DA:49,1
DA:51,0
DA:54,2
DA:57,2
DA:61,6
DA:63,6
DA:64,6
DA:65,6
DA:66,6
DA:67,6
DA:68,6
DA:70,6
DA:72,6
DA:73,6
DA:74,6
DA:75,6
DA:77,6
DA:79,6
DA:89,6
DA:90,6
DA:91,6
DA:93,6
DA:95,1
DA:97,1
DA:98,1
DA:102,1
DA:109,11
DA:110,5
DA:111,5
DA:122,5
DA:126,6
DA:127,1
DA:128,1
DA:132,5
DA:133,0
DA:134,0
DA:137,5
DA:140,5
DA:141,2
DA:142,2
DA:146,3
DA:149,3
DA:159,3
DA:164,1
DA:167,1
DA:168,1
DA:169,1
DA:172,0
DA:173,0
DA:174,0
DA:177,0
DA:178,0
DA:181,0
DA:182,0
DA:183,0
DA:186,0
DA:189,1
DA:191,1
DA:193,1
DA:194,1
DA:197,1
DA:208,1
DA:211,1
DA:214,1
DA:226,1
DA:228,1
DA:230,0
DA:232,0
DA:233,0
DA:241,0
DA:247,11
DA:248,6
DA:249,6
LF:90
LH:74
BRDA:27,0,0,1
BRDA:27,0,1,9
BRDA:38,1,0,2
BRDA:38,1,1,6
BRDA:43,2,0,1
BRDA:43,2,1,1
BRDA:48,3,0,1
BRDA:48,3,1,0
BRDA:51,4,0,0
BRDA:51,4,1,0
BRDA:97,5,0,1
BRDA:97,5,1,0
BRDA:109,6,0,5
BRDA:109,6,1,6
BRDA:126,7,0,1
BRDA:126,7,1,5
BRDA:132,8,0,0
BRDA:132,8,1,5
BRDA:140,9,0,2
BRDA:140,9,1,3
BRDA:140,10,0,5
BRDA:140,10,1,3
BRDA:167,11,0,1
BRDA:167,11,1,0
BRDA:172,12,0,0
BRDA:172,12,1,0
BRDA:177,13,0,0
BRDA:177,13,1,0
BRDA:181,14,0,0
BRDA:181,14,1,0
BRDA:181,15,0,0
BRDA:181,15,1,0
BRDA:201,16,0,1
BRDA:201,16,1,1
BRDA:232,17,0,0
BRDA:232,17,1,0
BRF:36
BRH:20
end_of_record
TN:
SF:src/scenes/paySubscription.js
FN:32,(anonymous_0)
FN:110,(anonymous_1)
FN:163,(anonymous_2)
FN:228,(anonymous_3)
FN:273,(anonymous_4)
FN:336,(anonymous_5)
FNF:6
FNH:0
FNDA:0,(anonymous_0)
FNDA:0,(anonymous_1)
FNDA:0,(anonymous_2)
FNDA:0,(anonymous_3)
FNDA:0,(anonymous_4)
FNDA:0,(anonymous_5)
DA:21,0
DA:28,0
DA:33,0
DA:34,0
DA:36,0
DA:37,0
DA:38,0
DA:42,0
DA:43,0
DA:47,0
DA:48,0
DA:49,0
DA:51,0
DA:52,0
DA:55,0
DA:56,0
DA:57,0
DA:58,0
DA:59,0
DA:61,0
DA:65,0
DA:66,0
DA:67,0
DA:68,0
DA:69,0
DA:71,0
DA:72,0
DA:73,0
DA:74,0
DA:75,0
DA:77,0
DA:79,0
DA:90,0
DA:91,0
DA:92,0
DA:93,0
DA:96,0
DA:98,0
DA:100,0
DA:101,0
DA:105,0
DA:111,0
DA:112,0
DA:115,0
DA:118,0
DA:119,0
DA:120,0
DA:124,0
DA:125,0
DA:126,0
DA:129,0
DA:130,0
DA:131,0
DA:132,0
DA:135,0
DA:137,0
DA:138,0
DA:139,0
DA:141,0
DA:142,0
DA:143,0
DA:145,0
DA:159,0
DA:164,0
DA:165,0
DA:168,0
DA:171,0
DA:172,0
DA:173,0
DA:177,0
DA:178,0
DA:179,0
DA:183,0
DA:184,0
DA:185,0
DA:188,0
DA:189,0
DA:190,0
DA:191,0
DA:194,0
DA:196,0
DA:197,0
DA:199,0
DA:200,0
DA:202,0
DA:203,0
DA:204,0
DA:205,0
DA:206,0
DA:207,0
DA:208,0
DA:209,0
DA:210,0
DA:211,0
DA:212,0
DA:214,0
DA:224,0
DA:230,0
DA:231,0
DA:232,0
DA:236,0
DA:237,0
DA:238,0
DA:241,0
DA:244,0
DA:245,0
DA:246,0
DA:249,0
DA:250,0
DA:252,0
DA:253,0
DA:256,0
DA:270,0
DA:273,0
DA:276,0
DA:277,0
DA:278,0
DA:279,0
DA:281,0
DA:282,0
DA:283,0
DA:284,0
DA:285,0
DA:288,0
DA:290,0
DA:298,0
DA:300,0
DA:302,0
DA:304,0
DA:306,0
DA:307,0
DA:308,0
DA:309,0
DA:310,0
DA:311,0
DA:312,0
DA:313,0
DA:314,0
DA:315,0
DA:316,0
DA:318,0
DA:321,0
DA:330,0
DA:336,0
DA:337,0
DA:338,0
LF:146
LH:0
BRDA:22,0,0,0
BRDA:22,0,1,0
BRDA:23,1,0,0
BRDA:23,1,1,0
BRDA:24,2,0,0
BRDA:24,2,1,0
BRDA:25,3,0,0
BRDA:25,3,1,0
BRDA:36,4,0,0
BRDA:36,4,1,0
BRDA:47,5,0,0
BRDA:47,5,1,0
BRDA:48,6,0,0
BRDA:48,6,1,0
BRDA:48,6,2,0
BRDA:49,7,0,0
BRDA:49,7,1,0
BRDA:55,8,0,0
BRDA:55,8,1,0
BRDA:57,9,0,0
BRDA:57,9,1,0
BRDA:92,10,0,0
BRDA:92,10,1,0
BRDA:100,11,0,0
BRDA:100,11,1,0
BRDA:111,12,0,0
BRDA:111,12,1,0
BRDA:118,13,0,0
BRDA:118,13,1,0
BRDA:124,14,0,0
BRDA:124,14,1,0
BRDA:130,15,0,0
BRDA:130,15,1,0
BRDA:130,16,0,0
BRDA:130,16,1,0
BRDA:137,17,0,0
BRDA:137,17,1,0
BRDA:164,18,0,0
BRDA:164,18,1,0
BRDA:171,19,0,0
BRDA:171,19,1,0
BRDA:177,20,0,0
BRDA:177,20,1,0
BRDA:183,21,0,0
BRDA:183,21,1,0
BRDA:189,22,0,0
BRDA:189,22,1,0
BRDA:230,23,0,0
BRDA:230,23,1,0
BRDA:236,24,0,0
BRDA:236,24,1,0
BRDA:244,25,0,0
BRDA:244,25,1,0
BRDA:281,26,0,0
BRDA:281,26,1,0
BRDA:307,27,0,0
BRDA:307,27,1,0
BRDA:310,28,0,0
BRDA:310,28,1,0
BRDA:318,29,0,0
BRDA:318,29,1,0
BRF:61
BRH:0
end_of_record
TN:
SF:src/scenes/searchShop.js
FN:16,(anonymous_0)
FN:33,(anonymous_1)
FN:48,(anonymous_2)
FN:80,(anonymous_3)
FN:120,(anonymous_4)
FN:126,(anonymous_5)
FNF:6
FNH:4
FNDA:3,(anonymous_0)
FNDA:3,(anonymous_1)
FNDA:0,(anonymous_2)
FNDA:3,(anonymous_3)
FNDA:2,(anonymous_4)
FNDA:0,(anonymous_5)
DA:16,11
DA:17,3
DA:18,3
DA:20,3
DA:25,3
DA:27,0
DA:28,0
DA:33,11
DA:34,3
DA:36,3
DA:37,0
DA:40,0
DA:44,3
DA:45,3
DA:48,3
DA:49,0
DA:52,3
DA:53,1
DA:56,1
DA:59,2
DA:64,2
DA:69,2
DA:71,2
DA:72,1
DA:76,1
DA:80,1
DA:81,3
DA:84,3
DA:85,3
DA:88,1
DA:95,1
DA:101,1
DA:103,0
DA:104,0
DA:108,0
DA:113,11
DA:120,11
DA:121,2
DA:122,2
DA:126,11
DA:127,0
DA:128,0
DA:129,0
DA:130,0
DA:132,0
DA:137,0
DA:139,0
DA:140,0
DA:145,0
LF:49
LH:32
BRDA:36,0,0,0
BRDA:36,0,1,3
BRDA:36,1,0,3
BRDA:36,1,1,3
BRDA:52,2,0,1
BRDA:52,2,1,2
BRDA:71,3,0,1
BRDA:71,3,1,1
BRDA:71,4,0,2
BRDA:71,4,1,2
BRDA:81,5,0,3
BRDA:81,5,1,0
BRDA:83,6,0,0
BRDA:83,6,1,0
BRDA:84,7,0,0
BRDA:84,7,1,3
BRF:16
BRH:11
end_of_record
TN:
SF:src/scenes/upgradeShop.js
FN:32,(anonymous_0)
FN:124,(anonymous_1)
FN:169,(anonymous_2)
FN:234,(anonymous_3)
FN:278,(anonymous_4)
FN:340,(anonymous_5)
FNF:6
FNH:0
FNDA:0,(anonymous_0)
FNDA:0,(anonymous_1)
FNDA:0,(anonymous_2)
FNDA:0,(anonymous_3)
FNDA:0,(anonymous_4)
FNDA:0,(anonymous_5)
DA:21,0
DA:28,0
DA:33,0
DA:34,0
DA:36,0
DA:37,0
DA:38,0
DA:41,0
DA:44,0
DA:48,0
DA:51,0
DA:52,0
DA:58,0
DA:62,0
DA:63,0
DA:71,0
DA:75,0
DA:79,0
DA:81,0
DA:82,0
DA:83,0
DA:84,0
DA:85,0
DA:86,0
DA:87,0
DA:88,0
DA:89,0
DA:90,0
DA:91,0
DA:92,0
DA:93,0
DA:95,0
DA:105,0
DA:106,0
DA:107,0
DA:108,0
DA:110,0
DA:112,0
DA:114,0
DA:115,0
DA:119,0
DA:125,0
DA:126,0
DA:129,0
DA:132,0
DA:133,0
DA:134,0
DA:137,0
DA:138,0
DA:139,0
DA:142,0
DA:144,0
DA:146,0
DA:147,0
DA:148,0
DA:150,0
DA:165,0
DA:170,0
DA:171,0
DA:174,0
DA:177,0
DA:178,0
DA:179,0
DA:183,0
DA:184,0
DA:185,0
DA:189,0
DA:190,0
DA:191,0
DA:194,0
DA:195,0
DA:196,0
DA:197,0
DA:200,0
DA:202,0
DA:203,0
DA:205,0
DA:206,0
DA:208,0
DA:209,0
DA:210,0
DA:211,0
DA:212,0
DA:213,0
DA:214,0
DA:215,0
DA:216,0
DA:217,0
DA:218,0
DA:220,0
DA:230,0
DA:236,0
DA:237,0
DA:238,0
DA:242,0
DA:243,0
DA:244,0
DA:247,0
DA:250,0
DA:251,0
DA:252,0
DA:255,0
DA:256,0
DA:258,0
DA:259,0
DA:262,0
DA:275,0
DA:278,0
DA:281,0
DA:282,0
DA:283,0
DA:284,0
DA:285,0
DA:286,0
DA:287,0
DA:288,0
DA:289,0
DA:291,0
DA:299,0
DA:301,0
DA:303,0
DA:305,0
DA:307,0
DA:308,0
DA:309,0
DA:310,0
DA:311,0
DA:312,0
DA:313,0
DA:314,0
DA:315,0
DA:316,0
DA:317,0
DA:318,0
DA:319,0
DA:320,0
DA:322,0
DA:325,0
DA:334,0
DA:340,0
DA:341,0
DA:342,0
LF:142
LH:0
BRDA:22,0,0,0
BRDA:22,0,1,0
BRDA:23,1,0,0
BRDA:23,1,1,0
BRDA:24,2,0,0
BRDA:24,2,1,0
BRDA:25,3,0,0
BRDA:25,3,1,0
BRDA:36,4,0,0
BRDA:36,4,1,0
BRDA:51,5,0,0
BRDA:51,5,1,0
BRDA:62,6,0,0
BRDA:62,6,1,0
BRDA:62,7,0,0
BRDA:62,7,1,0
BRDA:62,7,2,0
BRDA:114,8,0,0
BRDA:114,8,1,0
BRDA:125,9,0,0
BRDA:125,9,1,0
BRDA:132,10,0,0
BRDA:132,10,1,0
BRDA:137,11,0,0
BRDA:137,11,1,0
BRDA:170,12,0,0
BRDA:170,12,1,0
BRDA:177,13,0,0
BRDA:177,13,1,0
BRDA:183,14,0,0
BRDA:183,14,1,0
BRDA:189,15,0,0
BRDA:189,15,1,0
BRDA:195,16,0,0
BRDA:195,16,1,0
BRDA:236,17,0,0
BRDA:236,17,1,0
BRDA:242,18,0,0
BRDA:242,18,1,0
BRDA:250,19,0,0
BRDA:250,19,1,0
BRDA:308,20,0,0
BRDA:308,20,1,0
BRDA:308,21,0,0
BRDA:308,21,1,0
BRDA:311,22,0,0
BRDA:311,22,1,0
BRDA:314,23,0,0
BRDA:314,23,1,0
BRDA:322,24,0,0
BRDA:322,24,1,0
BRF:51
BRH:0
end_of_record
TN:
SF:src/services/deepseek.js
FN:10,(anonymous_0)
FN:29,(anonymous_1)
FN:43,(anonymous_2)
FN:96,(anonymous_3)
FN:108,(anonymous_4)
FN:129,(anonymous_5)
FN:242,(anonymous_6)
FNF:7
FNH:1
FNDA:11,(anonymous_0)
FNDA:0,(anonymous_1)
FNDA:0,(anonymous_2)
FNDA:0,(anonymous_3)
FNDA:0,(anonymous_4)
FNDA:0,(anonymous_5)
FNDA:0,(anonymous_6)
DA:11,11
DA:12,0
DA:13,0
DA:14,0
DA:17,11
DA:23,11
DA:30,0
DA:44,0
DA:45,0
DA:48,0
DA:54,0
DA:55,0
DA:56,0
DA:58,0
DA:67,0
DA:70,0
DA:82,0
DA:85,0
DA:93,0
DA:94,0
DA:95,0
DA:96,0
DA:97,0
DA:101,0
DA:102,0
DA:106,0
DA:107,0
DA:108,0
DA:109,0
DA:112,0
DA:116,0
DA:130,0
DA:131,0
DA:134,0
DA:140,0
DA:141,0
DA:142,0
DA:143,0
DA:145,0
DA:146,0
DA:157,0
DA:158,0
DA:160,0
DA:163,0
DA:164,0
DA:167,0
DA:168,0
DA:173,0
DA:174,0
DA:175,0
DA:177,0
DA:178,0
DA:188,0
DA:189,0
DA:196,0
DA:197,0
DA:201,0
DA:203,0
DA:211,0
DA:224,0
DA:229,0
DA:243,0
DA:244,0
DA:246,0
DA:247,0
DA:249,0
DA:254,11
LF:67
LH:4
BRDA:11,0,0,0
BRDA:11,0,1,11
BRDA:43,1,0,0
BRDA:43,2,0,0
BRDA:43,3,0,0
BRDA:44,4,0,0
BRDA:44,4,1,0
BRDA:61,5,0,0
BRDA:61,5,1,0
BRDA:62,6,0,0
BRDA:62,6,1,0
BRDA:71,7,0,0
BRDA:71,7,1,0
BRDA:72,8,0,0
BRDA:72,8,1,0
BRDA:73,9,0,0
BRDA:73,9,1,0
BRDA:74,10,0,0
BRDA:74,10,1,0
BRDA:75,11,0,0
BRDA:75,11,1,0
BRDA:93,12,0,0
BRDA:93,12,1,0
BRDA:93,13,0,0
BRDA:93,13,1,0
BRDA:101,14,0,0
BRDA:101,14,1,0
BRDA:106,15,0,0
BRDA:106,15,1,0
BRDA:106,16,0,0
BRDA:106,16,1,0
BRDA:106,16,2,0
BRDA:129,17,0,0
BRDA:129,18,0,0
BRDA:129,19,0,0
BRDA:130,20,0,0
BRDA:130,20,1,0
BRDA:149,21,0,0
BRDA:149,21,1,0
BRDA:150,22,0,0
BRDA:150,22,1,0
BRDA:160,23,0,0
BRDA:160,23,1,0
BRDA:163,24,0,0
BRDA:163,24,1,0
BRDA:167,25,0,0
BRDA:167,25,1,0
BRDA:167,26,0,0
BRDA:167,26,1,0
BRDA:173,27,0,0
BRDA:173,27,1,0
BRDA:177,28,0,0
BRDA:177,28,1,0
BRDA:179,29,0,0
BRDA:179,29,1,0
BRDA:182,30,0,0
BRDA:182,30,1,0
BRDA:183,31,0,0
BRDA:183,31,1,0
BRDA:188,32,0,0
BRDA:188,32,1,0
BRDA:196,33,0,0
BRDA:196,33,1,0
BRDA:215,34,0,0
BRDA:215,34,1,0
BRDA:216,35,0,0
BRDA:216,35,1,0
BRDA:242,36,0,0
BRDA:243,37,0,0
BRDA:243,37,1,0
BRF:70
BRH:1
end_of_record
TN:
SF:src/services/productAI.js
FN:20,formatPrice
FN:55,getConversationHistory
FN:78,saveToConversationHistory
FN:116,cleanProductCandidate
FN:128,detectStockUpdateIntent
FN:134,(anonymous_5)
FN:135,(anonymous_6)
FN:162,(anonymous_7)
FN:175,(anonymous_8)
FN:199,processProductCommand
FN:270,(anonymous_10)
FN:271,(anonymous_11)
FN:272,(anonymous_12)
FN:286,(anonymous_13)
FN:362,(anonymous_14)
FN:463,executeToolCall
FN:519,handleAddProduct
FN:590,handleBulkAddProducts
FN:690,(anonymous_18)
FN:698,(anonymous_19)
FN:709,(anonymous_20)
FN:727,handleDeleteProduct
FN:739,(anonymous_22)
FN:754,(anonymous_23)
FN:787,handleListProducts
FN:798,(anonymous_25)
FN:812,handleSearchProduct
FN:823,(anonymous_27)
FN:835,(anonymous_28)
FN:849,handleUpdateProduct
FN:877,(anonymous_30)
FN:891,(anonymous_31)
FN:935,handleBulkDeleteAll
FN:957,handleBulkDeleteByNames
FN:972,(anonymous_34)
FN:1016,handleRecordSale
FN:1035,(anonymous_36)
FN:1049,(anonymous_37)
FN:1094,handleGetProductInfo
FN:1105,(anonymous_39)
FN:1121,(anonymous_40)
FN:1143,handleBulkUpdatePrices
FN:1176,(anonymous_42)
FN:1215,executeBulkPriceUpdate
FN:1273,(anonymous_44)
FN:1299,(anonymous_45)
FN:1332,(anonymous_46)
FNF:47
FNH:0
FNDA:0,formatPrice
FNDA:0,getConversationHistory
FNDA:0,saveToConversationHistory
FNDA:0,cleanProductCandidate
FNDA:0,detectStockUpdateIntent
FNDA:0,(anonymous_5)
FNDA:0,(anonymous_6)
FNDA:0,(anonymous_7)
FNDA:0,(anonymous_8)
FNDA:0,processProductCommand
FNDA:0,(anonymous_10)
FNDA:0,(anonymous_11)
FNDA:0,(anonymous_12)
FNDA:0,(anonymous_13)
FNDA:0,(anonymous_14)
FNDA:0,executeToolCall
FNDA:0,handleAddProduct
FNDA:0,handleBulkAddProducts
FNDA:0,(anonymous_18)
FNDA:0,(anonymous_19)
FNDA:0,(anonymous_20)
FNDA:0,handleDeleteProduct
FNDA:0,(anonymous_22)
FNDA:0,(anonymous_23)
FNDA:0,handleListProducts
FNDA:0,(anonymous_25)
FNDA:0,handleSearchProduct
FNDA:0,(anonymous_27)
FNDA:0,(anonymous_28)
FNDA:0,handleUpdateProduct
FNDA:0,(anonymous_30)
FNDA:0,(anonymous_31)
FNDA:0,handleBulkDeleteAll
FNDA:0,handleBulkDeleteByNames
FNDA:0,(anonymous_34)
FNDA:0,handleRecordSale
FNDA:0,(anonymous_36)
FNDA:0,(anonymous_37)
FNDA:0,handleGetProductInfo
FNDA:0,(anonymous_39)
FNDA:0,(anonymous_40)
FNDA:0,handleBulkUpdatePrices
FNDA:0,(anonymous_42)
FNDA:0,executeBulkPriceUpdate
FNDA:0,(anonymous_44)
FNDA:0,(anonymous_45)
FNDA:0,(anonymous_46)
DA:21,0
DA:22,0
DA:25,0
DA:26,0
DA:30,0
DA:34,11
DA:35,11
DA:38,11
DA:39,11
DA:40,11
DA:41,11
DA:56,0
DA:57,0
DA:60,0
DA:63,0
DA:64,0
DA:65,0
DA:66,0
DA:69,0
DA:79,0
DA:80,0
DA:84,0
DA:85,0
DA:92,0
DA:95,0
DA:101,0
DA:102,0
DA:106,0
DA:107,0
DA:109,0
DA:117,0
DA:118,0
DA:121,0
DA:129,0
DA:130,0
DA:133,0
DA:134,0
DA:135,0
DA:137,0
DA:138,0
DA:141,0
DA:142,0
DA:143,0
DA:144,0
DA:147,0
DA:148,0
DA:150,0
DA:151,0
DA:152,0
DA:155,0
DA:156,0
DA:157,0
DA:160,0
DA:162,0
DA:163,0
DA:166,0
DA:167,0
DA:170,0
DA:171,0
DA:174,0
DA:175,0
DA:176,0
DA:179,0
DA:180,0
DA:183,0
DA:189,0
DA:200,0
DA:203,0
DA:204,0
DA:211,0
DA:212,0
DA:220,0
DA:221,0
DA:222,0
DA:228,0
DA:230,0
DA:231,0
DA:232,0
DA:238,0
DA:248,0
DA:249,0
DA:252,0
DA:256,0
DA:259,0
DA:261,0
DA:268,0
DA:269,0
DA:270,0
DA:271,0
DA:272,0
DA:277,0
DA:278,0
DA:279,0
DA:280,0
DA:281,0
DA:286,0
DA:287,0
DA:290,0
DA:292,0
DA:293,0
DA:296,0
DA:297,0
DA:298,0
DA:300,0
DA:303,0
DA:310,0
DA:311,0
DA:314,0
DA:315,0
DA:323,0
DA:324,0
DA:333,0
DA:334,0
DA:338,0
DA:344,0
DA:347,0
DA:348,0
DA:349,0
DA:350,0
DA:352,0
DA:360,0
DA:361,0
DA:362,0
DA:363,0
DA:366,0
DA:367,0
DA:373,0
DA:376,0
DA:377,0
DA:380,0
DA:384,0
DA:387,0
DA:388,0
DA:390,0
DA:398,0
DA:399,0
DA:402,0
DA:404,0
DA:405,0
DA:407,0
DA:412,0
DA:413,0
DA:416,0
DA:424,0
DA:431,0
DA:432,0
DA:439,0
DA:440,0
DA:447,0
DA:464,0
DA:466,0
DA:467,0
DA:469,0
DA:472,0
DA:475,0
DA:478,0
DA:481,0
DA:484,0
DA:487,0
DA:490,0
DA:493,0
DA:496,0
DA:499,0
DA:502,0
DA:508,0
DA:509,0
DA:520,0
DA:523,0
DA:524,0
DA:530,0
DA:531,0
DA:537,0
DA:538,0
DA:545,0
DA:546,0
DA:549,0
DA:550,0
DA:557,0
DA:558,0
DA:567,0
DA:571,0
DA:579,0
DA:580,0
DA:591,0
DA:594,0
DA:595,0
DA:601,0
DA:602,0
DA:608,0
DA:614,0
DA:615,0
DA:618,0
DA:619,0
DA:623,0
DA:626,0
DA:627,0
DA:631,0
DA:634,0
DA:635,0
DA:639,0
DA:643,0
DA:644,0
DA:647,0
DA:648,0
DA:655,0
DA:656,0
DA:664,0
DA:668,0
DA:675,0
DA:676,0
DA:684,0
DA:685,0
DA:687,0
DA:688,0
DA:690,0
DA:695,0
DA:698,0
DA:699,0
DA:700,0
DA:701,0
DA:703,0
DA:707,0
DA:708,0
DA:709,0
DA:710,0
DA:714,0
DA:728,0
DA:730,0
DA:731,0
DA:738,0
DA:739,0
DA:741,0
DA:742,0
DA:748,0
DA:750,0
DA:754,0
DA:764,0
DA:766,0
DA:767,0
DA:769,0
DA:776,0
DA:777,0
DA:788,0
DA:789,0
DA:797,0
DA:798,0
DA:801,0
DA:813,0
DA:815,0
DA:816,0
DA:823,0
DA:824,0
DA:827,0
DA:828,0
DA:834,0
DA:835,0
DA:838,0
DA:850,0
DA:852,0
DA:853,0
DA:859,0
DA:860,0
DA:867,0
DA:868,0
DA:869,0
DA:876,0
DA:877,0
DA:879,0
DA:880,0
DA:886,0
DA:887,0
DA:891,0
DA:900,0
DA:903,0
DA:904,0
DA:905,0
DA:906,0
DA:908,0
DA:909,0
DA:912,0
DA:913,0
DA:914,0
DA:915,0
DA:917,0
DA:924,0
DA:925,0
DA:936,0
DA:937,0
DA:939,0
DA:946,0
DA:947,0
DA:958,0
DA:960,0
DA:961,0
DA:968,0
DA:969,0
DA:971,0
DA:972,0
DA:973,0
DA:976,0
DA:977,0
DA:979,0
DA:983,0
DA:984,0
DA:990,0
DA:991,0
DA:993,0
DA:994,0
DA:995,0
DA:998,0
DA:1005,0
DA:1006,0
DA:1017,0
DA:1019,0
DA:1020,0
DA:1026,0
DA:1027,0
DA:1034,0
DA:1035,0
DA:1037,0
DA:1038,0
DA:1044,0
DA:1045,0
DA:1049,0
DA:1058,0
DA:1059,0
DA:1062,0
DA:1063,0
DA:1069,0
DA:1071,0
DA:1072,0
DA:1076,0
DA:1083,0
DA:1084,0
DA:1095,0
DA:1097,0
DA:1098,0
DA:1105,0
DA:1106,0
DA:1109,0
DA:1110,0
DA:1116,0
DA:1117,0
DA:1121,0
DA:1130,0
DA:1132,0
DA:1144,0
DA:1146,0
DA:1147,0
DA:1153,0
DA:1154,0
DA:1160,0
DA:1161,0
DA:1168,0
DA:1172,0
DA:1173,0
DA:1176,0
DA:1177,0
DA:1178,0
DA:1180,0
DA:1183,0
DA:1184,0
DA:1198,0
DA:1216,0
DA:1218,0
DA:1219,0
DA:1225,0
DA:1227,0
DA:1229,0
DA:1231,0
DA:1232,0
DA:1239,0
DA:1240,0
DA:1241,0
DA:1244,0
DA:1245,0
DA:1246,0
DA:1248,0
DA:1249,0
DA:1250,0
DA:1251,0
DA:1255,0
DA:1256,0
DA:1259,0
DA:1260,0
DA:1261,0
DA:1273,0
DA:1274,0
DA:1275,0
DA:1277,0
DA:1278,0
DA:1279,0
DA:1282,0
DA:1286,0
DA:1292,0
DA:1293,0
DA:1294,0
DA:1298,0
DA:1299,0
DA:1300,0
DA:1301,0
DA:1302,0
DA:1308,0
DA:1310,0
DA:1312,0
DA:1313,0
DA:1320,0
DA:1327,0
DA:1328,0
DA:1331,0
DA:1332,0
DA:1333,0
DA:1334,0
DA:1337,0
DA:1338,0
DA:1341,0
DA:1342,0
DA:1346,0
DA:1347,0
DA:1355,0
DA:1368,0
DA:1371,0
DA:1373,0
LF:423
LH:6
BRDA:22,0,0,0
BRDA:22,0,1,0
BRDA:25,1,0,0
BRDA:25,1,1,0
BRDA:56,2,0,0
BRDA:56,2,1,0
BRDA:56,3,0,0
BRDA:56,3,1,0
BRDA:56,3,2,0
BRDA:63,4,0,0
BRDA:63,4,1,0
BRDA:63,5,0,0
BRDA:63,5,1,0
BRDA:69,6,0,0
BRDA:69,6,1,0
BRDA:79,7,0,0
BRDA:79,7,1,0
BRDA:79,8,0,0
BRDA:79,8,1,0
BRDA:84,9,0,0
BRDA:84,9,1,0
BRDA:101,10,0,0
BRDA:101,10,1,0
BRDA:107,11,0,0
BRDA:107,11,1,0
BRDA:117,12,0,0
BRDA:117,12,1,0
BRDA:117,13,0,0
BRDA:117,13,1,0
BRDA:129,14,0,0
BRDA:129,14,1,0
BRDA:137,15,0,0
BRDA:137,15,1,0
BRDA:137,16,0,0
BRDA:137,16,1,0
BRDA:143,17,0,0
BRDA:143,17,1,0
BRDA:148,18,0,0
BRDA:148,18,1,0
BRDA:151,19,0,0
BRDA:151,19,1,0
BRDA:151,20,0,0
BRDA:151,20,1,0
BRDA:151,20,2,0
BRDA:156,21,0,0
BRDA:156,21,1,0
BRDA:162,22,0,0
BRDA:162,22,1,0
BRDA:166,23,0,0
BRDA:166,23,1,0
BRDA:166,24,0,0
BRDA:166,24,1,0
BRDA:166,24,2,0
BRDA:170,25,0,0
BRDA:170,25,1,0
BRDA:176,26,0,0
BRDA:176,26,1,0
BRDA:179,27,0,0
BRDA:179,27,1,0
BRDA:200,28,0,0
BRDA:203,29,0,0
BRDA:203,29,1,0
BRDA:203,30,0,0
BRDA:203,30,1,0
BRDA:203,30,2,0
BRDA:211,31,0,0
BRDA:211,31,1,0
BRDA:221,32,0,0
BRDA:221,32,1,0
BRDA:231,33,0,0
BRDA:231,33,1,0
BRDA:248,34,0,0
BRDA:248,34,1,0
BRDA:248,35,0,0
BRDA:248,35,1,0
BRDA:269,36,0,0
BRDA:269,36,1,0
BRDA:287,37,0,0
BRDA:287,37,1,0
BRDA:296,38,0,0
BRDA:296,38,1,0
BRDA:296,39,0,0
BRDA:296,39,1,0
BRDA:298,40,0,0
BRDA:298,40,1,0
BRDA:314,41,0,0
BRDA:314,41,1,0
BRDA:333,42,0,0
BRDA:333,42,1,0
BRDA:347,43,0,0
BRDA:347,43,1,0
BRDA:347,44,0,0
BRDA:347,44,1,0
BRDA:360,45,0,0
BRDA:360,45,1,0
BRDA:360,46,0,0
BRDA:360,46,1,0
BRDA:366,47,0,0
BRDA:366,47,1,0
BRDA:376,48,0,0
BRDA:376,48,1,0
BRDA:376,49,0,0
BRDA:376,49,1,0
BRDA:387,50,0,0
BRDA:387,50,1,0
BRDA:387,51,0,0
BRDA:387,51,1,0
BRDA:387,51,2,0
BRDA:398,52,0,0
BRDA:398,52,1,0
BRDA:402,53,0,0
BRDA:402,53,1,0
BRDA:402,54,0,0
BRDA:402,54,1,0
BRDA:402,54,2,0
BRDA:412,55,0,0
BRDA:412,55,1,0
BRDA:412,56,0,0
BRDA:412,56,1,0
BRDA:418,57,0,0
BRDA:418,57,1,0
BRDA:431,58,0,0
BRDA:431,58,1,0
BRDA:439,59,0,0
BRDA:439,59,1,0
BRDA:467,60,0,0
BRDA:467,60,1,0
BRDA:467,60,2,0
BRDA:467,60,3,0
BRDA:467,60,4,0
BRDA:467,60,5,0
BRDA:467,60,6,0
BRDA:467,60,7,0
BRDA:467,60,8,0
BRDA:467,60,9,0
BRDA:467,60,10,0
BRDA:467,60,11,0
BRDA:523,61,0,0
BRDA:523,61,1,0
BRDA:523,62,0,0
BRDA:523,62,1,0
BRDA:530,63,0,0
BRDA:530,63,1,0
BRDA:530,64,0,0
BRDA:530,64,1,0
BRDA:537,65,0,0
BRDA:537,65,1,0
BRDA:537,66,0,0
BRDA:537,66,1,0
BRDA:549,67,0,0
BRDA:549,67,1,0
BRDA:567,68,0,0
BRDA:567,68,1,0
BRDA:573,69,0,0
BRDA:573,69,1,0
BRDA:594,70,0,0
BRDA:594,70,1,0
BRDA:594,71,0,0
BRDA:594,71,1,0
BRDA:601,72,0,0
BRDA:601,72,1,0
BRDA:618,73,0,0
BRDA:618,73,1,0
BRDA:618,74,0,0
BRDA:618,74,1,0
BRDA:620,75,0,0
BRDA:620,75,1,0
BRDA:626,76,0,0
BRDA:626,76,1,0
BRDA:626,77,0,0
BRDA:626,77,1,0
BRDA:634,78,0,0
BRDA:634,78,1,0
BRDA:634,79,0,0
BRDA:634,79,1,0
BRDA:647,80,0,0
BRDA:647,80,1,0
BRDA:664,81,0,0
BRDA:664,81,1,0
BRDA:687,82,0,0
BRDA:687,82,1,0
BRDA:700,83,0,0
BRDA:700,83,1,0
BRDA:707,84,0,0
BRDA:707,84,1,0
BRDA:730,85,0,0
BRDA:730,85,1,0
BRDA:741,86,0,0
BRDA:741,86,1,0
BRDA:748,87,0,0
BRDA:748,87,1,0
BRDA:788,88,0,0
BRDA:788,88,1,0
BRDA:798,89,0,0
BRDA:798,89,1,0
BRDA:815,90,0,0
BRDA:815,90,1,0
BRDA:827,91,0,0
BRDA:827,91,1,0
BRDA:835,92,0,0
BRDA:835,92,1,0
BRDA:852,93,0,0
BRDA:852,93,1,0
BRDA:859,94,0,0
BRDA:859,94,1,0
BRDA:859,95,0,0
BRDA:859,95,1,0
BRDA:868,96,0,0
BRDA:868,96,1,0
BRDA:868,97,0,0
BRDA:868,97,1,0
BRDA:868,97,2,0
BRDA:879,98,0,0
BRDA:879,98,1,0
BRDA:886,99,0,0
BRDA:886,99,1,0
BRDA:904,100,0,0
BRDA:904,100,1,0
BRDA:905,101,0,0
BRDA:905,101,1,0
BRDA:905,102,0,0
BRDA:905,102,1,0
BRDA:906,103,0,0
BRDA:906,103,1,0
BRDA:906,104,0,0
BRDA:906,104,1,0
BRDA:913,105,0,0
BRDA:913,105,1,0
BRDA:914,106,0,0
BRDA:914,106,1,0
BRDA:915,107,0,0
BRDA:915,107,1,0
BRDA:960,108,0,0
BRDA:960,108,1,0
BRDA:960,109,0,0
BRDA:960,109,1,0
BRDA:960,109,2,0
BRDA:976,110,0,0
BRDA:976,110,1,0
BRDA:983,111,0,0
BRDA:983,111,1,0
BRDA:994,112,0,0
BRDA:994,112,1,0
BRDA:1017,113,0,0
BRDA:1019,114,0,0
BRDA:1019,114,1,0
BRDA:1026,115,0,0
BRDA:1026,115,1,0
BRDA:1037,116,0,0
BRDA:1037,116,1,0
BRDA:1044,117,0,0
BRDA:1044,117,1,0
BRDA:1059,118,0,0
BRDA:1059,118,1,0
BRDA:1062,119,0,0
BRDA:1062,119,1,0
BRDA:1097,120,0,0
BRDA:1097,120,1,0
BRDA:1109,121,0,0
BRDA:1109,121,1,0
BRDA:1116,122,0,0
BRDA:1116,122,1,0
BRDA:1134,123,0,0
BRDA:1134,123,1,0
BRDA:1146,124,0,0
BRDA:1146,124,1,0
BRDA:1146,125,0,0
BRDA:1146,125,1,0
BRDA:1146,125,2,0
BRDA:1153,126,0,0
BRDA:1153,126,1,0
BRDA:1153,127,0,0
BRDA:1153,127,1,0
BRDA:1160,128,0,0
BRDA:1160,128,1,0
BRDA:1160,129,0,0
BRDA:1160,129,1,0
BRDA:1168,130,0,0
BRDA:1168,130,1,0
BRDA:1172,131,0,0
BRDA:1172,131,1,0
BRDA:1173,132,0,0
BRDA:1173,132,1,0
BRDA:1183,133,0,0
BRDA:1183,133,1,0
BRDA:1183,134,0,0
BRDA:1183,134,1,0
BRDA:1201,135,0,0
BRDA:1201,135,1,0
BRDA:1218,136,0,0
BRDA:1218,136,1,0
BRDA:1231,137,0,0
BRDA:1231,137,1,0
BRDA:1231,138,0,0
BRDA:1231,138,1,0
BRDA:1240,139,0,0
BRDA:1240,139,1,0
BRDA:1259,140,0,0
BRDA:1259,140,1,0
BRDA:1259,141,0,0
BRDA:1259,141,1,0
BRDA:1259,141,2,0
BRDA:1277,142,0,0
BRDA:1277,142,1,0
BRDA:1300,143,0,0
BRDA:1300,143,1,0
BRDA:1310,144,0,0
BRDA:1310,144,1,0
BRDA:1312,145,0,0
BRDA:1312,145,1,0
BRDA:1312,146,0,0
BRDA:1312,146,1,0
BRDA:1333,147,0,0
BRDA:1333,147,1,0
BRDA:1337,148,0,0
BRDA:1337,148,1,0
BRDA:1341,149,0,0
BRDA:1341,149,1,0
BRDA:1346,150,0,0
BRDA:1346,150,1,0
BRDA:1346,151,0,0
BRDA:1346,151,1,0
BRF:322
BRH:0
end_of_record
TN:
SF:src/tools/productTools.js
FNF:0
FNH:0
DA:7,11
LF:1
LH:1
BRF:0
BRH:0
end_of_record
TN:
SF:src/utils/api.js
FN:16,(anonymous_0)
FN:20,(anonymous_1)
FN:28,(anonymous_2)
FN:32,(anonymous_3)
FN:65,(anonymous_4)
FN:83,(anonymous_5)
FN:96,(anonymous_6)
FN:105,(anonymous_7)
FN:114,(anonymous_8)
FN:129,(anonymous_9)
FN:136,(anonymous_10)
FN:144,(anonymous_11)
FN:154,(anonymous_12)
FN:166,(anonymous_13)
FN:174,(anonymous_14)
FN:184,(anonymous_15)
FN:193,(anonymous_16)
FN:202,(anonymous_17)
FN:211,(anonymous_18)
FN:220,(anonymous_19)
FN:232,(anonymous_20)
FN:246,(anonymous_21)
FN:256,(anonymous_22)
FN:269,(anonymous_23)
FN:278,(anonymous_24)
FN:290,(anonymous_25)
FN:299,(anonymous_26)
FN:315,(anonymous_27)
FN:324,(anonymous_28)
FN:333,(anonymous_29)
FN:344,(anonymous_30)
FN:353,(anonymous_31)
FN:362,(anonymous_32)
FN:374,(anonymous_33)
FN:386,(anonymous_34)
FN:403,(anonymous_35)
FN:413,(anonymous_36)
FN:421,(anonymous_37)
FN:433,(anonymous_38)
FNF:39
FNH:21
FNDA:125,(anonymous_0)
FNDA:0,(anonymous_1)
FNDA:101,(anonymous_2)
FNDA:24,(anonymous_3)
FNDA:11,(anonymous_4)
FNDA:5,(anonymous_5)
FNDA:4,(anonymous_6)
FNDA:2,(anonymous_7)
FNDA:2,(anonymous_8)
FNDA:17,(anonymous_9)
FNDA:0,(anonymous_10)
FNDA:2,(anonymous_11)
FNDA:0,(anonymous_12)
FNDA:0,(anonymous_13)
FNDA:0,(anonymous_14)
FNDA:2,(anonymous_15)
FNDA:1,(anonymous_16)
FNDA:0,(anonymous_17)
FNDA:0,(anonymous_18)
FNDA:0,(anonymous_19)
FNDA:0,(anonymous_20)
FNDA:0,(anonymous_21)
FNDA:0,(anonymous_22)
FNDA:0,(anonymous_23)
FNDA:0,(anonymous_24)
FNDA:4,(anonymous_25)
FNDA:2,(anonymous_26)
FNDA:0,(anonymous_27)
FNDA:1,(anonymous_28)
FNDA:0,(anonymous_29)
FNDA:17,(anonymous_30)
FNDA:14,(anonymous_31)
FNDA:11,(anonymous_32)
FNDA:6,(anonymous_33)
FNDA:6,(anonymous_34)
FNDA:8,(anonymous_35)
FNDA:0,(anonymous_36)
FNDA:0,(anonymous_37)
FNDA:0,(anonymous_38)
DA:6,14
DA:15,14
DA:17,125
DA:18,125
DA:21,0
DA:22,0
DA:27,14
DA:29,101
DA:30,101
DA:33,24
DA:35,24
DA:36,24
DA:37,16
DA:38,16
DA:39,16
DA:41,0
DA:44,0
DA:48,24
DA:53,0
DA:54,0
DA:56,0
DA:58,24
DA:63,14
DA:66,11
DA:73,11
DA:79,5
DA:84,5
DA:90,0
DA:94,14
DA:97,4
DA:100,4
DA:101,4
DA:106,2
DA:110,2
DA:115,2
DA:119,2
DA:120,2
DA:123,2
DA:124,2
DA:125,2
DA:130,17
DA:132,16
DA:137,0
DA:140,0
DA:145,2
DA:148,0
DA:152,14
DA:155,0
DA:162,0
DA:167,0
DA:170,0
DA:175,0
DA:178,0
DA:182,14
DA:185,2
DA:189,2
DA:194,1
DA:198,1
DA:203,0
DA:207,0
DA:212,0
DA:216,0
DA:221,0
DA:228,0
DA:233,0
DA:240,0
DA:244,14
DA:247,0
DA:251,0
DA:252,0
DA:257,0
DA:262,0
DA:263,0
DA:267,14
DA:270,0
DA:274,0
DA:279,0
DA:284,0
DA:288,14
DA:291,4
DA:295,4
DA:300,2
DA:311,1
DA:316,0
DA:320,0
DA:325,1
DA:329,1
DA:334,0
DA:338,0
DA:342,14
DA:345,17
DA:349,16
DA:354,14
DA:358,14
DA:363,11
DA:370,8
DA:375,6
DA:382,6
DA:387,6
DA:388,6
DA:389,3
DA:392,6
DA:399,5
DA:404,8
DA:407,5
DA:411,14
DA:414,0
DA:417,0
DA:422,0
DA:429,0
DA:434,0
DA:441,0
LF:112
LH:67
BRDA:33,0,0,24
BRDA:33,0,1,0
BRDA:36,1,0,16
BRDA:36,1,1,8
BRDA:37,2,0,16
BRDA:37,2,1,0
BRDA:51,3,0,24
BRDA:51,3,1,24
BRDA:53,4,0,0
BRDA:53,4,1,0
BRDA:69,5,0,11
BRDA:69,5,1,1
BRDA:70,6,0,11
BRDA:70,6,1,8
BRDA:70,6,2,8
BRDA:79,7,0,5
BRDA:79,7,1,0
BRDA:90,8,0,0
BRDA:90,8,1,0
BRDA:100,9,0,4
BRDA:100,9,1,0
BRDA:101,10,0,4
BRDA:101,10,1,0
BRDA:110,11,0,2
BRDA:110,11,1,0
BRDA:114,12,0,0
BRDA:119,13,0,2
BRDA:119,13,1,0
BRDA:124,14,0,2
BRDA:124,14,1,0
BRDA:125,15,0,2
BRDA:125,15,1,0
BRDA:132,16,0,16
BRDA:132,16,1,0
BRDA:140,17,0,0
BRDA:140,17,1,0
BRDA:148,18,0,0
BRDA:148,18,1,0
BRDA:162,19,0,0
BRDA:162,19,1,0
BRDA:170,20,0,0
BRDA:170,20,1,0
BRDA:178,21,0,0
BRDA:178,21,1,0
BRDA:189,22,0,2
BRDA:189,22,1,0
BRDA:198,23,0,1
BRDA:198,23,1,0
BRDA:207,24,0,0
BRDA:207,24,1,0
BRDA:216,25,0,0
BRDA:216,25,1,0
BRDA:228,26,0,0
BRDA:228,26,1,0
BRDA:240,27,0,0
BRDA:240,27,1,0
BRDA:251,28,0,0
BRDA:251,28,1,0
BRDA:252,29,0,0
BRDA:252,29,1,0
BRDA:262,30,0,0
BRDA:262,30,1,0
BRDA:263,31,0,0
BRDA:263,31,1,0
BRDA:274,32,0,0
BRDA:274,32,1,0
BRDA:284,33,0,0
BRDA:284,33,1,0
BRDA:295,34,0,4
BRDA:295,34,1,0
BRDA:299,35,0,0
BRDA:304,36,0,2
BRDA:304,36,1,0
BRDA:311,37,0,1
BRDA:311,37,1,0
BRDA:320,38,0,0
BRDA:320,38,1,0
BRDA:329,39,0,1
BRDA:329,39,1,0
BRDA:338,40,0,0
BRDA:338,40,1,0
BRDA:349,41,0,16
BRDA:349,41,1,0
BRDA:358,42,0,14
BRDA:358,42,1,0
BRDA:370,43,0,8
BRDA:370,43,1,0
BRDA:382,44,0,6
BRDA:382,44,1,0
BRDA:386,45,0,3
BRDA:388,46,0,3
BRDA:388,46,1,3
BRDA:399,47,0,5
BRDA:399,47,1,0
BRDA:407,48,0,5
BRDA:407,48,1,2
BRDA:417,49,0,0
BRDA:417,49,1,0
BRDA:429,50,0,0
BRDA:429,50,1,0
BRF:100
BRH:35
end_of_record
TN:
SF:src/utils/cleanReply.js
FN:7,reply
FN:22,replyHTML
FN:29,replyMarkdown
FN:36,replyPhoto
FNF:4
FNH:2
FNDA:33,reply
FNDA:7,replyHTML
FNDA:0,replyMarkdown
FNDA:0,replyPhoto
DA:8,33
DA:9,33
DA:11,0
DA:15,0
DA:23,7
DA:30,0
DA:37,0
DA:38,0
DA:40,0
DA:44,0
LF:10
LH:3
BRDA:7,0,0,5
BRDA:22,1,0,0
BRDA:29,2,0,0
BRDA:36,3,0,0
BRF:4
BRH:1
end_of_record
TN:
SF:src/utils/format.js
FN:10,(anonymous_0)
FN:34,(anonymous_1)
FN:50,(anonymous_2)
FN:65,(anonymous_3)
FNF:4
FNH:4
FNDA:22,(anonymous_0)
FNDA:18,(anonymous_1)
FNDA:23,(anonymous_2)
FNDA:9,(anonymous_3)
DA:10,12
DA:11,22
DA:13,22
DA:14,5
DA:18,17
DA:21,17
DA:22,8
DA:26,9
DA:34,12
DA:35,18
DA:37,18
DA:38,5
DA:41,13
DA:50,12
DA:51,23
DA:53,23
DA:54,3
DA:57,20
DA:65,12
DA:66,9
DA:73,9
LF:21
LH:21
BRDA:13,0,0,5
BRDA:13,0,1,17
BRDA:13,1,0,22
BRDA:13,1,1,19
BRDA:21,2,0,8
BRDA:21,2,1,9
BRDA:37,3,0,5
BRDA:37,3,1,13
BRDA:37,4,0,18
BRDA:37,4,1,15
BRDA:50,5,0,19
BRDA:53,6,0,3
BRDA:53,6,1,20
BRDA:73,7,0,9
BRDA:73,7,1,5
BRF:15
BRH:15
end_of_record
TN:
SF:src/utils/fuzzyMatch.js
FN:12,levenshteinDistance
FN:20,(anonymous_1)
FN:50,similarityScore
FN:66,fuzzySearchProducts
FN:74,(anonymous_4)
FN:99,(anonymous_5)
FN:100,(anonymous_6)
FN:108,isNoiseCommand
FN:128,(anonymous_8)
FN:139,extractProductNames
FN:151,(anonymous_10)
FN:152,(anonymous_11)
FNF:12
FNH:0
FNDA:0,levenshteinDistance
FNDA:0,(anonymous_1)
FNDA:0,similarityScore
FNDA:0,fuzzySearchProducts
FNDA:0,(anonymous_4)
FNDA:0,(anonymous_5)
FNDA:0,(anonymous_6)
FNDA:0,isNoiseCommand
FNDA:0,(anonymous_8)
FNDA:0,extractProductNames
FNDA:0,(anonymous_10)
FNDA:0,(anonymous_11)
DA:13,0
DA:14,0
DA:16,0
DA:17,0
DA:20,0
DA:23,0
DA:24,0
DA:27,0
DA:28,0
DA:29,0
DA:30,0
DA:32,0
DA:41,0
DA:51,0
DA:52,0
DA:54,0
DA:56,0
DA:67,0
DA:68,0
DA:71,0
DA:74,0
DA:75,0
DA:78,0
DA:79,0
DA:83,0
DA:84,0
DA:88,0
DA:89,0
DA:93,0
DA:94,0
DA:98,0
DA:99,0
DA:100,0
DA:109,0
DA:111,0
DA:114,0
DA:117,0
DA:128,0
DA:140,0
DA:143,0
DA:149,0
DA:151,0
DA:152,0
DA:154,0
LF:44
LH:0
BRDA:29,0,0,0
BRDA:29,0,1,0
BRDA:54,1,0,0
BRDA:54,1,1,0
BRDA:66,2,0,0
BRDA:67,3,0,0
BRDA:67,3,1,0
BRDA:67,4,0,0
BRDA:67,4,1,0
BRDA:67,4,2,0
BRDA:78,5,0,0
BRDA:78,5,1,0
BRDA:83,6,0,0
BRDA:83,6,1,0
BRDA:88,7,0,0
BRDA:88,7,1,0
BRDA:109,8,0,0
BRDA:109,8,1,0
BRDA:109,9,0,0
BRDA:109,9,1,0
BRDA:114,10,0,0
BRDA:114,10,1,0
BRDA:140,11,0,0
BRDA:140,11,1,0
BRF:24
BRH:0
end_of_record
TN:
SF:src/utils/logger.js
FN:11,(anonymous_0)
FNF:1
FNH:1
FNDA:914,(anonymous_0)
DA:5,15
DA:6,15
DA:8,15
DA:11,15
DA:12,914
DA:13,34
DA:15,880
DA:19,15
DA:51,15
DA:52,15
DA:53,0
LF:11
LH:10
BRDA:12,0,0,34
BRDA:12,0,1,880
BRDA:20,1,0,15
BRDA:20,1,1,1
BRDA:52,2,0,0
BRDA:52,2,1,15
BRF:6
BRH:5
end_of_record
TN:
SF:src/utils/minimalist.js
FN:16,(anonymous_0)
FN:24,(anonymous_1)
FN:45,(anonymous_2)
FN:53,(anonymous_3)
FN:77,(anonymous_4)
FN:85,(anonymous_5)
FN:106,(anonymous_6)
FN:113,(anonymous_7)
FN:133,(anonymous_8)
FN:151,(anonymous_9)
FN:170,(anonymous_10)
FN:182,(anonymous_11)
FN:200,(anonymous_12)
FN:215,(anonymous_13)
FN:226,(anonymous_14)
FN:246,formatFollowsList
FN:252,(anonymous_16)
FN:268,formatFollowDetail
FNF:18
FNH:5
FNDA:0,(anonymous_0)
FNDA:0,(anonymous_1)
FNDA:0,(anonymous_2)
FNDA:0,(anonymous_3)
FNDA:0,(anonymous_4)
FNDA:0,(anonymous_5)
FNDA:0,(anonymous_6)
FNDA:0,(anonymous_7)
FNDA:1,(anonymous_8)
FNDA:2,(anonymous_9)
FNDA:0,(anonymous_10)
FNDA:0,(anonymous_11)
FNDA:0,(anonymous_12)
FNDA:0,(anonymous_13)
FNDA:0,(anonymous_14)
FNDA:19,formatFollowsList
FNDA:17,(anonymous_16)
FNDA:13,formatFollowDetail
DA:16,12
DA:17,0
DA:18,0
DA:21,0
DA:23,0
DA:24,0
DA:25,0
DA:27,0
DA:30,0
DA:31,0
DA:34,0
DA:45,12
DA:46,0
DA:47,0
DA:50,0
DA:52,0
DA:53,0
DA:54,0
DA:57,0
DA:58,0
DA:60,0
DA:63,0
DA:64,0
DA:67,0
DA:77,12
DA:78,0
DA:79,0
DA:82,0
DA:84,0
DA:85,0
DA:86,0
DA:87,0
DA:88,0
DA:90,0
DA:93,0
DA:94,0
DA:97,0
DA:106,12
DA:107,0
DA:108,0
DA:111,0
DA:113,0
DA:114,0
DA:115,0
DA:118,0
DA:119,0
DA:122,0
DA:133,12
DA:134,1
DA:138,1
DA:141,1
DA:142,1
DA:146,1
DA:149,1
DA:150,1
DA:151,1
DA:152,2
DA:153,2
DA:156,1
DA:157,0
DA:161,1
DA:170,12
DA:171,0
DA:172,0
DA:173,0
DA:182,12
DA:183,0
DA:190,0
DA:200,12
DA:201,0
DA:202,0
DA:203,0
DA:205,0
DA:215,12
DA:216,0
DA:226,12
DA:227,0
DA:228,0
DA:229,0
DA:230,0
DA:232,0
DA:233,0
DA:234,0
DA:236,0
DA:247,19
DA:248,4
DA:251,15
DA:253,17
DA:254,17
DA:255,17
DA:259,15
DA:269,13
DA:270,13
DA:274,13
LF:94
LH:32
BRDA:17,0,0,0
BRDA:17,0,1,0
BRDA:17,1,0,0
BRDA:17,1,1,0
BRDA:30,2,0,0
BRDA:30,2,1,0
BRDA:46,3,0,0
BRDA:46,3,1,0
BRDA:46,4,0,0
BRDA:46,4,1,0
BRDA:54,5,0,0
BRDA:54,5,1,0
BRDA:55,6,0,0
BRDA:55,6,1,0
BRDA:56,7,0,0
BRDA:56,7,1,0
BRDA:58,8,0,0
BRDA:58,8,1,0
BRDA:58,8,2,0
BRDA:63,9,0,0
BRDA:63,9,1,0
BRDA:78,10,0,0
BRDA:78,10,1,0
BRDA:78,11,0,0
BRDA:78,11,1,0
BRDA:86,12,0,0
BRDA:86,12,1,0
BRDA:88,13,0,0
BRDA:88,13,1,0
BRDA:88,13,2,0
BRDA:93,14,0,0
BRDA:93,14,1,0
BRDA:107,15,0,0
BRDA:107,15,1,0
BRDA:107,16,0,0
BRDA:107,16,1,0
BRDA:114,17,0,0
BRDA:114,17,1,0
BRDA:114,17,2,0
BRDA:118,18,0,0
BRDA:118,18,1,0
BRDA:133,19,0,0
BRDA:134,20,0,1
BRDA:134,20,1,0
BRDA:136,21,0,0
BRDA:136,21,1,0
BRDA:141,22,0,1
BRDA:141,22,1,0
BRDA:141,23,0,1
BRDA:141,23,1,1
BRDA:149,24,0,1
BRDA:149,24,1,0
BRDA:149,25,0,1
BRDA:149,25,1,1
BRDA:156,26,0,0
BRDA:156,26,1,1
BRDA:171,27,0,0
BRDA:171,27,1,0
BRDA:172,28,0,0
BRDA:172,28,1,0
BRDA:190,29,0,0
BRDA:190,29,1,0
BRDA:200,30,0,0
BRDA:202,31,0,0
BRDA:202,31,1,0
BRDA:215,32,0,0
BRDA:227,33,0,0
BRDA:227,33,1,0
BRDA:228,34,0,0
BRDA:228,34,1,0
BRDA:229,35,0,0
BRDA:229,35,1,0
BRDA:230,36,0,0
BRDA:230,36,1,0
BRDA:247,37,0,4
BRDA:247,37,1,15
BRDA:247,38,0,19
BRDA:247,38,1,17
BRDA:253,39,0,10
BRDA:253,39,1,7
BRDA:254,40,0,10
BRDA:254,40,1,7
BRDA:269,41,0,9
BRDA:269,41,1,4
BRDA:270,42,0,9
BRDA:270,42,1,4
BRF:86
BRH:20
end_of_record
TN:
SF:src/utils/smartMessage.js
FN:17,send
FN:41,truncateText
FN:56,answerCallback
FNF:3
FNH:2
FNDA:73,send
FNDA:73,truncateText
FNDA:0,answerCallback
DA:9,12
DA:18,73
DA:19,73
DA:24,73
DA:25,0
DA:31,73
DA:42,73
DA:43,73
DA:46,0
DA:47,0
DA:48,0
DA:50,0
DA:57,0
DA:58,0
DA:60,0
LF:15
LH:7
BRDA:18,0,0,73
BRDA:24,1,0,0
BRDA:24,1,1,73
BRDA:41,2,0,73
BRDA:42,3,0,73
BRDA:42,3,1,0
BRDA:42,4,0,73
BRDA:42,4,1,73
BRDA:48,5,0,0
BRDA:48,5,1,0
BRDA:56,6,0,0
BRDA:56,7,0,0
BRF:12
BRH:6
end_of_record
TN:
SF:src/utils/systemPrompts.js
FN:15,generateProductAIPrompt
FN:21,(anonymous_1)
FN:28,(anonymous_2)
FN:202,sanitizeUserInput
FNF:4
FNH:0
FNDA:0,generateProductAIPrompt
FNDA:0,(anonymous_1)
FNDA:0,(anonymous_2)
FNDA:0,sanitizeUserInput
DA:17,0
DA:18,0
DA:21,0
DA:22,0
DA:23,0
DA:24,0
DA:27,0
DA:29,0
DA:33,0
DA:38,0
DA:203,0
DA:205,0
LF:12
LH:0
BRDA:15,0,0,0
BRDA:23,1,0,0
BRDA:23,1,1,0
BRDA:24,2,0,0
BRDA:24,2,1,0
BRDA:27,3,0,0
BRDA:27,3,1,0
BRDA:29,4,0,0
BRDA:29,4,1,0
BRDA:33,5,0,0
BRDA:33,5,1,0
BRDA:203,6,0,0
BRDA:203,6,1,0
BRDA:203,7,0,0
BRDA:203,7,1,0
BRF:15
BRH:0
end_of_record
TN:
SF:src/utils/transliterate.js
FN:31,hasCyrillic
FN:41,transliterate
FN:68,autoTransliterateProductName
FN:87,(anonymous_3)
FN:104,getTransliterationInfo
FNF:5
FNH:0
FNDA:0,hasCyrillic
FNDA:0,transliterate
FNDA:0,autoTransliterateProductName
FNDA:0,(anonymous_3)
FNDA:0,getTransliterationInfo
DA:7,11
DA:32,0
DA:33,0
DA:42,0
DA:44,0
DA:46,0
DA:47,0
DA:50,0
DA:51,0
DA:54,0
DA:58,0
DA:69,0
DA:72,0
DA:73,0
DA:77,0
DA:80,0
DA:83,0
DA:85,0
DA:88,0
DA:89,0
DA:95,0
DA:105,0
LF:22
LH:1
BRDA:32,0,0,0
BRDA:32,0,1,0
BRDA:32,1,0,0
BRDA:32,1,1,0
BRDA:42,2,0,0
BRDA:42,2,1,0
BRDA:42,3,0,0
BRDA:42,3,1,0
BRDA:50,4,0,0
BRDA:50,4,1,0
BRDA:69,5,0,0
BRDA:69,5,1,0
BRDA:69,6,0,0
BRDA:69,6,1,0
BRDA:72,7,0,0
BRDA:72,7,1,0
BRDA:83,8,0,0
BRDA:83,8,1,0
BRDA:88,9,0,0
BRDA:88,9,1,0
BRF:20
BRH:0
end_of_record
TN:
SF:src/utils/validation.js
FN:16,validateCryptoAddress
FN:51,detectCryptoType
FN:86,getCryptoValidationError
FNF:3
FNH:3
FNDA:18,validateCryptoAddress
FNDA:16,detectCryptoType
FNDA:4,getCryptoValidationError
DA:17,18
DA:18,18
DA:21,18
DA:28,18
DA:30,18
DA:31,1
DA:32,1
DA:35,17
DA:37,0
DA:42,0
DA:52,16
DA:53,4
DA:56,12
DA:59,12
DA:60,4
DA:64,8
DA:65,2
DA:69,6
DA:70,2
DA:74,4
DA:75,0
DA:78,4
DA:87,4
DA:94,4
LF:24
LH:21
BRDA:30,0,0,1
BRDA:30,0,1,17
BRDA:52,1,0,4
BRDA:52,1,1,12
BRDA:52,2,0,16
BRDA:52,2,1,13
BRDA:59,3,0,4
BRDA:59,3,1,8
BRDA:64,4,0,2
BRDA:64,4,1,6
BRDA:69,5,0,2
BRDA:69,5,1,4
BRDA:74,6,0,0
BRDA:74,6,1,4
BRDA:74,7,0,4
BRDA:74,7,1,4
BRDA:94,8,0,4
BRDA:94,8,1,1
BRF:18
BRH:17
end_of_record
