TN:
SF:src/config/index.js
FNF:0
FNH:0
DA:3,2
DA:5,2
LF:2
LH:2
BRDA:10,0,0,2
BRDA:10,0,1,0
BRDA:11,1,0,2
BRDA:11,1,1,0
BRDA:14,2,0,2
BRDA:14,2,1,0
BRDA:17,3,0,2
BRDA:17,3,1,0
BRF:8
BRH:4
end_of_record
TN:
SF:src/handlers/common.js
FN:12,(anonymous_0)
FN:29,(anonymous_1)
FN:60,(anonymous_2)
FN:81,(anonymous_3)
FN:111,(anonymous_4)
FNF:5
FNH:0
FNDA:0,(anonymous_0)
FNDA:0,(anonymous_1)
FNDA:0,(anonymous_2)
FNDA:0,(anonymous_3)
FNDA:0,(anonymous_4)
DA:12,0
DA:14,0
DA:17,0
DA:20,0
DA:23,0
DA:29,0
DA:30,0
DA:31,0
DA:34,0
DA:36,0
DA:37,0
DA:38,0
DA:39,0
DA:40,0
DA:41,0
DA:45,0
DA:47,0
DA:52,0
DA:53,0
DA:60,0
DA:61,0
DA:62,0
DA:65,0
DA:68,0
DA:73,0
DA:74,0
DA:81,0
DA:82,0
DA:83,0
DA:86,0
DA:87,0
DA:91,0
DA:92,0
DA:97,0
DA:103,0
DA:104,0
DA:111,0
DA:112,0
DA:113,0
DA:116,0
DA:118,0
DA:119,0
DA:120,0
DA:124,0
DA:128,0
DA:129,0
DA:132,0
DA:133,0
DA:134,0
DA:135,0
DA:136,0
DA:137,0
DA:139,0
DA:141,0
DA:142,0
DA:145,0
DA:147,0
DA:151,0
DA:152,0
DA:154,0
DA:157,0
DA:158,0
LF:62
LH:0
BRDA:36,0,0,0
BRDA:36,0,1,0
BRDA:39,1,0,0
BRDA:39,1,1,0
BRDA:86,2,0,0
BRDA:86,2,1,0
BRDA:91,3,0,0
BRDA:91,3,1,0
BRDA:116,4,0,0
BRDA:116,4,1,0
BRDA:118,5,0,0
BRDA:118,5,1,0
BRDA:128,6,0,0
BRDA:128,6,1,0
BRDA:133,7,0,0
BRDA:133,7,1,0
BRDA:136,8,0,0
BRDA:136,8,1,0
BRDA:151,9,0,0
BRDA:151,9,1,0
BRF:20
BRH:0
end_of_record
TN:
SF:src/handlers/start.js
FN:9,(anonymous_0)
FN:26,(anonymous_1)
FN:27,(anonymous_2)
FN:43,(anonymous_3)
FN:44,(anonymous_4)
FNF:5
FNH:0
FNDA:0,(anonymous_0)
FNDA:0,(anonymous_1)
FNDA:0,(anonymous_2)
FNDA:0,(anonymous_3)
FNDA:0,(anonymous_4)
DA:9,0
DA:10,0
DA:11,0
DA:14,0
DA:16,0
DA:17,0
DA:18,0
DA:20,0
DA:28,0
DA:31,0
DA:32,0
DA:33,0
DA:34,0
DA:35,0
DA:37,0
DA:45,0
DA:48,0
DA:49,0
DA:53,0
DA:54,0
DA:57,0
DA:62,0
DA:63,0
LF:23
LH:0
BRDA:16,0,0,0
BRDA:16,0,1,0
BRDA:33,1,0,0
BRDA:33,1,1,0
BRF:4
BRH:0
end_of_record
TN:
SF:src/handlers/buyer/index.js
FN:9,(anonymous_0)
FN:41,(anonymous_1)
FN:92,(anonymous_2)
FN:107,(anonymous_3)
FN:132,(anonymous_4)
FN:150,(anonymous_5)
FN:214,(anonymous_6)
FN:245,(anonymous_7)
FN:273,(anonymous_8)
FN:299,(anonymous_9)
FN:310,(anonymous_10)
FN:339,(anonymous_11)
FNF:12
FNH:0
FNDA:0,(anonymous_0)
FNDA:0,(anonymous_1)
FNDA:0,(anonymous_2)
FNDA:0,(anonymous_3)
FNDA:0,(anonymous_4)
FNDA:0,(anonymous_5)
FNDA:0,(anonymous_6)
FNDA:0,(anonymous_7)
FNDA:0,(anonymous_8)
FNDA:0,(anonymous_9)
FNDA:0,(anonymous_10)
FNDA:0,(anonymous_11)
DA:9,0
DA:11,0
DA:14,0
DA:17,0
DA:20,0
DA:23,0
DA:26,0
DA:29,0
DA:32,0
DA:35,0
DA:41,0
DA:42,0
DA:43,0
DA:45,0
DA:46,0
DA:49,0
DA:50,0
DA:51,0
DA:52,0
DA:53,0
DA:55,0
DA:58,0
DA:62,0
DA:63,0
DA:65,0
DA:67,0
DA:71,0
DA:72,0
DA:75,0
DA:79,0
DA:84,0
DA:85,0
DA:92,0
DA:93,0
DA:94,0
DA:97,0
DA:99,0
DA:100,0
DA:107,0
DA:108,0
DA:109,0
DA:112,0
DA:113,0
DA:117,0
DA:120,0
DA:122,0
DA:123,0
DA:127,0
DA:131,0
DA:132,0
DA:133,0
DA:134,0
DA:137,0
DA:139,0
DA:140,0
DA:150,0
DA:151,0
DA:152,0
DA:155,0
DA:156,0
DA:157,0
DA:161,0
DA:163,0
DA:165,0
DA:168,0
DA:171,0
DA:176,0
DA:177,0
DA:181,0
DA:184,0
DA:187,0
DA:189,0
DA:194,0
DA:196,0
DA:199,0
DA:201,0
DA:202,0
DA:203,0
DA:204,0
DA:206,0
DA:214,0
DA:215,0
DA:216,0
DA:219,0
DA:220,0
DA:221,0
DA:224,0
DA:225,0
DA:228,0
DA:230,0
DA:235,0
DA:237,0
DA:238,0
DA:245,0
DA:246,0
DA:247,0
DA:250,0
DA:251,0
DA:255,0
DA:259,0
DA:261,0
DA:262,0
DA:266,0
DA:270,0
DA:271,0
DA:273,0
DA:274,0
DA:275,0
DA:276,0
DA:278,0
DA:281,0
DA:282,0
DA:285,0
DA:286,0
DA:288,0
DA:289,0
DA:299,0
DA:300,0
DA:301,0
DA:303,0
DA:310,0
DA:311,0
DA:312,0
DA:313,0
DA:316,0
DA:319,0
DA:322,0
DA:326,0
DA:327,0
DA:329,0
DA:330,0
DA:333,0
DA:336,0
DA:337,0
DA:338,0
DA:339,0
DA:340,0
DA:343,0
DA:344,0
DA:349,0
DA:350,0
DA:352,0
DA:357,0
DA:359,0
DA:360,0
LF:145
LH:0
BRDA:50,0,0,0
BRDA:50,0,1,0
BRDA:52,1,0,0
BRDA:52,1,1,0
BRDA:65,2,0,0
BRDA:65,2,1,0
BRDA:65,3,0,0
BRDA:65,3,1,0
BRDA:112,4,0,0
BRDA:112,4,1,0
BRDA:122,5,0,0
BRDA:122,5,1,0
BRDA:122,6,0,0
BRDA:122,6,1,0
BRDA:133,7,0,0
BRDA:133,7,1,0
BRDA:133,7,2,0
BRDA:155,8,0,0
BRDA:155,8,1,0
BRDA:163,9,0,0
BRDA:163,9,1,0
BRDA:201,10,0,0
BRDA:201,10,1,0
BRDA:203,11,0,0
BRDA:203,11,1,0
BRDA:219,12,0,0
BRDA:219,12,1,0
BRDA:250,13,0,0
BRDA:250,13,1,0
BRDA:261,14,0,0
BRDA:261,14,1,0
BRDA:261,15,0,0
BRDA:261,15,1,0
BRDA:275,16,0,0
BRDA:275,16,1,0
BRDA:276,17,0,0
BRDA:276,17,1,0
BRDA:276,17,2,0
BRDA:281,18,0,0
BRDA:281,18,1,0
BRDA:322,19,0,0
BRDA:322,19,1,0
BRDA:324,20,0,0
BRDA:324,20,1,0
BRDA:329,21,0,0
BRDA:329,21,1,0
BRDA:329,22,0,0
BRDA:329,22,1,0
BRDA:333,23,0,0
BRDA:333,23,1,0
BRDA:336,24,0,0
BRDA:336,24,1,0
BRDA:336,25,0,0
BRDA:336,25,1,0
BRDA:343,26,0,0
BRDA:343,26,1,0
BRDA:350,27,0,0
BRDA:350,27,1,0
BRF:58
BRH:0
end_of_record
TN:
SF:src/handlers/seller/index.js
FN:9,(anonymous_0)
FN:108,(anonymous_1)
FN:123,(anonymous_2)
FN:147,(anonymous_3)
FN:179,(anonymous_4)
FN:208,(anonymous_5)
FN:250,(anonymous_6)
FN:279,(anonymous_7)
FN:303,(anonymous_8)
FNF:9
FNH:0
FNDA:0,(anonymous_0)
FNDA:0,(anonymous_1)
FNDA:0,(anonymous_2)
FNDA:0,(anonymous_3)
FNDA:0,(anonymous_4)
FNDA:0,(anonymous_5)
FNDA:0,(anonymous_6)
FNDA:0,(anonymous_7)
FNDA:0,(anonymous_8)
DA:9,0
DA:10,0
DA:11,0
DA:13,0
DA:14,0
DA:17,0
DA:18,0
DA:19,0
DA:20,0
DA:21,0
DA:23,0
DA:26,0
DA:30,0
DA:32,0
DA:33,0
DA:34,0
DA:35,0
DA:36,0
DA:40,0
DA:44,0
DA:46,0
DA:53,0
DA:54,0
DA:55,0
DA:56,0
DA:58,0
DA:65,0
DA:70,0
DA:71,0
DA:72,0
DA:73,0
DA:79,0
DA:81,0
DA:83,0
DA:84,0
DA:85,0
DA:91,0
DA:92,0
DA:93,0
DA:100,0
DA:101,0
DA:108,0
DA:109,0
DA:110,0
DA:113,0
DA:115,0
DA:116,0
DA:123,0
DA:124,0
DA:125,0
DA:128,0
DA:129,0
DA:133,0
DA:137,0
DA:139,0
DA:140,0
DA:147,0
DA:148,0
DA:149,0
DA:152,0
DA:153,0
DA:157,0
DA:161,0
DA:163,0
DA:164,0
DA:165,0
DA:169,0
DA:173,0
DA:174,0
DA:175,0
DA:177,0
DA:179,0
DA:180,0
DA:182,0
DA:184,0
DA:185,0
DA:186,0
DA:189,0
DA:190,0
DA:193,0
DA:194,0
DA:196,0
DA:197,0
DA:198,0
DA:208,0
DA:209,0
DA:210,0
DA:213,0
DA:214,0
DA:218,0
DA:222,0
DA:223,0
DA:224,0
DA:228,0
DA:232,0
DA:234,0
DA:236,0
DA:237,0
DA:241,0
DA:245,0
DA:246,0
DA:248,0
DA:250,0
DA:251,0
DA:252,0
DA:255,0
DA:257,0
DA:260,0
DA:261,0
DA:264,0
DA:265,0
DA:267,0
DA:268,0
DA:269,0
DA:279,0
DA:280,0
DA:281,0
DA:284,0
DA:285,0
DA:289,0
DA:293,0
DA:295,0
DA:296,0
DA:303,0
DA:305,0
DA:308,0
DA:311,0
DA:314,0
DA:317,0
DA:320,0
DA:323,0
LF:131
LH:0
BRDA:18,0,0,0
BRDA:18,0,1,0
BRDA:20,1,0,0
BRDA:20,1,1,0
BRDA:32,2,0,0
BRDA:32,2,1,0
BRDA:49,3,0,0
BRDA:49,3,1,0
BRDA:53,4,0,0
BRDA:53,4,1,0
BRDA:53,5,0,0
BRDA:53,5,1,0
BRDA:53,5,2,0
BRDA:81,6,0,0
BRDA:81,6,1,0
BRDA:81,7,0,0
BRDA:81,7,1,0
BRDA:128,8,0,0
BRDA:128,8,1,0
BRDA:152,9,0,0
BRDA:152,9,1,0
BRDA:163,10,0,0
BRDA:163,10,1,0
BRDA:163,11,0,0
BRDA:163,11,1,0
BRDA:164,12,0,0
BRDA:164,12,1,0
BRDA:173,13,0,0
BRDA:173,13,1,0
BRDA:180,14,0,0
BRDA:180,14,1,0
BRDA:181,15,0,0
BRDA:181,15,1,0
BRDA:182,16,0,0
BRDA:182,16,1,0
BRDA:189,17,0,0
BRDA:189,17,1,0
BRDA:197,18,0,0
BRDA:197,18,1,0
BRDA:213,19,0,0
BRDA:213,19,1,0
BRDA:222,20,0,0
BRDA:222,20,1,0
BRDA:223,21,0,0
BRDA:223,21,1,0
BRDA:234,22,0,0
BRDA:234,22,1,0
BRDA:236,23,0,0
BRDA:236,23,1,0
BRDA:236,24,0,0
BRDA:236,24,1,0
BRDA:252,25,0,0
BRDA:252,25,1,0
BRDA:254,26,0,0
BRDA:254,26,1,0
BRDA:255,27,0,0
BRDA:255,27,1,0
BRDA:255,27,2,0
BRDA:260,28,0,0
BRDA:260,28,1,0
BRDA:268,29,0,0
BRDA:268,29,1,0
BRDA:284,30,0,0
BRDA:284,30,1,0
BRF:64
BRH:0
end_of_record
TN:
SF:src/keyboards/buyer.js
FN:26,(anonymous_0)
FNF:1
FNH:0
FNDA:0,(anonymous_0)
DA:5,0
DA:15,0
DA:26,0
DA:27,0
DA:29,0
DA:30,0
DA:32,0
DA:38,0
DA:43,0
LF:9
LH:0
BRDA:26,0,0,0
BRDA:29,1,0,0
BRDA:29,1,1,0
BRF:3
BRH:0
end_of_record
TN:
SF:src/keyboards/common.js
FNF:0
FNH:0
DA:4,1
DA:9,1
DA:14,1
DA:19,1
DA:25,1
LF:5
LH:5
BRF:0
BRH:0
end_of_record
TN:
SF:src/keyboards/main.js
FNF:0
FNH:0
DA:4,0
LF:1
LH:0
BRF:0
BRH:0
end_of_record
TN:
SF:src/keyboards/seller.js
FN:5,(anonymous_0)
FNF:1
FNH:0
FNDA:0,(anonymous_0)
DA:5,0
DA:16,0
DA:22,0
DA:35,0
LF:4
LH:0
BRF:0
BRH:0
end_of_record
TN:
SF:src/middleware/auth.js
FN:8,(anonymous_0)
FNF:1
FNH:1
FNDA:9,(anonymous_0)
DA:8,1
DA:9,9
DA:11,9
DA:12,1
DA:16,8
DA:17,2
DA:21,6
DA:29,6
DA:31,0
DA:32,0
DA:36,0
DA:37,0
DA:38,0
DA:39,0
DA:40,0
DA:41,0
DA:43,0
DA:45,0
DA:47,6
DA:50,6
DA:51,6
DA:56,6
DA:57,6
DA:58,6
DA:60,6
DA:63,6
LF:26
LH:16
BRDA:11,0,0,1
BRDA:11,0,1,8
BRDA:16,1,0,2
BRDA:16,1,1,6
BRDA:16,2,0,8
BRDA:16,2,1,2
BRDA:31,3,0,0
BRDA:31,3,1,0
BRDA:31,4,0,0
BRDA:31,4,1,0
BRDA:36,5,0,0
BRDA:36,5,1,0
BRDA:50,6,0,6
BRDA:50,6,1,1
BRF:14
BRH:8
end_of_record
TN:
SF:src/middleware/error.js
FN:7,(anonymous_0)
FNF:1
FNH:0
FNDA:0,(anonymous_0)
DA:7,0
DA:8,0
DA:9,0
DA:11,0
DA:18,0
DA:20,0
DA:21,0
DA:22,0
DA:24,0
DA:27,0
LF:10
LH:0
BRDA:21,0,0,0
BRDA:21,0,1,0
BRF:2
BRH:0
end_of_record
TN:
SF:src/scenes/addProduct.js
FN:16,(anonymous_0)
FN:33,(anonymous_1)
FN:65,(anonymous_2)
FN:165,(anonymous_3)
FN:171,(anonymous_4)
FNF:5
FNH:0
FNDA:0,(anonymous_0)
FNDA:0,(anonymous_1)
FNDA:0,(anonymous_2)
FNDA:0,(anonymous_3)
FNDA:0,(anonymous_4)
DA:16,0
DA:17,0
DA:18,0
DA:20,0
DA:25,0
DA:27,0
DA:28,0
DA:33,0
DA:34,0
DA:36,0
DA:37,0
DA:38,0
DA:41,0
DA:43,0
DA:44,0
DA:45,0
DA:48,0
DA:50,0
DA:55,0
DA:57,0
DA:59,0
DA:60,0
DA:65,0
DA:66,0
DA:68,0
DA:69,0
DA:70,0
DA:73,0
DA:74,0
DA:76,0
DA:77,0
DA:78,0
DA:81,0
DA:83,0
DA:88,0
DA:91,0
DA:92,0
DA:96,0
DA:100,0
DA:103,0
DA:104,0
DA:108,0
DA:112,0
DA:116,0
DA:118,0
DA:127,0
DA:128,0
DA:129,0
DA:132,0
DA:139,0
DA:145,0
DA:147,0
DA:148,0
DA:152,0
DA:157,0
DA:165,0
DA:166,0
DA:167,0
DA:171,0
DA:172,0
DA:173,0
DA:174,0
DA:175,0
DA:176,0
DA:178,0
DA:179,0
LF:66
LH:0
BRDA:36,0,0,0
BRDA:36,0,1,0
BRDA:36,1,0,0
BRDA:36,1,1,0
BRDA:43,2,0,0
BRDA:43,2,1,0
BRDA:68,3,0,0
BRDA:68,3,1,0
BRDA:68,4,0,0
BRDA:68,4,1,0
BRDA:76,5,0,0
BRDA:76,5,1,0
BRDA:76,6,0,0
BRDA:76,6,1,0
BRDA:91,7,0,0
BRDA:91,7,1,0
BRDA:103,8,0,0
BRDA:103,8,1,0
BRDA:127,9,0,0
BRDA:127,9,1,0
BRDA:127,10,0,0
BRDA:127,10,1,0
BRF:22
BRH:0
end_of_record
TN:
SF:src/scenes/createShop.js
FN:14,(anonymous_0)
FN:31,(anonymous_1)
FN:124,(anonymous_2)
FN:130,(anonymous_3)
FNF:4
FNH:0
FNDA:0,(anonymous_0)
FNDA:0,(anonymous_1)
FNDA:0,(anonymous_2)
FNDA:0,(anonymous_3)
DA:14,1
DA:15,0
DA:16,0
DA:18,0
DA:23,0
DA:25,0
DA:26,0
DA:31,1
DA:32,0
DA:34,0
DA:35,0
DA:36,0
DA:39,0
DA:41,0
DA:42,0
DA:43,0
DA:46,0
DA:47,0
DA:48,0
DA:51,0
DA:56,0
DA:58,0
DA:59,0
DA:63,0
DA:67,0
DA:71,0
DA:77,0
DA:78,0
DA:79,0
DA:83,0
DA:84,0
DA:87,0
DA:88,0
DA:89,0
DA:92,0
DA:99,0
DA:105,0
DA:107,0
DA:108,0
DA:112,0
DA:117,1
DA:124,1
DA:125,0
DA:126,0
DA:130,1
DA:131,0
DA:132,0
DA:133,0
DA:134,0
DA:135,0
DA:137,0
DA:138,0
LF:52
LH:5
BRDA:34,0,0,0
BRDA:34,0,1,0
BRDA:34,1,0,0
BRDA:34,1,1,0
BRDA:41,2,0,0
BRDA:41,2,1,0
BRDA:46,3,0,0
BRDA:46,3,1,0
BRDA:58,4,0,0
BRDA:58,4,1,0
BRDA:77,5,0,0
BRDA:77,5,1,0
BRDA:77,6,0,0
BRDA:77,6,1,0
BRDA:87,7,0,0
BRDA:87,7,1,0
BRF:16
BRH:0
end_of_record
TN:
SF:src/scenes/manageWallets.js
FN:29,(anonymous_0)
FN:81,(anonymous_1)
FN:136,(anonymous_2)
FN:185,(anonymous_3)
FN:235,(anonymous_4)
FN:241,(anonymous_5)
FNF:6
FNH:0
FNDA:0,(anonymous_0)
FNDA:0,(anonymous_1)
FNDA:0,(anonymous_2)
FNDA:0,(anonymous_3)
FNDA:0,(anonymous_4)
FNDA:0,(anonymous_5)
DA:16,0
DA:29,0
DA:30,0
DA:31,0
DA:34,0
DA:35,0
DA:39,0
DA:42,0
DA:43,0
DA:47,0
DA:51,0
DA:54,0
DA:55,0
DA:56,0
DA:57,0
DA:59,0
DA:69,0
DA:71,0
DA:72,0
DA:76,0
DA:81,0
DA:82,0
DA:84,0
DA:85,0
DA:87,0
DA:88,0
DA:89,0
DA:93,0
DA:100,0
DA:102,0
DA:103,0
DA:104,0
DA:107,0
DA:108,0
DA:110,0
DA:115,0
DA:122,0
DA:127,0
DA:130,0
DA:131,0
DA:136,0
DA:137,0
DA:139,0
DA:140,0
DA:141,0
DA:144,0
DA:145,0
DA:147,0
DA:148,0
DA:149,0
DA:150,0
DA:154,0
DA:155,0
DA:156,0
DA:160,0
DA:161,0
DA:165,0
DA:168,0
DA:174,0
DA:177,0
DA:185,0
DA:186,0
DA:190,0
DA:196,0
DA:202,0
DA:209,0
DA:215,0
DA:217,0
DA:218,0
DA:222,0
DA:227,0
DA:235,0
DA:236,0
DA:237,0
DA:241,0
DA:242,0
DA:243,0
DA:244,0
DA:245,0
DA:246,0
DA:248,0
DA:249,0
LF:82
LH:0
BRDA:34,0,0,0
BRDA:34,0,1,0
BRDA:42,1,0,0
BRDA:42,1,1,0
BRDA:54,2,0,0
BRDA:54,2,1,0
BRDA:55,3,0,0
BRDA:55,3,1,0
BRDA:56,4,0,0
BRDA:56,4,1,0
BRDA:57,5,0,0
BRDA:57,5,1,0
BRDA:84,6,0,0
BRDA:84,6,1,0
BRDA:87,7,0,0
BRDA:87,7,1,0
BRDA:102,8,0,0
BRDA:102,8,1,0
BRDA:139,9,0,0
BRDA:139,9,1,0
BRDA:139,10,0,0
BRDA:139,10,1,0
BRDA:147,11,0,0
BRDA:147,11,1,0
BRDA:154,12,0,0
BRDA:154,12,1,0
BRDA:160,13,0,0
BRDA:160,13,1,0
BRDA:178,14,0,0
BRDA:178,14,1,0
BRDA:179,15,0,0
BRDA:179,15,1,0
BRDA:180,16,0,0
BRDA:180,16,1,0
BRDA:181,17,0,0
BRDA:181,17,1,0
BRDA:186,18,0,0
BRDA:186,18,1,0
BRF:38
BRH:0
end_of_record
TN:
SF:src/scenes/searchShop.js
FN:15,(anonymous_0)
FN:32,(anonymous_1)
FN:102,(anonymous_2)
FN:108,(anonymous_3)
FNF:4
FNH:0
FNDA:0,(anonymous_0)
FNDA:0,(anonymous_1)
FNDA:0,(anonymous_2)
FNDA:0,(anonymous_3)
DA:15,0
DA:16,0
DA:17,0
DA:19,0
DA:24,0
DA:26,0
DA:27,0
DA:32,0
DA:33,0
DA:35,0
DA:36,0
DA:37,0
DA:40,0
DA:42,0
DA:43,0
DA:44,0
DA:47,0
DA:52,0
DA:55,0
DA:57,0
DA:58,0
DA:62,0
DA:66,0
DA:67,0
DA:71,0
DA:76,0
DA:83,0
DA:85,0
DA:86,0
DA:90,0
DA:95,0
DA:102,0
DA:103,0
DA:104,0
DA:108,0
DA:109,0
DA:110,0
DA:111,0
DA:112,0
DA:113,0
DA:115,0
DA:116,0
LF:42
LH:0
BRDA:35,0,0,0
BRDA:35,0,1,0
BRDA:35,1,0,0
BRDA:35,1,1,0
BRDA:42,2,0,0
BRDA:42,2,1,0
BRDA:57,3,0,0
BRDA:57,3,1,0
BRDA:57,4,0,0
BRDA:57,4,1,0
BRDA:67,5,0,0
BRDA:67,5,1,0
BRDA:69,6,0,0
BRDA:69,6,1,0
BRF:14
BRH:0
end_of_record
TN:
SF:src/utils/api.js
FN:16,(anonymous_0)
FN:20,(anonymous_1)
FN:28,(anonymous_2)
FN:32,(anonymous_3)
FN:65,(anonymous_4)
FN:83,(anonymous_5)
FN:96,(anonymous_6)
FN:105,(anonymous_7)
FN:114,(anonymous_8)
FN:129,(anonymous_9)
FN:138,(anonymous_10)
FN:147,(anonymous_11)
FN:158,(anonymous_12)
FN:168,(anonymous_13)
FN:181,(anonymous_14)
FN:190,(anonymous_15)
FN:202,(anonymous_16)
FN:211,(anonymous_17)
FN:224,(anonymous_18)
FN:233,(anonymous_19)
FN:244,(anonymous_20)
FN:252,(anonymous_21)
FNF:22
FNH:3
FNDA:6,(anonymous_0)
FNDA:0,(anonymous_1)
FNDA:0,(anonymous_2)
FNDA:6,(anonymous_3)
FNDA:6,(anonymous_4)
FNDA:0,(anonymous_5)
FNDA:0,(anonymous_6)
FNDA:0,(anonymous_7)
FNDA:0,(anonymous_8)
FNDA:0,(anonymous_9)
FNDA:0,(anonymous_10)
FNDA:0,(anonymous_11)
FNDA:0,(anonymous_12)
FNDA:0,(anonymous_13)
FNDA:0,(anonymous_14)
FNDA:0,(anonymous_15)
FNDA:0,(anonymous_16)
FNDA:0,(anonymous_17)
FNDA:0,(anonymous_18)
FNDA:0,(anonymous_19)
FNDA:0,(anonymous_20)
FNDA:0,(anonymous_21)
DA:6,2
DA:15,2
DA:17,6
DA:18,6
DA:21,0
DA:22,0
DA:27,2
DA:29,0
DA:30,0
DA:33,6
DA:35,0
DA:36,0
DA:37,0
DA:38,0
DA:39,0
DA:41,0
DA:44,0
DA:48,0
DA:53,6
DA:54,6
DA:56,0
DA:58,6
DA:63,2
DA:66,6
DA:73,6
DA:79,0
DA:84,0
DA:90,0
DA:94,2
DA:97,0
DA:100,0
DA:101,0
DA:106,0
DA:110,0
DA:115,0
DA:119,0
DA:120,0
DA:123,0
DA:124,0
DA:125,0
DA:130,0
DA:132,0
DA:136,2
DA:139,0
DA:143,0
DA:148,0
DA:152,0
DA:156,2
DA:159,0
DA:163,0
DA:164,0
DA:169,0
DA:174,0
DA:175,0
DA:179,2
DA:182,0
DA:186,0
DA:191,0
DA:196,0
DA:200,2
DA:203,0
DA:207,0
DA:212,0
DA:220,0
DA:225,0
DA:229,0
DA:234,0
DA:238,0
DA:242,2
DA:245,0
DA:248,0
DA:253,0
DA:260,0
LF:73
LH:18
BRDA:33,0,0,0
BRDA:33,0,1,6
BRDA:36,1,0,0
BRDA:36,1,1,0
BRDA:37,2,0,0
BRDA:37,2,1,0
BRDA:51,3,0,0
BRDA:51,3,1,0
BRDA:53,4,0,6
BRDA:53,4,1,0
BRDA:69,5,0,6
BRDA:69,5,1,1
BRDA:70,6,0,6
BRDA:70,6,1,3
BRDA:70,6,2,3
BRDA:79,7,0,0
BRDA:79,7,1,0
BRDA:90,8,0,0
BRDA:90,8,1,0
BRDA:100,9,0,0
BRDA:100,9,1,0
BRDA:101,10,0,0
BRDA:101,10,1,0
BRDA:110,11,0,0
BRDA:110,11,1,0
BRDA:114,12,0,0
BRDA:119,13,0,0
BRDA:119,13,1,0
BRDA:124,14,0,0
BRDA:124,14,1,0
BRDA:125,15,0,0
BRDA:125,15,1,0
BRDA:132,16,0,0
BRDA:132,16,1,0
BRDA:143,17,0,0
BRDA:143,17,1,0
BRDA:152,18,0,0
BRDA:152,18,1,0
BRDA:163,19,0,0
BRDA:163,19,1,0
BRDA:164,20,0,0
BRDA:164,20,1,0
BRDA:174,21,0,0
BRDA:174,21,1,0
BRDA:175,22,0,0
BRDA:175,22,1,0
BRDA:186,23,0,0
BRDA:186,23,1,0
BRDA:196,24,0,0
BRDA:196,24,1,0
BRDA:207,25,0,0
BRDA:207,25,1,0
BRDA:220,26,0,0
BRDA:220,26,1,0
BRDA:229,27,0,0
BRDA:229,27,1,0
BRDA:238,28,0,0
BRDA:238,28,1,0
BRDA:248,29,0,0
BRDA:248,29,1,0
BRDA:260,30,0,0
BRDA:260,30,1,0
BRF:62
BRH:7
end_of_record
TN:
SF:src/utils/format.js
FN:10,(anonymous_0)
FN:34,(anonymous_1)
FN:50,(anonymous_2)
FN:65,(anonymous_3)
FNF:4
FNH:4
FNDA:20,(anonymous_0)
FNDA:18,(anonymous_1)
FNDA:23,(anonymous_2)
FNDA:9,(anonymous_3)
DA:10,1
DA:11,20
DA:13,20
DA:14,5
DA:18,15
DA:21,15
DA:22,7
DA:26,8
DA:34,1
DA:35,18
DA:37,18
DA:38,5
DA:41,13
DA:50,1
DA:51,23
DA:53,23
DA:54,3
DA:57,20
DA:65,1
DA:66,9
DA:73,9
LF:21
LH:21
BRDA:13,0,0,5
BRDA:13,0,1,15
BRDA:13,1,0,20
BRDA:13,1,1,17
BRDA:21,2,0,7
BRDA:21,2,1,8
BRDA:37,3,0,5
BRDA:37,3,1,13
BRDA:37,4,0,18
BRDA:37,4,1,15
BRDA:50,5,0,19
BRDA:53,6,0,3
BRDA:53,6,1,20
BRDA:73,7,0,9
BRDA:73,7,1,5
BRF:15
BRH:15
end_of_record
TN:
SF:src/utils/logger.js
FN:11,(anonymous_0)
FNF:1
FNH:1
FNDA:44,(anonymous_0)
DA:5,3
DA:6,3
DA:8,3
DA:11,3
DA:12,44
DA:13,12
DA:15,32
DA:19,3
DA:51,3
DA:52,3
DA:53,0
LF:11
LH:10
BRDA:12,0,0,12
BRDA:12,0,1,32
BRDA:20,1,0,3
BRDA:20,1,1,1
BRDA:52,2,0,0
BRDA:52,2,1,3
BRF:6
BRH:5
end_of_record
TN:
SF:src/utils/validation.js
FN:16,validateCryptoAddress
FN:54,getCryptoValidationError
FNF:2
FNH:2
FNDA:21,validateCryptoAddress
FNDA:5,getCryptoValidationError
DA:17,21
DA:18,21
DA:21,21
DA:23,4
DA:24,4
DA:28,17
DA:31,17
DA:36,17
DA:38,17
DA:40,1
DA:45,1
DA:55,5
DA:62,5
LF:13
LH:13
BRDA:21,0,0,4
BRDA:21,0,1,17
BRDA:28,1,0,4
BRDA:28,1,1,13
BRDA:36,2,0,17
BRDA:36,2,1,5
BRDA:62,3,0,5
BRDA:62,3,1,1
BRF:8
BRH:8
end_of_record
